Connecting to host 192.168.4.3, port 25005
[  5] local 192.168.4.2 port 46765 connected to 192.168.4.3 port 25005
[ ID] Interval           Transfer     Bitrate         Retr  Cwnd
[  5]   0.00-10.00  sec  21.2 GBytes  18.2 Gbits/sec  625   1.23 MBytes       
[  5]  10.00-20.00  sec  23.2 GBytes  20.0 Gbits/sec    0   1.95 MBytes       
[  5]  20.00-30.00  sec  24.3 GBytes  20.9 Gbits/sec    0   4.40 MBytes       
[  5]  30.00-40.00  sec  38.1 GBytes  32.7 Gbits/sec   79   3.08 MBytes       
[  5]  40.00-50.00  sec  30.4 GBytes  26.1 Gbits/sec    0   3.08 MBytes       
[  5]  50.00-60.00  sec  23.4 GBytes  20.1 Gbits/sec    0   3.08 MBytes       
[  5]  60.00-70.00  sec  25.7 GBytes  22.1 Gbits/sec    0   3.08 MBytes       
[  5]  70.00-80.00  sec  22.8 GBytes  19.6 Gbits/sec  454   2.42 MBytes       
[  5]  80.00-90.00  sec  32.2 GBytes  27.7 Gbits/sec   13   2.19 MBytes       
[  5]  90.00-100.00 sec  20.1 GBytes  17.3 Gbits/sec    0   2.68 MBytes       
[  5] 100.00-110.00 sec  23.4 GBytes  20.1 Gbits/sec    0   3.13 MBytes       
[  5] 110.00-120.00 sec  24.0 GBytes  20.6 Gbits/sec    0   2.92 MBytes       
- - - - - - - - - - - - - - - - - - - - - - - - -
[ ID] Interval           Transfer     Bitrate         Retr
[  5]   0.00-120.00 sec   309 GBytes  22.1 Gbits/sec  1171             sender
[  5]   0.00-120.04 sec   309 GBytes  22.1 Gbits/sec                  receiver

iperf Done.
