Connecting to host 192.168.2.2, port 25000
[  5] local 192.168.2.3 port 52325 connected to 192.168.2.2 port 25000
[ ID] Interval           Transfer     Bitrate         Retr  Cwnd
[  5]   0.00-10.00  sec  26.2 GBytes  22.5 Gbits/sec    0   3.06 MBytes       
[  5]  10.00-20.00  sec  15.8 GBytes  13.6 Gbits/sec  403   3.06 MBytes       
[  5]  20.00-30.00  sec  15.4 GBytes  13.2 Gbits/sec    0   3.06 MBytes       
[  5]  30.00-40.00  sec  14.5 GBytes  12.5 Gbits/sec    0   3.06 MBytes       
[  5]  40.00-50.00  sec  20.6 GBytes  17.7 Gbits/sec    0   3.06 MBytes       
[  5]  50.00-60.00  sec  21.1 GBytes  18.1 Gbits/sec    0   3.06 MBytes       
[  5]  60.00-70.00  sec  25.4 GBytes  21.8 Gbits/sec   45   3.06 MBytes       
[  5]  70.00-80.00  sec  17.6 GBytes  15.1 Gbits/sec  400   3.06 MBytes       
[  5]  80.00-90.00  sec  19.0 GBytes  16.3 Gbits/sec    3   3.06 MBytes       
[  5]  90.00-100.00 sec  17.4 GBytes  15.0 Gbits/sec    0   3.06 MBytes       
[  5] 100.00-110.00 sec  20.2 GBytes  17.4 Gbits/sec    0   3.06 MBytes       
[  5] 110.00-120.00 sec  19.7 GBytes  16.9 Gbits/sec    0   3.06 MBytes       
- - - - - - - - - - - - - - - - - - - - - - - - -
[ ID] Interval           Transfer     Bitrate         Retr
[  5]   0.00-120.00 sec   233 GBytes  16.7 Gbits/sec  851             sender
[  5]   0.00-120.04 sec   233 GBytes  16.7 Gbits/sec                  receiver

iperf Done.
