Connecting to host 192.168.2.2, port 25003
[  5] local 192.168.2.3 port 33813 connected to 192.168.2.2 port 25003
[ ID] Interval           Transfer     Bitrate         Retr  Cwnd
[  5]   0.00-10.00  sec  22.6 GBytes  19.4 Gbits/sec   57   2.38 MBytes       
[  5]  10.00-20.00  sec  15.8 GBytes  13.6 Gbits/sec  328   2.66 MBytes       
[  5]  20.00-30.00  sec  15.6 GBytes  13.4 Gbits/sec    2   2.81 MBytes       
[  5]  30.00-40.00  sec  31.3 GBytes  26.9 Gbits/sec    0   3.60 MBytes       
[  5]  40.00-50.00  sec  29.5 GBytes  25.3 Gbits/sec    0   3.60 MBytes       
[  5]  50.00-60.00  sec  21.4 GBytes  18.4 Gbits/sec    0   3.60 MBytes       
[  5]  60.00-70.00  sec  26.1 GBytes  22.4 Gbits/sec    0   3.60 MBytes       
[  5]  70.00-80.00  sec  18.4 GBytes  15.8 Gbits/sec    0   3.60 MBytes       
[  5]  80.00-90.00  sec  23.0 GBytes  19.8 Gbits/sec  606   3.60 MBytes       
[  5]  90.00-100.00 sec  17.9 GBytes  15.4 Gbits/sec    0   3.60 MBytes       
[  5] 100.00-110.00 sec  21.8 GBytes  18.7 Gbits/sec    0   3.60 MBytes       
[  5] 110.00-120.00 sec  28.3 GBytes  24.3 Gbits/sec    0   3.60 MBytes       
- - - - - - - - - - - - - - - - - - - - - - - - -
[ ID] Interval           Transfer     Bitrate         Retr
[  5]   0.00-120.00 sec   272 GBytes  19.4 Gbits/sec  993             sender
[  5]   0.00-120.04 sec   272 GBytes  19.4 Gbits/sec                  receiver

iperf Done.
