Connecting to host 192.168.2.2, port 25001
[  5] local 192.168.2.3 port 56545 connected to 192.168.2.2 port 25001
[ ID] Interval           Transfer     Bitrate         Retr  Cwnd
[  5]   0.00-10.00  sec  23.6 GBytes  20.3 Gbits/sec  450   2.47 MBytes       
[  5]  10.00-20.00  sec  39.8 GBytes  34.2 Gbits/sec    3   3.01 MBytes       
[  5]  20.00-30.00  sec  41.5 GBytes  35.6 Gbits/sec  412   3.01 MBytes       
[  5]  30.00-40.00  sec  26.7 GBytes  22.9 Gbits/sec    0   3.01 MBytes       
[  5]  40.00-50.00  sec  16.0 GBytes  13.7 Gbits/sec    0   3.01 MBytes       
[  5]  50.00-60.00  sec  21.1 GBytes  18.2 Gbits/sec    0   3.01 MBytes       
[  5]  60.00-70.00  sec  17.3 GBytes  14.8 Gbits/sec  1046   2.27 MBytes       
[  5]  70.00-80.00  sec  21.3 GBytes  18.3 Gbits/sec  873   2.46 MBytes       
[  5]  80.00-90.00  sec  20.3 GBytes  17.4 Gbits/sec    0   2.46 MBytes       
[  5]  90.00-100.00 sec  25.4 GBytes  21.8 Gbits/sec    0   2.89 MBytes       
[  5] 100.00-110.00 sec  23.4 GBytes  20.1 Gbits/sec    0   3.61 MBytes       
[  5] 110.00-120.00 sec  17.9 GBytes  15.4 Gbits/sec  320   3.61 MBytes       
- - - - - - - - - - - - - - - - - - - - - - - - -
[ ID] Interval           Transfer     Bitrate         Retr
[  5]   0.00-120.00 sec   294 GBytes  21.1 Gbits/sec  3104             sender
[  5]   0.00-120.04 sec   294 GBytes  21.1 Gbits/sec                  receiver

iperf Done.
