Connecting to host 192.168.2.3, port 25003
[  5] local 192.168.2.2 port 34917 connected to 192.168.2.3 port 25003
[ ID] Interval           Transfer     Bitrate         Retr  Cwnd
[  5]   0.00-10.00  sec  15.4 GBytes  13.2 Gbits/sec  247   2.34 MBytes       
[  5]  10.00-20.00  sec  23.0 GBytes  19.8 Gbits/sec   46   2.84 MBytes       
[  5]  20.00-30.00  sec  28.0 GBytes  24.1 Gbits/sec    0   3.01 MBytes       
[  5]  30.00-40.00  sec  22.7 GBytes  19.5 Gbits/sec    0   3.01 MBytes       
[  5]  40.00-50.00  sec  28.3 GBytes  24.3 Gbits/sec    0   3.01 MBytes       
[  5]  50.00-60.00  sec  22.0 GBytes  18.9 Gbits/sec    0   3.01 MBytes       
[  5]  60.00-70.00  sec  21.8 GBytes  18.8 Gbits/sec    0   3.01 MBytes       
[  5]  70.00-80.00  sec  17.3 GBytes  14.9 Gbits/sec    0   3.01 MBytes       
[  5]  80.00-90.00  sec  19.8 GBytes  17.0 Gbits/sec    0   3.01 MBytes       
[  5]  90.00-100.00 sec  20.0 GBytes  17.2 Gbits/sec    0   3.01 MBytes       
[  5] 100.00-110.00 sec  32.5 GBytes  27.9 Gbits/sec    0   3.01 MBytes       
[  5] 110.00-120.00 sec  28.1 GBytes  24.2 Gbits/sec    0   3.01 MBytes       
- - - - - - - - - - - - - - - - - - - - - - - - -
[ ID] Interval           Transfer     Bitrate         Retr
[  5]   0.00-120.00 sec   279 GBytes  20.0 Gbits/sec  293             sender
[  5]   0.00-120.05 sec   279 GBytes  20.0 Gbits/sec                  receiver

iperf Done.
