Connecting to host 192.168.4.2, port 25004
[  5] local 192.168.4.3 port 48847 connected to 192.168.4.2 port 25004
[ ID] Interval           Transfer     Bitrate         Retr  Cwnd
[  5]   0.00-10.00  sec  22.6 GBytes  19.4 Gbits/sec   11   2.16 MBytes       
[  5]  10.00-20.00  sec  30.6 GBytes  26.3 Gbits/sec    0   3.21 MBytes       
[  5]  20.00-30.00  sec  25.7 GBytes  22.0 Gbits/sec    0   3.21 MBytes       
[  5]  30.00-40.00  sec  15.8 GBytes  13.6 Gbits/sec    0   3.21 MBytes       
[  5]  40.00-50.00  sec  18.3 GBytes  15.7 Gbits/sec    0   3.21 MBytes       
[  5]  50.00-60.00  sec  14.1 GBytes  12.1 Gbits/sec    0   3.21 MBytes       
[  5]  60.00-70.00  sec  19.7 GBytes  16.9 Gbits/sec    0   3.21 MBytes       
[  5]  70.00-80.00  sec  21.2 GBytes  18.2 Gbits/sec    0   3.21 MBytes       
[  5]  80.00-90.00  sec  14.2 GBytes  12.2 Gbits/sec    0   3.21 MBytes       
[  5]  90.00-100.00 sec  14.2 GBytes  12.2 Gbits/sec    0   3.21 MBytes       
[  5] 100.00-110.00 sec  14.7 GBytes  12.6 Gbits/sec    0   3.21 MBytes       
[  5] 110.00-120.00 sec  15.7 GBytes  13.5 Gbits/sec    0   3.21 MBytes       
- - - - - - - - - - - - - - - - - - - - - - - - -
[ ID] Interval           Transfer     Bitrate         Retr
[  5]   0.00-120.00 sec   227 GBytes  16.2 Gbits/sec   11             sender
[  5]   0.00-120.04 sec   227 GBytes  16.2 Gbits/sec                  receiver

iperf Done.
