Connecting to host 192.168.2.2, port 25002
[  5] local 192.168.2.3 port 37689 connected to 192.168.2.2 port 25002
[ ID] Interval           Transfer     Bitrate         Retr  Cwnd
[  5]   0.00-10.00  sec  22.5 GBytes  19.3 Gbits/sec  626   3.04 MBytes       
[  5]  10.00-20.00  sec  17.3 GBytes  14.9 Gbits/sec   26   3.04 MBytes       
[  5]  20.00-30.00  sec  15.3 GBytes  13.2 Gbits/sec  1554   2.52 MBytes       
[  5]  30.00-40.00  sec  14.5 GBytes  12.5 Gbits/sec    0   3.00 MBytes       
[  5]  40.00-50.00  sec  16.7 GBytes  14.3 Gbits/sec    0   3.00 MBytes       
[  5]  50.00-60.00  sec  21.6 GBytes  18.5 Gbits/sec    0   3.00 MBytes       
[  5]  60.00-70.00  sec  20.0 GBytes  17.2 Gbits/sec   45   3.00 MBytes       
[  5]  70.00-80.00  sec  29.6 GBytes  25.4 Gbits/sec    8   3.30 MBytes       
[  5]  80.00-90.00  sec  22.9 GBytes  19.7 Gbits/sec    0   3.30 MBytes       
[  5]  90.00-100.00 sec  23.5 GBytes  20.2 Gbits/sec    0   3.30 MBytes       
[  5] 100.00-110.00 sec  21.0 GBytes  18.0 Gbits/sec    0   3.30 MBytes       
[  5] 110.00-120.00 sec  23.0 GBytes  19.8 Gbits/sec    0   3.30 MBytes       
- - - - - - - - - - - - - - - - - - - - - - - - -
[ ID] Interval           Transfer     Bitrate         Retr
[  5]   0.00-120.00 sec   248 GBytes  17.7 Gbits/sec  2259             sender
[  5]   0.00-120.04 sec   248 GBytes  17.7 Gbits/sec                  receiver

iperf Done.
