Connecting to host 192.168.2.3, port 25002
[  5] local 192.168.2.2 port 57445 connected to 192.168.2.3 port 25002
[ ID] Interval           Transfer     Bitrate         Retr  Cwnd
[  5]   0.00-10.00  sec  24.1 GBytes  20.7 Gbits/sec    0   2.97 MBytes       
[  5]  10.00-20.00  sec  16.7 GBytes  14.4 Gbits/sec    0   3.00 MBytes       
[  5]  20.00-30.00  sec  29.1 GBytes  25.0 Gbits/sec    2   3.00 MBytes       
[  5]  30.00-40.00  sec  25.4 GBytes  21.8 Gbits/sec  133   3.00 MBytes       
[  5]  40.00-50.00  sec  23.6 GBytes  20.3 Gbits/sec    0   3.00 MBytes       
[  5]  50.00-60.00  sec  22.8 GBytes  19.6 Gbits/sec   64   3.00 MBytes       
[  5]  60.00-70.00  sec  18.6 GBytes  16.0 Gbits/sec  675   3.00 MBytes       
[  5]  70.00-80.00  sec  30.4 GBytes  26.1 Gbits/sec    0   3.00 MBytes       
[  5]  80.00-90.00  sec  20.6 GBytes  17.7 Gbits/sec  444   3.00 MBytes       
[  5]  90.00-100.00 sec  17.9 GBytes  15.4 Gbits/sec  213   3.00 MBytes       
[  5] 100.00-110.00 sec  18.2 GBytes  15.6 Gbits/sec  360   3.00 MBytes       
[  5] 110.00-120.00 sec  23.5 GBytes  20.2 Gbits/sec  292   3.00 MBytes       
- - - - - - - - - - - - - - - - - - - - - - - - -
[ ID] Interval           Transfer     Bitrate         Retr
[  5]   0.00-120.00 sec   271 GBytes  19.4 Gbits/sec  2183             sender
[  5]   0.00-120.05 sec   271 GBytes  19.4 Gbits/sec                  receiver

iperf Done.
