Connecting to host 192.168.2.3, port 25001
[  5] local 192.168.2.2 port 60823 connected to 192.168.2.3 port 25001
[ ID] Interval           Transfer     Bitrate         Retr  Cwnd
[  5]   0.00-10.00  sec  23.3 GBytes  20.0 Gbits/sec  660   1.74 MBytes       
[  5]  10.00-20.00  sec  19.7 GBytes  16.9 Gbits/sec  146   2.80 MBytes       
[  5]  20.00-30.00  sec  20.8 GBytes  17.9 Gbits/sec    3   3.05 MBytes       
[  5]  30.00-40.00  sec  27.1 GBytes  23.3 Gbits/sec    0   3.05 MBytes       
[  5]  40.00-50.00  sec  25.8 GBytes  22.1 Gbits/sec    0   3.05 MBytes       
[  5]  50.00-60.00  sec  29.4 GBytes  25.2 Gbits/sec    0   3.05 MBytes       
[  5]  60.00-70.00  sec  26.5 GBytes  22.8 Gbits/sec    0   3.05 MBytes       
[  5]  70.00-80.00  sec  31.7 GBytes  27.2 Gbits/sec    0   3.05 MBytes       
[  5]  80.00-90.00  sec  31.5 GBytes  27.1 Gbits/sec    0   3.05 MBytes       
[  5]  90.00-100.00 sec  29.8 GBytes  25.6 Gbits/sec   70   3.05 MBytes       
[  5] 100.00-110.00 sec  21.0 GBytes  18.1 Gbits/sec    0   3.05 MBytes       
[  5] 110.00-120.00 sec  26.1 GBytes  22.5 Gbits/sec    0   3.05 MBytes       
- - - - - - - - - - - - - - - - - - - - - - - - -
[ ID] Interval           Transfer     Bitrate         Retr
[  5]   0.00-120.00 sec   313 GBytes  22.4 Gbits/sec  879             sender
[  5]   0.00-120.05 sec   313 GBytes  22.4 Gbits/sec                  receiver

iperf Done.
