Connecting to host 192.168.4.2, port 25006
[  5] local 192.168.4.3 port 51999 connected to 192.168.4.2 port 25006
[ ID] Interval           Transfer     Bitrate         Retr  Cwnd
[  5]   0.00-10.00  sec  25.0 GBytes  21.4 Gbits/sec  324   2.59 MBytes       
[  5]  10.00-20.00  sec  16.1 GBytes  13.8 Gbits/sec    0   2.59 MBytes       
[  5]  20.00-30.00  sec  20.6 GBytes  17.7 Gbits/sec    0   4.00 MBytes       
[  5]  30.00-40.00  sec  29.7 GBytes  25.5 Gbits/sec    0   4.00 MBytes       
[  5]  40.00-50.00  sec  23.4 GBytes  20.1 Gbits/sec    0   4.00 MBytes       
[  5]  50.00-60.00  sec  28.5 GBytes  24.4 Gbits/sec    0   4.00 MBytes       
[  5]  60.00-70.00  sec  24.8 GBytes  21.3 Gbits/sec    0   4.00 MBytes       
[  5]  70.00-80.00  sec  23.1 GBytes  19.8 Gbits/sec    0   4.00 MBytes       
[  5]  80.00-90.00  sec  22.4 GBytes  19.2 Gbits/sec    0   4.00 MBytes       
[  5]  90.00-100.00 sec  22.5 GBytes  19.3 Gbits/sec   45   4.00 MBytes       
[  5] 100.00-110.00 sec  29.5 GBytes  25.4 Gbits/sec    0   4.00 MBytes       
[  5] 110.00-120.00 sec  21.1 GBytes  18.1 Gbits/sec   40   4.00 MBytes       
- - - - - - - - - - - - - - - - - - - - - - - - -
[ ID] Interval           Transfer     Bitrate         Retr
[  5]   0.00-120.00 sec   287 GBytes  20.5 Gbits/sec  409             sender
[  5]   0.00-120.04 sec   287 GBytes  20.5 Gbits/sec                  receiver

iperf Done.
