Connecting to host 192.168.4.2, port 25005
[  5] local 192.168.4.3 port 58487 connected to 192.168.4.2 port 25005
[ ID] Interval           Transfer     Bitrate         Retr  Cwnd
[  5]   0.00-10.00  sec  24.3 GBytes  20.9 Gbits/sec    1   2.37 MBytes       
[  5]  10.00-20.00  sec  27.4 GBytes  23.5 Gbits/sec    0   3.00 MBytes       
[  5]  20.00-30.00  sec  26.7 GBytes  22.9 Gbits/sec    7   3.00 MBytes       
[  5]  30.00-40.00  sec  18.9 GBytes  16.3 Gbits/sec    0   3.00 MBytes       
[  5]  40.00-50.00  sec  22.4 GBytes  19.3 Gbits/sec    0   3.00 MBytes       
[  5]  50.00-60.00  sec  21.6 GBytes  18.5 Gbits/sec    0   3.00 MBytes       
[  5]  60.00-70.00  sec  19.7 GBytes  16.9 Gbits/sec    0   3.00 MBytes       
[  5]  70.00-80.00  sec  21.0 GBytes  18.0 Gbits/sec    0   3.00 MBytes       
[  5]  80.00-90.00  sec  24.2 GBytes  20.8 Gbits/sec    0   3.00 MBytes       
[  5]  90.00-100.00 sec  14.2 GBytes  12.2 Gbits/sec    0   3.00 MBytes       
[  5] 100.00-110.00 sec  14.6 GBytes  12.5 Gbits/sec    0   3.00 MBytes       
[  5] 110.00-120.00 sec  24.3 GBytes  20.9 Gbits/sec    0   3.00 MBytes       
- - - - - - - - - - - - - - - - - - - - - - - - -
[ ID] Interval           Transfer     Bitrate         Retr
[  5]   0.00-120.00 sec   259 GBytes  18.6 Gbits/sec    8             sender
[  5]   0.00-120.04 sec   259 GBytes  18.6 Gbits/sec                  receiver

iperf Done.
