Connecting to host 192.168.4.3, port 25007
[  5] local 192.168.4.2 port 43483 connected to 192.168.4.3 port 25007
[ ID] Interval           Transfer     Bitrate         Retr  Cwnd
[  5]   0.00-10.00  sec  19.6 GBytes  16.8 Gbits/sec  752   1.18 MBytes       
[  5]  10.00-20.00  sec  23.2 GBytes  20.0 Gbits/sec    0   1.33 MBytes       
[  5]  20.00-30.00  sec  23.6 GBytes  20.3 Gbits/sec    0   2.41 MBytes       
[  5]  30.00-40.00  sec  24.7 GBytes  21.2 Gbits/sec    0   3.03 MBytes       
[  5]  40.00-50.00  sec  33.5 GBytes  28.7 Gbits/sec    0   3.03 MBytes       
[  5]  50.00-60.00  sec  22.9 GBytes  19.7 Gbits/sec    0   3.03 MBytes       
[  5]  60.00-70.00  sec  24.7 GBytes  21.2 Gbits/sec    0   3.03 MBytes       
[  5]  70.00-80.00  sec  22.4 GBytes  19.3 Gbits/sec    0   3.03 MBytes       
[  5]  80.00-90.00  sec  18.5 GBytes  15.9 Gbits/sec    0   3.03 MBytes       
[  5]  90.00-100.00 sec  29.1 GBytes  25.0 Gbits/sec    0   3.03 MBytes       
[  5] 100.00-110.00 sec  27.7 GBytes  23.8 Gbits/sec    0   3.03 MBytes       
[  5] 110.00-120.00 sec  29.4 GBytes  25.3 Gbits/sec    0   3.03 MBytes       
- - - - - - - - - - - - - - - - - - - - - - - - -
[ ID] Interval           Transfer     Bitrate         Retr
[  5]   0.00-120.00 sec   299 GBytes  21.4 Gbits/sec  752             sender
[  5]   0.00-120.05 sec   299 GBytes  21.4 Gbits/sec                  receiver

iperf Done.
