Connecting to host 192.168.2.3, port 25000
[  5] local 192.168.2.2 port 34603 connected to 192.168.2.3 port 25000
[ ID] Interval           Transfer     Bitrate         Retr  Cwnd
[  5]   0.00-10.00  sec  23.9 GBytes  20.5 Gbits/sec  9533   1.92 MBytes       
[  5]  10.00-20.00  sec  21.1 GBytes  18.1 Gbits/sec    1   3.00 MBytes       
[  5]  20.00-30.00  sec  21.7 GBytes  18.7 Gbits/sec  534   3.00 MBytes       
[  5]  30.00-40.00  sec  24.3 GBytes  20.9 Gbits/sec    0   3.00 MBytes       
[  5]  40.00-50.00  sec  25.1 GBytes  21.6 Gbits/sec    0   3.00 MBytes       
[  5]  50.00-60.00  sec  25.6 GBytes  22.0 Gbits/sec    0   3.00 MBytes       
[  5]  60.00-70.00  sec  18.2 GBytes  15.6 Gbits/sec    0   3.00 MBytes       
[  5]  70.00-80.00  sec  31.4 GBytes  27.0 Gbits/sec    0   3.00 MBytes       
[  5]  80.00-90.00  sec  23.6 GBytes  20.3 Gbits/sec    0   3.00 MBytes       
[  5]  90.00-100.00 sec  22.8 GBytes  19.6 Gbits/sec  229   3.00 MBytes       
[  5] 100.00-110.00 sec  33.1 GBytes  28.4 Gbits/sec    0   3.00 MBytes       
[  5] 110.00-120.00 sec  27.0 GBytes  23.2 Gbits/sec    0   3.00 MBytes       
- - - - - - - - - - - - - - - - - - - - - - - - -
[ ID] Interval           Transfer     Bitrate         Retr
[  5]   0.00-120.00 sec   298 GBytes  21.3 Gbits/sec  10297             sender
[  5]   0.00-120.04 sec   298 GBytes  21.3 Gbits/sec                  receiver

iperf Done.
