Connecting to host 192.168.2.3, port 25002
[  5] local 192.168.2.2 port 55081 connected to 192.168.2.3 port 25002
[ ID] Interval           Transfer     Bitrate         Retr  Cwnd
[  5]   0.00-10.00  sec  23.2 GBytes  19.9 Gbits/sec  124   3.14 MBytes       
[  5]  10.00-20.00  sec  23.5 GBytes  20.2 Gbits/sec  446   3.14 MBytes       
[  5]  20.00-30.00  sec  19.8 GBytes  17.1 Gbits/sec    0   3.14 MBytes       
[  5]  30.00-40.00  sec  25.2 GBytes  21.7 Gbits/sec    0   3.14 MBytes       
[  5]  40.00-50.00  sec  23.5 GBytes  20.2 Gbits/sec    0   3.14 MBytes       
[  5]  50.00-60.00  sec  28.6 GBytes  24.6 Gbits/sec    0   3.14 MBytes       
[  5]  60.00-70.00  sec  40.0 GBytes  34.4 Gbits/sec    0   3.14 MBytes       
[  5]  70.00-80.00  sec  23.9 GBytes  20.5 Gbits/sec    0   3.14 MBytes       
[  5]  80.00-90.00  sec  25.3 GBytes  21.7 Gbits/sec    9   3.14 MBytes       
[  5]  90.00-100.00 sec  20.6 GBytes  17.7 Gbits/sec  623   3.14 MBytes       
[  5] 100.00-110.00 sec  23.7 GBytes  20.3 Gbits/sec  1252   3.14 MBytes       
[  5] 110.00-120.00 sec  18.6 GBytes  16.0 Gbits/sec  181   3.14 MBytes       
- - - - - - - - - - - - - - - - - - - - - - - - -
[ ID] Interval           Transfer     Bitrate         Retr
[  5]   0.00-120.00 sec   296 GBytes  21.2 Gbits/sec  2635             sender
[  5]   0.00-120.04 sec   296 GBytes  21.2 Gbits/sec                  receiver

iperf Done.
