Connecting to host 192.168.2.2, port 25001
[  5] local 192.168.2.3 port 51393 connected to 192.168.2.2 port 25001
[ ID] Interval           Transfer     Bitrate         Retr  Cwnd
[  5]   0.00-10.00  sec  23.9 GBytes  20.5 Gbits/sec  6003   1.32 MBytes       
[  5]  10.00-20.00  sec  26.6 GBytes  22.8 Gbits/sec    1   1.91 MBytes       
[  5]  20.00-30.00  sec  22.1 GBytes  19.0 Gbits/sec  1085   2.97 MBytes       
[  5]  30.00-40.00  sec  25.1 GBytes  21.6 Gbits/sec  225   3.01 MBytes       
[  5]  40.00-50.00  sec  25.9 GBytes  22.2 Gbits/sec    0   3.01 MBytes       
[  5]  50.00-60.00  sec  22.3 GBytes  19.2 Gbits/sec    0   3.01 MBytes       
[  5]  60.00-70.00  sec  17.5 GBytes  15.1 Gbits/sec    0   3.01 MBytes       
[  5]  70.00-80.00  sec  21.8 GBytes  18.7 Gbits/sec  985   3.02 MBytes       
[  5]  80.00-90.00  sec  25.2 GBytes  21.7 Gbits/sec    0   3.02 MBytes       
[  5]  90.00-100.00 sec  26.9 GBytes  23.1 Gbits/sec    0   3.02 MBytes       
[  5] 100.00-110.00 sec  31.6 GBytes  27.1 Gbits/sec    0   3.02 MBytes       
[  5] 110.00-120.00 sec  30.6 GBytes  26.3 Gbits/sec    0   3.02 MBytes       
- - - - - - - - - - - - - - - - - - - - - - - - -
[ ID] Interval           Transfer     Bitrate         Retr
[  5]   0.00-120.00 sec   300 GBytes  21.4 Gbits/sec  8299             sender
[  5]   0.00-120.05 sec   300 GBytes  21.4 Gbits/sec                  receiver

iperf Done.
