Connecting to host 192.168.4.2, port 25000
[  5] local 192.168.4.3 port 44423 connected to 192.168.4.2 port 25000
[ ID] Interval           Transfer     Bitrate         Retr  Cwnd
[  5]   0.00-10.00  sec  3.80 GBytes  3.26 Gbits/sec    0   3.05 MBytes       
[  5]  10.00-20.00  sec  3.78 GBytes  3.25 Gbits/sec    0   3.05 MBytes       
[  5]  20.00-30.00  sec  3.84 GBytes  3.30 Gbits/sec    0   3.05 MBytes       
[  5]  30.00-40.00  sec  3.82 GBytes  3.29 Gbits/sec    0   3.05 MBytes       
[  5]  40.00-50.00  sec  3.78 GBytes  3.25 Gbits/sec    0   3.05 MBytes       
[  5]  50.00-60.00  sec  3.76 GBytes  3.23 Gbits/sec    0   3.05 MBytes       
[  5]  60.00-70.00  sec  3.83 GBytes  3.29 Gbits/sec    0   3.05 MBytes       
[  5]  70.00-80.00  sec  3.82 GBytes  3.28 Gbits/sec    0   3.05 MBytes       
[  5]  80.00-90.00  sec  3.89 GBytes  3.34 Gbits/sec    0   3.05 MBytes       
[  5]  90.00-100.00 sec  3.82 GBytes  3.28 Gbits/sec    0   3.05 MBytes       
[  5] 100.00-110.00 sec  3.83 GBytes  3.29 Gbits/sec    0   3.05 MBytes       
[  5] 110.00-120.00 sec  3.79 GBytes  3.26 Gbits/sec  1920   3.05 MBytes       
- - - - - - - - - - - - - - - - - - - - - - - - -
[ ID] Interval           Transfer     Bitrate         Retr
[  5]   0.00-120.00 sec  45.8 GBytes  3.28 Gbits/sec  1920             sender
[  5]   0.00-120.05 sec  45.8 GBytes  3.27 Gbits/sec                  receiver

iperf Done.
