Connecting to host 192.168.2.3, port 25003
[  5] local 192.168.2.2 port 36917 connected to 192.168.2.3 port 25003
[ ID] Interval           Transfer     Bitrate         Retr  Cwnd
[  5]   0.00-10.00  sec  24.1 GBytes  20.7 Gbits/sec  3742   1.27 MBytes       
[  5]  10.00-20.00  sec  24.7 GBytes  21.2 Gbits/sec   90   2.74 MBytes       
[  5]  20.00-30.00  sec  25.7 GBytes  22.1 Gbits/sec  304   2.79 MBytes       
[  5]  30.00-40.00  sec  28.7 GBytes  24.7 Gbits/sec    0   3.00 MBytes       
[  5]  40.00-50.00  sec  24.5 GBytes  21.1 Gbits/sec    0   3.00 MBytes       
[  5]  50.00-60.00  sec  19.2 GBytes  16.5 Gbits/sec  134   3.00 MBytes       
[  5]  60.00-70.00  sec  18.9 GBytes  16.2 Gbits/sec    1   3.00 MBytes       
[  5]  70.00-80.00  sec  20.1 GBytes  17.3 Gbits/sec   35   3.00 MBytes       
[  5]  80.00-90.00  sec  22.4 GBytes  19.2 Gbits/sec    0   3.00 MBytes       
[  5]  90.00-100.00 sec  29.0 GBytes  24.9 Gbits/sec    0   3.00 MBytes       
[  5] 100.00-110.00 sec  20.0 GBytes  17.2 Gbits/sec   45   3.00 MBytes       
[  5] 110.00-120.00 sec  27.2 GBytes  23.4 Gbits/sec   45   3.00 MBytes       
- - - - - - - - - - - - - - - - - - - - - - - - -
[ ID] Interval           Transfer     Bitrate         Retr
[  5]   0.00-120.00 sec   285 GBytes  20.4 Gbits/sec  4396             sender
[  5]   0.00-120.04 sec   285 GBytes  20.4 Gbits/sec                  receiver

iperf Done.
