Connecting to host 192.168.2.2, port 25000
[  5] local 192.168.2.3 port 48701 connected to 192.168.2.2 port 25000
[ ID] Interval           Transfer     Bitrate         Retr  Cwnd
[  5]   0.00-10.00  sec  29.4 GBytes  25.3 Gbits/sec  5325   3.00 MBytes       
[  5]  10.00-20.00  sec  26.6 GBytes  22.8 Gbits/sec    0   3.00 MBytes       
[  5]  20.00-30.00  sec  27.8 GBytes  23.8 Gbits/sec  267   3.00 MBytes       
[  5]  30.00-40.00  sec  27.6 GBytes  23.7 Gbits/sec    0   3.00 MBytes       
[  5]  40.00-50.00  sec  24.1 GBytes  20.7 Gbits/sec    0   3.00 MBytes       
[  5]  50.00-60.00  sec  27.6 GBytes  23.7 Gbits/sec    0   3.00 MBytes       
[  5]  60.00-70.00  sec  34.0 GBytes  29.2 Gbits/sec    0   3.00 MBytes       
[  5]  70.00-80.00  sec  29.6 GBytes  25.4 Gbits/sec  154   3.00 MBytes       
[  5]  80.00-90.00  sec  26.9 GBytes  23.1 Gbits/sec    0   3.00 MBytes       
[  5]  90.00-100.00 sec  24.0 GBytes  20.6 Gbits/sec    0   3.00 MBytes       
[  5] 100.00-110.00 sec  33.0 GBytes  28.3 Gbits/sec    0   3.00 MBytes       
[  5] 110.00-120.00 sec  30.1 GBytes  25.9 Gbits/sec   11   3.00 MBytes       
- - - - - - - - - - - - - - - - - - - - - - - - -
[ ID] Interval           Transfer     Bitrate         Retr
[  5]   0.00-120.00 sec   341 GBytes  24.4 Gbits/sec  5757             sender
[  5]   0.00-120.05 sec   341 GBytes  24.4 Gbits/sec                  receiver

iperf Done.
