Connecting to host 192.168.2.2, port 25003
[  5] local 192.168.2.3 port 47471 connected to 192.168.2.2 port 25003
[ ID] Interval           Transfer     Bitrate         Retr  Cwnd
[  5]   0.00-10.00  sec  28.9 GBytes  24.8 Gbits/sec  3753   2.19 MBytes       
[  5]  10.00-20.00  sec  24.0 GBytes  20.6 Gbits/sec   25   3.00 MBytes       
[  5]  20.00-30.00  sec  25.1 GBytes  21.5 Gbits/sec    0   3.00 MBytes       
[  5]  30.00-40.00  sec  25.5 GBytes  21.9 Gbits/sec    0   3.00 MBytes       
[  5]  40.00-50.00  sec  25.5 GBytes  21.9 Gbits/sec    0   3.00 MBytes       
[  5]  50.00-60.00  sec  30.9 GBytes  26.6 Gbits/sec    0   4.71 MBytes       
[  5]  60.00-70.00  sec  32.6 GBytes  28.0 Gbits/sec    0   4.71 MBytes       
[  5]  70.00-80.00  sec  29.9 GBytes  25.7 Gbits/sec    1   4.71 MBytes       
[  5]  80.00-90.00  sec  24.4 GBytes  21.0 Gbits/sec    1   4.71 MBytes       
[  5]  90.00-100.00 sec  25.5 GBytes  21.9 Gbits/sec    0   4.71 MBytes       
[  5] 100.00-110.00 sec  19.2 GBytes  16.5 Gbits/sec    0   3.30 MBytes       
[  5] 110.00-120.00 sec  20.7 GBytes  17.8 Gbits/sec    0   3.30 MBytes       
- - - - - - - - - - - - - - - - - - - - - - - - -
[ ID] Interval           Transfer     Bitrate         Retr
[  5]   0.00-120.00 sec   312 GBytes  22.3 Gbits/sec  3780             sender
[  5]   0.00-120.05 sec   312 GBytes  22.3 Gbits/sec                  receiver

iperf Done.
