Connecting to host 192.168.2.2, port 25002
[  5] local 192.168.2.3 port 40171 connected to 192.168.2.2 port 25002
[ ID] Interval           Transfer     Bitrate         Retr  Cwnd
[  5]   0.00-10.00  sec  21.4 GBytes  18.4 Gbits/sec  497   2.64 MBytes       
[  5]  10.00-20.00  sec  26.2 GBytes  22.5 Gbits/sec   21   3.00 MBytes       
[  5]  20.00-30.00  sec  26.8 GBytes  23.0 Gbits/sec    0   3.00 MBytes       
[  5]  30.00-40.00  sec  23.9 GBytes  20.5 Gbits/sec    2   3.00 MBytes       
[  5]  40.00-50.00  sec  26.8 GBytes  23.0 Gbits/sec    0   3.00 MBytes       
[  5]  50.00-60.00  sec  21.7 GBytes  18.7 Gbits/sec  1562   3.00 MBytes       
[  5]  60.00-70.00  sec  17.5 GBytes  15.1 Gbits/sec  336   3.00 MBytes       
[  5]  70.00-80.00  sec  21.4 GBytes  18.4 Gbits/sec    0   3.84 MBytes       
[  5]  80.00-90.00  sec  25.1 GBytes  21.6 Gbits/sec    0   3.84 MBytes       
[  5]  90.00-100.00 sec  25.7 GBytes  22.0 Gbits/sec    0   3.84 MBytes       
[  5] 100.00-110.00 sec  19.1 GBytes  16.4 Gbits/sec    0   3.84 MBytes       
[  5] 110.00-120.00 sec  21.7 GBytes  18.6 Gbits/sec    0   3.84 MBytes       
- - - - - - - - - - - - - - - - - - - - - - - - -
[ ID] Interval           Transfer     Bitrate         Retr
[  5]   0.00-120.00 sec   277 GBytes  19.9 Gbits/sec  2418             sender
[  5]   0.00-120.05 sec   277 GBytes  19.8 Gbits/sec                  receiver

iperf Done.
