Connecting to host 192.168.2.3, port 25001
[  5] local 192.168.2.2 port 49853 connected to 192.168.2.3 port 25001
[ ID] Interval           Transfer     Bitrate         Retr  Cwnd
[  5]   0.00-10.00  sec  23.5 GBytes  20.2 Gbits/sec  612   3.00 MBytes       
[  5]  10.00-20.00  sec  25.3 GBytes  21.7 Gbits/sec    0   3.00 MBytes       
[  5]  20.00-30.00  sec  27.9 GBytes  24.0 Gbits/sec  730   3.00 MBytes       
[  5]  30.00-40.00  sec  17.2 GBytes  14.8 Gbits/sec    0   3.00 MBytes       
[  5]  40.00-50.00  sec  22.3 GBytes  19.2 Gbits/sec   91   2.82 MBytes       
[  5]  50.00-60.00  sec  22.0 GBytes  18.9 Gbits/sec    1   3.00 MBytes       
[  5]  60.00-70.00  sec  18.4 GBytes  15.8 Gbits/sec  117   3.00 MBytes       
[  5]  70.00-80.00  sec  20.2 GBytes  17.3 Gbits/sec  388   3.00 MBytes       
[  5]  80.00-90.00  sec  23.6 GBytes  20.3 Gbits/sec    0   3.00 MBytes       
[  5]  90.00-100.00 sec  22.7 GBytes  19.5 Gbits/sec  765   2.18 MBytes       
[  5] 100.00-110.00 sec  18.1 GBytes  15.5 Gbits/sec  539   2.54 MBytes       
[  5] 110.00-120.00 sec  22.9 GBytes  19.7 Gbits/sec  194   3.00 MBytes       
- - - - - - - - - - - - - - - - - - - - - - - - -
[ ID] Interval           Transfer     Bitrate         Retr
[  5]   0.00-120.00 sec   264 GBytes  18.9 Gbits/sec  3437             sender
[  5]   0.00-120.04 sec   264 GBytes  18.9 Gbits/sec                  receiver

iperf Done.
