Connecting to host 192.168.4.3, port 25002
[  5] local 192.168.4.2 port 37691 connected to 192.168.4.3 port 25002
[ ID] Interval           Transfer     Bitrate         Retr  Cwnd
[  5]   0.00-10.00  sec  1.19 GBytes  1.02 Gbits/sec   18   1.37 MBytes       
[  5]  10.00-20.00  sec  2.39 GBytes  2.05 Gbits/sec    0   2.34 MBytes       
[  5]  20.00-30.00  sec  3.69 GBytes  3.17 Gbits/sec    0   3.01 MBytes       
[  5]  30.00-40.00  sec  3.83 GBytes  3.29 Gbits/sec    0   3.01 MBytes       
[  5]  40.00-50.00  sec  3.79 GBytes  3.26 Gbits/sec    0   3.01 MBytes       
[  5]  50.00-60.00  sec  3.75 GBytes  3.23 Gbits/sec    0   3.01 MBytes       
[  5]  60.00-70.00  sec  3.82 GBytes  3.28 Gbits/sec    0   3.01 MBytes       
[  5]  70.00-80.00  sec  3.82 GBytes  3.28 Gbits/sec    0   3.01 MBytes       
[  5]  80.00-90.00  sec  3.90 GBytes  3.35 Gbits/sec    0   3.01 MBytes       
[  5]  90.00-100.00 sec  3.82 GBytes  3.29 Gbits/sec    0   3.01 MBytes       
[  5] 100.00-110.00 sec  3.83 GBytes  3.29 Gbits/sec    0   3.01 MBytes       
[  5] 110.00-120.00 sec  3.77 GBytes  3.23 Gbits/sec    0   3.01 MBytes       
- - - - - - - - - - - - - - - - - - - - - - - - -
[ ID] Interval           Transfer     Bitrate         Retr
[  5]   0.00-120.00 sec  41.6 GBytes  2.98 Gbits/sec   18             sender
[  5]   0.00-120.04 sec  41.6 GBytes  2.98 Gbits/sec                  receiver

iperf Done.
