Connecting to host 192.168.4.3, port 25007
[  5] local 192.168.4.2 port 33473 connected to 192.168.4.3 port 25007
[ ID] Interval           Transfer     Bitrate         Retr  Cwnd
[  5]   0.00-10.00  sec  25.8 GBytes  22.2 Gbits/sec  629   1.65 MBytes       
[  5]  10.00-20.00  sec  26.9 GBytes  23.1 Gbits/sec    0   2.64 MBytes       
[  5]  20.00-30.00  sec  35.3 GBytes  30.3 Gbits/sec  678   1.85 MBytes       
[  5]  30.00-40.00  sec  32.2 GBytes  27.6 Gbits/sec    4   1.94 MBytes       
[  5]  40.00-50.00  sec  25.9 GBytes  22.2 Gbits/sec   15   3.00 MBytes       
[  5]  50.00-60.00  sec  25.0 GBytes  21.5 Gbits/sec    0   3.00 MBytes       
[  5]  60.00-70.00  sec  26.1 GBytes  22.4 Gbits/sec    0   3.00 MBytes       
[  5]  70.00-80.00  sec  22.6 GBytes  19.4 Gbits/sec    0   3.00 MBytes       
[  5]  80.00-90.00  sec  19.8 GBytes  17.0 Gbits/sec  405   4.53 MBytes       
[  5]  90.00-100.00 sec  21.1 GBytes  18.1 Gbits/sec    0   4.53 MBytes       
[  5] 100.00-110.00 sec  32.6 GBytes  28.0 Gbits/sec    0   4.53 MBytes       
[  5] 110.00-120.00 sec  17.8 GBytes  15.3 Gbits/sec    0   4.53 MBytes       
- - - - - - - - - - - - - - - - - - - - - - - - -
[ ID] Interval           Transfer     Bitrate         Retr
[  5]   0.00-120.00 sec   311 GBytes  22.3 Gbits/sec  1731             sender
[  5]   0.00-120.04 sec   311 GBytes  22.3 Gbits/sec                  receiver

iperf Done.
