Connecting to host 192.168.4.2, port 25004
[  5] local 192.168.4.3 port 34681 connected to 192.168.4.2 port 25004
[ ID] Interval           Transfer     Bitrate         Retr  Cwnd
[  5]   0.00-10.00  sec  20.4 GBytes  17.5 Gbits/sec    0   2.38 MBytes       
[  5]  10.00-20.00  sec  22.2 GBytes  19.0 Gbits/sec    0   3.52 MBytes       
[  5]  20.00-30.00  sec  25.2 GBytes  21.7 Gbits/sec    0   3.52 MBytes       
[  5]  30.00-40.00  sec  13.6 GBytes  11.6 Gbits/sec    0   3.52 MBytes       
[  5]  40.00-50.00  sec  24.8 GBytes  21.3 Gbits/sec    0   3.52 MBytes       
[  5]  50.00-60.00  sec  21.4 GBytes  18.4 Gbits/sec  360   2.76 MBytes       
[  5]  60.00-70.00  sec  16.3 GBytes  14.0 Gbits/sec    0   3.69 MBytes       
[  5]  70.00-80.00  sec  23.3 GBytes  20.0 Gbits/sec    0   3.69 MBytes       
[  5]  80.00-90.00  sec  23.5 GBytes  20.2 Gbits/sec    0   3.69 MBytes       
[  5]  90.00-100.00 sec  22.8 GBytes  19.6 Gbits/sec    0   3.69 MBytes       
[  5] 100.00-110.00 sec  21.9 GBytes  18.8 Gbits/sec    0   3.69 MBytes       
[  5] 110.00-120.00 sec  21.0 GBytes  18.0 Gbits/sec    0   3.69 MBytes       
- - - - - - - - - - - - - - - - - - - - - - - - -
[ ID] Interval           Transfer     Bitrate         Retr
[  5]   0.00-120.00 sec   256 GBytes  18.4 Gbits/sec  360             sender
[  5]   0.00-120.05 sec   256 GBytes  18.3 Gbits/sec                  receiver

iperf Done.
