Connecting to host 192.168.4.2, port 25007
[  5] local 192.168.4.3 port 54725 connected to 192.168.4.2 port 25007
[ ID] Interval           Transfer     Bitrate         Retr  Cwnd
[  5]   0.00-10.00  sec  16.5 GBytes  14.2 Gbits/sec   20   2.77 MBytes       
[  5]  10.00-20.00  sec  14.5 GBytes  12.5 Gbits/sec  112   2.77 MBytes       
[  5]  20.00-30.00  sec  12.5 GBytes  10.7 Gbits/sec    0   4.49 MBytes       
[  5]  30.00-40.00  sec  24.2 GBytes  20.8 Gbits/sec    0   4.49 MBytes       
[  5]  40.00-50.00  sec  18.0 GBytes  15.5 Gbits/sec    0   4.49 MBytes       
[  5]  50.00-60.00  sec  20.2 GBytes  17.4 Gbits/sec    0   4.49 MBytes       
[  5]  60.00-70.00  sec  25.4 GBytes  21.8 Gbits/sec    0   4.49 MBytes       
[  5]  70.00-80.00  sec  21.3 GBytes  18.3 Gbits/sec    0   4.49 MBytes       
[  5]  80.00-90.00  sec  21.4 GBytes  18.4 Gbits/sec    0   4.49 MBytes       
[  5]  90.00-100.00 sec  21.6 GBytes  18.5 Gbits/sec    0   4.49 MBytes       
[  5] 100.00-110.00 sec  21.9 GBytes  18.8 Gbits/sec    0   4.49 MBytes       
[  5] 110.00-120.00 sec  20.4 GBytes  17.6 Gbits/sec    0   4.49 MBytes       
- - - - - - - - - - - - - - - - - - - - - - - - -
[ ID] Interval           Transfer     Bitrate         Retr
[  5]   0.00-120.00 sec   238 GBytes  17.0 Gbits/sec  132             sender
[  5]   0.00-120.05 sec   238 GBytes  17.0 Gbits/sec                  receiver

iperf Done.
