Connecting to host 192.168.4.3, port 25006
[  5] local 192.168.4.2 port 36281 connected to 192.168.4.3 port 25006
[ ID] Interval           Transfer     Bitrate         Retr  Cwnd
[  5]   0.00-10.00  sec  23.4 GBytes  20.1 Gbits/sec   33   3.13 MBytes       
[  5]  10.00-20.00  sec  26.2 GBytes  22.5 Gbits/sec    0   3.13 MBytes       
[  5]  20.00-30.00  sec  29.4 GBytes  25.3 Gbits/sec    0   3.13 MBytes       
[  5]  30.00-40.00  sec  31.8 GBytes  27.3 Gbits/sec    0   3.13 MBytes       
[  5]  40.00-50.00  sec  23.6 GBytes  20.2 Gbits/sec    1   3.13 MBytes       
[  5]  50.00-60.00  sec  24.1 GBytes  20.7 Gbits/sec    0   3.13 MBytes       
[  5]  60.00-70.00  sec  23.9 GBytes  20.5 Gbits/sec   26   2.62 MBytes       
[  5]  70.00-80.00  sec  30.3 GBytes  26.0 Gbits/sec    0   3.01 MBytes       
[  5]  80.00-90.00  sec  34.0 GBytes  29.2 Gbits/sec    0   3.01 MBytes       
[  5]  90.00-100.00 sec  29.5 GBytes  25.4 Gbits/sec    0   3.01 MBytes       
[  5] 100.00-110.00 sec  22.4 GBytes  19.2 Gbits/sec    0   3.01 MBytes       
[  5] 110.00-120.00 sec  33.3 GBytes  28.6 Gbits/sec  187   3.01 MBytes       
- - - - - - - - - - - - - - - - - - - - - - - - -
[ ID] Interval           Transfer     Bitrate         Retr
[  5]   0.00-120.00 sec   332 GBytes  23.7 Gbits/sec  247             sender
[  5]   0.00-120.05 sec   332 GBytes  23.7 Gbits/sec                  receiver

iperf Done.
