Connecting to host 192.168.4.2, port 25006
[  5] local 192.168.4.3 port 60827 connected to 192.168.4.2 port 25006
[ ID] Interval           Transfer     Bitrate         Retr  Cwnd
[  5]   0.00-10.00  sec  24.8 GBytes  21.3 Gbits/sec   14   3.13 MBytes       
[  5]  10.00-20.00  sec  19.3 GBytes  16.6 Gbits/sec  215   3.13 MBytes       
[  5]  20.00-30.00  sec  12.6 GBytes  10.8 Gbits/sec    0   3.13 MBytes       
[  5]  30.00-40.00  sec  27.1 GBytes  23.2 Gbits/sec    0   3.13 MBytes       
[  5]  40.00-50.00  sec  25.8 GBytes  22.2 Gbits/sec    0   3.13 MBytes       
[  5]  50.00-60.00  sec  24.4 GBytes  21.0 Gbits/sec    0   3.13 MBytes       
[  5]  60.00-70.00  sec  16.2 GBytes  13.9 Gbits/sec    0   3.13 MBytes       
[  5]  70.00-80.00  sec  17.6 GBytes  15.1 Gbits/sec    0   3.13 MBytes       
[  5]  80.00-90.00  sec  19.5 GBytes  16.7 Gbits/sec   11   3.13 MBytes       
[  5]  90.00-100.00 sec  20.0 GBytes  17.2 Gbits/sec    0   3.13 MBytes       
[  5] 100.00-110.00 sec  20.6 GBytes  17.7 Gbits/sec    0   3.13 MBytes       
[  5] 110.00-120.00 sec  20.1 GBytes  17.3 Gbits/sec    0   3.13 MBytes       
- - - - - - - - - - - - - - - - - - - - - - - - -
[ ID] Interval           Transfer     Bitrate         Retr
[  5]   0.00-120.00 sec   248 GBytes  17.7 Gbits/sec  240             sender
[  5]   0.00-120.05 sec   248 GBytes  17.7 Gbits/sec                  receiver

iperf Done.
