Connecting to host 192.168.4.3, port 25004
[  5] local 192.168.4.2 port 50281 connected to 192.168.4.3 port 25004
[ ID] Interval           Transfer     Bitrate         Retr  Cwnd
[  5]   0.00-10.00  sec  24.9 GBytes  21.4 Gbits/sec  876   3.00 MBytes       
[  5]  10.00-20.00  sec  25.7 GBytes  22.1 Gbits/sec    0   3.00 MBytes       
[  5]  20.00-30.00  sec  23.8 GBytes  20.5 Gbits/sec    0   3.00 MBytes       
[  5]  30.00-40.00  sec  20.9 GBytes  18.0 Gbits/sec    0   3.00 MBytes       
[  5]  40.00-50.00  sec  26.4 GBytes  22.7 Gbits/sec    0   3.00 MBytes       
[  5]  50.00-60.00  sec  26.0 GBytes  22.3 Gbits/sec    0   3.00 MBytes       
[  5]  60.00-70.00  sec  30.1 GBytes  25.9 Gbits/sec   44   3.00 MBytes       
[  5]  70.00-80.00  sec  29.9 GBytes  25.7 Gbits/sec    0   3.00 MBytes       
[  5]  80.00-90.00  sec  20.4 GBytes  17.5 Gbits/sec    0   3.00 MBytes       
[  5]  90.00-100.00 sec  20.3 GBytes  17.4 Gbits/sec  125   3.00 MBytes       
[  5] 100.00-110.00 sec  21.6 GBytes  18.6 Gbits/sec    0   3.00 MBytes       
[  5] 110.00-120.00 sec  17.8 GBytes  15.3 Gbits/sec    0   3.00 MBytes       
- - - - - - - - - - - - - - - - - - - - - - - - -
[ ID] Interval           Transfer     Bitrate         Retr
[  5]   0.00-120.00 sec   288 GBytes  20.6 Gbits/sec  1045             sender
[  5]   0.00-120.04 sec   288 GBytes  20.6 Gbits/sec                  receiver

iperf Done.
