Connecting to host 192.168.2.2, port 25002
[  5] local 192.168.2.3 port 59013 connected to 192.168.2.2 port 25002
[ ID] Interval           Transfer     Bitrate         Retr  Cwnd
[  5]   0.00-10.00  sec  24.5 GBytes  21.0 Gbits/sec  175   3.05 MBytes       
[  5]  10.00-20.00  sec  23.5 GBytes  20.2 Gbits/sec  465   3.05 MBytes       
[  5]  20.00-30.00  sec  23.5 GBytes  20.2 Gbits/sec    0   3.05 MBytes       
[  5]  30.00-40.00  sec  28.5 GBytes  24.5 Gbits/sec    0   3.05 MBytes       
[  5]  40.00-50.00  sec  21.8 GBytes  18.7 Gbits/sec    0   3.05 MBytes       
[  5]  50.00-60.00  sec  19.0 GBytes  16.4 Gbits/sec    0   3.05 MBytes       
[  5]  60.00-70.00  sec  24.5 GBytes  21.1 Gbits/sec    0   3.05 MBytes       
[  5]  70.00-80.00  sec  27.3 GBytes  23.4 Gbits/sec    0   3.05 MBytes       
[  5]  80.00-90.00  sec  23.1 GBytes  19.8 Gbits/sec    0   3.05 MBytes       
[  5]  90.00-100.00 sec  17.6 GBytes  15.2 Gbits/sec    0   3.05 MBytes       
[  5] 100.00-110.00 sec  19.5 GBytes  16.7 Gbits/sec    0   3.05 MBytes       
[  5] 110.00-120.00 sec  14.4 GBytes  12.4 Gbits/sec    0   3.05 MBytes       
- - - - - - - - - - - - - - - - - - - - - - - - -
[ ID] Interval           Transfer     Bitrate         Retr
[  5]   0.00-120.00 sec   267 GBytes  19.1 Gbits/sec  640             sender
[  5]   0.00-120.05 sec   267 GBytes  19.1 Gbits/sec                  receiver

iperf Done.
