Connecting to host 192.168.4.2, port 25005
[  5] local 192.168.4.3 port 41909 connected to 192.168.4.2 port 25005
[ ID] Interval           Transfer     Bitrate         Retr  Cwnd
[  5]   0.00-10.00  sec  22.8 GBytes  19.6 Gbits/sec   31   2.29 MBytes       
[  5]  10.00-20.00  sec  22.9 GBytes  19.6 Gbits/sec    0   2.30 MBytes       
[  5]  20.00-30.00  sec  25.4 GBytes  21.8 Gbits/sec    0   3.45 MBytes       
[  5]  30.00-40.00  sec  14.1 GBytes  12.1 Gbits/sec    0   3.45 MBytes       
[  5]  40.00-50.00  sec  17.6 GBytes  15.1 Gbits/sec    0   3.45 MBytes       
[  5]  50.00-60.00  sec  23.2 GBytes  20.0 Gbits/sec    0   3.45 MBytes       
[  5]  60.00-70.00  sec  25.8 GBytes  22.2 Gbits/sec    0   3.45 MBytes       
[  5]  70.00-80.00  sec  19.3 GBytes  16.6 Gbits/sec    0   3.45 MBytes       
[  5]  80.00-90.00  sec  20.5 GBytes  17.6 Gbits/sec    0   3.45 MBytes       
[  5]  90.00-100.00 sec  20.9 GBytes  17.9 Gbits/sec    0   3.45 MBytes       
[  5] 100.00-110.00 sec  21.6 GBytes  18.5 Gbits/sec    0   3.45 MBytes       
[  5] 110.00-120.00 sec  21.2 GBytes  18.2 Gbits/sec  461   3.45 MBytes       
- - - - - - - - - - - - - - - - - - - - - - - - -
[ ID] Interval           Transfer     Bitrate         Retr
[  5]   0.00-120.00 sec   255 GBytes  18.3 Gbits/sec  492             sender
[  5]   0.00-120.05 sec   255 GBytes  18.3 Gbits/sec                  receiver

iperf Done.
