Connecting to host 192.168.2.2, port 25003
[  5] local 192.168.2.3 port 60557 connected to 192.168.2.2 port 25003
[ ID] Interval           Transfer     Bitrate         Retr  Cwnd
[  5]   0.00-10.00  sec  15.7 GBytes  13.5 Gbits/sec  720   2.21 MBytes       
[  5]  10.00-20.00  sec  14.3 GBytes  12.3 Gbits/sec    0   2.63 MBytes       
[  5]  20.00-30.00  sec  15.0 GBytes  12.9 Gbits/sec    0   4.31 MBytes       
[  5]  30.00-40.00  sec  14.6 GBytes  12.5 Gbits/sec    0   4.31 MBytes       
[  5]  40.00-50.00  sec  21.2 GBytes  18.2 Gbits/sec    0   4.31 MBytes       
[  5]  50.00-60.00  sec  24.9 GBytes  21.4 Gbits/sec    0   4.31 MBytes       
[  5]  60.00-70.00  sec  24.3 GBytes  20.9 Gbits/sec    0   4.31 MBytes       
[  5]  70.00-80.00  sec  13.4 GBytes  11.5 Gbits/sec    0   4.31 MBytes       
[  5]  80.00-90.00  sec  18.8 GBytes  16.1 Gbits/sec    0   4.31 MBytes       
[  5]  90.00-100.00 sec  24.7 GBytes  21.2 Gbits/sec    0   4.31 MBytes       
[  5] 100.00-110.00 sec  16.2 GBytes  13.9 Gbits/sec   48   4.31 MBytes       
[  5] 110.00-120.00 sec  14.4 GBytes  12.4 Gbits/sec   45   4.31 MBytes       
- - - - - - - - - - - - - - - - - - - - - - - - -
[ ID] Interval           Transfer     Bitrate         Retr
[  5]   0.00-120.00 sec   218 GBytes  15.6 Gbits/sec  813             sender
[  5]   0.00-120.05 sec   218 GBytes  15.6 Gbits/sec                  receiver

iperf Done.
