Connecting to host 192.168.2.3, port 25003
[  5] local 192.168.2.2 port 35019 connected to 192.168.2.3 port 25003
[ ID] Interval           Transfer     Bitrate         Retr  Cwnd
[  5]   0.00-10.00  sec  22.8 GBytes  19.6 Gbits/sec  668   3.04 MBytes       
[  5]  10.00-20.00  sec  29.5 GBytes  25.4 Gbits/sec    0   3.04 MBytes       
[  5]  20.00-30.00  sec  21.8 GBytes  18.8 Gbits/sec   48   3.04 MBytes       
[  5]  30.00-40.00  sec  29.8 GBytes  25.6 Gbits/sec   16   3.04 MBytes       
[  5]  40.00-50.00  sec  21.8 GBytes  18.8 Gbits/sec    0   3.04 MBytes       
[  5]  50.00-60.00  sec  31.0 GBytes  26.6 Gbits/sec    0   3.04 MBytes       
[  5]  60.00-70.00  sec  26.7 GBytes  22.9 Gbits/sec    0   3.04 MBytes       
[  5]  70.00-80.00  sec  26.9 GBytes  23.1 Gbits/sec    0   3.04 MBytes       
[  5]  80.00-90.00  sec  25.3 GBytes  21.7 Gbits/sec  840   2.82 MBytes       
[  5]  90.00-100.00 sec  20.6 GBytes  17.7 Gbits/sec    0   3.04 MBytes       
[  5] 100.00-110.00 sec  17.8 GBytes  15.3 Gbits/sec    0   3.04 MBytes       
[  5] 110.00-120.00 sec  22.6 GBytes  19.4 Gbits/sec    0   3.04 MBytes       
- - - - - - - - - - - - - - - - - - - - - - - - -
[ ID] Interval           Transfer     Bitrate         Retr
[  5]   0.00-120.00 sec   297 GBytes  21.2 Gbits/sec  1572             sender
[  5]   0.00-120.04 sec   297 GBytes  21.2 Gbits/sec                  receiver

iperf Done.
