Connecting to host 192.168.2.3, port 25001
[  5] local 192.168.2.2 port 59577 connected to 192.168.2.3 port 25001
[ ID] Interval           Transfer     Bitrate         Retr  Cwnd
[  5]   0.00-10.00  sec  27.5 GBytes  23.7 Gbits/sec  183   3.00 MBytes       
[  5]  10.00-20.00  sec  22.3 GBytes  19.2 Gbits/sec  111   3.00 MBytes       
[  5]  20.00-30.00  sec  27.0 GBytes  23.2 Gbits/sec   15   3.00 MBytes       
[  5]  30.00-40.00  sec  27.0 GBytes  23.2 Gbits/sec   80   3.00 MBytes       
[  5]  40.00-50.00  sec  28.7 GBytes  24.7 Gbits/sec    0   3.00 MBytes       
[  5]  50.00-60.00  sec  18.7 GBytes  16.1 Gbits/sec  105   3.00 MBytes       
[  5]  60.00-70.00  sec  28.3 GBytes  24.3 Gbits/sec  128   3.00 MBytes       
[  5]  70.00-80.00  sec  25.7 GBytes  22.1 Gbits/sec    0   3.00 MBytes       
[  5]  80.00-90.00  sec  29.5 GBytes  25.3 Gbits/sec    0   3.00 MBytes       
[  5]  90.00-100.00 sec  33.5 GBytes  28.7 Gbits/sec    0   3.00 MBytes       
[  5] 100.00-110.00 sec  34.7 GBytes  29.8 Gbits/sec    0   3.00 MBytes       
[  5] 110.00-120.00 sec  35.1 GBytes  30.2 Gbits/sec    0   3.00 MBytes       
- - - - - - - - - - - - - - - - - - - - - - - - -
[ ID] Interval           Transfer     Bitrate         Retr
[  5]   0.00-120.00 sec   338 GBytes  24.2 Gbits/sec  622             sender
[  5]   0.00-120.04 sec   338 GBytes  24.2 Gbits/sec                  receiver

iperf Done.
