Connecting to host 192.168.2.3, port 25003
[  5] local 192.168.2.2 port 43245 connected to 192.168.2.3 port 25003
[ ID] Interval           Transfer     Bitrate         Retr  Cwnd
[  5]   0.00-10.00  sec  17.7 GBytes  15.2 Gbits/sec  501   1.81 MBytes       
[  5]  10.00-20.00  sec  12.8 GBytes  11.0 Gbits/sec    0   2.51 MBytes       
[  5]  20.00-30.00  sec  20.2 GBytes  17.3 Gbits/sec    0   3.01 MBytes       
[  5]  30.00-40.00  sec  16.9 GBytes  14.5 Gbits/sec    2   3.01 MBytes       
[  5]  40.00-50.00  sec  14.2 GBytes  12.2 Gbits/sec   14   3.01 MBytes       
[  5]  50.00-60.00  sec  16.0 GBytes  13.8 Gbits/sec    0   3.01 MBytes       
[  5]  60.00-70.00  sec  17.9 GBytes  15.3 Gbits/sec    0   3.01 MBytes       
[  5]  70.00-80.00  sec  20.0 GBytes  17.2 Gbits/sec    0   3.01 MBytes       
[  5]  80.00-90.00  sec  17.1 GBytes  14.7 Gbits/sec    0   3.01 MBytes       
[  5]  90.00-100.00 sec  14.3 GBytes  12.3 Gbits/sec   40   3.01 MBytes       
[  5] 100.00-110.00 sec  16.5 GBytes  14.2 Gbits/sec    0   3.01 MBytes       
[  5] 110.00-120.00 sec  23.7 GBytes  20.4 Gbits/sec    0   3.01 MBytes       
- - - - - - - - - - - - - - - - - - - - - - - - -
[ ID] Interval           Transfer     Bitrate         Retr
[  5]   0.00-120.00 sec   207 GBytes  14.8 Gbits/sec  557             sender
[  5]   0.00-120.05 sec   207 GBytes  14.8 Gbits/sec                  receiver

iperf Done.
