Connecting to host 192.168.4.3, port 25005
[  5] local 192.168.4.2 port 49249 connected to 192.168.4.3 port 25005
[ ID] Interval           Transfer     Bitrate         Retr  Cwnd
[  5]   0.00-10.00  sec  17.2 GBytes  14.8 Gbits/sec    1   3.09 MBytes       
[  5]  10.00-20.00  sec  16.6 GBytes  14.3 Gbits/sec    0   3.09 MBytes       
[  5]  20.00-30.00  sec  12.9 GBytes  11.1 Gbits/sec    0   3.09 MBytes       
[  5]  30.00-40.00  sec  12.4 GBytes  10.6 Gbits/sec    0   3.09 MBytes       
[  5]  40.00-50.00  sec  11.1 GBytes  9.56 Gbits/sec    0   3.09 MBytes       
[  5]  50.00-60.00  sec  15.9 GBytes  13.7 Gbits/sec   43   3.09 MBytes       
[  5]  60.00-70.00  sec  16.2 GBytes  13.9 Gbits/sec    0   3.09 MBytes       
[  5]  70.00-80.00  sec  17.8 GBytes  15.3 Gbits/sec    0   3.09 MBytes       
[  5]  80.00-90.00  sec  17.3 GBytes  14.8 Gbits/sec    0   3.09 MBytes       
[  5]  90.00-100.00 sec  18.1 GBytes  15.6 Gbits/sec    0   3.09 MBytes       
[  5] 100.00-110.00 sec  17.8 GBytes  15.3 Gbits/sec   44   3.09 MBytes       
[  5] 110.00-120.00 sec  13.6 GBytes  11.6 Gbits/sec    0   3.09 MBytes       
- - - - - - - - - - - - - - - - - - - - - - - - -
[ ID] Interval           Transfer     Bitrate         Retr
[  5]   0.00-120.00 sec   187 GBytes  13.4 Gbits/sec   88             sender
[  5]   0.00-120.05 sec   187 GBytes  13.4 Gbits/sec                  receiver

iperf Done.
