Connecting to host 192.168.2.2, port 25000
[  5] local 192.168.2.3 port 43271 connected to 192.168.2.2 port 25000
[ ID] Interval           Transfer     Bitrate         Retr  Cwnd
[  5]   0.00-10.00  sec  8.60 GBytes  7.39 Gbits/sec   10   2.17 MBytes       
[  5]  10.00-20.00  sec  11.5 GBytes  9.87 Gbits/sec    0   3.48 MBytes       
[  5]  20.00-30.00  sec  9.47 GBytes  8.13 Gbits/sec    0   3.48 MBytes       
[  5]  30.00-40.00  sec  16.1 GBytes  13.8 Gbits/sec    0   3.48 MBytes       
[  5]  40.00-50.00  sec  13.3 GBytes  11.4 Gbits/sec    0   3.48 MBytes       
[  5]  50.00-60.00  sec  12.4 GBytes  10.6 Gbits/sec    0   3.48 MBytes       
[  5]  60.00-70.00  sec  11.3 GBytes  9.69 Gbits/sec    0   3.48 MBytes       
[  5]  70.00-80.00  sec  11.3 GBytes  9.71 Gbits/sec    0   3.48 MBytes       
[  5]  80.00-90.00  sec  10.4 GBytes  8.92 Gbits/sec    0   3.48 MBytes       
[  5]  90.00-100.00 sec  9.35 GBytes  8.04 Gbits/sec    0   3.48 MBytes       
[  5] 100.00-110.00 sec  15.3 GBytes  13.1 Gbits/sec    0   3.48 MBytes       
[  5] 110.00-120.00 sec  12.2 GBytes  10.5 Gbits/sec  129   3.48 MBytes       
- - - - - - - - - - - - - - - - - - - - - - - - -
[ ID] Interval           Transfer     Bitrate         Retr
[  5]   0.00-120.00 sec   141 GBytes  10.1 Gbits/sec  139             sender
[  5]   0.00-120.05 sec   141 GBytes  10.1 Gbits/sec                  receiver

iperf Done.
