Connecting to host 192.168.2.2, port 25001
[  5] local 192.168.2.3 port 35395 connected to 192.168.2.2 port 25001
[ ID] Interval           Transfer     Bitrate         Retr  Cwnd
[  5]   0.00-10.00  sec  11.0 GBytes  9.44 Gbits/sec    0   3.11 MBytes       
[  5]  10.00-20.00  sec  11.5 GBytes  9.86 Gbits/sec    0   3.11 MBytes       
[  5]  20.00-30.00  sec  11.1 GBytes  9.51 Gbits/sec  167   3.11 MBytes       
[  5]  30.00-40.00  sec  10.2 GBytes  8.76 Gbits/sec  315   3.11 MBytes       
[  5]  40.00-50.00  sec  13.7 GBytes  11.7 Gbits/sec   47   3.11 MBytes       
[  5]  50.00-60.00  sec  11.0 GBytes  9.47 Gbits/sec    0   3.11 MBytes       
[  5]  60.00-70.00  sec  10.9 GBytes  9.34 Gbits/sec    0   3.11 MBytes       
[  5]  70.00-80.00  sec  9.08 GBytes  7.80 Gbits/sec    0   3.11 MBytes       
[  5]  80.00-90.00  sec  11.1 GBytes  9.51 Gbits/sec    0   3.11 MBytes       
[  5]  90.00-100.00 sec  11.4 GBytes  9.79 Gbits/sec    0   3.11 MBytes       
[  5] 100.00-110.00 sec  10.5 GBytes  9.00 Gbits/sec    0   3.11 MBytes       
[  5] 110.00-120.00 sec  9.56 GBytes  8.21 Gbits/sec    0   3.11 MBytes       
- - - - - - - - - - - - - - - - - - - - - - - - -
[ ID] Interval           Transfer     Bitrate         Retr
[  5]   0.00-120.00 sec   131 GBytes  9.37 Gbits/sec  529             sender
[  5]   0.00-120.04 sec   131 GBytes  9.37 Gbits/sec                  receiver

iperf Done.
