Connecting to host 192.168.2.2, port 25003
[  5] local 192.168.2.3 port 53441 connected to 192.168.2.2 port 25003
[ ID] Interval           Transfer     Bitrate         Retr  Cwnd
[  5]   0.00-10.00  sec  8.59 GBytes  7.38 Gbits/sec  120   2.98 MBytes       
[  5]  10.00-20.00  sec  11.6 GBytes  9.99 Gbits/sec    0   3.00 MBytes       
[  5]  20.00-30.00  sec  9.64 GBytes  8.28 Gbits/sec   90   3.00 MBytes       
[  5]  30.00-40.00  sec  11.2 GBytes  9.61 Gbits/sec    0   3.00 MBytes       
[  5]  40.00-50.00  sec  11.6 GBytes  9.93 Gbits/sec  130   3.00 MBytes       
[  5]  50.00-60.00  sec  12.5 GBytes  10.8 Gbits/sec    1   3.00 MBytes       
[  5]  60.00-70.00  sec  12.0 GBytes  10.3 Gbits/sec    0   3.00 MBytes       
[  5]  70.00-80.00  sec  13.7 GBytes  11.8 Gbits/sec    0   3.00 MBytes       
[  5]  80.00-90.00  sec  10.4 GBytes  8.91 Gbits/sec    7   3.00 MBytes       
[  5]  90.00-100.00 sec  12.2 GBytes  10.5 Gbits/sec   42   3.11 MBytes       
[  5] 100.00-110.00 sec  10.9 GBytes  9.37 Gbits/sec    0   3.11 MBytes       
[  5] 110.00-120.00 sec  11.7 GBytes  10.1 Gbits/sec    0   3.11 MBytes       
- - - - - - - - - - - - - - - - - - - - - - - - -
[ ID] Interval           Transfer     Bitrate         Retr
[  5]   0.00-120.00 sec   136 GBytes  9.74 Gbits/sec  390             sender
[  5]   0.00-120.05 sec   136 GBytes  9.74 Gbits/sec                  receiver

iperf Done.
