-----------------------------------------------------------
Server listening on 25007
-----------------------------------------------------------
Accepted connection from 192.168.4.3, port 33363
[  5] local 192.168.4.2 port 25007 connected to 192.168.4.3 port 59007
[ ID] Interval           Transfer     Bitrate
[  5]   0.00-1.00   sec   819 MBytes  6.87 Gbits/sec                  
[  5]   1.00-2.00   sec   721 MBytes  6.05 Gbits/sec                  
[  5]   2.00-3.00   sec   584 MBytes  4.90 Gbits/sec                  
[  5]   3.00-4.00   sec   602 MBytes  5.05 Gbits/sec                  
[  5]   4.00-5.00   sec   721 MBytes  6.05 Gbits/sec                  
[  5]   5.00-6.00   sec   532 MBytes  4.46 Gbits/sec                  
[  5]   6.00-7.00   sec   590 MBytes  4.95 Gbits/sec                  
[  5]   7.00-8.00   sec   586 MBytes  4.92 Gbits/sec                  
[  5]   8.00-9.00   sec   728 MBytes  6.10 Gbits/sec                  
[  5]   9.00-10.00  sec  1.27 GBytes  10.9 Gbits/sec                  
[  5]  10.00-11.00  sec  1.34 GBytes  11.5 Gbits/sec                  
[  5]  11.00-12.00  sec  1.37 GBytes  11.8 Gbits/sec                  
[  5]  12.00-13.00  sec  1.11 GBytes  9.50 Gbits/sec                  
[  5]  13.00-14.00  sec  1.13 GBytes  9.67 Gbits/sec                  
[  5]  14.00-15.00  sec  1.11 GBytes  9.56 Gbits/sec                  
[  5]  15.00-16.00  sec  1.14 GBytes  9.77 Gbits/sec                  
[  5]  16.00-17.00  sec   771 MBytes  6.47 Gbits/sec                  
[  5]  17.00-18.00  sec   802 MBytes  6.73 Gbits/sec                  
[  5]  18.00-19.00  sec   816 MBytes  6.84 Gbits/sec                  
[  5]  19.00-20.00  sec   829 MBytes  6.95 Gbits/sec                  
[  5]  20.00-21.00  sec   740 MBytes  6.21 Gbits/sec                  
[  5]  21.00-22.00  sec   717 MBytes  6.01 Gbits/sec                  
[  5]  22.00-23.00  sec   799 MBytes  6.70 Gbits/sec                  
[  5]  23.00-24.00  sec   959 MBytes  8.05 Gbits/sec                  
[  5]  24.00-25.00  sec   977 MBytes  8.20 Gbits/sec                  
[  5]  25.00-26.00  sec   903 MBytes  7.57 Gbits/sec                  
[  5]  26.00-27.00  sec   923 MBytes  7.75 Gbits/sec                  
[  5]  27.00-28.00  sec   875 MBytes  7.34 Gbits/sec                  
[  5]  28.00-29.00  sec   873 MBytes  7.32 Gbits/sec                  
[  5]  29.00-30.00  sec   894 MBytes  7.50 Gbits/sec                  
[  5]  30.00-31.00  sec  1.00 GBytes  8.59 Gbits/sec                  
[  5]  31.00-32.00  sec  1.12 GBytes  9.59 Gbits/sec                  
[  5]  32.00-33.00  sec  1.26 GBytes  10.8 Gbits/sec                  
[  5]  33.00-34.00  sec  1.17 GBytes  10.1 Gbits/sec                  
[  5]  34.00-35.00  sec  1.20 GBytes  10.3 Gbits/sec                  
[  5]  35.00-36.00  sec  1.16 GBytes  9.97 Gbits/sec                  
[  5]  36.00-37.00  sec  1.12 GBytes  9.66 Gbits/sec                  
[  5]  37.00-38.00  sec  1.28 GBytes  11.0 Gbits/sec                  
[  5]  38.00-39.00  sec  1.41 GBytes  12.1 Gbits/sec                  
[  5]  39.00-40.00  sec  1.31 GBytes  11.2 Gbits/sec                  
[  5]  40.00-41.00  sec  1.38 GBytes  11.9 Gbits/sec                  
[  5]  41.00-42.00  sec  1.44 GBytes  12.3 Gbits/sec                  
[  5]  42.00-43.00  sec  1.39 GBytes  11.9 Gbits/sec                  
[  5]  43.00-44.00  sec  1.44 GBytes  12.3 Gbits/sec                  
[  5]  44.00-45.00  sec  1.47 GBytes  12.6 Gbits/sec                  
[  5]  45.00-46.00  sec   999 MBytes  8.38 Gbits/sec                  
[  5]  46.00-47.00  sec   890 MBytes  7.47 Gbits/sec                  
[  5]  47.00-48.00  sec  1.10 GBytes  9.46 Gbits/sec                  
[  5]  48.00-49.00  sec  1.10 GBytes  9.43 Gbits/sec                  
[  5]  49.00-50.00  sec  1.38 GBytes  11.9 Gbits/sec                  
[  5]  50.00-51.00  sec  1.67 GBytes  14.3 Gbits/sec                  
[  5]  51.00-52.00  sec  1.64 GBytes  14.1 Gbits/sec                  
[  5]  52.00-53.00  sec   870 MBytes  7.30 Gbits/sec                  
[  5]  53.00-54.00  sec   674 MBytes  5.65 Gbits/sec                  
[  5]  54.00-55.00  sec   995 MBytes  8.35 Gbits/sec                  
[  5]  55.00-56.00  sec  1.56 GBytes  13.4 Gbits/sec                  
[  5]  56.00-57.00  sec  1.14 GBytes  9.78 Gbits/sec                  
[  5]  57.00-58.00  sec   857 MBytes  7.19 Gbits/sec                  
[  5]  58.00-59.00  sec   872 MBytes  7.31 Gbits/sec                  
[  5]  59.00-60.00  sec   803 MBytes  6.73 Gbits/sec                  
[  5]  60.00-61.00  sec   892 MBytes  7.48 Gbits/sec                  
[  5]  61.00-62.00  sec  1.64 GBytes  14.1 Gbits/sec                  
[  5]  62.00-63.00  sec  1.13 GBytes  9.70 Gbits/sec                  
[  5]  63.00-64.00  sec  1.15 GBytes  9.86 Gbits/sec                  
[  5]  64.00-65.00  sec  1.38 GBytes  11.8 Gbits/sec                  
[  5]  65.00-66.00  sec  1.58 GBytes  13.6 Gbits/sec                  
[  5]  66.00-67.00  sec  1.02 GBytes  8.76 Gbits/sec                  
[  5]  67.00-68.00  sec   794 MBytes  6.66 Gbits/sec                  
[  5]  68.00-69.00  sec   740 MBytes  6.21 Gbits/sec                  
[  5]  69.00-70.00  sec   698 MBytes  5.86 Gbits/sec                  
[  5]  70.00-71.00  sec   980 MBytes  8.22 Gbits/sec                  
[  5]  71.00-72.00  sec  1.16 GBytes  9.98 Gbits/sec                  
[  5]  72.00-73.00  sec   825 MBytes  6.92 Gbits/sec                  
[  5]  73.00-74.00  sec   709 MBytes  5.95 Gbits/sec                  
[  5]  74.00-75.00  sec   718 MBytes  6.02 Gbits/sec                  
[  5]  75.00-76.00  sec  1007 MBytes  8.45 Gbits/sec                  
[  5]  76.00-77.00  sec  1014 MBytes  8.50 Gbits/sec                  
[  5]  77.00-78.00  sec   942 MBytes  7.90 Gbits/sec                  
[  5]  78.00-79.00  sec   974 MBytes  8.17 Gbits/sec                  
[  5]  79.00-80.00  sec  1010 MBytes  8.47 Gbits/sec                  
[  5]  80.00-81.00  sec  1.10 GBytes  9.46 Gbits/sec                  
[  5]  81.00-82.00  sec   801 MBytes  6.72 Gbits/sec                  
[  5]  82.00-83.00  sec   785 MBytes  6.58 Gbits/sec                  
[  5]  83.00-84.00  sec   828 MBytes  6.94 Gbits/sec                  
[  5]  84.00-85.00  sec   891 MBytes  7.47 Gbits/sec                  
[  5]  85.00-86.00  sec   829 MBytes  6.95 Gbits/sec                  
[  5]  86.00-87.00  sec   833 MBytes  6.99 Gbits/sec                  
[  5]  87.00-88.00  sec   664 MBytes  5.57 Gbits/sec                  
[  5]  88.00-89.00  sec   635 MBytes  5.33 Gbits/sec                  
[  5]  89.00-90.00  sec   768 MBytes  6.44 Gbits/sec                  
[  5]  90.00-91.00  sec   809 MBytes  6.79 Gbits/sec                  
[  5]  91.00-92.00  sec  1.04 GBytes  8.91 Gbits/sec                  
[  5]  92.00-93.00  sec  1.14 GBytes  9.77 Gbits/sec                  
[  5]  93.00-94.00  sec   840 MBytes  7.04 Gbits/sec                  
[  5]  94.00-95.00  sec   813 MBytes  6.82 Gbits/sec                  
[  5]  95.00-96.00  sec   894 MBytes  7.50 Gbits/sec                  
[  5]  96.00-97.00  sec   978 MBytes  8.20 Gbits/sec                  
[  5]  97.00-98.00  sec  1.14 GBytes  9.81 Gbits/sec                  
[  5]  98.00-99.00  sec   956 MBytes  8.02 Gbits/sec                  
[  5]  99.00-100.00 sec   863 MBytes  7.24 Gbits/sec                  
[  5] 100.00-101.00 sec   798 MBytes  6.69 Gbits/sec                  
[  5] 101.00-102.00 sec   802 MBytes  6.72 Gbits/sec                  
[  5] 102.00-103.00 sec   819 MBytes  6.87 Gbits/sec                  
[  5] 103.00-104.00 sec   800 MBytes  6.71 Gbits/sec                  
[  5] 104.00-105.00 sec   776 MBytes  6.51 Gbits/sec                  
[  5] 105.00-106.00 sec   800 MBytes  6.71 Gbits/sec                  
[  5] 106.00-107.00 sec   737 MBytes  6.19 Gbits/sec                  
[  5] 107.00-108.00 sec   696 MBytes  5.84 Gbits/sec                  
[  5] 108.00-109.00 sec   648 MBytes  5.44 Gbits/sec                  
[  5] 109.00-110.00 sec   669 MBytes  5.61 Gbits/sec                  
[  5] 110.00-111.00 sec   680 MBytes  5.71 Gbits/sec                  
[  5] 111.00-112.00 sec   852 MBytes  7.15 Gbits/sec                  
[  5] 112.00-113.00 sec   772 MBytes  6.47 Gbits/sec                  
[  5] 113.00-114.00 sec   896 MBytes  7.52 Gbits/sec                  
[  5] 114.00-115.00 sec  1017 MBytes  8.53 Gbits/sec                  
[  5] 115.00-116.00 sec  1019 MBytes  8.55 Gbits/sec                  
[  5] 116.00-117.00 sec  1014 MBytes  8.51 Gbits/sec                  
[  5] 117.00-118.00 sec  1010 MBytes  8.48 Gbits/sec                  
[  5] 118.00-119.00 sec  1.03 GBytes  8.87 Gbits/sec                  
[  5] 119.00-120.00 sec  1.33 GBytes  11.4 Gbits/sec                  
[  5] 120.00-120.04 sec   103 MBytes  19.5 Gbits/sec                  
- - - - - - - - - - - - - - - - - - - - - - - - -
[ ID] Interval           Transfer     Bitrate
[  5]   0.00-120.04 sec   116 GBytes  8.27 Gbits/sec                  receiver
