Connecting to host 192.168.4.3, port 25006
[  5] local 192.168.4.2 port 33045 connected to 192.168.4.3 port 25006
[ ID] Interval           Transfer     Bitrate         Retr  Cwnd
[  5]   0.00-10.00  sec  20.2 GBytes  17.4 Gbits/sec   16   3.05 MBytes       
[  5]  10.00-20.00  sec  15.1 GBytes  13.0 Gbits/sec  115   3.05 MBytes       
[  5]  20.00-30.00  sec  13.0 GBytes  11.1 Gbits/sec    0   3.05 MBytes       
[  5]  30.00-40.00  sec  22.0 GBytes  18.9 Gbits/sec    0   3.05 MBytes       
[  5]  40.00-50.00  sec  24.3 GBytes  20.9 Gbits/sec    1   3.05 MBytes       
[  5]  50.00-60.00  sec  17.6 GBytes  15.1 Gbits/sec    0   3.05 MBytes       
[  5]  60.00-70.00  sec  13.2 GBytes  11.3 Gbits/sec  160   3.05 MBytes       
[  5]  70.00-80.00  sec  16.2 GBytes  13.9 Gbits/sec    0   3.05 MBytes       
[  5]  80.00-90.00  sec  17.0 GBytes  14.6 Gbits/sec    0   3.05 MBytes       
[  5]  90.00-100.00 sec  15.8 GBytes  13.6 Gbits/sec    0   3.05 MBytes       
[  5] 100.00-110.00 sec  13.6 GBytes  11.7 Gbits/sec    0   3.05 MBytes       
[  5] 110.00-120.00 sec  27.3 GBytes  23.5 Gbits/sec    0   3.05 MBytes       
- - - - - - - - - - - - - - - - - - - - - - - - -
[ ID] Interval           Transfer     Bitrate         Retr
[  5]   0.00-120.00 sec   215 GBytes  15.4 Gbits/sec  292             sender
[  5]   0.00-120.04 sec   215 GBytes  15.4 Gbits/sec                  receiver

iperf Done.
