Connecting to host 192.168.4.2, port 25006
[  5] local 192.168.4.3 port 46795 connected to 192.168.4.2 port 25006
[ ID] Interval           Transfer     Bitrate         Retr  Cwnd
[  5]   0.00-10.00  sec  8.12 GBytes  6.98 Gbits/sec   80   2.35 MBytes       
[  5]  10.00-20.00  sec  14.3 GBytes  12.3 Gbits/sec    0   3.03 MBytes       
[  5]  20.00-30.00  sec  11.4 GBytes  9.76 Gbits/sec  135   3.03 MBytes       
[  5]  30.00-40.00  sec  12.0 GBytes  10.3 Gbits/sec    0   3.03 MBytes       
[  5]  40.00-50.00  sec  13.9 GBytes  11.9 Gbits/sec    0   3.03 MBytes       
[  5]  50.00-60.00  sec  13.5 GBytes  11.6 Gbits/sec    0   3.03 MBytes       
[  5]  60.00-70.00  sec  14.2 GBytes  12.2 Gbits/sec    0   3.03 MBytes       
[  5]  70.00-80.00  sec  11.2 GBytes  9.64 Gbits/sec    0   3.03 MBytes       
[  5]  80.00-90.00  sec  16.4 GBytes  14.1 Gbits/sec    0   3.03 MBytes       
[  5]  90.00-100.00 sec  13.9 GBytes  11.9 Gbits/sec    0   3.03 MBytes       
[  5] 100.00-110.00 sec  15.4 GBytes  13.2 Gbits/sec    0   3.03 MBytes       
[  5] 110.00-120.00 sec  12.2 GBytes  10.5 Gbits/sec    0   3.03 MBytes       
- - - - - - - - - - - - - - - - - - - - - - - - -
[ ID] Interval           Transfer     Bitrate         Retr
[  5]   0.00-120.00 sec   156 GBytes  11.2 Gbits/sec  215             sender
[  5]   0.00-120.04 sec   156 GBytes  11.2 Gbits/sec                  receiver

iperf Done.
