-----------------------------------------------------------
Server listening on 25007
-----------------------------------------------------------
Accepted connection from 192.168.4.2, port 47139
[  5] local 192.168.4.3 port 25007 connected to 192.168.4.2 port 46321
[ ID] Interval           Transfer     Bitrate
[  5]   0.00-1.00   sec  1.68 GBytes  14.4 Gbits/sec                  
[  5]   1.00-2.00   sec  2.34 GBytes  20.1 Gbits/sec                  
[  5]   2.00-3.00   sec  1.85 GBytes  15.9 Gbits/sec                  
[  5]   3.00-4.00   sec  1.94 GBytes  16.7 Gbits/sec                  
[  5]   4.00-5.00   sec  1.64 GBytes  14.1 Gbits/sec                  
[  5]   5.00-6.00   sec  1.23 GBytes  10.6 Gbits/sec                  
[  5]   6.00-7.00   sec  1.48 GBytes  12.7 Gbits/sec                  
[  5]   7.00-8.00   sec  1.83 GBytes  15.7 Gbits/sec                  
[  5]   8.00-9.00   sec  1.91 GBytes  16.4 Gbits/sec                  
[  5]   9.00-10.00  sec  2.03 GBytes  17.4 Gbits/sec                  
[  5]  10.00-11.00  sec  1.87 GBytes  16.0 Gbits/sec                  
[  5]  11.00-12.00  sec  1.69 GBytes  14.5 Gbits/sec                  
[  5]  12.00-13.00  sec  1.98 GBytes  17.0 Gbits/sec                  
[  5]  13.00-14.00  sec  2.21 GBytes  19.0 Gbits/sec                  
[  5]  14.00-15.00  sec  2.09 GBytes  18.0 Gbits/sec                  
[  5]  15.00-16.00  sec  1.74 GBytes  14.9 Gbits/sec                  
[  5]  16.00-17.00  sec  1.74 GBytes  15.0 Gbits/sec                  
[  5]  17.00-18.00  sec  1.65 GBytes  14.1 Gbits/sec                  
[  5]  18.00-19.00  sec  1.57 GBytes  13.5 Gbits/sec                  
[  5]  19.00-20.00  sec  1.52 GBytes  13.1 Gbits/sec                  
[  5]  20.00-21.00  sec  2.09 GBytes  18.0 Gbits/sec                  
[  5]  21.00-22.00  sec  2.32 GBytes  19.9 Gbits/sec                  
[  5]  22.00-23.00  sec  2.05 GBytes  17.6 Gbits/sec                  
[  5]  23.00-24.00  sec  1.80 GBytes  15.4 Gbits/sec                  
[  5]  24.00-25.00  sec  2.16 GBytes  18.5 Gbits/sec                  
[  5]  25.00-26.00  sec  2.37 GBytes  20.3 Gbits/sec                  
[  5]  26.00-27.00  sec  2.47 GBytes  21.2 Gbits/sec                  
[  5]  27.00-28.00  sec  2.45 GBytes  21.1 Gbits/sec                  
[  5]  28.00-29.00  sec  2.57 GBytes  22.0 Gbits/sec                  
[  5]  29.00-30.00  sec  2.51 GBytes  21.6 Gbits/sec                  
[  5]  30.00-31.00  sec  1.59 GBytes  13.7 Gbits/sec                  
[  5]  31.00-32.00  sec  1.63 GBytes  14.0 Gbits/sec                  
[  5]  32.00-33.00  sec  1.52 GBytes  13.0 Gbits/sec                  
[  5]  33.00-34.00  sec  1.16 GBytes  9.96 Gbits/sec                  
[  5]  34.00-35.00  sec  1.05 GBytes  9.03 Gbits/sec                  
[  5]  35.00-36.00  sec  1.08 GBytes  9.28 Gbits/sec                  
[  5]  36.00-37.00  sec  1.12 GBytes  9.64 Gbits/sec                  
[  5]  37.00-38.00  sec  1.05 GBytes  9.05 Gbits/sec                  
[  5]  38.00-39.00  sec   940 MBytes  7.89 Gbits/sec                  
[  5]  39.00-40.00  sec   973 MBytes  8.16 Gbits/sec                  
[  5]  40.00-41.00  sec   935 MBytes  7.84 Gbits/sec                  
[  5]  41.00-42.00  sec   922 MBytes  7.74 Gbits/sec                  
[  5]  42.00-43.00  sec   922 MBytes  7.73 Gbits/sec                  
[  5]  43.00-44.00  sec   944 MBytes  7.92 Gbits/sec                  
[  5]  44.00-45.00  sec   927 MBytes  7.77 Gbits/sec                  
[  5]  45.00-46.00  sec   949 MBytes  7.96 Gbits/sec                  
[  5]  46.00-47.00  sec  1002 MBytes  8.40 Gbits/sec                  
[  5]  47.00-48.00  sec  1.56 GBytes  13.4 Gbits/sec                  
[  5]  48.00-49.00  sec  1.79 GBytes  15.4 Gbits/sec                  
[  5]  49.00-50.00  sec  1.59 GBytes  13.6 Gbits/sec                  
[  5]  50.00-51.00  sec  1.42 GBytes  12.2 Gbits/sec                  
[  5]  51.00-52.00  sec  1.61 GBytes  13.8 Gbits/sec                  
[  5]  52.00-53.00  sec  1.61 GBytes  13.8 Gbits/sec                  
[  5]  53.00-54.00  sec  1.88 GBytes  16.1 Gbits/sec                  
[  5]  54.00-55.00  sec  1.20 GBytes  10.3 Gbits/sec                  
[  5]  55.00-56.00  sec  1.18 GBytes  10.1 Gbits/sec                  
[  5]  56.00-57.00  sec  1.08 GBytes  9.29 Gbits/sec                  
[  5]  57.00-58.00  sec  1.08 GBytes  9.26 Gbits/sec                  
[  5]  58.00-59.00  sec  1.42 GBytes  12.2 Gbits/sec                  
[  5]  59.00-60.00  sec  3.07 GBytes  26.4 Gbits/sec                  
[  5]  60.00-61.00  sec  3.13 GBytes  26.8 Gbits/sec                  
[  5]  61.00-62.00  sec  3.14 GBytes  27.0 Gbits/sec                  
[  5]  62.00-63.00  sec  2.27 GBytes  19.5 Gbits/sec                  
[  5]  63.00-64.00  sec  1.16 GBytes  10.0 Gbits/sec                  
[  5]  64.00-65.00  sec  1.87 GBytes  16.1 Gbits/sec                  
[  5]  65.00-66.00  sec  1.64 GBytes  14.1 Gbits/sec                  
[  5]  66.00-67.00  sec  1.23 GBytes  10.6 Gbits/sec                  
[  5]  67.00-68.00  sec  1.70 GBytes  14.6 Gbits/sec                  
[  5]  68.00-69.00  sec  1.71 GBytes  14.7 Gbits/sec                  
[  5]  69.00-70.00  sec  1.76 GBytes  15.1 Gbits/sec                  
[  5]  70.00-71.00  sec  1.70 GBytes  14.6 Gbits/sec                  
[  5]  71.00-72.00  sec  1.41 GBytes  12.1 Gbits/sec                  
[  5]  72.00-73.00  sec  2.08 GBytes  17.9 Gbits/sec                  
[  5]  73.00-74.00  sec  2.71 GBytes  23.3 Gbits/sec                  
[  5]  74.00-75.00  sec  2.17 GBytes  18.7 Gbits/sec                  
[  5]  75.00-76.00  sec  1.80 GBytes  15.5 Gbits/sec                  
[  5]  76.00-77.00  sec  1.81 GBytes  15.6 Gbits/sec                  
[  5]  77.00-78.00  sec  2.02 GBytes  17.3 Gbits/sec                  
[  5]  78.00-79.00  sec  2.43 GBytes  20.9 Gbits/sec                  
[  5]  79.00-80.00  sec  2.81 GBytes  24.2 Gbits/sec                  
[  5]  80.00-81.00  sec  1.77 GBytes  15.2 Gbits/sec                  
[  5]  81.00-82.00  sec  1.58 GBytes  13.6 Gbits/sec                  
[  5]  82.00-83.00  sec  1.59 GBytes  13.7 Gbits/sec                  
[  5]  83.00-84.00  sec  1.12 GBytes  9.65 Gbits/sec                  
[  5]  84.00-85.00  sec  1.21 GBytes  10.4 Gbits/sec                  
[  5]  85.00-86.00  sec  1.04 GBytes  8.91 Gbits/sec                  
[  5]  86.00-87.00  sec  1.39 GBytes  12.0 Gbits/sec                  
[  5]  87.00-88.00  sec  1.93 GBytes  16.6 Gbits/sec                  
[  5]  88.00-89.00  sec  2.46 GBytes  21.2 Gbits/sec                  
[  5]  89.00-90.00  sec  2.64 GBytes  22.7 Gbits/sec                  
[  5]  90.00-91.00  sec  2.60 GBytes  22.3 Gbits/sec                  
[  5]  91.00-92.00  sec  1.92 GBytes  16.5 Gbits/sec                  
[  5]  92.00-93.00  sec  1.24 GBytes  10.7 Gbits/sec                  
[  5]  93.00-94.00  sec  1.10 GBytes  9.49 Gbits/sec                  
[  5]  94.00-95.00  sec  1.12 GBytes  9.63 Gbits/sec                  
[  5]  95.00-96.00  sec  1.05 GBytes  9.00 Gbits/sec                  
[  5]  96.00-97.00  sec  1.63 GBytes  14.0 Gbits/sec                  
[  5]  97.00-98.00  sec  2.15 GBytes  18.4 Gbits/sec                  
[  5]  98.00-99.00  sec  2.16 GBytes  18.5 Gbits/sec                  
[  5]  99.00-100.00 sec  2.07 GBytes  17.7 Gbits/sec                  
[  5] 100.00-101.00 sec  2.01 GBytes  17.2 Gbits/sec                  
[  5] 101.00-102.00 sec  1.96 GBytes  16.8 Gbits/sec                  
[  5] 102.00-103.00 sec  1.77 GBytes  15.2 Gbits/sec                  
[  5] 103.00-104.00 sec  1.55 GBytes  13.3 Gbits/sec                  
[  5] 104.00-105.00 sec  1.11 GBytes  9.52 Gbits/sec                  
[  5] 105.00-106.00 sec  1.12 GBytes  9.60 Gbits/sec                  
[  5] 106.00-107.00 sec  1.29 GBytes  11.1 Gbits/sec                  
[  5] 107.00-108.00 sec  1.65 GBytes  14.2 Gbits/sec                  
[  5] 108.00-109.00 sec  1.81 GBytes  15.6 Gbits/sec                  
[  5] 109.00-110.00 sec  2.31 GBytes  19.9 Gbits/sec                  
[  5] 110.00-111.00 sec  2.37 GBytes  20.3 Gbits/sec                  
[  5] 111.00-112.00 sec  1.76 GBytes  15.1 Gbits/sec                  
[  5] 112.00-113.00 sec  1.14 GBytes  9.81 Gbits/sec                  
[  5] 113.00-114.00 sec  1.16 GBytes  9.99 Gbits/sec                  
[  5] 114.00-115.00 sec  1.13 GBytes  9.70 Gbits/sec                  
[  5] 115.00-116.00 sec  1.10 GBytes  9.41 Gbits/sec                  
[  5] 116.00-117.00 sec  1.09 GBytes  9.39 Gbits/sec                  
[  5] 117.00-118.00 sec  1.10 GBytes  9.43 Gbits/sec                  
[  5] 118.00-119.00 sec  1.12 GBytes  9.60 Gbits/sec                  
[  5] 119.00-120.00 sec  1.24 GBytes  10.6 Gbits/sec                  
[  5] 120.00-120.05 sec  60.7 MBytes  11.1 Gbits/sec                  
- - - - - - - - - - - - - - - - - - - - - - - - -
[ ID] Interval           Transfer     Bitrate
[  5]   0.00-120.05 sec   202 GBytes  14.5 Gbits/sec                  receiver
