Connecting to host 192.168.4.3, port 25007
[  5] local 192.168.4.2 port 46321 connected to 192.168.4.3 port 25007
[ ID] Interval           Transfer     Bitrate         Retr  Cwnd
[  5]   0.00-10.00  sec  18.0 GBytes  15.5 Gbits/sec  934   3.12 MBytes       
[  5]  10.00-20.00  sec  18.0 GBytes  15.5 Gbits/sec    0   3.12 MBytes       
[  5]  20.00-30.00  sec  22.8 GBytes  19.6 Gbits/sec    0   3.12 MBytes       
[  5]  30.00-40.00  sec  12.0 GBytes  10.3 Gbits/sec    0   3.12 MBytes       
[  5]  40.00-50.00  sec  11.4 GBytes  9.79 Gbits/sec    0   3.12 MBytes       
[  5]  50.00-60.00  sec  15.6 GBytes  13.4 Gbits/sec    0   3.12 MBytes       
[  5]  60.00-70.00  sec  19.6 GBytes  16.8 Gbits/sec    0   3.12 MBytes       
[  5]  70.00-80.00  sec  21.0 GBytes  18.0 Gbits/sec    0   3.12 MBytes       
[  5]  80.00-90.00  sec  16.8 GBytes  14.4 Gbits/sec   46   3.12 MBytes       
[  5]  90.00-100.00 sec  17.0 GBytes  14.6 Gbits/sec   36   3.12 MBytes       
[  5] 100.00-110.00 sec  16.6 GBytes  14.3 Gbits/sec   43   3.12 MBytes       
[  5] 110.00-120.00 sec  13.1 GBytes  11.3 Gbits/sec    0   3.12 MBytes       
- - - - - - - - - - - - - - - - - - - - - - - - -
[ ID] Interval           Transfer     Bitrate         Retr
[  5]   0.00-120.00 sec   202 GBytes  14.5 Gbits/sec  1059             sender
[  5]   0.00-120.05 sec   202 GBytes  14.5 Gbits/sec                  receiver

iperf Done.
