Connecting to host 192.168.4.3, port 25004
[  5] local 192.168.4.2 port 49861 connected to 192.168.4.3 port 25004
[ ID] Interval           Transfer     Bitrate         Retr  Cwnd
[  5]   0.00-10.00  sec  16.4 GBytes  14.1 Gbits/sec   27   3.01 MBytes       
[  5]  10.00-20.00  sec  14.5 GBytes  12.4 Gbits/sec    0   3.01 MBytes       
[  5]  20.00-30.00  sec  21.4 GBytes  18.4 Gbits/sec    0   3.01 MBytes       
[  5]  30.00-40.00  sec  17.0 GBytes  14.6 Gbits/sec    0   3.01 MBytes       
[  5]  40.00-50.00  sec  11.1 GBytes  9.52 Gbits/sec    0   3.01 MBytes       
[  5]  50.00-60.00  sec  14.1 GBytes  12.1 Gbits/sec   36   3.01 MBytes       
[  5]  60.00-70.00  sec  17.7 GBytes  15.2 Gbits/sec  222   3.01 MBytes       
[  5]  70.00-80.00  sec  14.6 GBytes  12.5 Gbits/sec    0   3.01 MBytes       
[  5]  80.00-90.00  sec  15.4 GBytes  13.2 Gbits/sec  436   3.01 MBytes       
[  5]  90.00-100.00 sec  13.9 GBytes  12.0 Gbits/sec    0   3.01 MBytes       
[  5] 100.00-110.00 sec  17.0 GBytes  14.6 Gbits/sec    0   3.01 MBytes       
[  5] 110.00-120.00 sec  13.7 GBytes  11.8 Gbits/sec    0   3.01 MBytes       
- - - - - - - - - - - - - - - - - - - - - - - - -
[ ID] Interval           Transfer     Bitrate         Retr
[  5]   0.00-120.00 sec   187 GBytes  13.4 Gbits/sec  721             sender
[  5]   0.00-120.04 sec   187 GBytes  13.3 Gbits/sec                  receiver

iperf Done.
