Connecting to host 192.168.2.3, port 25000
[  5] local 192.168.2.2 port 40473 connected to 192.168.2.3 port 25000
[ ID] Interval           Transfer     Bitrate         Retr  Cwnd
[  5]   0.00-10.00  sec  18.0 GBytes  15.5 Gbits/sec  1117   2.97 MBytes       
[  5]  10.00-20.00  sec  13.6 GBytes  11.7 Gbits/sec   22   2.98 MBytes       
[  5]  20.00-30.00  sec  16.2 GBytes  13.9 Gbits/sec  150   3.00 MBytes       
[  5]  30.00-40.00  sec  14.9 GBytes  12.8 Gbits/sec    0   3.00 MBytes       
[  5]  40.00-50.00  sec  18.9 GBytes  16.3 Gbits/sec    0   3.00 MBytes       
[  5]  50.00-60.00  sec  12.5 GBytes  10.7 Gbits/sec  413   3.00 MBytes       
[  5]  60.00-70.00  sec  14.8 GBytes  12.7 Gbits/sec    0   4.85 MBytes       
[  5]  70.00-80.00  sec  16.2 GBytes  13.9 Gbits/sec    0   4.85 MBytes       
[  5]  80.00-90.00  sec  19.1 GBytes  16.4 Gbits/sec    0   4.85 MBytes       
[  5]  90.00-100.00 sec  13.5 GBytes  11.6 Gbits/sec    0   4.85 MBytes       
[  5] 100.00-110.00 sec  21.1 GBytes  18.1 Gbits/sec    0   4.85 MBytes       
[  5] 110.00-120.00 sec  13.3 GBytes  11.4 Gbits/sec  535   4.85 MBytes       
- - - - - - - - - - - - - - - - - - - - - - - - -
[ ID] Interval           Transfer     Bitrate         Retr
[  5]   0.00-120.00 sec   192 GBytes  13.8 Gbits/sec  2237             sender
[  5]   0.00-120.05 sec   192 GBytes  13.8 Gbits/sec                  receiver

iperf Done.
