Connecting to host 192.168.2.3, port 25002
[  5] local 192.168.2.2 port 56273 connected to 192.168.2.3 port 25002
[ ID] Interval           Transfer     Bitrate         Retr  Cwnd
[  5]   0.00-10.00  sec  18.4 GBytes  15.8 Gbits/sec  165   3.12 MBytes       
[  5]  10.00-20.00  sec  17.9 GBytes  15.4 Gbits/sec  363   2.49 MBytes       
[  5]  20.00-30.00  sec  16.2 GBytes  13.9 Gbits/sec    0   3.00 MBytes       
[  5]  30.00-40.00  sec  16.8 GBytes  14.5 Gbits/sec    0   3.00 MBytes       
[  5]  40.00-50.00  sec  13.4 GBytes  11.5 Gbits/sec    0   3.00 MBytes       
[  5]  50.00-60.00  sec  18.2 GBytes  15.6 Gbits/sec    1   3.01 MBytes       
[  5]  60.00-70.00  sec  13.3 GBytes  11.4 Gbits/sec  366   3.01 MBytes       
[  5]  70.00-80.00  sec  14.7 GBytes  12.6 Gbits/sec    0   3.01 MBytes       
[  5]  80.00-90.00  sec  16.5 GBytes  14.2 Gbits/sec    0   3.01 MBytes       
[  5]  90.00-100.00 sec  19.1 GBytes  16.4 Gbits/sec    0   3.01 MBytes       
[  5] 100.00-110.00 sec  13.6 GBytes  11.7 Gbits/sec    0   3.01 MBytes       
[  5] 110.00-120.00 sec  14.7 GBytes  12.6 Gbits/sec   25   3.01 MBytes       
- - - - - - - - - - - - - - - - - - - - - - - - -
[ ID] Interval           Transfer     Bitrate         Retr
[  5]   0.00-120.00 sec   193 GBytes  13.8 Gbits/sec  920             sender
[  5]   0.00-120.05 sec   193 GBytes  13.8 Gbits/sec                  receiver

iperf Done.
