Connecting to host 192.168.2.3, port 25001
[  5] local 192.168.2.2 port 59835 connected to 192.168.2.3 port 25001
[ ID] Interval           Transfer     Bitrate         Retr  Cwnd
[  5]   0.00-10.00  sec  17.6 GBytes  15.1 Gbits/sec   14   3.02 MBytes       
[  5]  10.00-20.00  sec  19.2 GBytes  16.5 Gbits/sec   85   3.02 MBytes       
[  5]  20.00-30.00  sec  17.1 GBytes  14.7 Gbits/sec    0   3.02 MBytes       
[  5]  30.00-40.00  sec  14.8 GBytes  12.7 Gbits/sec  160   3.02 MBytes       
[  5]  40.00-50.00  sec  11.8 GBytes  10.2 Gbits/sec    0   3.02 MBytes       
[  5]  50.00-60.00  sec  15.9 GBytes  13.7 Gbits/sec  376   3.02 MBytes       
[  5]  60.00-70.00  sec  20.5 GBytes  17.6 Gbits/sec    0   3.02 MBytes       
[  5]  70.00-80.00  sec  18.8 GBytes  16.2 Gbits/sec    0   3.02 MBytes       
[  5]  80.00-90.00  sec  13.9 GBytes  11.9 Gbits/sec   77   3.02 MBytes       
[  5]  90.00-100.00 sec  18.3 GBytes  15.7 Gbits/sec    0   3.02 MBytes       
[  5] 100.00-110.00 sec  14.0 GBytes  12.0 Gbits/sec    0   3.02 MBytes       
[  5] 110.00-120.00 sec  15.7 GBytes  13.5 Gbits/sec  114   3.02 MBytes       
- - - - - - - - - - - - - - - - - - - - - - - - -
[ ID] Interval           Transfer     Bitrate         Retr
[  5]   0.00-120.00 sec   198 GBytes  14.1 Gbits/sec  826             sender
[  5]   0.00-120.05 sec   198 GBytes  14.1 Gbits/sec                  receiver

iperf Done.
