Connecting to host 192.168.2.2, port 25002
[  5] local 192.168.2.3 port 42603 connected to 192.168.2.2 port 25002
[ ID] Interval           Transfer     Bitrate         Retr  Cwnd
[  5]   0.00-10.00  sec  11.1 GBytes  9.49 Gbits/sec  202   3.00 MBytes       
[  5]  10.00-20.00  sec  11.7 GBytes  10.0 Gbits/sec    0   3.00 MBytes       
[  5]  20.00-30.00  sec  10.2 GBytes  8.78 Gbits/sec    0   2.99 MBytes       
[  5]  30.00-40.00  sec  10.4 GBytes  8.97 Gbits/sec  349   2.99 MBytes       
[  5]  40.00-50.00  sec  14.1 GBytes  12.2 Gbits/sec    1   3.22 MBytes       
[  5]  50.00-60.00  sec  11.3 GBytes  9.73 Gbits/sec    0   3.22 MBytes       
[  5]  60.00-70.00  sec  10.5 GBytes  9.04 Gbits/sec    0   3.22 MBytes       
[  5]  70.00-80.00  sec  7.18 GBytes  6.16 Gbits/sec    0   3.22 MBytes       
[  5]  80.00-90.00  sec  11.0 GBytes  9.47 Gbits/sec  483   2.38 MBytes       
[  5]  90.00-100.00 sec  12.9 GBytes  11.1 Gbits/sec   96   2.59 MBytes       
[  5] 100.00-110.00 sec  7.92 GBytes  6.81 Gbits/sec   90   2.68 MBytes       
[  5] 110.00-120.00 sec  11.0 GBytes  9.47 Gbits/sec    0   3.02 MBytes       
- - - - - - - - - - - - - - - - - - - - - - - - -
[ ID] Interval           Transfer     Bitrate         Retr
[  5]   0.00-120.00 sec   129 GBytes  9.26 Gbits/sec  1221             sender
[  5]   0.00-120.04 sec   129 GBytes  9.26 Gbits/sec                  receiver

iperf Done.
