Connecting to host 192.168.2.2, port 25000
[  5] local 192.168.2.3 port 37529 connected to 192.168.2.2 port 25000
[ ID] Interval           Transfer     Bitrate         Retr  Cwnd
[  5]   0.00-10.00  sec  11.4 GBytes  9.75 Gbits/sec  1538   2.96 MBytes       
[  5]  10.00-20.00  sec  12.2 GBytes  10.5 Gbits/sec   45   3.00 MBytes       
[  5]  20.00-30.00  sec  14.8 GBytes  12.7 Gbits/sec    0   3.00 MBytes       
[  5]  30.00-40.00  sec  8.82 GBytes  7.58 Gbits/sec    0   3.00 MBytes       
[  5]  40.00-50.00  sec  15.9 GBytes  13.7 Gbits/sec    0   3.00 MBytes       
[  5]  50.00-60.00  sec  14.7 GBytes  12.6 Gbits/sec    0   3.00 MBytes       
[  5]  60.00-70.00  sec  9.10 GBytes  7.82 Gbits/sec  135   3.00 MBytes       
[  5]  70.00-80.00  sec  8.05 GBytes  6.92 Gbits/sec    0   3.00 MBytes       
[  5]  80.00-90.00  sec  9.49 GBytes  8.15 Gbits/sec   45   3.00 MBytes       
[  5]  90.00-100.00 sec  7.14 GBytes  6.13 Gbits/sec  156   3.00 MBytes       
[  5] 100.00-110.00 sec  8.63 GBytes  7.41 Gbits/sec    0   3.00 MBytes       
[  5] 110.00-120.00 sec  7.63 GBytes  6.55 Gbits/sec    0   3.00 MBytes       
- - - - - - - - - - - - - - - - - - - - - - - - -
[ ID] Interval           Transfer     Bitrate         Retr
[  5]   0.00-120.00 sec   128 GBytes  9.15 Gbits/sec  1919             sender
[  5]   0.00-120.04 sec   128 GBytes  9.15 Gbits/sec                  receiver

iperf Done.
