Connecting to host 192.168.4.3, port 25006
[  5] local 192.168.4.2 port 40545 connected to 192.168.4.3 port 25006
[ ID] Interval           Transfer     Bitrate         Retr  Cwnd
[  5]   0.00-10.00  sec  19.0 GBytes  16.3 Gbits/sec  567   2.42 MBytes       
[  5]  10.00-20.00  sec  19.2 GBytes  16.5 Gbits/sec    0   3.01 MBytes       
[  5]  20.00-30.00  sec  17.1 GBytes  14.7 Gbits/sec    0   3.01 MBytes       
[  5]  30.00-40.00  sec  18.5 GBytes  15.9 Gbits/sec    0   3.01 MBytes       
[  5]  40.00-50.00  sec  18.2 GBytes  15.6 Gbits/sec    0   3.01 MBytes       
[  5]  50.00-60.00  sec  16.2 GBytes  13.9 Gbits/sec    0   3.01 MBytes       
[  5]  60.00-70.00  sec  14.8 GBytes  12.7 Gbits/sec    0   3.01 MBytes       
[  5]  70.00-80.00  sec  19.2 GBytes  16.5 Gbits/sec    0   3.01 MBytes       
[  5]  80.00-90.00  sec  21.5 GBytes  18.5 Gbits/sec    0   3.01 MBytes       
[  5]  90.00-100.00 sec  16.2 GBytes  13.9 Gbits/sec    0   3.01 MBytes       
[  5] 100.00-110.00 sec  15.5 GBytes  13.3 Gbits/sec   57   3.01 MBytes       
[  5] 110.00-120.00 sec  20.9 GBytes  18.0 Gbits/sec   51   3.01 MBytes       
- - - - - - - - - - - - - - - - - - - - - - - - -
[ ID] Interval           Transfer     Bitrate         Retr
[  5]   0.00-120.00 sec   216 GBytes  15.5 Gbits/sec  675             sender
[  5]   0.00-120.04 sec   216 GBytes  15.5 Gbits/sec                  receiver

iperf Done.
