Connecting to host 192.168.2.3, port 25001
[  5] local 192.168.2.2 port 58931 connected to 192.168.2.3 port 25001
[ ID] Interval           Transfer     Bitrate         Retr  Cwnd
[  5]   0.00-10.00  sec  14.2 GBytes  12.2 Gbits/sec    0   3.01 MBytes       
[  5]  10.00-20.00  sec  20.7 GBytes  17.7 Gbits/sec   11   3.01 MBytes       
[  5]  20.00-30.00  sec  22.0 GBytes  18.9 Gbits/sec    0   3.01 MBytes       
[  5]  30.00-40.00  sec  20.0 GBytes  17.2 Gbits/sec    0   3.01 MBytes       
[  5]  40.00-50.00  sec  14.5 GBytes  12.4 Gbits/sec    0   3.01 MBytes       
[  5]  50.00-60.00  sec  13.7 GBytes  11.8 Gbits/sec    0   3.01 MBytes       
[  5]  60.00-70.00  sec  17.3 GBytes  14.8 Gbits/sec  180   3.01 MBytes       
[  5]  70.00-80.00  sec  16.1 GBytes  13.8 Gbits/sec   76   3.01 MBytes       
[  5]  80.00-90.00  sec  19.4 GBytes  16.6 Gbits/sec    0   3.01 MBytes       
[  5]  90.00-100.00 sec  19.1 GBytes  16.4 Gbits/sec    0   3.01 MBytes       
[  5] 100.00-110.00 sec  16.7 GBytes  14.4 Gbits/sec    0   3.01 MBytes       
[  5] 110.00-120.00 sec  17.1 GBytes  14.7 Gbits/sec    0   3.01 MBytes       
- - - - - - - - - - - - - - - - - - - - - - - - -
[ ID] Interval           Transfer     Bitrate         Retr
[  5]   0.00-120.00 sec   211 GBytes  15.1 Gbits/sec  267             sender
[  5]   0.00-120.04 sec   211 GBytes  15.1 Gbits/sec                  receiver

iperf Done.
