-----------------------------------------------------------
Server listening on 25005
-----------------------------------------------------------
Accepted connection from 192.168.4.3, port 35827
[  5] local 192.168.4.2 port 25005 connected to 192.168.4.3 port 54941
[ ID] Interval           Transfer     Bitrate
[  5]   0.00-1.00   sec   842 MBytes  7.06 Gbits/sec                  
[  5]   1.00-2.00   sec   556 MBytes  4.67 Gbits/sec                  
[  5]   2.00-3.00   sec   952 MBytes  7.99 Gbits/sec                  
[  5]   3.00-4.00   sec  1.46 GBytes  12.5 Gbits/sec                  
[  5]   4.00-5.00   sec  1.12 GBytes  9.60 Gbits/sec                  
[  5]   5.00-6.00   sec  1.12 GBytes  9.58 Gbits/sec                  
[  5]   6.00-7.00   sec  1.33 GBytes  11.4 Gbits/sec                  
[  5]   7.00-8.00   sec  1.58 GBytes  13.6 Gbits/sec                  
[  5]   8.00-9.00   sec  1.11 GBytes  9.53 Gbits/sec                  
[  5]   9.00-10.00  sec   712 MBytes  5.97 Gbits/sec                  
[  5]  10.00-11.00  sec   708 MBytes  5.94 Gbits/sec                  
[  5]  11.00-12.00  sec  1.12 GBytes  9.61 Gbits/sec                  
[  5]  12.00-13.00  sec  1.41 GBytes  12.1 Gbits/sec                  
[  5]  13.00-14.00  sec  1.12 GBytes  9.58 Gbits/sec                  
[  5]  14.00-15.00  sec  1.29 GBytes  11.1 Gbits/sec                  
[  5]  15.00-16.00  sec  1.45 GBytes  12.4 Gbits/sec                  
[  5]  16.00-17.00  sec  1.40 GBytes  12.0 Gbits/sec                  
[  5]  17.00-18.00  sec  1.09 GBytes  9.34 Gbits/sec                  
[  5]  18.00-19.00  sec  1.17 GBytes  10.0 Gbits/sec                  
[  5]  19.00-20.00  sec  1.33 GBytes  11.4 Gbits/sec                  
[  5]  20.00-21.00  sec  1.11 GBytes  9.51 Gbits/sec                  
[  5]  21.00-22.00  sec   600 MBytes  5.03 Gbits/sec                  
[  5]  22.00-23.00  sec   878 MBytes  7.36 Gbits/sec                  
[  5]  23.00-24.00  sec   989 MBytes  8.29 Gbits/sec                  
[  5]  24.00-25.00  sec  1.02 GBytes  8.73 Gbits/sec                  
[  5]  25.00-26.00  sec   850 MBytes  7.13 Gbits/sec                  
[  5]  26.00-27.00  sec   907 MBytes  7.61 Gbits/sec                  
[  5]  27.00-28.00  sec   989 MBytes  8.30 Gbits/sec                  
[  5]  28.00-29.00  sec   930 MBytes  7.80 Gbits/sec                  
[  5]  29.00-30.00  sec   733 MBytes  6.15 Gbits/sec                  
[  5]  30.00-31.00  sec   842 MBytes  7.06 Gbits/sec                  
[  5]  31.00-32.00  sec  1.09 GBytes  9.35 Gbits/sec                  
[  5]  32.00-33.00  sec  1.16 GBytes  9.95 Gbits/sec                  
[  5]  33.00-34.00  sec   783 MBytes  6.57 Gbits/sec                  
[  5]  34.00-35.00  sec   892 MBytes  7.48 Gbits/sec                  
[  5]  35.00-36.00  sec   928 MBytes  7.78 Gbits/sec                  
[  5]  36.00-37.00  sec  1.03 GBytes  8.89 Gbits/sec                  
[  5]  37.00-38.00  sec   937 MBytes  7.86 Gbits/sec                  
[  5]  38.00-39.00  sec  1.28 GBytes  11.0 Gbits/sec                  
[  5]  39.00-40.00  sec  1.21 GBytes  10.4 Gbits/sec                  
[  5]  40.00-41.00  sec  1.07 GBytes  9.22 Gbits/sec                  
[  5]  41.00-42.00  sec   773 MBytes  6.49 Gbits/sec                  
[  5]  42.00-43.00  sec   990 MBytes  8.31 Gbits/sec                  
[  5]  43.00-44.00  sec  1.19 GBytes  10.2 Gbits/sec                  
[  5]  44.00-45.00  sec  1.22 GBytes  10.5 Gbits/sec                  
[  5]  45.00-46.00  sec   818 MBytes  6.86 Gbits/sec                  
[  5]  46.00-47.00  sec  1017 MBytes  8.53 Gbits/sec                  
[  5]  47.00-48.00  sec  1.37 GBytes  11.8 Gbits/sec                  
[  5]  48.00-49.00  sec  1.24 GBytes  10.6 Gbits/sec                  
[  5]  49.00-50.00  sec   972 MBytes  8.16 Gbits/sec                  
[  5]  50.00-51.00  sec   785 MBytes  6.59 Gbits/sec                  
[  5]  51.00-52.00  sec   883 MBytes  7.40 Gbits/sec                  
[  5]  52.00-53.00  sec   740 MBytes  6.21 Gbits/sec                  
[  5]  53.00-54.00  sec   518 MBytes  4.34 Gbits/sec                  
[  5]  54.00-55.00  sec   555 MBytes  4.65 Gbits/sec                  
[  5]  55.00-56.00  sec   672 MBytes  5.64 Gbits/sec                  
[  5]  56.00-57.00  sec   747 MBytes  6.26 Gbits/sec                  
[  5]  57.00-58.00  sec   523 MBytes  4.39 Gbits/sec                  
[  5]  58.00-59.00  sec   615 MBytes  5.16 Gbits/sec                  
[  5]  59.00-60.00  sec   846 MBytes  7.09 Gbits/sec                  
[  5]  60.00-61.00  sec   786 MBytes  6.60 Gbits/sec                  
[  5]  61.00-62.00  sec   488 MBytes  4.09 Gbits/sec                  
[  5]  62.00-63.00  sec   664 MBytes  5.57 Gbits/sec                  
[  5]  63.00-64.00  sec   789 MBytes  6.62 Gbits/sec                  
[  5]  64.00-65.00  sec   835 MBytes  7.00 Gbits/sec                  
[  5]  65.00-66.00  sec   880 MBytes  7.38 Gbits/sec                  
[  5]  66.00-67.00  sec  1.12 GBytes  9.60 Gbits/sec                  
[  5]  67.00-68.00  sec  1.23 GBytes  10.6 Gbits/sec                  
[  5]  68.00-69.00  sec  1.11 GBytes  9.49 Gbits/sec                  
[  5]  69.00-70.00  sec   822 MBytes  6.90 Gbits/sec                  
[  5]  70.00-71.00  sec  1.02 GBytes  8.77 Gbits/sec                  
[  5]  71.00-72.00  sec  1.22 GBytes  10.5 Gbits/sec                  
[  5]  72.00-73.00  sec  1.10 GBytes  9.48 Gbits/sec                  
[  5]  73.00-74.00  sec   851 MBytes  7.14 Gbits/sec                  
[  5]  74.00-75.00  sec  1023 MBytes  8.58 Gbits/sec                  
[  5]  75.00-76.00  sec  1.47 GBytes  12.6 Gbits/sec                  
[  5]  76.00-77.00  sec  1.45 GBytes  12.5 Gbits/sec                  
[  5]  77.00-78.00  sec   903 MBytes  7.57 Gbits/sec                  
[  5]  78.00-79.00  sec  1.07 GBytes  9.17 Gbits/sec                  
[  5]  79.00-80.00  sec  1.29 GBytes  11.1 Gbits/sec                  
[  5]  80.00-81.00  sec   623 MBytes  5.23 Gbits/sec                  
[  5]  81.00-82.00  sec   499 MBytes  4.19 Gbits/sec                  
[  5]  82.00-83.00  sec   599 MBytes  5.03 Gbits/sec                  
[  5]  83.00-84.00  sec   685 MBytes  5.75 Gbits/sec                  
[  5]  84.00-85.00  sec   702 MBytes  5.89 Gbits/sec                  
[  5]  85.00-86.00  sec   491 MBytes  4.12 Gbits/sec                  
[  5]  86.00-87.00  sec   723 MBytes  6.07 Gbits/sec                  
[  5]  87.00-88.00  sec   888 MBytes  7.45 Gbits/sec                  
[  5]  88.00-89.00  sec  1.01 GBytes  8.66 Gbits/sec                  
[  5]  89.00-90.00  sec   753 MBytes  6.32 Gbits/sec                  
[  5]  90.00-91.00  sec   918 MBytes  7.70 Gbits/sec                  
[  5]  91.00-92.00  sec  1.02 GBytes  8.76 Gbits/sec                  
[  5]  92.00-93.00  sec  1.03 GBytes  8.86 Gbits/sec                  
[  5]  93.00-94.00  sec   746 MBytes  6.26 Gbits/sec                  
[  5]  94.00-95.00  sec  1.00 GBytes  8.61 Gbits/sec                  
[  5]  95.00-96.00  sec  1.20 GBytes  10.3 Gbits/sec                  
[  5]  96.00-97.00  sec  1.31 GBytes  11.3 Gbits/sec                  
[  5]  97.00-98.00  sec   799 MBytes  6.70 Gbits/sec                  
[  5]  98.00-99.00  sec  1.01 GBytes  8.63 Gbits/sec                  
[  5]  99.00-100.00 sec  1.20 GBytes  10.3 Gbits/sec                  
[  5] 100.00-101.00 sec   807 MBytes  6.77 Gbits/sec                  
[  5] 101.00-102.00 sec   429 MBytes  3.60 Gbits/sec                  
[  5] 102.00-103.00 sec   582 MBytes  4.88 Gbits/sec                  
[  5] 103.00-104.00 sec  1.18 GBytes  10.1 Gbits/sec                  
[  5] 104.00-105.00 sec   638 MBytes  5.36 Gbits/sec                  
[  5] 105.00-106.00 sec   462 MBytes  3.87 Gbits/sec                  
[  5] 106.00-107.00 sec   533 MBytes  4.47 Gbits/sec                  
[  5] 107.00-108.00 sec   642 MBytes  5.38 Gbits/sec                  
[  5] 108.00-109.00 sec   546 MBytes  4.58 Gbits/sec                  
[  5] 109.00-110.00 sec   387 MBytes  3.25 Gbits/sec                  
[  5] 110.00-111.00 sec   529 MBytes  4.43 Gbits/sec                  
[  5] 111.00-112.00 sec   689 MBytes  5.78 Gbits/sec                  
[  5] 112.00-113.00 sec   690 MBytes  5.79 Gbits/sec                  
[  5] 113.00-114.00 sec   456 MBytes  3.83 Gbits/sec                  
[  5] 114.00-115.00 sec  1.10 GBytes  9.44 Gbits/sec                  
[  5] 115.00-116.00 sec  1004 MBytes  8.42 Gbits/sec                  
[  5] 116.00-117.00 sec   954 MBytes  8.00 Gbits/sec                  
[  5] 117.00-118.00 sec   631 MBytes  5.30 Gbits/sec                  
[  5] 118.00-119.00 sec   741 MBytes  6.22 Gbits/sec                  
[  5] 119.00-120.00 sec   951 MBytes  7.97 Gbits/sec                  
[  5] 120.00-120.04 sec  67.2 MBytes  13.6 Gbits/sec                  
- - - - - - - - - - - - - - - - - - - - - - - - -
[ ID] Interval           Transfer     Bitrate
[  5]   0.00-120.04 sec   110 GBytes  7.84 Gbits/sec                  receiver
