Connecting to host 192.168.2.3, port 25003
[  5] local 192.168.2.2 port 52489 connected to 192.168.2.3 port 25003
[ ID] Interval           Transfer     Bitrate         Retr  Cwnd
[  5]   0.00-10.00  sec  14.2 GBytes  12.2 Gbits/sec   94   2.50 MBytes       
[  5]  10.00-20.00  sec  23.5 GBytes  20.2 Gbits/sec    0   2.97 MBytes       
[  5]  20.00-30.00  sec  23.1 GBytes  19.8 Gbits/sec    0   3.60 MBytes       
[  5]  30.00-40.00  sec  16.8 GBytes  14.4 Gbits/sec   36   3.60 MBytes       
[  5]  40.00-50.00  sec  14.3 GBytes  12.3 Gbits/sec    0   3.60 MBytes       
[  5]  50.00-60.00  sec  16.4 GBytes  14.1 Gbits/sec    0   3.60 MBytes       
[  5]  60.00-70.00  sec  20.0 GBytes  17.1 Gbits/sec   22   3.01 MBytes       
[  5]  70.00-80.00  sec  21.9 GBytes  18.8 Gbits/sec    0   3.01 MBytes       
[  5]  80.00-90.00  sec  15.5 GBytes  13.3 Gbits/sec    0   3.01 MBytes       
[  5]  90.00-100.00 sec  14.7 GBytes  12.6 Gbits/sec   90   3.01 MBytes       
[  5] 100.00-110.00 sec  20.1 GBytes  17.3 Gbits/sec    0   3.01 MBytes       
[  5] 110.00-120.00 sec  25.5 GBytes  21.9 Gbits/sec  346   3.01 MBytes       
- - - - - - - - - - - - - - - - - - - - - - - - -
[ ID] Interval           Transfer     Bitrate         Retr
[  5]   0.00-120.00 sec   226 GBytes  16.2 Gbits/sec  588             sender
[  5]   0.00-120.04 sec   226 GBytes  16.2 Gbits/sec                  receiver

iperf Done.
