Connecting to host 192.168.4.2, port 25007
[  5] local 192.168.4.3 port 60293 connected to 192.168.4.2 port 25007
[ ID] Interval           Transfer     Bitrate         Retr  Cwnd
[  5]   0.00-10.00  sec  8.00 GBytes  6.87 Gbits/sec  275   2.29 MBytes       
[  5]  10.00-20.00  sec  7.84 GBytes  6.73 Gbits/sec    0   2.90 MBytes       
[  5]  20.00-30.00  sec  8.86 GBytes  7.61 Gbits/sec    0   3.00 MBytes       
[  5]  30.00-40.00  sec  9.36 GBytes  8.04 Gbits/sec  116   3.00 MBytes       
[  5]  40.00-50.00  sec  10.5 GBytes  9.06 Gbits/sec    0   3.00 MBytes       
[  5]  50.00-60.00  sec  18.3 GBytes  15.7 Gbits/sec    0   3.00 MBytes       
[  5]  60.00-70.00  sec  15.7 GBytes  13.5 Gbits/sec    0   3.00 MBytes       
[  5]  70.00-80.00  sec  9.12 GBytes  7.84 Gbits/sec    0   3.00 MBytes       
[  5]  80.00-90.00  sec  6.88 GBytes  5.91 Gbits/sec  111   3.00 MBytes       
[  5]  90.00-100.00 sec  10.3 GBytes  8.83 Gbits/sec    0   3.00 MBytes       
[  5] 100.00-110.00 sec  5.72 GBytes  4.92 Gbits/sec    1   3.00 MBytes       
[  5] 110.00-120.00 sec  7.62 GBytes  6.55 Gbits/sec    0   3.00 MBytes       
- - - - - - - - - - - - - - - - - - - - - - - - -
[ ID] Interval           Transfer     Bitrate         Retr
[  5]   0.00-120.00 sec   118 GBytes  8.46 Gbits/sec  503             sender
[  5]   0.00-120.04 sec   118 GBytes  8.46 Gbits/sec                  receiver

iperf Done.
