Connecting to host 192.168.4.3, port 25005
[  5] local 192.168.4.2 port 54519 connected to 192.168.4.3 port 25005
[ ID] Interval           Transfer     Bitrate         Retr  Cwnd
[  5]   0.00-10.00  sec  16.0 GBytes  13.8 Gbits/sec   79   2.76 MBytes       
[  5]  10.00-20.00  sec  18.9 GBytes  16.2 Gbits/sec    0   3.00 MBytes       
[  5]  20.00-30.00  sec  21.6 GBytes  18.5 Gbits/sec    0   3.00 MBytes       
[  5]  30.00-40.00  sec  18.9 GBytes  16.3 Gbits/sec    0   3.00 MBytes       
[  5]  40.00-50.00  sec  15.2 GBytes  13.1 Gbits/sec    0   3.00 MBytes       
[  5]  50.00-60.00  sec  18.4 GBytes  15.8 Gbits/sec    0   3.00 MBytes       
[  5]  60.00-70.00  sec  18.1 GBytes  15.6 Gbits/sec  315   3.00 MBytes       
[  5]  70.00-80.00  sec  19.3 GBytes  16.6 Gbits/sec    0   3.26 MBytes       
[  5]  80.00-90.00  sec  16.2 GBytes  14.0 Gbits/sec  988   3.26 MBytes       
[  5]  90.00-100.00 sec  18.3 GBytes  15.8 Gbits/sec    0   3.26 MBytes       
[  5] 100.00-110.00 sec  20.4 GBytes  17.5 Gbits/sec    0   3.26 MBytes       
[  5] 110.00-120.00 sec  20.2 GBytes  17.4 Gbits/sec    0   3.26 MBytes       
- - - - - - - - - - - - - - - - - - - - - - - - -
[ ID] Interval           Transfer     Bitrate         Retr
[  5]   0.00-120.00 sec   222 GBytes  15.9 Gbits/sec  1382             sender
[  5]   0.00-120.04 sec   222 GBytes  15.9 Gbits/sec                  receiver

iperf Done.
