Connecting to host 192.168.2.3, port 25000
[  5] local 192.168.2.2 port 41005 connected to 192.168.2.3 port 25000
[ ID] Interval           Transfer     Bitrate         Retr  Cwnd
[  5]   0.00-10.00  sec  20.8 GBytes  17.8 Gbits/sec  102   3.01 MBytes       
[  5]  10.00-20.00  sec  12.9 GBytes  11.1 Gbits/sec    0   3.01 MBytes       
[  5]  20.00-30.00  sec  14.2 GBytes  12.2 Gbits/sec  355   3.01 MBytes       
[  5]  30.00-40.00  sec  17.3 GBytes  14.8 Gbits/sec   88   3.01 MBytes       
[  5]  40.00-50.00  sec  21.4 GBytes  18.4 Gbits/sec    0   3.01 MBytes       
[  5]  50.00-60.00  sec  20.1 GBytes  17.3 Gbits/sec    0   3.01 MBytes       
[  5]  60.00-70.00  sec  15.8 GBytes  13.5 Gbits/sec  140   2.34 MBytes       
[  5]  70.00-80.00  sec  15.0 GBytes  12.9 Gbits/sec  146   3.01 MBytes       
[  5]  80.00-90.00  sec  15.6 GBytes  13.4 Gbits/sec   22   3.01 MBytes       
[  5]  90.00-100.00 sec  16.4 GBytes  14.1 Gbits/sec   43   3.01 MBytes       
[  5] 100.00-110.00 sec  19.0 GBytes  16.3 Gbits/sec    0   3.01 MBytes       
[  5] 110.00-120.00 sec  16.5 GBytes  14.2 Gbits/sec    0   3.01 MBytes       
- - - - - - - - - - - - - - - - - - - - - - - - -
[ ID] Interval           Transfer     Bitrate         Retr
[  5]   0.00-120.00 sec   205 GBytes  14.7 Gbits/sec  896             sender
[  5]   0.00-120.04 sec   205 GBytes  14.7 Gbits/sec                  receiver

iperf Done.
