Connecting to host 192.168.4.3, port 25007
[  5] local 192.168.4.2 port 34677 connected to 192.168.4.3 port 25007
[ ID] Interval           Transfer     Bitrate         Retr  Cwnd
[  5]   0.00-10.00  sec  19.9 GBytes  17.1 Gbits/sec   64   3.05 MBytes       
[  5]  10.00-20.00  sec  16.3 GBytes  14.0 Gbits/sec    1   3.05 MBytes       
[  5]  20.00-30.00  sec  20.1 GBytes  17.2 Gbits/sec    0   3.05 MBytes       
[  5]  30.00-40.00  sec  17.3 GBytes  14.9 Gbits/sec   22   3.05 MBytes       
[  5]  40.00-50.00  sec  16.2 GBytes  13.9 Gbits/sec    0   3.05 MBytes       
[  5]  50.00-60.00  sec  13.4 GBytes  11.5 Gbits/sec    0   3.05 MBytes       
[  5]  60.00-70.00  sec  18.8 GBytes  16.2 Gbits/sec   15   3.05 MBytes       
[  5]  70.00-80.00  sec  15.4 GBytes  13.3 Gbits/sec    0   3.05 MBytes       
[  5]  80.00-90.00  sec  15.4 GBytes  13.2 Gbits/sec    0   3.05 MBytes       
[  5]  90.00-100.00 sec  19.6 GBytes  16.8 Gbits/sec   13   3.05 MBytes       
[  5] 100.00-110.00 sec  20.2 GBytes  17.3 Gbits/sec    0   3.05 MBytes       
[  5] 110.00-120.00 sec  18.7 GBytes  16.1 Gbits/sec    0   3.05 MBytes       
- - - - - - - - - - - - - - - - - - - - - - - - -
[ ID] Interval           Transfer     Bitrate         Retr
[  5]   0.00-120.00 sec   211 GBytes  15.1 Gbits/sec  115             sender
[  5]   0.00-120.04 sec   211 GBytes  15.1 Gbits/sec                  receiver

iperf Done.
