-----------------------------------------------------------
Server listening on 25003
-----------------------------------------------------------
Accepted connection from 192.168.2.3, port 54061
[  5] local 192.168.2.2 port 25003 connected to 192.168.2.3 port 40435
[ ID] Interval           Transfer     Bitrate
[  5]   0.00-1.00   sec  1.02 GBytes  8.73 Gbits/sec                  
[  5]   1.00-2.00   sec   723 MBytes  6.07 Gbits/sec                  
[  5]   2.00-3.00   sec  1.14 GBytes  9.83 Gbits/sec                  
[  5]   3.00-4.00   sec  1002 MBytes  8.41 Gbits/sec                  
[  5]   4.00-5.00   sec   668 MBytes  5.61 Gbits/sec                  
[  5]   5.00-6.00   sec   572 MBytes  4.80 Gbits/sec                  
[  5]   6.00-7.00   sec   671 MBytes  5.63 Gbits/sec                  
[  5]   7.00-8.00   sec   994 MBytes  8.34 Gbits/sec                  
[  5]   8.00-9.00   sec  1.21 GBytes  10.4 Gbits/sec                  
[  5]   9.00-10.00  sec   642 MBytes  5.39 Gbits/sec                  
[  5]  10.00-11.00  sec   758 MBytes  6.36 Gbits/sec                  
[  5]  11.00-12.00  sec   743 MBytes  6.23 Gbits/sec                  
[  5]  12.00-13.00  sec   726 MBytes  6.09 Gbits/sec                  
[  5]  13.00-14.00  sec   571 MBytes  4.79 Gbits/sec                  
[  5]  14.00-15.00  sec   644 MBytes  5.40 Gbits/sec                  
[  5]  15.00-16.00  sec   722 MBytes  6.06 Gbits/sec                  
[  5]  16.00-17.00  sec   715 MBytes  6.00 Gbits/sec                  
[  5]  17.00-18.00  sec   537 MBytes  4.50 Gbits/sec                  
[  5]  18.00-19.00  sec   577 MBytes  4.84 Gbits/sec                  
[  5]  19.00-20.00  sec   752 MBytes  6.31 Gbits/sec                  
[  5]  20.00-21.00  sec   942 MBytes  7.91 Gbits/sec                  
[  5]  21.00-22.00  sec   497 MBytes  4.17 Gbits/sec                  
[  5]  22.00-23.00  sec   564 MBytes  4.73 Gbits/sec                  
[  5]  23.00-24.00  sec   634 MBytes  5.32 Gbits/sec                  
[  5]  24.00-25.00  sec   674 MBytes  5.66 Gbits/sec                  
[  5]  25.00-26.00  sec   545 MBytes  4.57 Gbits/sec                  
[  5]  26.00-27.00  sec   582 MBytes  4.88 Gbits/sec                  
[  5]  27.00-28.00  sec   625 MBytes  5.24 Gbits/sec                  
[  5]  28.00-29.00  sec   603 MBytes  5.06 Gbits/sec                  
[  5]  29.00-30.00  sec   474 MBytes  3.98 Gbits/sec                  
[  5]  30.00-31.00  sec   995 MBytes  8.35 Gbits/sec                  
[  5]  31.00-32.00  sec  1.08 GBytes  9.29 Gbits/sec                  
[  5]  32.00-33.00  sec  1.20 GBytes  10.3 Gbits/sec                  
[  5]  33.00-34.00  sec   789 MBytes  6.62 Gbits/sec                  
[  5]  34.00-35.00  sec   887 MBytes  7.44 Gbits/sec                  
[  5]  35.00-36.00  sec   775 MBytes  6.50 Gbits/sec                  
[  5]  36.00-37.00  sec  1.05 GBytes  9.02 Gbits/sec                  
[  5]  37.00-38.00  sec   822 MBytes  6.89 Gbits/sec                  
[  5]  38.00-39.00  sec   645 MBytes  5.41 Gbits/sec                  
[  5]  39.00-40.00  sec   749 MBytes  6.28 Gbits/sec                  
[  5]  40.00-41.00  sec   731 MBytes  6.13 Gbits/sec                  
[  5]  41.00-42.00  sec   509 MBytes  4.27 Gbits/sec                  
[  5]  42.00-43.00  sec   642 MBytes  5.39 Gbits/sec                  
[  5]  43.00-44.00  sec   782 MBytes  6.56 Gbits/sec                  
[  5]  44.00-45.00  sec   812 MBytes  6.81 Gbits/sec                  
[  5]  45.00-46.00  sec   518 MBytes  4.35 Gbits/sec                  
[  5]  46.00-47.00  sec   637 MBytes  5.34 Gbits/sec                  
[  5]  47.00-48.00  sec   833 MBytes  6.99 Gbits/sec                  
[  5]  48.00-49.00  sec   793 MBytes  6.65 Gbits/sec                  
[  5]  49.00-50.00  sec   646 MBytes  5.42 Gbits/sec                  
[  5]  50.00-51.00  sec  1.11 GBytes  9.55 Gbits/sec                  
[  5]  51.00-52.00  sec  1.16 GBytes  9.95 Gbits/sec                  
[  5]  52.00-53.00  sec   918 MBytes  7.70 Gbits/sec                  
[  5]  53.00-54.00  sec   539 MBytes  4.52 Gbits/sec                  
[  5]  54.00-55.00  sec   571 MBytes  4.79 Gbits/sec                  
[  5]  55.00-56.00  sec   681 MBytes  5.71 Gbits/sec                  
[  5]  56.00-57.00  sec   777 MBytes  6.52 Gbits/sec                  
[  5]  57.00-58.00  sec   535 MBytes  4.49 Gbits/sec                  
[  5]  58.00-59.00  sec   622 MBytes  5.22 Gbits/sec                  
[  5]  59.00-60.00  sec   839 MBytes  7.04 Gbits/sec                  
[  5]  60.00-61.00  sec   786 MBytes  6.60 Gbits/sec                  
[  5]  61.00-62.00  sec   646 MBytes  5.42 Gbits/sec                  
[  5]  62.00-63.00  sec   935 MBytes  7.85 Gbits/sec                  
[  5]  63.00-64.00  sec  1.58 GBytes  13.6 Gbits/sec                  
[  5]  64.00-65.00  sec  1.66 GBytes  14.3 Gbits/sec                  
[  5]  65.00-66.00  sec  1.25 GBytes  10.7 Gbits/sec                  
[  5]  66.00-67.00  sec  1.47 GBytes  12.7 Gbits/sec                  
[  5]  67.00-68.00  sec  1.64 GBytes  14.1 Gbits/sec                  
[  5]  68.00-69.00  sec  1.17 GBytes  10.1 Gbits/sec                  
[  5]  69.00-70.00  sec   523 MBytes  4.38 Gbits/sec                  
[  5]  70.00-71.00  sec   676 MBytes  5.67 Gbits/sec                  
[  5]  71.00-72.00  sec   810 MBytes  6.80 Gbits/sec                  
[  5]  72.00-73.00  sec   747 MBytes  6.27 Gbits/sec                  
[  5]  73.00-74.00  sec   546 MBytes  4.58 Gbits/sec                  
[  5]  74.00-75.00  sec   965 MBytes  8.09 Gbits/sec                  
[  5]  75.00-76.00  sec  1.15 GBytes  9.87 Gbits/sec                  
[  5]  76.00-77.00  sec  1.05 GBytes  9.01 Gbits/sec                  
[  5]  77.00-78.00  sec   597 MBytes  5.00 Gbits/sec                  
[  5]  78.00-79.00  sec   645 MBytes  5.41 Gbits/sec                  
[  5]  79.00-80.00  sec   789 MBytes  6.62 Gbits/sec                  
[  5]  80.00-81.00  sec   823 MBytes  6.91 Gbits/sec                  
[  5]  81.00-82.00  sec   677 MBytes  5.68 Gbits/sec                  
[  5]  82.00-83.00  sec   821 MBytes  6.89 Gbits/sec                  
[  5]  83.00-84.00  sec   963 MBytes  8.07 Gbits/sec                  
[  5]  84.00-85.00  sec   715 MBytes  6.00 Gbits/sec                  
[  5]  85.00-86.00  sec   375 MBytes  3.15 Gbits/sec                  
[  5]  86.00-87.00  sec   535 MBytes  4.49 Gbits/sec                  
[  5]  87.00-88.00  sec  1.04 GBytes  8.96 Gbits/sec                  
[  5]  88.00-89.00  sec  1.16 GBytes  10.0 Gbits/sec                  
[  5]  89.00-90.00  sec   472 MBytes  3.96 Gbits/sec                  
[  5]  90.00-91.00  sec   588 MBytes  4.93 Gbits/sec                  
[  5]  91.00-92.00  sec   678 MBytes  5.69 Gbits/sec                  
[  5]  92.00-93.00  sec   690 MBytes  5.79 Gbits/sec                  
[  5]  93.00-94.00  sec   467 MBytes  3.92 Gbits/sec                  
[  5]  94.00-95.00  sec   659 MBytes  5.53 Gbits/sec                  
[  5]  95.00-96.00  sec   809 MBytes  6.78 Gbits/sec                  
[  5]  96.00-97.00  sec   935 MBytes  7.84 Gbits/sec                  
[  5]  97.00-98.00  sec   681 MBytes  5.71 Gbits/sec                  
[  5]  98.00-99.00  sec  1.35 GBytes  11.6 Gbits/sec                  
[  5]  99.00-100.00 sec  1.28 GBytes  11.0 Gbits/sec                  
[  5] 100.00-101.00 sec  1.10 GBytes  9.44 Gbits/sec                  
[  5] 101.00-102.00 sec   682 MBytes  5.72 Gbits/sec                  
[  5] 102.00-103.00 sec   687 MBytes  5.76 Gbits/sec                  
[  5] 103.00-104.00 sec  1.04 GBytes  8.97 Gbits/sec                  
[  5] 104.00-105.00 sec   996 MBytes  8.35 Gbits/sec                  
[  5] 105.00-106.00 sec   731 MBytes  6.14 Gbits/sec                  
[  5] 106.00-107.00 sec   848 MBytes  7.11 Gbits/sec                  
[  5] 107.00-108.00 sec  1000 MBytes  8.39 Gbits/sec                  
[  5] 108.00-109.00 sec   861 MBytes  7.22 Gbits/sec                  
[  5] 109.00-110.00 sec   558 MBytes  4.68 Gbits/sec                  
[  5] 110.00-111.00 sec   606 MBytes  5.09 Gbits/sec                  
[  5] 111.00-112.00 sec   764 MBytes  6.41 Gbits/sec                  
[  5] 112.00-113.00 sec   780 MBytes  6.54 Gbits/sec                  
[  5] 113.00-114.00 sec   601 MBytes  5.04 Gbits/sec                  
[  5] 114.00-115.00 sec   624 MBytes  5.23 Gbits/sec                  
[  5] 115.00-116.00 sec   671 MBytes  5.63 Gbits/sec                  
[  5] 116.00-117.00 sec   652 MBytes  5.47 Gbits/sec                  
[  5] 117.00-118.00 sec   433 MBytes  3.63 Gbits/sec                  
[  5] 118.00-119.00 sec   785 MBytes  6.59 Gbits/sec                  
[  5] 119.00-120.00 sec  1.27 GBytes  10.9 Gbits/sec                  
[  5] 120.00-120.05 sec   104 MBytes  19.4 Gbits/sec                  
- - - - - - - - - - - - - - - - - - - - - - - - -
[ ID] Interval           Transfer     Bitrate
[  5]   0.00-120.05 sec  94.8 GBytes  6.78 Gbits/sec                  receiver
