Connecting to host 192.168.2.2, port 25003
[  5] local 192.168.2.3 port 40435 connected to 192.168.2.2 port 25003
[ ID] Interval           Transfer     Bitrate         Retr  Cwnd
[  5]   0.00-10.00  sec  8.56 GBytes  7.36 Gbits/sec    0   3.03 MBytes       
[  5]  10.00-20.00  sec  6.59 GBytes  5.66 Gbits/sec   90   3.03 MBytes       
[  5]  20.00-30.00  sec  5.98 GBytes  5.14 Gbits/sec  135   3.03 MBytes       
[  5]  30.00-40.00  sec  8.87 GBytes  7.62 Gbits/sec   45   3.03 MBytes       
[  5]  40.00-50.00  sec  6.74 GBytes  5.79 Gbits/sec   45   3.03 MBytes       
[  5]  50.00-60.00  sec  7.63 GBytes  6.56 Gbits/sec   67   3.03 MBytes       
[  5]  60.00-70.00  sec  11.6 GBytes  9.95 Gbits/sec   99   3.03 MBytes       
[  5]  70.00-80.00  sec  7.85 GBytes  6.74 Gbits/sec   46   3.03 MBytes       
[  5]  80.00-90.00  sec  7.45 GBytes  6.40 Gbits/sec  388   3.03 MBytes       
[  5]  90.00-100.00 sec  8.05 GBytes  6.91 Gbits/sec   45   3.03 MBytes       
[  5] 100.00-110.00 sec  8.32 GBytes  7.15 Gbits/sec    0   3.03 MBytes       
[  5] 110.00-120.00 sec  7.13 GBytes  6.12 Gbits/sec   49   3.03 MBytes       
- - - - - - - - - - - - - - - - - - - - - - - - -
[ ID] Interval           Transfer     Bitrate         Retr
[  5]   0.00-120.00 sec  94.8 GBytes  6.78 Gbits/sec  1009             sender
[  5]   0.00-120.05 sec  94.8 GBytes  6.78 Gbits/sec                  receiver

iperf Done.
