Connecting to host 192.168.2.2, port 25003
[  5] local 192.168.2.3 port 32951 connected to 192.168.2.2 port 25003
[ ID] Interval           Transfer     Bitrate         Retr  Cwnd
[  5]   0.00-10.00  sec  20.3 GBytes  17.5 Gbits/sec   18   1.61 MBytes       
[  5]  10.00-20.00  sec  16.8 GBytes  14.4 Gbits/sec    0   2.55 MBytes       
[  5]  20.00-30.00  sec  25.6 GBytes  22.0 Gbits/sec    0   3.01 MBytes       
[  5]  30.00-40.00  sec  19.8 GBytes  17.0 Gbits/sec    1   3.01 MBytes       
[  5]  40.00-50.00  sec  23.1 GBytes  19.8 Gbits/sec    0   3.01 MBytes       
[  5]  50.00-60.00  sec  22.4 GBytes  19.3 Gbits/sec    0   3.01 MBytes       
[  5]  60.00-70.00  sec  18.8 GBytes  16.2 Gbits/sec  432   3.01 MBytes       
[  5]  70.00-80.00  sec  15.8 GBytes  13.6 Gbits/sec    0   3.01 MBytes       
[  5]  80.00-90.00  sec  20.7 GBytes  17.7 Gbits/sec    0   3.01 MBytes       
[  5]  90.00-100.00 sec  17.9 GBytes  15.3 Gbits/sec    0   3.01 MBytes       
[  5] 100.00-110.00 sec  18.3 GBytes  15.7 Gbits/sec   77   3.01 MBytes       
[  5] 110.00-120.00 sec  24.5 GBytes  21.1 Gbits/sec    0   3.01 MBytes       
- - - - - - - - - - - - - - - - - - - - - - - - -
[ ID] Interval           Transfer     Bitrate         Retr
[  5]   0.00-120.00 sec   244 GBytes  17.5 Gbits/sec  528             sender
[  5]   0.00-120.04 sec   244 GBytes  17.5 Gbits/sec                  receiver

iperf Done.
