Connecting to host 192.168.2.3, port 25000
[  5] local 192.168.2.2 port 38007 connected to 192.168.2.3 port 25000
[ ID] Interval           Transfer     Bitrate         Retr  Cwnd
[  5]   0.00-10.00  sec  24.3 GBytes  20.9 Gbits/sec   12   2.98 MBytes       
[  5]  10.00-20.00  sec  34.3 GBytes  29.5 Gbits/sec    0   4.50 MBytes       
[  5]  20.00-30.00  sec  23.5 GBytes  20.2 Gbits/sec    0   4.50 MBytes       
[  5]  30.00-40.00  sec  30.0 GBytes  25.7 Gbits/sec    0   4.50 MBytes       
[  5]  40.00-50.00  sec  33.9 GBytes  29.1 Gbits/sec    0   4.50 MBytes       
[  5]  50.00-60.00  sec  28.7 GBytes  24.7 Gbits/sec    0   4.50 MBytes       
[  5]  60.00-70.00  sec  30.5 GBytes  26.2 Gbits/sec    0   4.50 MBytes       
[  5]  70.00-80.00  sec  20.8 GBytes  17.9 Gbits/sec   30   4.50 MBytes       
[  5]  80.00-90.00  sec  30.3 GBytes  26.0 Gbits/sec    0   4.50 MBytes       
[  5]  90.00-100.00 sec  31.8 GBytes  27.3 Gbits/sec   46   4.50 MBytes       
[  5] 100.00-110.00 sec  25.5 GBytes  21.9 Gbits/sec  545   4.50 MBytes       
[  5] 110.00-120.00 sec  20.1 GBytes  17.3 Gbits/sec    0   4.50 MBytes       
- - - - - - - - - - - - - - - - - - - - - - - - -
[ ID] Interval           Transfer     Bitrate         Retr
[  5]   0.00-120.00 sec   334 GBytes  23.9 Gbits/sec  633             sender
[  5]   0.00-120.04 sec   334 GBytes  23.9 Gbits/sec                  receiver

iperf Done.
