Connecting to host 192.168.2.2, port 25000
[  5] local 192.168.2.3 port 36383 connected to 192.168.2.2 port 25000
[ ID] Interval           Transfer     Bitrate         Retr  Cwnd
[  5]   0.00-10.00  sec  20.1 GBytes  17.3 Gbits/sec    0   3.08 MBytes       
[  5]  10.00-20.00  sec  32.1 GBytes  27.6 Gbits/sec   97   2.81 MBytes       
[  5]  20.00-30.00  sec  27.5 GBytes  23.6 Gbits/sec    0   3.00 MBytes       
[  5]  30.00-40.00  sec  19.4 GBytes  16.7 Gbits/sec    0   3.00 MBytes       
[  5]  40.00-50.00  sec  18.4 GBytes  15.8 Gbits/sec    0   3.00 MBytes       
[  5]  50.00-60.00  sec  21.9 GBytes  18.8 Gbits/sec    0   3.00 MBytes       
[  5]  60.00-70.00  sec  24.9 GBytes  21.4 Gbits/sec    0   3.00 MBytes       
[  5]  70.00-80.00  sec  29.4 GBytes  25.3 Gbits/sec    0   3.00 MBytes       
[  5]  80.00-90.00  sec  20.2 GBytes  17.4 Gbits/sec    0   3.00 MBytes       
[  5]  90.00-100.00 sec  19.0 GBytes  16.3 Gbits/sec    0   3.00 MBytes       
[  5] 100.00-110.00 sec  17.7 GBytes  15.2 Gbits/sec    0   3.00 MBytes       
[  5] 110.00-120.00 sec  18.9 GBytes  16.2 Gbits/sec   45   3.00 MBytes       
- - - - - - - - - - - - - - - - - - - - - - - - -
[ ID] Interval           Transfer     Bitrate         Retr
[  5]   0.00-120.00 sec   270 GBytes  19.3 Gbits/sec  142             sender
[  5]   0.00-120.04 sec   270 GBytes  19.3 Gbits/sec                  receiver

iperf Done.
