Connecting to host 192.168.2.2, port 25001
[  5] local 192.168.2.3 port 33715 connected to 192.168.2.2 port 25001
[ ID] Interval           Transfer     Bitrate         Retr  Cwnd
[  5]   0.00-10.00  sec  21.4 GBytes  18.4 Gbits/sec    1   3.08 MBytes       
[  5]  10.00-20.00  sec  19.5 GBytes  16.8 Gbits/sec  100   3.08 MBytes       
[  5]  20.00-30.00  sec  15.3 GBytes  13.1 Gbits/sec  460   2.90 MBytes       
[  5]  30.00-40.00  sec  23.2 GBytes  20.0 Gbits/sec  134   3.00 MBytes       
[  5]  40.00-50.00  sec  17.8 GBytes  15.3 Gbits/sec   35   3.00 MBytes       
[  5]  50.00-60.00  sec  23.3 GBytes  20.1 Gbits/sec    0   3.00 MBytes       
[  5]  60.00-70.00  sec  18.8 GBytes  16.2 Gbits/sec   14   3.00 MBytes       
[  5]  70.00-80.00  sec  17.7 GBytes  15.2 Gbits/sec   77   3.00 MBytes       
[  5]  80.00-90.00  sec  20.7 GBytes  17.8 Gbits/sec    0   3.00 MBytes       
[  5]  90.00-100.00 sec  25.0 GBytes  21.5 Gbits/sec  135   3.00 MBytes       
[  5] 100.00-110.00 sec  25.4 GBytes  21.8 Gbits/sec    0   3.00 MBytes       
[  5] 110.00-120.00 sec  18.2 GBytes  15.6 Gbits/sec    0   3.00 MBytes       
- - - - - - - - - - - - - - - - - - - - - - - - -
[ ID] Interval           Transfer     Bitrate         Retr
[  5]   0.00-120.00 sec   246 GBytes  17.6 Gbits/sec  956             sender
[  5]   0.00-120.04 sec   246 GBytes  17.6 Gbits/sec                  receiver

iperf Done.
