Connecting to host 192.168.2.3, port 25003
[  5] local 192.168.2.2 port 44687 connected to 192.168.2.3 port 25003
[ ID] Interval           Transfer     Bitrate         Retr  Cwnd
[  5]   0.00-10.00  sec  21.4 GBytes  18.4 Gbits/sec  360   1.73 MBytes       
[  5]  10.00-20.00  sec  23.2 GBytes  20.0 Gbits/sec    0   3.00 MBytes       
[  5]  20.00-30.00  sec  24.9 GBytes  21.4 Gbits/sec    0   3.00 MBytes       
[  5]  30.00-40.00  sec  27.7 GBytes  23.8 Gbits/sec    0   3.00 MBytes       
[  5]  40.00-50.00  sec  31.7 GBytes  27.2 Gbits/sec    0   3.00 MBytes       
[  5]  50.00-60.00  sec  28.5 GBytes  24.5 Gbits/sec    0   3.00 MBytes       
[  5]  60.00-70.00  sec  22.8 GBytes  19.6 Gbits/sec    0   3.00 MBytes       
[  5]  70.00-80.00  sec  27.9 GBytes  24.0 Gbits/sec    0   3.00 MBytes       
[  5]  80.00-90.00  sec  23.5 GBytes  20.1 Gbits/sec  139   3.00 MBytes       
[  5]  90.00-100.00 sec  22.0 GBytes  18.9 Gbits/sec  237   3.00 MBytes       
[  5] 100.00-110.00 sec  21.5 GBytes  18.5 Gbits/sec    0   3.00 MBytes       
[  5] 110.00-120.00 sec  20.2 GBytes  17.4 Gbits/sec    0   3.01 MBytes       
- - - - - - - - - - - - - - - - - - - - - - - - -
[ ID] Interval           Transfer     Bitrate         Retr
[  5]   0.00-120.00 sec   295 GBytes  21.1 Gbits/sec  736             sender
[  5]   0.00-120.04 sec   295 GBytes  21.1 Gbits/sec                  receiver

iperf Done.
