Connecting to host 192.168.2.2, port 25002
[  5] local 192.168.2.3 port 59783 connected to 192.168.2.2 port 25002
[ ID] Interval           Transfer     Bitrate         Retr  Cwnd
[  5]   0.00-10.00  sec  19.6 GBytes  16.8 Gbits/sec   81   3.03 MBytes       
[  5]  10.00-20.00  sec  15.7 GBytes  13.5 Gbits/sec    0   3.03 MBytes       
[  5]  20.00-30.00  sec  15.3 GBytes  13.2 Gbits/sec  180   3.03 MBytes       
[  5]  30.00-40.00  sec  25.0 GBytes  21.5 Gbits/sec  188   3.03 MBytes       
[  5]  40.00-50.00  sec  20.7 GBytes  17.8 Gbits/sec    0   3.03 MBytes       
[  5]  50.00-60.00  sec  23.5 GBytes  20.2 Gbits/sec    0   3.03 MBytes       
[  5]  60.00-70.00  sec  24.8 GBytes  21.3 Gbits/sec  184   3.03 MBytes       
[  5]  70.00-80.00  sec  19.0 GBytes  16.3 Gbits/sec    0   3.03 MBytes       
[  5]  80.00-90.00  sec  20.2 GBytes  17.3 Gbits/sec    0   3.03 MBytes       
[  5]  90.00-100.00 sec  21.5 GBytes  18.5 Gbits/sec  171   3.03 MBytes       
[  5] 100.00-110.00 sec  25.0 GBytes  21.5 Gbits/sec   20   3.03 MBytes       
[  5] 110.00-120.00 sec  24.7 GBytes  21.2 Gbits/sec    0   3.03 MBytes       
- - - - - - - - - - - - - - - - - - - - - - - - -
[ ID] Interval           Transfer     Bitrate         Retr
[  5]   0.00-120.00 sec   255 GBytes  18.3 Gbits/sec  824             sender
[  5]   0.00-120.04 sec   255 GBytes  18.2 Gbits/sec                  receiver

iperf Done.
