Connecting to host 192.168.4.3, port 25006
[  5] local 192.168.4.2 port 54855 connected to 192.168.4.3 port 25006
[ ID] Interval           Transfer     Bitrate         Retr  Cwnd
[  5]   0.00-10.00  sec  22.9 GBytes  19.6 Gbits/sec  813   1.74 MBytes       
[  5]  10.00-20.00  sec  26.4 GBytes  22.6 Gbits/sec    0   2.65 MBytes       
[  5]  20.00-30.00  sec  30.1 GBytes  25.9 Gbits/sec    0   3.00 MBytes       
[  5]  30.00-40.00  sec  25.4 GBytes  21.8 Gbits/sec  1437   3.00 MBytes       
[  5]  40.00-50.00  sec  18.6 GBytes  15.9 Gbits/sec   22   3.00 MBytes       
[  5]  50.00-60.00  sec  20.8 GBytes  17.8 Gbits/sec    0   3.00 MBytes       
[  5]  60.00-70.00  sec  31.4 GBytes  27.0 Gbits/sec    0   3.00 MBytes       
[  5]  70.00-80.00  sec  27.6 GBytes  23.7 Gbits/sec  360   3.00 MBytes       
[  5]  80.00-90.00  sec  21.9 GBytes  18.8 Gbits/sec    0   3.00 MBytes       
[  5]  90.00-100.00 sec  24.6 GBytes  21.1 Gbits/sec    0   3.00 MBytes       
[  5] 100.00-110.00 sec  28.7 GBytes  24.7 Gbits/sec    0   3.00 MBytes       
[  5] 110.00-120.00 sec  29.2 GBytes  25.0 Gbits/sec    0   3.00 MBytes       
- - - - - - - - - - - - - - - - - - - - - - - - -
[ ID] Interval           Transfer     Bitrate         Retr
[  5]   0.00-120.00 sec   307 GBytes  22.0 Gbits/sec  2632             sender
[  5]   0.00-120.04 sec   307 GBytes  22.0 Gbits/sec                  receiver

iperf Done.
