Connecting to host 192.168.4.2, port 25005
[  5] local 192.168.4.3 port 56615 connected to 192.168.4.2 port 25005
[ ID] Interval           Transfer     Bitrate         Retr  Cwnd
[  5]   0.00-10.00  sec  16.4 GBytes  14.1 Gbits/sec  1039   2.92 MBytes       
[  5]  10.00-20.00  sec  20.5 GBytes  17.6 Gbits/sec    0   3.00 MBytes       
[  5]  20.00-30.00  sec  26.8 GBytes  23.0 Gbits/sec    0   3.00 MBytes       
[  5]  30.00-40.00  sec  23.4 GBytes  20.1 Gbits/sec    0   3.00 MBytes       
[  5]  40.00-50.00  sec  18.1 GBytes  15.6 Gbits/sec   15   3.00 MBytes       
[  5]  50.00-60.00  sec  28.6 GBytes  24.5 Gbits/sec    0   3.00 MBytes       
[  5]  60.00-70.00  sec  28.2 GBytes  24.2 Gbits/sec    0   3.00 MBytes       
[  5]  70.00-80.00  sec  23.4 GBytes  20.1 Gbits/sec    0   3.00 MBytes       
[  5]  80.00-90.00  sec  20.8 GBytes  17.8 Gbits/sec  315   3.00 MBytes       
[  5]  90.00-100.00 sec  21.7 GBytes  18.6 Gbits/sec   20   3.18 MBytes       
[  5] 100.00-110.00 sec  26.0 GBytes  22.3 Gbits/sec    0   3.18 MBytes       
[  5] 110.00-120.00 sec  22.9 GBytes  19.6 Gbits/sec  409   3.18 MBytes       
- - - - - - - - - - - - - - - - - - - - - - - - -
[ ID] Interval           Transfer     Bitrate         Retr
[  5]   0.00-120.00 sec   277 GBytes  19.8 Gbits/sec  1798             sender
[  5]   0.00-120.04 sec   277 GBytes  19.8 Gbits/sec                  receiver

iperf Done.
