Connecting to host 192.168.4.2, port 25006
[  5] local 192.168.4.3 port 45763 connected to 192.168.4.2 port 25006
[ ID] Interval           Transfer     Bitrate         Retr  Cwnd
[  5]   0.00-10.00  sec  20.2 GBytes  17.4 Gbits/sec  195   1.74 MBytes       
[  5]  10.00-20.00  sec  20.9 GBytes  17.9 Gbits/sec    0   1.76 MBytes       
[  5]  20.00-30.00  sec  14.3 GBytes  12.3 Gbits/sec    0   3.00 MBytes       
[  5]  30.00-40.00  sec  20.8 GBytes  17.9 Gbits/sec    7   3.00 MBytes       
[  5]  40.00-50.00  sec  21.3 GBytes  18.3 Gbits/sec   11   3.00 MBytes       
[  5]  50.00-60.00  sec  18.2 GBytes  15.6 Gbits/sec  963   3.00 MBytes       
[  5]  60.00-70.00  sec  15.5 GBytes  13.4 Gbits/sec    0   3.00 MBytes       
[  5]  70.00-80.00  sec  17.9 GBytes  15.3 Gbits/sec  443   3.00 MBytes       
[  5]  80.00-90.00  sec  19.0 GBytes  16.3 Gbits/sec    0   3.00 MBytes       
[  5]  90.00-100.00 sec  22.4 GBytes  19.3 Gbits/sec    0   3.00 MBytes       
[  5] 100.00-110.00 sec  19.1 GBytes  16.4 Gbits/sec  567   3.00 MBytes       
[  5] 110.00-120.00 sec  17.5 GBytes  15.0 Gbits/sec    0   3.00 MBytes       
- - - - - - - - - - - - - - - - - - - - - - - - -
[ ID] Interval           Transfer     Bitrate         Retr
[  5]   0.00-120.00 sec   227 GBytes  16.3 Gbits/sec  2186             sender
[  5]   0.00-120.05 sec   227 GBytes  16.2 Gbits/sec                  receiver

iperf Done.
