Connecting to host 192.168.4.2, port 25007
[  5] local 192.168.4.3 port 49135 connected to 192.168.4.2 port 25007
[ ID] Interval           Transfer     Bitrate         Retr  Cwnd
[  5]   0.00-10.00  sec  20.9 GBytes  17.9 Gbits/sec   21   3.05 MBytes       
[  5]  10.00-20.00  sec  21.3 GBytes  18.3 Gbits/sec    0   3.05 MBytes       
[  5]  20.00-30.00  sec  14.2 GBytes  12.2 Gbits/sec   96   3.05 MBytes       
[  5]  30.00-40.00  sec  20.0 GBytes  17.2 Gbits/sec    0   3.05 MBytes       
[  5]  40.00-50.00  sec  18.9 GBytes  16.2 Gbits/sec    0   3.05 MBytes       
[  5]  50.00-60.00  sec  25.9 GBytes  22.2 Gbits/sec   43   3.05 MBytes       
[  5]  60.00-70.00  sec  20.4 GBytes  17.5 Gbits/sec   45   3.05 MBytes       
[  5]  70.00-80.00  sec  21.0 GBytes  18.0 Gbits/sec    0   3.05 MBytes       
[  5]  80.00-90.00  sec  20.4 GBytes  17.5 Gbits/sec    0   3.05 MBytes       
[  5]  90.00-100.00 sec  20.5 GBytes  17.6 Gbits/sec    0   3.05 MBytes       
[  5] 100.00-110.00 sec  23.4 GBytes  20.1 Gbits/sec    0   3.05 MBytes       
[  5] 110.00-120.00 sec  29.5 GBytes  25.3 Gbits/sec    0   3.05 MBytes       
- - - - - - - - - - - - - - - - - - - - - - - - -
[ ID] Interval           Transfer     Bitrate         Retr
[  5]   0.00-120.00 sec   256 GBytes  18.4 Gbits/sec  205             sender
[  5]   0.00-120.05 sec   256 GBytes  18.3 Gbits/sec                  receiver

iperf Done.
