Connecting to host 192.168.2.3, port 25002
[  5] local 192.168.2.2 port 35575 connected to 192.168.2.3 port 25002
[ ID] Interval           Transfer     Bitrate         Retr  Cwnd
[  5]   0.00-10.00  sec  25.6 GBytes  22.0 Gbits/sec    9   3.13 MBytes       
[  5]  10.00-20.00  sec  24.2 GBytes  20.8 Gbits/sec  724   3.13 MBytes       
[  5]  20.00-30.00  sec  29.3 GBytes  25.2 Gbits/sec  725   3.13 MBytes       
[  5]  30.00-40.00  sec  21.1 GBytes  18.1 Gbits/sec  277   3.13 MBytes       
[  5]  40.00-50.00  sec  18.6 GBytes  15.9 Gbits/sec   46   3.13 MBytes       
[  5]  50.00-60.00  sec  18.6 GBytes  15.9 Gbits/sec    0   3.13 MBytes       
[  5]  60.00-70.00  sec  26.6 GBytes  22.9 Gbits/sec    0   3.13 MBytes       
[  5]  70.00-80.00  sec  31.4 GBytes  27.0 Gbits/sec  797   3.13 MBytes       
[  5]  80.00-90.00  sec  23.4 GBytes  20.1 Gbits/sec    0   3.13 MBytes       
[  5]  90.00-100.00 sec  23.2 GBytes  19.9 Gbits/sec    0   3.13 MBytes       
[  5] 100.00-110.00 sec  27.6 GBytes  23.7 Gbits/sec    0   3.13 MBytes       
[  5] 110.00-120.00 sec  33.3 GBytes  28.6 Gbits/sec  790   3.13 MBytes       
- - - - - - - - - - - - - - - - - - - - - - - - -
[ ID] Interval           Transfer     Bitrate         Retr
[  5]   0.00-120.00 sec   303 GBytes  21.7 Gbits/sec  3368             sender
[  5]   0.00-120.04 sec   303 GBytes  21.7 Gbits/sec                  receiver

iperf Done.
