Connecting to host 192.168.4.3, port 25005
[  5] local 192.168.4.2 port 59319 connected to 192.168.4.3 port 25005
[ ID] Interval           Transfer     Bitrate         Retr  Cwnd
[  5]   0.00-10.00  sec  26.6 GBytes  22.8 Gbits/sec   48   3.01 MBytes       
[  5]  10.00-20.00  sec  26.3 GBytes  22.6 Gbits/sec    0   3.01 MBytes       
[  5]  20.00-30.00  sec  21.9 GBytes  18.8 Gbits/sec  675   3.01 MBytes       
[  5]  30.00-40.00  sec  25.2 GBytes  21.6 Gbits/sec    0   3.01 MBytes       
[  5]  40.00-50.00  sec  18.8 GBytes  16.2 Gbits/sec    0   3.01 MBytes       
[  5]  50.00-60.00  sec  26.2 GBytes  22.5 Gbits/sec    0   3.01 MBytes       
[  5]  60.00-70.00  sec  25.6 GBytes  22.0 Gbits/sec    0   3.01 MBytes       
[  5]  70.00-80.00  sec  23.6 GBytes  20.3 Gbits/sec  237   3.01 MBytes       
[  5]  80.00-90.00  sec  29.8 GBytes  25.6 Gbits/sec    0   3.01 MBytes       
[  5]  90.00-100.00 sec  27.5 GBytes  23.6 Gbits/sec    0   3.01 MBytes       
[  5] 100.00-110.00 sec  19.7 GBytes  16.9 Gbits/sec   30   3.01 MBytes       
[  5] 110.00-120.00 sec  22.2 GBytes  19.1 Gbits/sec    0   3.01 MBytes       
- - - - - - - - - - - - - - - - - - - - - - - - -
[ ID] Interval           Transfer     Bitrate         Retr
[  5]   0.00-120.00 sec   293 GBytes  21.0 Gbits/sec  990             sender
[  5]   0.00-120.04 sec   293 GBytes  21.0 Gbits/sec                  receiver

iperf Done.
