Connecting to host 192.168.2.3, port 25001
[  5] local 192.168.2.2 port 43323 connected to 192.168.2.3 port 25001
[ ID] Interval           Transfer     Bitrate         Retr  Cwnd
[  5]   0.00-10.00  sec  31.2 GBytes  26.8 Gbits/sec  580   3.00 MBytes       
[  5]  10.00-20.00  sec  22.8 GBytes  19.6 Gbits/sec    0   3.00 MBytes       
[  5]  20.00-30.00  sec  25.9 GBytes  22.2 Gbits/sec    0   3.00 MBytes       
[  5]  30.00-40.00  sec  21.6 GBytes  18.5 Gbits/sec  180   3.00 MBytes       
[  5]  40.00-50.00  sec  20.4 GBytes  17.5 Gbits/sec   13   3.00 MBytes       
[  5]  50.00-60.00  sec  20.2 GBytes  17.3 Gbits/sec  422   3.00 MBytes       
[  5]  60.00-70.00  sec  21.8 GBytes  18.7 Gbits/sec  205   3.00 MBytes       
[  5]  70.00-80.00  sec  23.0 GBytes  19.8 Gbits/sec    0   3.00 MBytes       
[  5]  80.00-90.00  sec  26.5 GBytes  22.8 Gbits/sec  1311   3.00 MBytes       
[  5]  90.00-100.00 sec  28.3 GBytes  24.3 Gbits/sec    0   3.00 MBytes       
[  5] 100.00-110.00 sec  27.8 GBytes  23.8 Gbits/sec    0   3.00 MBytes       
[  5] 110.00-120.00 sec  30.3 GBytes  26.0 Gbits/sec    0   3.00 MBytes       
- - - - - - - - - - - - - - - - - - - - - - - - -
[ ID] Interval           Transfer     Bitrate         Retr
[  5]   0.00-120.00 sec   300 GBytes  21.5 Gbits/sec  2711             sender
[  5]   0.00-120.04 sec   300 GBytes  21.5 Gbits/sec                  receiver

iperf Done.
