Connecting to host 192.168.4.3, port 25004
[  5] local 192.168.4.2 port 47437 connected to 192.168.4.3 port 25004
[ ID] Interval           Transfer     Bitrate         Retr  Cwnd
[  5]   0.00-10.00  sec  22.7 GBytes  19.5 Gbits/sec  1072   1.80 MBytes       
[  5]  10.00-20.00  sec  26.9 GBytes  23.1 Gbits/sec  304   1.68 MBytes       
[  5]  20.00-30.00  sec  24.8 GBytes  21.3 Gbits/sec    1   2.94 MBytes       
[  5]  30.00-40.00  sec  25.1 GBytes  21.6 Gbits/sec   23   2.94 MBytes       
[  5]  40.00-50.00  sec  34.6 GBytes  29.7 Gbits/sec  676   2.12 MBytes       
[  5]  50.00-60.00  sec  21.8 GBytes  18.7 Gbits/sec    0   3.01 MBytes       
[  5]  60.00-70.00  sec  22.5 GBytes  19.3 Gbits/sec  530   3.01 MBytes       
[  5]  70.00-80.00  sec  29.5 GBytes  25.4 Gbits/sec    0   3.01 MBytes       
[  5]  80.00-90.00  sec  29.1 GBytes  25.0 Gbits/sec   28   3.01 MBytes       
[  5]  90.00-100.00 sec  26.2 GBytes  22.5 Gbits/sec    0   3.01 MBytes       
[  5] 100.00-110.00 sec  19.8 GBytes  17.0 Gbits/sec    0   3.01 MBytes       
[  5] 110.00-120.00 sec  21.0 GBytes  18.1 Gbits/sec   44   3.01 MBytes       
- - - - - - - - - - - - - - - - - - - - - - - - -
[ ID] Interval           Transfer     Bitrate         Retr
[  5]   0.00-120.00 sec   304 GBytes  21.8 Gbits/sec  2678             sender
[  5]   0.00-120.04 sec   304 GBytes  21.8 Gbits/sec                  receiver

iperf Done.
