Connecting to host 192.168.4.2, port 25004
[  5] local 192.168.4.3 port 56775 connected to 192.168.4.2 port 25004
[ ID] Interval           Transfer     Bitrate         Retr  Cwnd
[  5]   0.00-10.00  sec  23.7 GBytes  20.4 Gbits/sec   66   2.41 MBytes       
[  5]  10.00-20.00  sec  23.0 GBytes  19.7 Gbits/sec    1   2.79 MBytes       
[  5]  20.00-30.00  sec  28.5 GBytes  24.5 Gbits/sec    0   4.36 MBytes       
[  5]  30.00-40.00  sec  23.7 GBytes  20.4 Gbits/sec    0   4.36 MBytes       
[  5]  40.00-50.00  sec  22.0 GBytes  18.9 Gbits/sec    0   4.36 MBytes       
[  5]  50.00-60.00  sec  18.3 GBytes  15.7 Gbits/sec  224   4.36 MBytes       
[  5]  60.00-70.00  sec  23.5 GBytes  20.2 Gbits/sec    0   4.36 MBytes       
[  5]  70.00-80.00  sec  19.9 GBytes  17.1 Gbits/sec  108   4.36 MBytes       
[  5]  80.00-90.00  sec  21.4 GBytes  18.4 Gbits/sec    0   4.36 MBytes       
[  5]  90.00-100.00 sec  19.2 GBytes  16.5 Gbits/sec    0   4.36 MBytes       
[  5] 100.00-110.00 sec  17.9 GBytes  15.4 Gbits/sec    0   3.05 MBytes       
[  5] 110.00-120.00 sec  15.9 GBytes  13.7 Gbits/sec   79   3.05 MBytes       
- - - - - - - - - - - - - - - - - - - - - - - - -
[ ID] Interval           Transfer     Bitrate         Retr
[  5]   0.00-120.00 sec   257 GBytes  18.4 Gbits/sec  478             sender
[  5]   0.00-120.04 sec   257 GBytes  18.4 Gbits/sec                  receiver

iperf Done.
