Connecting to host 192.168.2.3, port 25000
[  5] local 192.168.2.2 port 51945 connected to 192.168.2.3 port 25000
[ ID] Interval           Transfer     Bitrate         Retr  Cwnd
[  5]   0.00-10.00  sec  21.9 GBytes  18.8 Gbits/sec  4747   1.67 MBytes       
[  5]  10.00-20.00  sec  21.9 GBytes  18.8 Gbits/sec  1746   2.15 MBytes       
[  5]  20.00-30.00  sec  24.0 GBytes  20.6 Gbits/sec  1377   2.17 MBytes       
[  5]  30.00-40.00  sec  16.5 GBytes  14.2 Gbits/sec    0   2.36 MBytes       
[  5]  40.00-50.00  sec  16.3 GBytes  14.0 Gbits/sec    0   3.50 MBytes       
[  5]  50.00-60.00  sec  18.0 GBytes  15.5 Gbits/sec  1314   3.50 MBytes       
[  5]  60.00-70.00  sec  16.5 GBytes  14.1 Gbits/sec  164   3.50 MBytes       
[  5]  70.00-80.00  sec  22.3 GBytes  19.2 Gbits/sec  2726   1.76 MBytes       
[  5]  80.00-90.00  sec  35.2 GBytes  30.2 Gbits/sec    0   1.81 MBytes       
[  5]  90.00-100.00 sec  24.1 GBytes  20.7 Gbits/sec    0   3.11 MBytes       
[  5] 100.00-110.00 sec  27.8 GBytes  23.9 Gbits/sec    0   3.11 MBytes       
[  5] 110.00-120.00 sec  22.8 GBytes  19.6 Gbits/sec    0   3.11 MBytes       
- - - - - - - - - - - - - - - - - - - - - - - - -
[ ID] Interval           Transfer     Bitrate         Retr
[  5]   0.00-120.00 sec   267 GBytes  19.1 Gbits/sec  12074             sender
[  5]   0.00-120.04 sec   267 GBytes  19.1 Gbits/sec                  receiver

iperf Done.
