Connecting to host 192.168.4.3, port 25004
[  5] local 192.168.4.2 port 37179 connected to 192.168.4.3 port 25004
[ ID] Interval           Transfer     Bitrate         Retr  Cwnd
[  5]   0.00-10.00  sec  23.4 GBytes  20.1 Gbits/sec    1   2.83 MBytes       
[  5]  10.00-20.00  sec  21.4 GBytes  18.4 Gbits/sec    0   2.83 MBytes       
[  5]  20.00-30.00  sec  23.9 GBytes  20.6 Gbits/sec    0   3.52 MBytes       
[  5]  30.00-40.00  sec  24.6 GBytes  21.1 Gbits/sec    0   3.52 MBytes       
[  5]  40.00-50.00  sec  24.6 GBytes  21.1 Gbits/sec    0   3.52 MBytes       
[  5]  50.00-60.00  sec  29.0 GBytes  24.9 Gbits/sec    0   3.52 MBytes       
[  5]  60.00-70.00  sec  26.6 GBytes  22.9 Gbits/sec    0   3.52 MBytes       
[  5]  70.00-80.00  sec  32.7 GBytes  28.1 Gbits/sec    0   3.52 MBytes       
[  5]  80.00-90.00  sec  24.4 GBytes  21.0 Gbits/sec    2   3.52 MBytes       
[  5]  90.00-100.00 sec  23.0 GBytes  19.8 Gbits/sec    0   3.52 MBytes       
[  5] 100.00-110.00 sec  21.2 GBytes  18.2 Gbits/sec    0   3.52 MBytes       
[  5] 110.00-120.00 sec  21.6 GBytes  18.5 Gbits/sec    0   3.52 MBytes       
- - - - - - - - - - - - - - - - - - - - - - - - -
[ ID] Interval           Transfer     Bitrate         Retr
[  5]   0.00-120.00 sec   296 GBytes  21.2 Gbits/sec    3             sender
[  5]   0.00-120.04 sec   296 GBytes  21.2 Gbits/sec                  receiver

iperf Done.
