Connecting to host 192.168.4.3, port 25005
[  5] local 192.168.4.2 port 37949 connected to 192.168.4.3 port 25005
[ ID] Interval           Transfer     Bitrate         Retr  Cwnd
[  5]   0.00-10.00  sec  24.3 GBytes  20.9 Gbits/sec  663   2.07 MBytes       
[  5]  10.00-20.00  sec  23.1 GBytes  19.9 Gbits/sec    0   2.08 MBytes       
[  5]  20.00-30.00  sec  23.5 GBytes  20.2 Gbits/sec    0   2.79 MBytes       
[  5]  30.00-40.00  sec  25.1 GBytes  21.6 Gbits/sec    0   4.15 MBytes       
[  5]  40.00-50.00  sec  19.4 GBytes  16.7 Gbits/sec    0   4.15 MBytes       
[  5]  50.00-60.00  sec  18.2 GBytes  15.7 Gbits/sec    0   4.15 MBytes       
[  5]  60.00-70.00  sec  21.7 GBytes  18.6 Gbits/sec    0   4.15 MBytes       
[  5]  70.00-80.00  sec  32.9 GBytes  28.2 Gbits/sec    0   4.15 MBytes       
[  5]  80.00-90.00  sec  26.1 GBytes  22.4 Gbits/sec    0   4.15 MBytes       
[  5]  90.00-100.00 sec  22.9 GBytes  19.7 Gbits/sec    0   4.15 MBytes       
[  5] 100.00-110.00 sec  21.5 GBytes  18.4 Gbits/sec    0   4.15 MBytes       
[  5] 110.00-120.00 sec  21.9 GBytes  18.8 Gbits/sec    0   4.15 MBytes       
- - - - - - - - - - - - - - - - - - - - - - - - -
[ ID] Interval           Transfer     Bitrate         Retr
[  5]   0.00-120.00 sec   281 GBytes  20.1 Gbits/sec  663             sender
[  5]   0.00-120.04 sec   281 GBytes  20.1 Gbits/sec                  receiver

iperf Done.
