Connecting to host 192.168.4.2, port 25005
[  5] local 192.168.4.3 port 44059 connected to 192.168.4.2 port 25005
[ ID] Interval           Transfer     Bitrate         Retr  Cwnd
[  5]   0.00-10.00  sec  22.2 GBytes  19.1 Gbits/sec   11   3.05 MBytes       
[  5]  10.00-20.00  sec  17.5 GBytes  15.0 Gbits/sec    0   3.05 MBytes       
[  5]  20.00-30.00  sec  36.9 GBytes  31.7 Gbits/sec  717   2.14 MBytes       
[  5]  30.00-40.00  sec  18.1 GBytes  15.5 Gbits/sec    0   2.14 MBytes       
[  5]  40.00-50.00  sec  22.6 GBytes  19.4 Gbits/sec  176   1.36 MBytes       
[  5]  50.00-60.00  sec  23.0 GBytes  19.7 Gbits/sec    6   2.34 MBytes       
[  5]  60.00-70.00  sec  24.7 GBytes  21.2 Gbits/sec    0   2.89 MBytes       
[  5]  70.00-80.00  sec  21.6 GBytes  18.6 Gbits/sec    0   2.75 MBytes       
[  5]  80.00-90.00  sec  24.1 GBytes  20.7 Gbits/sec    0   2.89 MBytes       
[  5]  90.00-100.00 sec  25.8 GBytes  22.1 Gbits/sec    7   2.45 MBytes       
[  5] 100.00-110.00 sec  17.1 GBytes  14.7 Gbits/sec    0   2.49 MBytes       
[  5] 110.00-120.00 sec  16.9 GBytes  14.5 Gbits/sec    0   3.71 MBytes       
- - - - - - - - - - - - - - - - - - - - - - - - -
[ ID] Interval           Transfer     Bitrate         Retr
[  5]   0.00-120.00 sec   270 GBytes  19.4 Gbits/sec  917             sender
[  5]   0.00-120.04 sec   270 GBytes  19.3 Gbits/sec                  receiver

iperf Done.
