Connecting to host 192.168.2.2, port 25002
[  5] local 192.168.2.3 port 50959 connected to 192.168.2.2 port 25002
[ ID] Interval           Transfer     Bitrate         Retr  Cwnd
[  5]   0.00-10.00  sec  21.4 GBytes  18.4 Gbits/sec   17   2.64 MBytes       
[  5]  10.00-20.00  sec  22.7 GBytes  19.5 Gbits/sec   16   2.91 MBytes       
[  5]  20.00-30.00  sec  23.9 GBytes  20.5 Gbits/sec   39   2.91 MBytes       
[  5]  30.00-40.00  sec  18.4 GBytes  15.8 Gbits/sec  378   2.05 MBytes       
[  5]  40.00-50.00  sec  24.2 GBytes  20.8 Gbits/sec  176   1.92 MBytes       
[  5]  50.00-60.00  sec  23.5 GBytes  20.2 Gbits/sec    0   2.26 MBytes       
[  5]  60.00-70.00  sec  23.8 GBytes  20.4 Gbits/sec    1   2.70 MBytes       
[  5]  70.00-80.00  sec  26.5 GBytes  22.8 Gbits/sec    0   2.70 MBytes       
[  5]  80.00-90.00  sec  21.1 GBytes  18.1 Gbits/sec    0   4.30 MBytes       
[  5]  90.00-100.00 sec  19.5 GBytes  16.8 Gbits/sec    0   4.30 MBytes       
[  5] 100.00-110.00 sec  25.6 GBytes  22.0 Gbits/sec    0   4.30 MBytes       
[  5] 110.00-120.00 sec  25.5 GBytes  21.9 Gbits/sec    0   4.30 MBytes       
- - - - - - - - - - - - - - - - - - - - - - - - -
[ ID] Interval           Transfer     Bitrate         Retr
[  5]   0.00-120.00 sec   276 GBytes  19.8 Gbits/sec  627             sender
[  5]   0.00-120.05 sec   276 GBytes  19.8 Gbits/sec                  receiver

iperf Done.
