Connecting to host 192.168.4.3, port 25006
[  5] local 192.168.4.2 port 40483 connected to 192.168.4.3 port 25006
[ ID] Interval           Transfer     Bitrate         Retr  Cwnd
[  5]   0.00-10.00  sec  24.3 GBytes  20.9 Gbits/sec   48   3.06 MBytes       
[  5]  10.00-20.00  sec  21.7 GBytes  18.7 Gbits/sec   35   3.06 MBytes       
[  5]  20.00-30.00  sec  23.7 GBytes  20.3 Gbits/sec  374   2.36 MBytes       
[  5]  30.00-40.00  sec  26.3 GBytes  22.6 Gbits/sec  519   1.74 MBytes       
[  5]  40.00-50.00  sec  19.2 GBytes  16.5 Gbits/sec    8   1.83 MBytes       
[  5]  50.00-60.00  sec  24.4 GBytes  21.0 Gbits/sec    2   2.77 MBytes       
[  5]  60.00-70.00  sec  22.0 GBytes  18.9 Gbits/sec    7   2.80 MBytes       
[  5]  70.00-80.00  sec  18.4 GBytes  15.8 Gbits/sec    0   3.03 MBytes       
[  5]  80.00-90.00  sec  28.9 GBytes  24.8 Gbits/sec    0   3.03 MBytes       
[  5]  90.00-100.00 sec  22.7 GBytes  19.5 Gbits/sec    0   3.03 MBytes       
[  5] 100.00-110.00 sec  20.8 GBytes  17.8 Gbits/sec    0   3.03 MBytes       
[  5] 110.00-120.00 sec  21.5 GBytes  18.5 Gbits/sec    0   3.03 MBytes       
- - - - - - - - - - - - - - - - - - - - - - - - -
[ ID] Interval           Transfer     Bitrate         Retr
[  5]   0.00-120.00 sec   274 GBytes  19.6 Gbits/sec  993             sender
[  5]   0.00-120.04 sec   274 GBytes  19.6 Gbits/sec                  receiver

iperf Done.
