Connecting to host 192.168.2.2, port 25000
[  5] local 192.168.2.3 port 33119 connected to 192.168.2.2 port 25000
[ ID] Interval           Transfer     Bitrate         Retr  Cwnd
[  5]   0.00-10.00  sec  23.0 GBytes  19.7 Gbits/sec  579   1.80 MBytes       
[  5]  10.00-20.00  sec  24.0 GBytes  20.6 Gbits/sec    2   2.29 MBytes       
[  5]  20.00-30.00  sec  24.0 GBytes  20.7 Gbits/sec   22   3.04 MBytes       
[  5]  30.00-40.00  sec  26.2 GBytes  22.5 Gbits/sec   36   3.04 MBytes       
[  5]  40.00-50.00  sec  24.7 GBytes  21.2 Gbits/sec    2   3.04 MBytes       
[  5]  50.00-60.00  sec  23.8 GBytes  20.4 Gbits/sec    0   3.04 MBytes       
[  5]  60.00-70.00  sec  22.1 GBytes  19.0 Gbits/sec    1   3.04 MBytes       
[  5]  70.00-80.00  sec  26.6 GBytes  22.8 Gbits/sec    2   3.04 MBytes       
[  5]  80.00-90.00  sec  28.7 GBytes  24.6 Gbits/sec    5   3.04 MBytes       
[  5]  90.00-100.00 sec  22.4 GBytes  19.2 Gbits/sec    0   3.04 MBytes       
[  5] 100.00-110.00 sec  25.7 GBytes  22.0 Gbits/sec  498   1.79 MBytes       
[  5] 110.00-120.00 sec  27.3 GBytes  23.4 Gbits/sec    2   2.04 MBytes       
- - - - - - - - - - - - - - - - - - - - - - - - -
[ ID] Interval           Transfer     Bitrate         Retr
[  5]   0.00-120.00 sec   298 GBytes  21.4 Gbits/sec  1149             sender
[  5]   0.00-120.05 sec   298 GBytes  21.4 Gbits/sec                  receiver

iperf Done.
