Connecting to host 192.168.4.2, port 25004
[  5] local 192.168.4.3 port 43853 connected to 192.168.4.2 port 25004
[ ID] Interval           Transfer     Bitrate         Retr  Cwnd
[  5]   0.00-10.00  sec  16.8 GBytes  14.5 Gbits/sec  113   1.71 MBytes       
[  5]  10.00-20.00  sec  23.8 GBytes  20.4 Gbits/sec    2   2.82 MBytes       
[  5]  20.00-30.00  sec  23.1 GBytes  19.8 Gbits/sec    7   2.86 MBytes       
[  5]  30.00-40.00  sec  36.5 GBytes  31.3 Gbits/sec    2   3.10 MBytes       
[  5]  40.00-50.00  sec  23.6 GBytes  20.3 Gbits/sec   14   3.10 MBytes       
[  5]  50.00-60.00  sec  25.5 GBytes  21.9 Gbits/sec    0   3.10 MBytes       
[  5]  60.00-70.00  sec  24.7 GBytes  21.3 Gbits/sec    0   3.10 MBytes       
[  5]  70.00-80.00  sec  22.0 GBytes  18.9 Gbits/sec    0   3.10 MBytes       
[  5]  80.00-90.00  sec  24.2 GBytes  20.8 Gbits/sec    0   3.10 MBytes       
[  5]  90.00-100.00 sec  24.1 GBytes  20.7 Gbits/sec    0   3.10 MBytes       
[  5] 100.00-110.00 sec  34.0 GBytes  29.2 Gbits/sec    0   3.10 MBytes       
[  5] 110.00-120.00 sec  33.6 GBytes  28.8 Gbits/sec    0   3.10 MBytes       
- - - - - - - - - - - - - - - - - - - - - - - - -
[ ID] Interval           Transfer     Bitrate         Retr
[  5]   0.00-120.00 sec   312 GBytes  22.3 Gbits/sec  138             sender
[  5]   0.00-120.04 sec   312 GBytes  22.3 Gbits/sec                  receiver

iperf Done.
