Connecting to host 192.168.4.3, port 25007
[  5] local 192.168.4.2 port 51017 connected to 192.168.4.3 port 25007
[ ID] Interval           Transfer     Bitrate         Retr  Cwnd
[  5]   0.00-10.00  sec  23.3 GBytes  20.0 Gbits/sec  160   1.78 MBytes       
[  5]  10.00-20.00  sec  23.3 GBytes  20.0 Gbits/sec   21   2.00 MBytes       
[  5]  20.00-30.00  sec  23.0 GBytes  19.8 Gbits/sec  626   1.88 MBytes       
[  5]  30.00-40.00  sec  23.5 GBytes  20.2 Gbits/sec   20   1.64 MBytes       
[  5]  40.00-50.00  sec  23.9 GBytes  20.5 Gbits/sec    6   1.64 MBytes       
[  5]  50.00-60.00  sec  18.3 GBytes  15.7 Gbits/sec   44   2.24 MBytes       
[  5]  60.00-70.00  sec  19.2 GBytes  16.5 Gbits/sec   90   3.16 MBytes       
[  5]  70.00-80.00  sec  18.4 GBytes  15.8 Gbits/sec   11   3.16 MBytes       
[  5]  80.00-90.00  sec  18.4 GBytes  15.8 Gbits/sec    0   3.16 MBytes       
[  5]  90.00-100.00 sec  23.0 GBytes  19.7 Gbits/sec    0   3.16 MBytes       
[  5] 100.00-110.00 sec  21.5 GBytes  18.4 Gbits/sec    0   3.16 MBytes       
[  5] 110.00-120.00 sec  21.7 GBytes  18.6 Gbits/sec    0   3.16 MBytes       
- - - - - - - - - - - - - - - - - - - - - - - - -
[ ID] Interval           Transfer     Bitrate         Retr
[  5]   0.00-120.00 sec   257 GBytes  18.4 Gbits/sec  978             sender
[  5]   0.00-120.04 sec   257 GBytes  18.4 Gbits/sec                  receiver

iperf Done.
