Connecting to host 192.168.2.3, port 25002
[  5] local 192.168.2.2 port 43103 connected to 192.168.2.3 port 25002
[ ID] Interval           Transfer     Bitrate         Retr  Cwnd
[  5]   0.00-10.00  sec  25.2 GBytes  21.6 Gbits/sec   81   2.03 MBytes       
[  5]  10.00-20.00  sec  25.2 GBytes  21.6 Gbits/sec  646   2.32 MBytes       
[  5]  20.00-30.00  sec  25.4 GBytes  21.8 Gbits/sec    3   2.57 MBytes       
[  5]  30.00-40.00  sec  33.0 GBytes  28.4 Gbits/sec    0   2.63 MBytes       
[  5]  40.00-50.00  sec  25.1 GBytes  21.5 Gbits/sec    0   3.26 MBytes       
[  5]  50.00-60.00  sec  20.9 GBytes  17.9 Gbits/sec    0   3.26 MBytes       
[  5]  60.00-70.00  sec  27.8 GBytes  23.9 Gbits/sec    0   3.26 MBytes       
[  5]  70.00-80.00  sec  28.8 GBytes  24.8 Gbits/sec    0   3.26 MBytes       
[  5]  80.00-90.00  sec  25.9 GBytes  22.2 Gbits/sec    0   3.26 MBytes       
[  5]  90.00-100.00 sec  21.8 GBytes  18.8 Gbits/sec    0   3.26 MBytes       
[  5] 100.00-110.00 sec  16.3 GBytes  14.0 Gbits/sec    0   3.26 MBytes       
[  5] 110.00-120.00 sec  14.4 GBytes  12.4 Gbits/sec    0   3.26 MBytes       
- - - - - - - - - - - - - - - - - - - - - - - - -
[ ID] Interval           Transfer     Bitrate         Retr
[  5]   0.00-120.00 sec   290 GBytes  20.7 Gbits/sec  730             sender
[  5]   0.00-120.04 sec   290 GBytes  20.7 Gbits/sec                  receiver

iperf Done.
