Connecting to host 192.168.2.3, port 25003
[  5] local 192.168.2.2 port 42993 connected to 192.168.2.3 port 25003
[ ID] Interval           Transfer     Bitrate         Retr  Cwnd
[  5]   0.00-10.00  sec  23.3 GBytes  20.0 Gbits/sec  980   2.16 MBytes       
[  5]  10.00-20.00  sec  20.2 GBytes  17.3 Gbits/sec    0   3.12 MBytes       
[  5]  20.00-30.00  sec  23.4 GBytes  20.1 Gbits/sec    0   3.12 MBytes       
[  5]  30.00-40.00  sec  33.1 GBytes  28.4 Gbits/sec    0   3.12 MBytes       
[  5]  40.00-50.00  sec  27.2 GBytes  23.4 Gbits/sec    0   3.12 MBytes       
[  5]  50.00-60.00  sec  26.0 GBytes  22.3 Gbits/sec    0   3.12 MBytes       
[  5]  60.00-70.00  sec  24.3 GBytes  20.9 Gbits/sec    0   3.12 MBytes       
[  5]  70.00-80.00  sec  22.9 GBytes  19.6 Gbits/sec    0   3.12 MBytes       
[  5]  80.00-90.00  sec  18.1 GBytes  15.6 Gbits/sec    0   3.12 MBytes       
[  5]  90.00-100.00 sec  20.7 GBytes  17.8 Gbits/sec    0   3.12 MBytes       
[  5] 100.00-110.00 sec  22.4 GBytes  19.3 Gbits/sec    0   3.12 MBytes       
[  5] 110.00-120.00 sec  32.1 GBytes  27.6 Gbits/sec    0   3.12 MBytes       
- - - - - - - - - - - - - - - - - - - - - - - - -
[ ID] Interval           Transfer     Bitrate         Retr
[  5]   0.00-120.00 sec   294 GBytes  21.0 Gbits/sec  980             sender
[  5]   0.00-120.04 sec   294 GBytes  21.0 Gbits/sec                  receiver

iperf Done.
