Connecting to host 192.168.2.3, port 25001
[  5] local 192.168.2.2 port 51359 connected to 192.168.2.3 port 25001
[ ID] Interval           Transfer     Bitrate         Retr  Cwnd
[  5]   0.00-10.00  sec  24.8 GBytes  21.3 Gbits/sec  7078   1.64 MBytes       
[  5]  10.00-20.00  sec  22.2 GBytes  19.1 Gbits/sec  978   2.18 MBytes       
[  5]  20.00-30.00  sec  21.2 GBytes  18.2 Gbits/sec  6873   1.72 MBytes       
[  5]  30.00-40.00  sec  16.5 GBytes  14.2 Gbits/sec    0   2.31 MBytes       
[  5]  40.00-50.00  sec  18.3 GBytes  15.7 Gbits/sec    0   3.77 MBytes       
[  5]  50.00-60.00  sec  25.2 GBytes  21.6 Gbits/sec  1064   3.77 MBytes       
[  5]  60.00-70.00  sec  20.9 GBytes  18.0 Gbits/sec  1548   3.77 MBytes       
[  5]  70.00-80.00  sec  28.3 GBytes  24.4 Gbits/sec  1270   3.77 MBytes       
[  5]  80.00-90.00  sec  18.1 GBytes  15.6 Gbits/sec    0   3.77 MBytes       
[  5]  90.00-100.00 sec  20.7 GBytes  17.8 Gbits/sec    0   3.77 MBytes       
[  5] 100.00-110.00 sec  16.3 GBytes  14.0 Gbits/sec  2144   3.77 MBytes       
[  5] 110.00-120.00 sec  16.7 GBytes  14.3 Gbits/sec  7291   3.77 MBytes       
- - - - - - - - - - - - - - - - - - - - - - - - -
[ ID] Interval           Transfer     Bitrate         Retr
[  5]   0.00-120.00 sec   249 GBytes  17.8 Gbits/sec  28246             sender
[  5]   0.00-120.04 sec   249 GBytes  17.8 Gbits/sec                  receiver

iperf Done.
