Connecting to host 192.168.2.2, port 25001
[  5] local 192.168.2.3 port 52163 connected to 192.168.2.2 port 25001
[ ID] Interval           Transfer     Bitrate         Retr  Cwnd
[  5]   0.00-10.00  sec  21.5 GBytes  18.4 Gbits/sec    1   3.11 MBytes       
[  5]  10.00-20.00  sec  24.3 GBytes  20.8 Gbits/sec    1   3.11 MBytes       
[  5]  20.00-30.00  sec  21.7 GBytes  18.6 Gbits/sec    0   3.11 MBytes       
[  5]  30.00-40.00  sec  18.4 GBytes  15.8 Gbits/sec    0   3.11 MBytes       
[  5]  40.00-50.00  sec  24.8 GBytes  21.3 Gbits/sec    0   3.11 MBytes       
[  5]  50.00-60.00  sec  24.8 GBytes  21.3 Gbits/sec    0   3.11 MBytes       
[  5]  60.00-70.00  sec  27.1 GBytes  23.3 Gbits/sec    0   3.11 MBytes       
[  5]  70.00-80.00  sec  16.8 GBytes  14.4 Gbits/sec    0   3.11 MBytes       
[  5]  80.00-90.00  sec  23.0 GBytes  19.8 Gbits/sec    0   3.11 MBytes       
[  5]  90.00-100.00 sec  27.5 GBytes  23.6 Gbits/sec    0   3.11 MBytes       
[  5] 100.00-110.00 sec  25.5 GBytes  21.9 Gbits/sec    0   3.11 MBytes       
[  5] 110.00-120.00 sec  24.2 GBytes  20.8 Gbits/sec    0   3.11 MBytes       
- - - - - - - - - - - - - - - - - - - - - - - - -
[ ID] Interval           Transfer     Bitrate         Retr
[  5]   0.00-120.00 sec   279 GBytes  20.0 Gbits/sec    2             sender
[  5]   0.00-120.05 sec   279 GBytes  20.0 Gbits/sec                  receiver

iperf Done.
