Connecting to host 192.168.2.3, port 25001
[  5] local 192.168.2.2 port 48177 connected to 192.168.2.3 port 25001
[ ID] Interval           Transfer     Bitrate         Retr  Cwnd
[  5]   0.00-10.00  sec  41.6 GBytes  35.7 Gbits/sec    0   3.13 MBytes       
[  5]  10.00-20.00  sec  44.6 GBytes  38.3 Gbits/sec    0   3.13 MBytes       
[  5]  20.00-30.00  sec  44.4 GBytes  38.1 Gbits/sec    0   3.13 MBytes       
[  5]  30.00-40.00  sec  44.6 GBytes  38.3 Gbits/sec    0   3.13 MBytes       
[  5]  40.00-50.00  sec  44.1 GBytes  37.9 Gbits/sec    0   3.13 MBytes       
[  5]  50.00-60.00  sec  45.4 GBytes  39.0 Gbits/sec    0   3.13 MBytes       
[  5]  60.00-70.00  sec  44.9 GBytes  38.5 Gbits/sec    0   3.13 MBytes       
[  5]  70.00-80.00  sec  43.3 GBytes  37.2 Gbits/sec    0   3.13 MBytes       
[  5]  80.00-90.00  sec  43.2 GBytes  37.1 Gbits/sec    0   3.13 MBytes       
[  5]  90.00-100.00 sec  43.6 GBytes  37.5 Gbits/sec    0   3.13 MBytes       
[  5] 100.00-110.00 sec  45.0 GBytes  38.6 Gbits/sec    0   3.13 MBytes       
[  5] 110.00-120.00 sec  44.4 GBytes  38.2 Gbits/sec    0   3.13 MBytes       
- - - - - - - - - - - - - - - - - - - - - - - - -
[ ID] Interval           Transfer     Bitrate         Retr
[  5]   0.00-120.00 sec   529 GBytes  37.9 Gbits/sec    0             sender
[  5]   0.00-120.05 sec   529 GBytes  37.8 Gbits/sec                  receiver

iperf Done.
