Connecting to host 192.168.2.3, port 25002
[  5] local 192.168.2.2 port 42387 connected to 192.168.2.3 port 25002
[ ID] Interval           Transfer     Bitrate         Retr  Cwnd
[  5]   0.00-10.00  sec  34.9 GBytes  30.0 Gbits/sec    0   3.01 MBytes       
[  5]  10.00-20.00  sec  43.6 GBytes  37.4 Gbits/sec    0   3.01 MBytes       
[  5]  20.00-30.00  sec  45.5 GBytes  39.1 Gbits/sec    0   3.01 MBytes       
[  5]  30.00-40.00  sec  43.5 GBytes  37.4 Gbits/sec    0   3.01 MBytes       
[  5]  40.00-50.00  sec  43.1 GBytes  37.0 Gbits/sec    0   3.01 MBytes       
[  5]  50.00-60.00  sec  43.6 GBytes  37.5 Gbits/sec    0   3.01 MBytes       
[  5]  60.00-70.00  sec  43.5 GBytes  37.4 Gbits/sec    0   3.01 MBytes       
[  5]  70.00-80.00  sec  42.4 GBytes  36.5 Gbits/sec    0   3.01 MBytes       
[  5]  80.00-90.00  sec  42.4 GBytes  36.5 Gbits/sec    0   3.01 MBytes       
[  5]  90.00-100.00 sec  43.6 GBytes  37.5 Gbits/sec    0   3.01 MBytes       
[  5] 100.00-110.00 sec  44.8 GBytes  38.5 Gbits/sec    0   3.01 MBytes       
[  5] 110.00-120.00 sec  45.9 GBytes  39.4 Gbits/sec    0   3.01 MBytes       
- - - - - - - - - - - - - - - - - - - - - - - - -
[ ID] Interval           Transfer     Bitrate         Retr
[  5]   0.00-120.00 sec   517 GBytes  37.0 Gbits/sec    0             sender
[  5]   0.00-120.04 sec   517 GBytes  37.0 Gbits/sec                  receiver

iperf Done.
