Connecting to host 192.168.2.2, port 25001
[  5] local 192.168.2.3 port 43121 connected to 192.168.2.2 port 25001
[ ID] Interval           Transfer     Bitrate         Retr  Cwnd
[  5]   0.00-10.00  sec  13.5 GBytes  11.6 Gbits/sec    4   1.41 KBytes       
[  5]  10.00-20.01  sec  0.00 Bytes  0.00 bits/sec    2   1.41 KBytes       
[  5]  20.01-30.01  sec  0.00 Bytes  0.00 bits/sec    0   1.41 KBytes       
[  5]  30.01-40.01  sec  0.00 Bytes  0.00 bits/sec    1   1.41 KBytes       
[  5]  40.01-50.00  sec  0.00 Bytes  0.00 bits/sec    0   1.41 KBytes       
[  5]  50.00-60.01  sec  0.00 Bytes  0.00 bits/sec    0   1.41 KBytes       
[  5]  60.01-70.01  sec  0.00 Bytes  0.00 bits/sec    1   1.41 KBytes       
[  5]  70.01-80.01  sec  0.00 Bytes  0.00 bits/sec    0   1.41 KBytes       
[  5]  80.01-90.01  sec  0.00 Bytes  0.00 bits/sec    0   1.41 KBytes       
[  5]  90.01-100.01 sec  0.00 Bytes  0.00 bits/sec    0   1.41 KBytes       
[  5] 100.01-110.01 sec  0.00 Bytes  0.00 bits/sec    0   1.41 KBytes       
[  5] 110.01-120.01 sec  0.00 Bytes  0.00 bits/sec    1   1.41 KBytes       
- - - - - - - - - - - - - - - - - - - - - - - - -
[ ID] Interval           Transfer     Bitrate         Retr
[  5]   0.00-120.01 sec  13.5 GBytes   967 Mbits/sec    9             sender
[  5]   0.00-120.05 sec  13.5 GBytes   966 Mbits/sec                  receiver

iperf Done.
