-----------------------------------------------------------
Server listening on 25003
-----------------------------------------------------------
Accepted connection from 192.168.2.3, port 60013
[  5] local 192.168.2.2 port 25003 connected to 192.168.2.3 port 53179
[ ID] Interval           Transfer     Bitrate
[  5]   0.00-1.00   sec   590 MBytes  4.95 Gbits/sec                  
[  5]   1.00-2.00   sec   724 MBytes  6.07 Gbits/sec                  
[  5]   2.00-3.00   sec   717 MBytes  6.02 Gbits/sec                  
[  5]   3.00-4.00   sec   767 MBytes  6.44 Gbits/sec                  
[  5]   4.00-5.00   sec   837 MBytes  7.02 Gbits/sec                  
[  5]   5.00-6.00   sec   830 MBytes  6.96 Gbits/sec                  
[  5]   6.00-7.00   sec   734 MBytes  6.15 Gbits/sec                  
[  5]   7.00-8.00   sec   972 MBytes  8.15 Gbits/sec                  
[  5]   8.00-9.00   sec   927 MBytes  7.78 Gbits/sec                  
[  5]   9.00-10.00  sec   884 MBytes  7.42 Gbits/sec                  
[  5]  10.00-11.00  sec   900 MBytes  7.55 Gbits/sec                  
[  5]  11.00-12.00  sec   952 MBytes  7.99 Gbits/sec                  
[  5]  12.00-13.00  sec   878 MBytes  7.36 Gbits/sec                  
[  5]  13.00-14.00  sec   861 MBytes  7.22 Gbits/sec                  
[  5]  14.00-15.00  sec   939 MBytes  7.87 Gbits/sec                  
[  5]  15.00-16.00  sec   873 MBytes  7.32 Gbits/sec                  
[  5]  16.00-17.00  sec  1.03 GBytes  8.85 Gbits/sec                  
[  5]  17.00-18.00  sec  1020 MBytes  8.56 Gbits/sec                  
[  5]  18.00-19.00  sec  1.13 GBytes  9.67 Gbits/sec                  
[  5]  19.00-20.00  sec  1.21 GBytes  10.4 Gbits/sec                  
[  5]  20.00-21.00  sec  1.39 GBytes  11.9 Gbits/sec                  
[  5]  21.00-22.00  sec  1.25 GBytes  10.8 Gbits/sec                  
[  5]  22.00-23.00  sec  1.15 GBytes  9.91 Gbits/sec                  
[  5]  23.00-24.00  sec   912 MBytes  7.65 Gbits/sec                  
[  5]  24.00-25.00  sec   909 MBytes  7.62 Gbits/sec                  
[  5]  25.00-26.00  sec  1.54 GBytes  13.2 Gbits/sec                  
[  5]  26.00-27.00  sec  1.40 GBytes  12.0 Gbits/sec                  
[  5]  27.00-28.00  sec  1.44 GBytes  12.4 Gbits/sec                  
[  5]  28.00-29.00  sec  1.06 GBytes  9.11 Gbits/sec                  
[  5]  29.00-30.00  sec  1.24 GBytes  10.7 Gbits/sec                  
[  5]  30.00-31.00  sec  1.35 GBytes  11.6 Gbits/sec                  
[  5]  31.00-32.00  sec  1.07 GBytes  9.20 Gbits/sec                  
[  5]  32.00-33.00  sec  1.38 GBytes  11.9 Gbits/sec                  
[  5]  33.00-34.00  sec  1.26 GBytes  10.8 Gbits/sec                  
[  5]  34.00-35.00  sec   845 MBytes  7.09 Gbits/sec                  
[  5]  35.00-36.00  sec   801 MBytes  6.72 Gbits/sec                  
[  5]  36.00-37.00  sec   798 MBytes  6.70 Gbits/sec                  
[  5]  37.00-38.00  sec  1.48 GBytes  12.7 Gbits/sec                  
[  5]  38.00-39.00  sec  1.27 GBytes  10.9 Gbits/sec                  
[  5]  39.00-40.00  sec  1.21 GBytes  10.4 Gbits/sec                  
[  5]  40.00-41.00  sec   991 MBytes  8.31 Gbits/sec                  
[  5]  41.00-42.00  sec   956 MBytes  8.02 Gbits/sec                  
[  5]  42.00-43.00  sec   885 MBytes  7.42 Gbits/sec                  
[  5]  43.00-44.00  sec   584 MBytes  4.90 Gbits/sec                  
[  5]  44.00-45.00  sec   809 MBytes  6.78 Gbits/sec                  
[  5]  45.00-46.00  sec   772 MBytes  6.48 Gbits/sec                  
[  5]  46.00-47.00  sec   759 MBytes  6.36 Gbits/sec                  
[  5]  47.00-48.00  sec   747 MBytes  6.27 Gbits/sec                  
[  5]  48.00-49.00  sec   677 MBytes  5.68 Gbits/sec                  
[  5]  49.00-50.00  sec   990 MBytes  8.30 Gbits/sec                  
[  5]  50.00-51.00  sec   941 MBytes  7.89 Gbits/sec                  
[  5]  51.00-52.00  sec  1.17 GBytes  10.1 Gbits/sec                  
[  5]  52.00-53.00  sec   751 MBytes  6.30 Gbits/sec                  
[  5]  53.00-54.00  sec   575 MBytes  4.82 Gbits/sec                  
[  5]  54.00-55.00  sec   757 MBytes  6.35 Gbits/sec                  
[  5]  55.00-56.00  sec   866 MBytes  7.26 Gbits/sec                  
[  5]  56.00-57.00  sec  1.02 GBytes  8.75 Gbits/sec                  
[  5]  57.00-58.00  sec  1.03 GBytes  8.88 Gbits/sec                  
[  5]  58.00-59.00  sec   766 MBytes  6.43 Gbits/sec                  
[  5]  59.00-60.00  sec  1.12 GBytes  9.63 Gbits/sec                  
[  5]  60.00-61.00  sec  1.16 GBytes  9.94 Gbits/sec                  
[  5]  61.00-62.00  sec  1008 MBytes  8.46 Gbits/sec                  
[  5]  62.00-63.00  sec   817 MBytes  6.85 Gbits/sec                  
[  5]  63.00-64.00  sec   796 MBytes  6.68 Gbits/sec                  
[  5]  64.00-65.00  sec   765 MBytes  6.42 Gbits/sec                  
[  5]  65.00-66.00  sec   899 MBytes  7.54 Gbits/sec                  
[  5]  66.00-67.00  sec  1.02 GBytes  8.73 Gbits/sec                  
[  5]  67.00-68.00  sec  1.01 GBytes  8.68 Gbits/sec                  
[  5]  68.00-69.00  sec  1.04 GBytes  8.91 Gbits/sec                  
[  5]  69.00-70.00  sec   912 MBytes  7.65 Gbits/sec                  
[  5]  70.00-71.00  sec   661 MBytes  5.55 Gbits/sec                  
[  5]  71.00-72.00  sec   692 MBytes  5.80 Gbits/sec                  
[  5]  72.00-73.00  sec   774 MBytes  6.50 Gbits/sec                  
[  5]  73.00-74.00  sec  1.05 GBytes  9.02 Gbits/sec                  
[  5]  74.00-75.00  sec  1.17 GBytes  10.0 Gbits/sec                  
[  5]  75.00-76.00  sec  1.20 GBytes  10.3 Gbits/sec                  
[  5]  76.00-77.00  sec  1.21 GBytes  10.4 Gbits/sec                  
[  5]  77.00-78.00  sec  1.20 GBytes  10.3 Gbits/sec                  
[  5]  78.00-79.00  sec  1.93 GBytes  16.5 Gbits/sec                  
[  5]  79.00-80.00  sec  2.00 GBytes  17.2 Gbits/sec                  
[  5]  80.00-81.00  sec  2.04 GBytes  17.5 Gbits/sec                  
[  5]  81.00-82.00  sec  1.97 GBytes  16.9 Gbits/sec                  
[  5]  82.00-83.00  sec  1.97 GBytes  16.9 Gbits/sec                  
[  5]  83.00-84.00  sec  1.31 GBytes  11.3 Gbits/sec                  
[  5]  84.00-85.00  sec  1.05 GBytes  9.00 Gbits/sec                  
[  5]  85.00-86.00  sec  1.05 GBytes  8.98 Gbits/sec                  
[  5]  86.00-87.00  sec  1.19 GBytes  10.2 Gbits/sec                  
[  5]  87.00-88.00  sec   844 MBytes  7.08 Gbits/sec                  
[  5]  88.00-89.00  sec  1.10 GBytes  9.42 Gbits/sec                  
[  5]  89.00-90.00  sec  1.36 GBytes  11.7 Gbits/sec                  
[  5]  90.00-91.00  sec   793 MBytes  6.65 Gbits/sec                  
[  5]  91.00-92.00  sec   663 MBytes  5.56 Gbits/sec                  
[  5]  92.00-93.00  sec   959 MBytes  8.04 Gbits/sec                  
[  5]  93.00-94.00  sec  1.06 GBytes  9.09 Gbits/sec                  
[  5]  94.00-95.00  sec   983 MBytes  8.24 Gbits/sec                  
[  5]  95.00-96.00  sec   976 MBytes  8.18 Gbits/sec                  
[  5]  96.00-97.00  sec   801 MBytes  6.72 Gbits/sec                  
[  5]  97.00-98.00  sec   751 MBytes  6.30 Gbits/sec                  
[  5]  98.00-99.00  sec   817 MBytes  6.85 Gbits/sec                  
[  5]  99.00-100.00 sec  1.04 GBytes  8.97 Gbits/sec                  
[  5] 100.00-101.00 sec  1.49 GBytes  12.8 Gbits/sec                  
[  5] 101.00-102.00 sec  1.48 GBytes  12.7 Gbits/sec                  
[  5] 102.00-103.00 sec  1.40 GBytes  12.1 Gbits/sec                  
[  5] 103.00-104.00 sec  1.18 GBytes  10.2 Gbits/sec                  
[  5] 104.00-105.00 sec  1.38 GBytes  11.9 Gbits/sec                  
[  5] 105.00-106.00 sec  1.60 GBytes  13.8 Gbits/sec                  
[  5] 106.00-107.00 sec  1.66 GBytes  14.3 Gbits/sec                  
[  5] 107.00-108.00 sec  1.28 GBytes  11.0 Gbits/sec                  
[  5] 108.00-109.00 sec  1.33 GBytes  11.4 Gbits/sec                  
[  5] 109.00-110.00 sec  1.29 GBytes  11.1 Gbits/sec                  
[  5] 110.00-111.00 sec  1.19 GBytes  10.2 Gbits/sec                  
[  5] 111.00-112.00 sec  1.22 GBytes  10.5 Gbits/sec                  
[  5] 112.00-113.00 sec  1.19 GBytes  10.3 Gbits/sec                  
[  5] 113.00-114.00 sec  1.47 GBytes  12.7 Gbits/sec                  
[  5] 114.00-115.00 sec  1.47 GBytes  12.7 Gbits/sec                  
[  5] 115.00-116.00 sec  1.13 GBytes  9.72 Gbits/sec                  
[  5] 116.00-117.00 sec  1.15 GBytes  9.85 Gbits/sec                  
[  5] 117.00-118.00 sec  1.20 GBytes  10.3 Gbits/sec                  
[  5] 118.00-119.00 sec  1.37 GBytes  11.7 Gbits/sec                  
[  5] 119.00-120.00 sec  1.83 GBytes  15.8 Gbits/sec                  
[  5] 120.00-120.04 sec  83.3 MBytes  17.3 Gbits/sec                  
- - - - - - - - - - - - - - - - - - - - - - - - -
[ ID] Interval           Transfer     Bitrate
[  5]   0.00-120.04 sec   129 GBytes  9.23 Gbits/sec                  receiver
