Connecting to host 192.168.4.3, port 25005
[  5] local 192.168.4.2 port 57283 connected to 192.168.4.3 port 25005
[ ID] Interval           Transfer     Bitrate         Retr  Cwnd
[  5]   0.00-10.00  sec  21.8 GBytes  18.7 Gbits/sec  797   2.97 MBytes       
[  5]  10.00-20.00  sec  16.5 GBytes  14.2 Gbits/sec  270   3.00 MBytes       
[  5]  20.00-30.00  sec  15.5 GBytes  13.3 Gbits/sec   45   3.00 MBytes       
[  5]  30.00-40.00  sec  17.9 GBytes  15.4 Gbits/sec    0   3.00 MBytes       
[  5]  40.00-50.00  sec  13.8 GBytes  11.8 Gbits/sec    0   4.52 MBytes       
[  5]  50.00-60.00  sec  16.8 GBytes  14.4 Gbits/sec    0   4.52 MBytes       
[  5]  60.00-70.00  sec  17.3 GBytes  14.9 Gbits/sec    0   4.52 MBytes       
[  5]  70.00-80.00  sec  19.7 GBytes  17.0 Gbits/sec    0   4.52 MBytes       
[  5]  80.00-90.00  sec  19.2 GBytes  16.5 Gbits/sec    0   4.52 MBytes       
[  5]  90.00-100.00 sec  16.1 GBytes  13.8 Gbits/sec    1   4.52 MBytes       
[  5] 100.00-110.00 sec  14.8 GBytes  12.8 Gbits/sec   59   4.52 MBytes       
[  5] 110.00-120.00 sec  19.7 GBytes  16.9 Gbits/sec    0   4.52 MBytes       
- - - - - - - - - - - - - - - - - - - - - - - - -
[ ID] Interval           Transfer     Bitrate         Retr
[  5]   0.00-120.00 sec   209 GBytes  15.0 Gbits/sec  1172             sender
[  5]   0.00-120.05 sec   209 GBytes  15.0 Gbits/sec                  receiver

iperf Done.
