Connecting to host 192.168.4.2, port 25007
[  5] local 192.168.4.3 port 51161 connected to 192.168.4.2 port 25007
[ ID] Interval           Transfer     Bitrate         Retr  Cwnd
[  5]   0.00-10.00  sec  7.79 GBytes  6.69 Gbits/sec    2   2.29 MBytes       
[  5]  10.00-20.00  sec  8.59 GBytes  7.38 Gbits/sec  141   2.47 MBytes       
[  5]  20.00-30.00  sec  7.89 GBytes  6.78 Gbits/sec   20   2.62 MBytes       
[  5]  30.00-40.00  sec  9.48 GBytes  8.15 Gbits/sec    0   3.00 MBytes       
[  5]  40.00-50.00  sec  7.80 GBytes  6.70 Gbits/sec    0   3.00 MBytes       
[  5]  50.00-60.00  sec  10.4 GBytes  8.94 Gbits/sec    0   3.00 MBytes       
[  5]  60.00-70.00  sec  9.22 GBytes  7.92 Gbits/sec   38   3.00 MBytes       
[  5]  70.00-80.00  sec  11.6 GBytes  9.96 Gbits/sec    0   3.00 MBytes       
[  5]  80.00-90.00  sec  10.2 GBytes  8.79 Gbits/sec  223   3.00 MBytes       
[  5]  90.00-100.00 sec  7.80 GBytes  6.70 Gbits/sec  410   3.00 MBytes       
[  5] 100.00-110.00 sec  12.6 GBytes  10.8 Gbits/sec   64   3.00 MBytes       
[  5] 110.00-120.00 sec  15.5 GBytes  13.3 Gbits/sec   31   3.00 MBytes       
- - - - - - - - - - - - - - - - - - - - - - - - -
[ ID] Interval           Transfer     Bitrate         Retr
[  5]   0.00-120.00 sec   119 GBytes  8.51 Gbits/sec  929             sender
[  5]   0.00-120.04 sec   119 GBytes  8.51 Gbits/sec                  receiver

iperf Done.
