Connecting to host 192.168.4.2, port 25006
[  5] local 192.168.4.3 port 45211 connected to 192.168.4.2 port 25006
[ ID] Interval           Transfer     Bitrate         Retr  Cwnd
[  5]   0.00-10.00  sec  7.67 GBytes  6.59 Gbits/sec    0   1.80 MBytes       
[  5]  10.00-20.00  sec  6.83 GBytes  5.86 Gbits/sec    0   2.01 MBytes       
[  5]  20.00-30.00  sec  10.5 GBytes  9.01 Gbits/sec    0   3.34 MBytes       
[  5]  30.00-40.00  sec  10.3 GBytes  8.86 Gbits/sec    0   3.34 MBytes       
[  5]  40.00-50.00  sec  12.8 GBytes  11.0 Gbits/sec    0   3.34 MBytes       
[  5]  50.00-60.00  sec  9.94 GBytes  8.54 Gbits/sec  159   3.34 MBytes       
[  5]  60.00-70.00  sec  8.61 GBytes  7.40 Gbits/sec    0   3.34 MBytes       
[  5]  70.00-80.00  sec  10.9 GBytes  9.38 Gbits/sec    0   3.34 MBytes       
[  5]  80.00-90.00  sec  10.2 GBytes  8.79 Gbits/sec  225   3.34 MBytes       
[  5]  90.00-100.00 sec  12.3 GBytes  10.6 Gbits/sec   45   3.34 MBytes       
[  5] 100.00-110.00 sec  12.3 GBytes  10.6 Gbits/sec    0   3.34 MBytes       
[  5] 110.00-120.00 sec  15.6 GBytes  13.4 Gbits/sec    4   3.34 MBytes       
- - - - - - - - - - - - - - - - - - - - - - - - -
[ ID] Interval           Transfer     Bitrate         Retr
[  5]   0.00-120.00 sec   128 GBytes  9.17 Gbits/sec  433             sender
[  5]   0.00-120.04 sec   128 GBytes  9.17 Gbits/sec                  receiver

iperf Done.
