Connecting to host 192.168.2.2, port 25002
[  5] local 192.168.2.3 port 42501 connected to 192.168.2.2 port 25002
[ ID] Interval           Transfer     Bitrate         Retr  Cwnd
[  5]   0.00-10.00  sec  7.85 GBytes  6.74 Gbits/sec    0   1.58 MBytes       
[  5]  10.00-20.00  sec  8.50 GBytes  7.30 Gbits/sec   42   1.62 MBytes       
[  5]  20.00-30.00  sec  8.11 GBytes  6.96 Gbits/sec  209   1.85 MBytes       
[  5]  30.00-40.00  sec  7.91 GBytes  6.79 Gbits/sec   28   2.15 MBytes       
[  5]  40.00-50.00  sec  7.89 GBytes  6.78 Gbits/sec   76   2.66 MBytes       
[  5]  50.00-60.00  sec  12.6 GBytes  10.8 Gbits/sec    0   3.05 MBytes       
[  5]  60.00-70.00  sec  10.4 GBytes  8.96 Gbits/sec    0   3.05 MBytes       
[  5]  70.00-80.00  sec  11.7 GBytes  10.1 Gbits/sec  295   3.05 MBytes       
[  5]  80.00-90.00  sec  8.00 GBytes  6.87 Gbits/sec    0   3.05 MBytes       
[  5]  90.00-100.00 sec  10.2 GBytes  8.78 Gbits/sec   27   3.05 MBytes       
[  5] 100.00-110.00 sec  10.4 GBytes  8.94 Gbits/sec   50   3.05 MBytes       
[  5] 110.00-120.00 sec  13.5 GBytes  11.6 Gbits/sec    0   3.05 MBytes       
- - - - - - - - - - - - - - - - - - - - - - - - -
[ ID] Interval           Transfer     Bitrate         Retr
[  5]   0.00-120.00 sec   117 GBytes  8.38 Gbits/sec  727             sender
[  5]   0.00-120.04 sec   117 GBytes  8.38 Gbits/sec                  receiver

iperf Done.
