Connecting to host 192.168.4.2, port 25005
[  5] local 192.168.4.3 port 35427 connected to 192.168.4.2 port 25005
[ ID] Interval           Transfer     Bitrate         Retr  Cwnd
[  5]   0.00-10.00  sec  7.67 GBytes  6.59 Gbits/sec    5   2.74 MBytes       
[  5]  10.00-20.00  sec  6.66 GBytes  5.72 Gbits/sec  396   2.74 MBytes       
[  5]  20.00-30.00  sec  7.91 GBytes  6.80 Gbits/sec  135   3.00 MBytes       
[  5]  30.00-40.00  sec  9.37 GBytes  8.05 Gbits/sec    0   3.00 MBytes       
[  5]  40.00-50.00  sec  11.2 GBytes  9.58 Gbits/sec    0   3.00 MBytes       
[  5]  50.00-60.00  sec  10.0 GBytes  8.61 Gbits/sec    0   3.00 MBytes       
[  5]  60.00-70.00  sec  8.66 GBytes  7.44 Gbits/sec   10   3.00 MBytes       
[  5]  70.00-80.00  sec  10.2 GBytes  8.77 Gbits/sec  224   3.00 MBytes       
[  5]  80.00-90.00  sec  9.24 GBytes  7.93 Gbits/sec    1   3.00 MBytes       
[  5]  90.00-100.00 sec  7.90 GBytes  6.78 Gbits/sec   17   3.00 MBytes       
[  5] 100.00-110.00 sec  12.8 GBytes  11.0 Gbits/sec    0   3.00 MBytes       
[  5] 110.00-120.00 sec  8.41 GBytes  7.23 Gbits/sec    0   3.00 MBytes       
- - - - - - - - - - - - - - - - - - - - - - - - -
[ ID] Interval           Transfer     Bitrate         Retr
[  5]   0.00-120.00 sec   110 GBytes  7.88 Gbits/sec  788             sender
[  5]   0.00-120.04 sec   110 GBytes  7.87 Gbits/sec                  receiver

iperf Done.
