Connecting to host 192.168.2.3, port 25000
[  5] local 192.168.2.2 port 36195 connected to 192.168.2.3 port 25000
[ ID] Interval           Transfer     Bitrate         Retr  Cwnd
[  5]   0.00-10.00  sec  20.8 GBytes  17.8 Gbits/sec  145   3.05 MBytes       
[  5]  10.00-20.00  sec  22.0 GBytes  18.9 Gbits/sec    0   3.05 MBytes       
[  5]  20.00-30.00  sec  20.7 GBytes  17.8 Gbits/sec    0   3.05 MBytes       
[  5]  30.00-40.00  sec  17.4 GBytes  14.9 Gbits/sec    0   3.05 MBytes       
[  5]  40.00-50.00  sec  14.2 GBytes  12.2 Gbits/sec  231   3.05 MBytes       
[  5]  50.00-60.00  sec  18.0 GBytes  15.4 Gbits/sec    1   3.05 MBytes       
[  5]  60.00-70.00  sec  17.5 GBytes  15.0 Gbits/sec  113   3.05 MBytes       
[  5]  70.00-80.00  sec  22.1 GBytes  19.0 Gbits/sec    0   3.05 MBytes       
[  5]  80.00-90.00  sec  16.9 GBytes  14.5 Gbits/sec    1   2.48 MBytes       
[  5]  90.00-100.00 sec  20.7 GBytes  17.8 Gbits/sec   74   2.94 MBytes       
[  5] 100.00-110.00 sec  17.2 GBytes  14.8 Gbits/sec    0   3.04 MBytes       
[  5] 110.00-120.00 sec  12.9 GBytes  11.1 Gbits/sec    0   3.04 MBytes       
- - - - - - - - - - - - - - - - - - - - - - - - -
[ ID] Interval           Transfer     Bitrate         Retr
[  5]   0.00-120.00 sec   220 GBytes  15.8 Gbits/sec  565             sender
[  5]   0.00-120.05 sec   220 GBytes  15.8 Gbits/sec                  receiver

iperf Done.
