Connecting to host 192.168.2.3, port 25003
[  5] local 192.168.2.2 port 44703 connected to 192.168.2.3 port 25003
[ ID] Interval           Transfer     Bitrate         Retr  Cwnd
[  5]   0.00-10.00  sec  22.7 GBytes  19.5 Gbits/sec   74   3.02 MBytes       
[  5]  10.00-20.00  sec  15.8 GBytes  13.6 Gbits/sec  361   3.02 MBytes       
[  5]  20.00-30.00  sec  18.6 GBytes  15.9 Gbits/sec  757   3.02 MBytes       
[  5]  30.00-40.00  sec  18.4 GBytes  15.8 Gbits/sec    0   3.02 MBytes       
[  5]  40.00-50.00  sec  19.1 GBytes  16.4 Gbits/sec    0   3.02 MBytes       
[  5]  50.00-60.00  sec  18.3 GBytes  15.7 Gbits/sec   14   3.02 MBytes       
[  5]  60.00-70.00  sec  18.7 GBytes  16.1 Gbits/sec    0   3.02 MBytes       
[  5]  70.00-80.00  sec  17.6 GBytes  15.1 Gbits/sec    0   3.02 MBytes       
[  5]  80.00-90.00  sec  15.8 GBytes  13.6 Gbits/sec    0   3.02 MBytes       
[  5]  90.00-100.00 sec  13.6 GBytes  11.7 Gbits/sec    0   3.02 MBytes       
[  5] 100.00-110.00 sec  13.0 GBytes  11.1 Gbits/sec    0   3.02 MBytes       
[  5] 110.00-120.00 sec  17.5 GBytes  15.1 Gbits/sec    0   3.02 MBytes       
- - - - - - - - - - - - - - - - - - - - - - - - -
[ ID] Interval           Transfer     Bitrate         Retr
[  5]   0.00-120.00 sec   209 GBytes  15.0 Gbits/sec  1206             sender
[  5]   0.00-120.05 sec   209 GBytes  15.0 Gbits/sec                  receiver

iperf Done.
