-----------------------------------------------------------
Server listening on 25002
-----------------------------------------------------------
Accepted connection from 192.168.2.3, port 58547
[  5] local 192.168.2.2 port 25002 connected to 192.168.2.3 port 42501
[ ID] Interval           Transfer     Bitrate
[  5]   0.00-1.00   sec   599 MBytes  5.03 Gbits/sec                  
[  5]   1.00-2.00   sec   725 MBytes  6.08 Gbits/sec                  
[  5]   2.00-3.00   sec   718 MBytes  6.02 Gbits/sec                  
[  5]   3.00-4.00   sec   772 MBytes  6.48 Gbits/sec                  
[  5]   4.00-5.00   sec   835 MBytes  7.01 Gbits/sec                  
[  5]   5.00-6.00   sec   830 MBytes  6.96 Gbits/sec                  
[  5]   6.00-7.00   sec   734 MBytes  6.15 Gbits/sec                  
[  5]   7.00-8.00   sec   973 MBytes  8.16 Gbits/sec                  
[  5]   8.00-9.00   sec   928 MBytes  7.78 Gbits/sec                  
[  5]   9.00-10.00  sec   887 MBytes  7.44 Gbits/sec                  
[  5]  10.00-11.00  sec   901 MBytes  7.56 Gbits/sec                  
[  5]  11.00-12.00  sec   956 MBytes  8.02 Gbits/sec                  
[  5]  12.00-13.00  sec   872 MBytes  7.31 Gbits/sec                  
[  5]  13.00-14.00  sec   859 MBytes  7.21 Gbits/sec                  
[  5]  14.00-15.00  sec   939 MBytes  7.88 Gbits/sec                  
[  5]  15.00-16.00  sec   864 MBytes  7.24 Gbits/sec                  
[  5]  16.00-17.00  sec  1.03 GBytes  8.84 Gbits/sec                  
[  5]  17.00-18.00  sec  1019 MBytes  8.55 Gbits/sec                  
[  5]  18.00-19.00  sec   680 MBytes  5.70 Gbits/sec                  
[  5]  19.00-20.00  sec   575 MBytes  4.82 Gbits/sec                  
[  5]  20.00-21.00  sec   477 MBytes  4.00 Gbits/sec                  
[  5]  21.00-22.00  sec   560 MBytes  4.70 Gbits/sec                  
[  5]  22.00-23.00  sec  1.34 GBytes  11.5 Gbits/sec                  
[  5]  23.00-24.00  sec   919 MBytes  7.71 Gbits/sec                  
[  5]  24.00-25.00  sec   917 MBytes  7.70 Gbits/sec                  
[  5]  25.00-26.00  sec   683 MBytes  5.73 Gbits/sec                  
[  5]  26.00-27.00  sec   719 MBytes  6.04 Gbits/sec                  
[  5]  27.00-28.00  sec   737 MBytes  6.18 Gbits/sec                  
[  5]  28.00-29.00  sec   980 MBytes  8.22 Gbits/sec                  
[  5]  29.00-30.00  sec   933 MBytes  7.83 Gbits/sec                  
[  5]  30.00-31.00  sec   641 MBytes  5.38 Gbits/sec                  
[  5]  31.00-32.00  sec   869 MBytes  7.29 Gbits/sec                  
[  5]  32.00-33.00  sec   740 MBytes  6.21 Gbits/sec                  
[  5]  33.00-34.00  sec   760 MBytes  6.38 Gbits/sec                  
[  5]  34.00-35.00  sec  1.35 GBytes  11.6 Gbits/sec                  
[  5]  35.00-36.00  sec   834 MBytes  6.99 Gbits/sec                  
[  5]  36.00-37.00  sec   739 MBytes  6.20 Gbits/sec                  
[  5]  37.00-38.00  sec   605 MBytes  5.07 Gbits/sec                  
[  5]  38.00-39.00  sec   677 MBytes  5.68 Gbits/sec                  
[  5]  39.00-40.00  sec   843 MBytes  7.08 Gbits/sec                  
[  5]  40.00-41.00  sec   999 MBytes  8.38 Gbits/sec                  
[  5]  41.00-42.00  sec   945 MBytes  7.93 Gbits/sec                  
[  5]  42.00-43.00  sec   799 MBytes  6.70 Gbits/sec                  
[  5]  43.00-44.00  sec   590 MBytes  4.95 Gbits/sec                  
[  5]  44.00-45.00  sec   818 MBytes  6.86 Gbits/sec                  
[  5]  45.00-46.00  sec   764 MBytes  6.41 Gbits/sec                  
[  5]  46.00-47.00  sec   755 MBytes  6.33 Gbits/sec                  
[  5]  47.00-48.00  sec   744 MBytes  6.24 Gbits/sec                  
[  5]  48.00-49.00  sec   678 MBytes  5.69 Gbits/sec                  
[  5]  49.00-50.00  sec   992 MBytes  8.32 Gbits/sec                  
[  5]  50.00-51.00  sec   939 MBytes  7.88 Gbits/sec                  
[  5]  51.00-52.00  sec  1.16 GBytes  9.96 Gbits/sec                  
[  5]  52.00-53.00  sec  1.74 GBytes  15.0 Gbits/sec                  
[  5]  53.00-54.00  sec  1.66 GBytes  14.3 Gbits/sec                  
[  5]  54.00-55.00  sec  1.31 GBytes  11.2 Gbits/sec                  
[  5]  55.00-56.00  sec  1.25 GBytes  10.7 Gbits/sec                  
[  5]  56.00-57.00  sec  1.03 GBytes  8.84 Gbits/sec                  
[  5]  57.00-58.00  sec  1.20 GBytes  10.3 Gbits/sec                  
[  5]  58.00-59.00  sec  1.18 GBytes  10.1 Gbits/sec                  
[  5]  59.00-60.00  sec  1.12 GBytes  9.62 Gbits/sec                  
[  5]  60.00-61.00  sec  1.16 GBytes  9.94 Gbits/sec                  
[  5]  61.00-62.00  sec  1004 MBytes  8.42 Gbits/sec                  
[  5]  62.00-63.00  sec   984 MBytes  8.25 Gbits/sec                  
[  5]  63.00-64.00  sec  1.05 GBytes  9.04 Gbits/sec                  
[  5]  64.00-65.00  sec  1.18 GBytes  10.2 Gbits/sec                  
[  5]  65.00-66.00  sec   908 MBytes  7.62 Gbits/sec                  
[  5]  66.00-67.00  sec  1.01 GBytes  8.72 Gbits/sec                  
[  5]  67.00-68.00  sec  1.01 GBytes  8.70 Gbits/sec                  
[  5]  68.00-69.00  sec  1.03 GBytes  8.83 Gbits/sec                  
[  5]  69.00-70.00  sec  1.16 GBytes  9.96 Gbits/sec                  
[  5]  70.00-71.00  sec  1.29 GBytes  11.0 Gbits/sec                  
[  5]  71.00-72.00  sec  1.35 GBytes  11.6 Gbits/sec                  
[  5]  72.00-73.00  sec  1.49 GBytes  12.8 Gbits/sec                  
[  5]  73.00-74.00  sec  1.53 GBytes  13.1 Gbits/sec                  
[  5]  74.00-75.00  sec  1.17 GBytes  10.0 Gbits/sec                  
[  5]  75.00-76.00  sec  1.20 GBytes  10.3 Gbits/sec                  
[  5]  76.00-77.00  sec  1.21 GBytes  10.4 Gbits/sec                  
[  5]  77.00-78.00  sec  1.12 GBytes  9.64 Gbits/sec                  
[  5]  78.00-79.00  sec   713 MBytes  5.98 Gbits/sec                  
[  5]  79.00-80.00  sec   686 MBytes  5.76 Gbits/sec                  
[  5]  80.00-81.00  sec   698 MBytes  5.86 Gbits/sec                  
[  5]  81.00-82.00  sec   676 MBytes  5.67 Gbits/sec                  
[  5]  82.00-83.00  sec   690 MBytes  5.79 Gbits/sec                  
[  5]  83.00-84.00  sec   815 MBytes  6.84 Gbits/sec                  
[  5]  84.00-85.00  sec  1.05 GBytes  9.01 Gbits/sec                  
[  5]  85.00-86.00  sec  1.04 GBytes  8.96 Gbits/sec                  
[  5]  86.00-87.00  sec   800 MBytes  6.71 Gbits/sec                  
[  5]  87.00-88.00  sec   693 MBytes  5.81 Gbits/sec                  
[  5]  88.00-89.00  sec   978 MBytes  8.21 Gbits/sec                  
[  5]  89.00-90.00  sec   698 MBytes  5.85 Gbits/sec                  
[  5]  90.00-91.00  sec   694 MBytes  5.82 Gbits/sec                  
[  5]  91.00-92.00  sec   659 MBytes  5.53 Gbits/sec                  
[  5]  92.00-93.00  sec   961 MBytes  8.06 Gbits/sec                  
[  5]  93.00-94.00  sec  1.06 GBytes  9.09 Gbits/sec                  
[  5]  94.00-95.00  sec   981 MBytes  8.23 Gbits/sec                  
[  5]  95.00-96.00  sec   977 MBytes  8.19 Gbits/sec                  
[  5]  96.00-97.00  sec   805 MBytes  6.75 Gbits/sec                  
[  5]  97.00-98.00  sec  1.51 GBytes  13.0 Gbits/sec                  
[  5]  98.00-99.00  sec  1.66 GBytes  14.2 Gbits/sec                  
[  5]  99.00-100.00 sec  1.02 GBytes  8.79 Gbits/sec                  
[  5] 100.00-101.00 sec   819 MBytes  6.87 Gbits/sec                  
[  5] 101.00-102.00 sec   754 MBytes  6.33 Gbits/sec                  
[  5] 102.00-103.00 sec   978 MBytes  8.20 Gbits/sec                  
[  5] 103.00-104.00 sec  1.19 GBytes  10.2 Gbits/sec                  
[  5] 104.00-105.00 sec  1.17 GBytes  10.1 Gbits/sec                  
[  5] 105.00-106.00 sec   816 MBytes  6.84 Gbits/sec                  
[  5] 106.00-107.00 sec   856 MBytes  7.18 Gbits/sec                  
[  5] 107.00-108.00 sec  1.29 GBytes  11.1 Gbits/sec                  
[  5] 108.00-109.00 sec  1.33 GBytes  11.4 Gbits/sec                  
[  5] 109.00-110.00 sec  1.30 GBytes  11.1 Gbits/sec                  
[  5] 110.00-111.00 sec  1.20 GBytes  10.3 Gbits/sec                  
[  5] 111.00-112.00 sec  1.22 GBytes  10.5 Gbits/sec                  
[  5] 112.00-113.00 sec  1.20 GBytes  10.3 Gbits/sec                  
[  5] 113.00-114.00 sec  1.48 GBytes  12.7 Gbits/sec                  
[  5] 114.00-115.00 sec  1.48 GBytes  12.7 Gbits/sec                  
[  5] 115.00-116.00 sec  1.13 GBytes  9.75 Gbits/sec                  
[  5] 116.00-117.00 sec  1.15 GBytes  9.85 Gbits/sec                  
[  5] 117.00-118.00 sec  1.20 GBytes  10.3 Gbits/sec                  
[  5] 118.00-119.00 sec  1.36 GBytes  11.7 Gbits/sec                  
[  5] 119.00-120.00 sec  2.05 GBytes  17.6 Gbits/sec                  
[  5] 120.00-120.04 sec   110 MBytes  21.1 Gbits/sec                  
- - - - - - - - - - - - - - - - - - - - - - - - -
[ ID] Interval           Transfer     Bitrate
[  5]   0.00-120.04 sec   117 GBytes  8.38 Gbits/sec                  receiver
