Connecting to host 192.168.2.3, port 25001
[  5] local 192.168.2.2 port 40867 connected to 192.168.2.3 port 25001
[ ID] Interval           Transfer     Bitrate         Retr  Cwnd
[  5]   0.00-10.00  sec  21.8 GBytes  18.8 Gbits/sec  180   2.45 MBytes       
[  5]  10.00-20.00  sec  19.3 GBytes  16.6 Gbits/sec  219   3.00 MBytes       
[  5]  20.00-30.00  sec  17.7 GBytes  15.2 Gbits/sec    0   3.00 MBytes       
[  5]  30.00-40.00  sec  19.8 GBytes  17.0 Gbits/sec    0   3.00 MBytes       
[  5]  40.00-50.00  sec  21.6 GBytes  18.6 Gbits/sec    0   3.00 MBytes       
[  5]  50.00-60.00  sec  18.5 GBytes  15.9 Gbits/sec    1   3.00 MBytes       
[  5]  60.00-70.00  sec  16.9 GBytes  14.5 Gbits/sec  135   3.00 MBytes       
[  5]  70.00-80.00  sec  14.1 GBytes  12.1 Gbits/sec  139   3.00 MBytes       
[  5]  80.00-90.00  sec  17.2 GBytes  14.8 Gbits/sec    0   3.00 MBytes       
[  5]  90.00-100.00 sec  16.3 GBytes  14.0 Gbits/sec    0   3.00 MBytes       
[  5] 100.00-110.00 sec  16.9 GBytes  14.5 Gbits/sec  265   3.00 MBytes       
[  5] 110.00-120.00 sec  13.1 GBytes  11.3 Gbits/sec   96   3.00 MBytes       
- - - - - - - - - - - - - - - - - - - - - - - - -
[ ID] Interval           Transfer     Bitrate         Retr
[  5]   0.00-120.00 sec   213 GBytes  15.3 Gbits/sec  1035             sender
[  5]   0.00-120.05 sec   213 GBytes  15.3 Gbits/sec                  receiver

iperf Done.
