-----------------------------------------------------------
Server listening on 25006
-----------------------------------------------------------
Accepted connection from 192.168.4.3, port 59853
[  5] local 192.168.4.2 port 25006 connected to 192.168.4.3 port 45211
[ ID] Interval           Transfer     Bitrate
[  5]   0.00-1.00   sec   739 MBytes  6.20 Gbits/sec                  
[  5]   1.00-2.00   sec   952 MBytes  7.98 Gbits/sec                  
[  5]   2.00-3.00   sec   941 MBytes  7.90 Gbits/sec                  
[  5]   3.00-4.00   sec   998 MBytes  8.38 Gbits/sec                  
[  5]   4.00-5.00   sec   816 MBytes  6.85 Gbits/sec                  
[  5]   5.00-6.00   sec   793 MBytes  6.65 Gbits/sec                  
[  5]   6.00-7.00   sec   690 MBytes  5.79 Gbits/sec                  
[  5]   7.00-8.00   sec   645 MBytes  5.41 Gbits/sec                  
[  5]   8.00-9.00   sec   642 MBytes  5.38 Gbits/sec                  
[  5]   9.00-10.00  sec   601 MBytes  5.04 Gbits/sec                  
[  5]  10.00-11.00  sec   610 MBytes  5.12 Gbits/sec                  
[  5]  11.00-12.00  sec   627 MBytes  5.26 Gbits/sec                  
[  5]  12.00-13.00  sec   571 MBytes  4.79 Gbits/sec                  
[  5]  13.00-14.00  sec   554 MBytes  4.65 Gbits/sec                  
[  5]  14.00-15.00  sec   609 MBytes  5.11 Gbits/sec                  
[  5]  15.00-16.00  sec   610 MBytes  5.12 Gbits/sec                  
[  5]  16.00-17.00  sec   893 MBytes  7.49 Gbits/sec                  
[  5]  17.00-18.00  sec   940 MBytes  7.88 Gbits/sec                  
[  5]  18.00-19.00  sec   822 MBytes  6.89 Gbits/sec                  
[  5]  19.00-20.00  sec   757 MBytes  6.35 Gbits/sec                  
[  5]  20.00-21.00  sec   637 MBytes  5.34 Gbits/sec                  
[  5]  21.00-22.00  sec   677 MBytes  5.68 Gbits/sec                  
[  5]  22.00-23.00  sec   964 MBytes  8.09 Gbits/sec                  
[  5]  23.00-24.00  sec   934 MBytes  7.84 Gbits/sec                  
[  5]  24.00-25.00  sec   913 MBytes  7.66 Gbits/sec                  
[  5]  25.00-26.00  sec  1.03 GBytes  8.84 Gbits/sec                  
[  5]  26.00-27.00  sec  1.41 GBytes  12.1 Gbits/sec                  
[  5]  27.00-28.00  sec  1.44 GBytes  12.4 Gbits/sec                  
[  5]  28.00-29.00  sec  1.34 GBytes  11.5 Gbits/sec                  
[  5]  29.00-30.00  sec  1.23 GBytes  10.6 Gbits/sec                  
[  5]  30.00-31.00  sec   973 MBytes  8.16 Gbits/sec                  
[  5]  31.00-32.00  sec  1.12 GBytes  9.65 Gbits/sec                  
[  5]  32.00-33.00  sec  1.05 GBytes  9.00 Gbits/sec                  
[  5]  33.00-34.00  sec  1013 MBytes  8.50 Gbits/sec                  
[  5]  34.00-35.00  sec  1.10 GBytes  9.41 Gbits/sec                  
[  5]  35.00-36.00  sec   973 MBytes  8.17 Gbits/sec                  
[  5]  36.00-37.00  sec   935 MBytes  7.84 Gbits/sec                  
[  5]  37.00-38.00  sec   902 MBytes  7.57 Gbits/sec                  
[  5]  38.00-39.00  sec  1.01 GBytes  8.71 Gbits/sec                  
[  5]  39.00-40.00  sec  1.34 GBytes  11.5 Gbits/sec                  
[  5]  40.00-41.00  sec  1014 MBytes  8.51 Gbits/sec                  
[  5]  41.00-42.00  sec   965 MBytes  8.09 Gbits/sec                  
[  5]  42.00-43.00  sec  1.03 GBytes  8.83 Gbits/sec                  
[  5]  43.00-44.00  sec  1.13 GBytes  9.68 Gbits/sec                  
[  5]  44.00-45.00  sec  1.35 GBytes  11.6 Gbits/sec                  
[  5]  45.00-46.00  sec  1.50 GBytes  12.9 Gbits/sec                  
[  5]  46.00-47.00  sec  1.48 GBytes  12.7 Gbits/sec                  
[  5]  47.00-48.00  sec  1.64 GBytes  14.1 Gbits/sec                  
[  5]  48.00-49.00  sec  1.77 GBytes  15.2 Gbits/sec                  
[  5]  49.00-50.00  sec  1.04 GBytes  8.93 Gbits/sec                  
[  5]  50.00-51.00  sec   942 MBytes  7.90 Gbits/sec                  
[  5]  51.00-52.00  sec  1006 MBytes  8.44 Gbits/sec                  
[  5]  52.00-53.00  sec   987 MBytes  8.28 Gbits/sec                  
[  5]  53.00-54.00  sec   813 MBytes  6.82 Gbits/sec                  
[  5]  54.00-55.00  sec   996 MBytes  8.36 Gbits/sec                  
[  5]  55.00-56.00  sec  1.06 GBytes  9.14 Gbits/sec                  
[  5]  56.00-57.00  sec  1.11 GBytes  9.57 Gbits/sec                  
[  5]  57.00-58.00  sec  1.10 GBytes  9.41 Gbits/sec                  
[  5]  58.00-59.00  sec  1.10 GBytes  9.48 Gbits/sec                  
[  5]  59.00-60.00  sec   948 MBytes  7.95 Gbits/sec                  
[  5]  60.00-61.00  sec   774 MBytes  6.49 Gbits/sec                  
[  5]  61.00-62.00  sec   650 MBytes  5.45 Gbits/sec                  
[  5]  62.00-63.00  sec   598 MBytes  5.02 Gbits/sec                  
[  5]  63.00-64.00  sec   737 MBytes  6.18 Gbits/sec                  
[  5]  64.00-65.00  sec  1002 MBytes  8.41 Gbits/sec                  
[  5]  65.00-66.00  sec   955 MBytes  8.01 Gbits/sec                  
[  5]  66.00-67.00  sec   970 MBytes  8.13 Gbits/sec                  
[  5]  67.00-68.00  sec   981 MBytes  8.23 Gbits/sec                  
[  5]  68.00-69.00  sec  1.03 GBytes  8.86 Gbits/sec                  
[  5]  69.00-70.00  sec  1.06 GBytes  9.12 Gbits/sec                  
[  5]  70.00-71.00  sec  1008 MBytes  8.46 Gbits/sec                  
[  5]  71.00-72.00  sec  1.02 GBytes  8.79 Gbits/sec                  
[  5]  72.00-73.00  sec  1.14 GBytes  9.81 Gbits/sec                  
[  5]  73.00-74.00  sec  1.20 GBytes  10.3 Gbits/sec                  
[  5]  74.00-75.00  sec  1.30 GBytes  11.1 Gbits/sec                  
[  5]  75.00-76.00  sec  1.16 GBytes  9.94 Gbits/sec                  
[  5]  76.00-77.00  sec   999 MBytes  8.38 Gbits/sec                  
[  5]  77.00-78.00  sec   776 MBytes  6.51 Gbits/sec                  
[  5]  78.00-79.00  sec  1022 MBytes  8.57 Gbits/sec                  
[  5]  79.00-80.00  sec  1.37 GBytes  11.8 Gbits/sec                  
[  5]  80.00-81.00  sec  1.10 GBytes  9.42 Gbits/sec                  
[  5]  81.00-82.00  sec  1.02 GBytes  8.74 Gbits/sec                  
[  5]  82.00-83.00  sec   924 MBytes  7.75 Gbits/sec                  
[  5]  83.00-84.00  sec   646 MBytes  5.42 Gbits/sec                  
[  5]  84.00-85.00  sec   930 MBytes  7.80 Gbits/sec                  
[  5]  85.00-86.00  sec   694 MBytes  5.82 Gbits/sec                  
[  5]  86.00-87.00  sec   785 MBytes  6.58 Gbits/sec                  
[  5]  87.00-88.00  sec   940 MBytes  7.88 Gbits/sec                  
[  5]  88.00-89.00  sec  1.53 GBytes  13.2 Gbits/sec                  
[  5]  89.00-90.00  sec  1.79 GBytes  15.4 Gbits/sec                  
[  5]  90.00-91.00  sec  1.38 GBytes  11.9 Gbits/sec                  
[  5]  91.00-92.00  sec  1.32 GBytes  11.4 Gbits/sec                  
[  5]  92.00-93.00  sec  1.49 GBytes  12.8 Gbits/sec                  
[  5]  93.00-94.00  sec  1.07 GBytes  9.20 Gbits/sec                  
[  5]  94.00-95.00  sec  1005 MBytes  8.43 Gbits/sec                  
[  5]  95.00-96.00  sec  1.08 GBytes  9.30 Gbits/sec                  
[  5]  96.00-97.00  sec  1.55 GBytes  13.3 Gbits/sec                  
[  5]  97.00-98.00  sec  1.47 GBytes  12.6 Gbits/sec                  
[  5]  98.00-99.00  sec   945 MBytes  7.93 Gbits/sec                  
[  5]  99.00-100.00 sec  1.04 GBytes  8.91 Gbits/sec                  
[  5] 100.00-101.00 sec  1.14 GBytes  9.76 Gbits/sec                  
[  5] 101.00-102.00 sec  1.11 GBytes  9.57 Gbits/sec                  
[  5] 102.00-103.00 sec  1.20 GBytes  10.3 Gbits/sec                  
[  5] 103.00-104.00 sec   903 MBytes  7.58 Gbits/sec                  
[  5] 104.00-105.00 sec   970 MBytes  8.14 Gbits/sec                  
[  5] 105.00-106.00 sec  1.21 GBytes  10.4 Gbits/sec                  
[  5] 106.00-107.00 sec  1.25 GBytes  10.8 Gbits/sec                  
[  5] 107.00-108.00 sec  1.28 GBytes  11.0 Gbits/sec                  
[  5] 108.00-109.00 sec  1.34 GBytes  11.5 Gbits/sec                  
[  5] 109.00-110.00 sec  1.94 GBytes  16.6 Gbits/sec                  
[  5] 110.00-111.00 sec  2.28 GBytes  19.6 Gbits/sec                  
[  5] 111.00-112.00 sec  2.34 GBytes  20.1 Gbits/sec                  
[  5] 112.00-113.00 sec  2.35 GBytes  20.2 Gbits/sec                  
[  5] 113.00-114.00 sec  2.27 GBytes  19.5 Gbits/sec                  
[  5] 114.00-115.00 sec  1.93 GBytes  16.6 Gbits/sec                  
[  5] 115.00-116.00 sec   860 MBytes  7.21 Gbits/sec                  
[  5] 116.00-117.00 sec   797 MBytes  6.69 Gbits/sec                  
[  5] 117.00-118.00 sec   785 MBytes  6.59 Gbits/sec                  
[  5] 118.00-119.00 sec   748 MBytes  6.27 Gbits/sec                  
[  5] 119.00-120.00 sec  1.34 GBytes  11.5 Gbits/sec                  
[  5] 120.00-120.04 sec  70.3 MBytes  13.3 Gbits/sec                  
- - - - - - - - - - - - - - - - - - - - - - - - -
[ ID] Interval           Transfer     Bitrate
[  5]   0.00-120.04 sec   128 GBytes  9.17 Gbits/sec                  receiver
