Connecting to host 192.168.2.3, port 25002
[  5] local 192.168.2.2 port 47663 connected to 192.168.2.3 port 25002
[ ID] Interval           Transfer     Bitrate         Retr  Cwnd
[  5]   0.00-10.00  sec  17.9 GBytes  15.4 Gbits/sec    0   3.15 MBytes       
[  5]  10.00-20.00  sec  18.9 GBytes  16.2 Gbits/sec    0   3.15 MBytes       
[  5]  20.00-30.00  sec  18.1 GBytes  15.5 Gbits/sec    0   3.15 MBytes       
[  5]  30.00-40.00  sec  19.2 GBytes  16.5 Gbits/sec    0   3.15 MBytes       
[  5]  40.00-50.00  sec  16.3 GBytes  14.0 Gbits/sec   91   3.15 MBytes       
[  5]  50.00-60.00  sec  16.4 GBytes  14.1 Gbits/sec    0   3.15 MBytes       
[  5]  60.00-70.00  sec  18.6 GBytes  16.0 Gbits/sec    0   3.15 MBytes       
[  5]  70.00-80.00  sec  14.2 GBytes  12.2 Gbits/sec    0   3.15 MBytes       
[  5]  80.00-90.00  sec  21.4 GBytes  18.4 Gbits/sec    0   3.15 MBytes       
[  5]  90.00-100.00 sec  19.9 GBytes  17.1 Gbits/sec    0   3.15 MBytes       
[  5] 100.00-110.00 sec  16.8 GBytes  14.4 Gbits/sec  1937   3.01 MBytes       
[  5] 110.00-120.00 sec  21.4 GBytes  18.3 Gbits/sec    0   3.01 MBytes       
- - - - - - - - - - - - - - - - - - - - - - - - -
[ ID] Interval           Transfer     Bitrate         Retr
[  5]   0.00-120.00 sec   219 GBytes  15.7 Gbits/sec  2028             sender
[  5]   0.00-120.05 sec   219 GBytes  15.7 Gbits/sec                  receiver

iperf Done.
