Connecting to host 192.168.2.2, port 25001
[  5] local 192.168.2.3 port 49283 connected to 192.168.2.2 port 25001
[ ID] Interval           Transfer     Bitrate         Retr  Cwnd
[  5]   0.00-10.00  sec  7.84 GBytes  6.74 Gbits/sec    4   3.09 MBytes       
[  5]  10.00-20.00  sec  8.56 GBytes  7.35 Gbits/sec    0   3.09 MBytes       
[  5]  20.00-30.00  sec  7.85 GBytes  6.74 Gbits/sec  234   3.09 MBytes       
[  5]  30.00-40.00  sec  10.1 GBytes  8.70 Gbits/sec  389   3.09 MBytes       
[  5]  40.00-50.00  sec  11.8 GBytes  10.1 Gbits/sec    0   3.09 MBytes       
[  5]  50.00-60.00  sec  9.19 GBytes  7.90 Gbits/sec    0   3.09 MBytes       
[  5]  60.00-70.00  sec  9.21 GBytes  7.91 Gbits/sec   44   3.09 MBytes       
[  5]  70.00-80.00  sec  9.06 GBytes  7.78 Gbits/sec  146   3.09 MBytes       
[  5]  80.00-90.00  sec  7.98 GBytes  6.86 Gbits/sec    0   3.09 MBytes       
[  5]  90.00-100.00 sec  9.74 GBytes  8.37 Gbits/sec    0   3.09 MBytes       
[  5] 100.00-110.00 sec  14.1 GBytes  12.1 Gbits/sec    0   3.09 MBytes       
[  5] 110.00-120.00 sec  11.2 GBytes  9.66 Gbits/sec    0   3.09 MBytes       
- - - - - - - - - - - - - - - - - - - - - - - - -
[ ID] Interval           Transfer     Bitrate         Retr
[  5]   0.00-120.00 sec   117 GBytes  8.36 Gbits/sec  817             sender
[  5]   0.00-120.04 sec   117 GBytes  8.35 Gbits/sec                  receiver

iperf Done.
