Connecting to host 192.168.4.2, port 25004
[  5] local 192.168.4.3 port 44681 connected to 192.168.4.2 port 25004
[ ID] Interval           Transfer     Bitrate         Retr  Cwnd
[  5]   0.00-10.00  sec  16.6 GBytes  14.3 Gbits/sec    0   3.05 MBytes       
[  5]  10.00-20.00  sec  13.3 GBytes  11.4 Gbits/sec    0   3.05 MBytes       
[  5]  20.00-30.00  sec  23.5 GBytes  20.2 Gbits/sec   65   3.05 MBytes       
[  5]  30.00-40.00  sec  22.3 GBytes  19.2 Gbits/sec  636   2.96 MBytes       
[  5]  40.00-50.00  sec  25.5 GBytes  21.9 Gbits/sec   12   2.98 MBytes       
[  5]  50.00-60.00  sec  31.4 GBytes  26.9 Gbits/sec    2   2.98 MBytes       
[  5]  60.00-70.00  sec  32.5 GBytes  27.9 Gbits/sec    2   3.31 MBytes       
[  5]  70.00-80.00  sec  30.0 GBytes  25.8 Gbits/sec    0   3.31 MBytes       
[  5]  80.00-90.00  sec  28.6 GBytes  24.6 Gbits/sec    0   3.31 MBytes       
[  5]  90.00-100.00 sec  21.6 GBytes  18.6 Gbits/sec  654   1.95 MBytes       
[  5] 100.00-110.00 sec  20.0 GBytes  17.2 Gbits/sec    0   2.62 MBytes       
[  5] 110.00-120.00 sec  23.3 GBytes  20.0 Gbits/sec    0   3.91 MBytes       
- - - - - - - - - - - - - - - - - - - - - - - - -
[ ID] Interval           Transfer     Bitrate         Retr
[  5]   0.00-120.00 sec   289 GBytes  20.7 Gbits/sec  1371             sender
[  5]   0.00-120.05 sec   289 GBytes  20.7 Gbits/sec                  receiver

iperf Done.
