Connecting to host 192.168.2.3, port 25003
[  5] local 192.168.2.2 port 58837 connected to 192.168.2.3 port 25003
[ ID] Interval           Transfer     Bitrate         Retr  Cwnd
[  5]   0.00-10.00  sec  23.7 GBytes  20.4 Gbits/sec  257   1.75 MBytes       
[  5]  10.00-20.00  sec  21.6 GBytes  18.6 Gbits/sec  792   2.68 MBytes       
[  5]  20.00-30.00  sec  26.0 GBytes  22.3 Gbits/sec   37   2.74 MBytes       
[  5]  30.00-40.00  sec  31.5 GBytes  27.1 Gbits/sec   58   2.81 MBytes       
[  5]  40.00-50.00  sec  22.3 GBytes  19.1 Gbits/sec    5   2.58 MBytes       
[  5]  50.00-60.00  sec  25.0 GBytes  21.5 Gbits/sec    4   2.06 MBytes       
[  5]  60.00-70.00  sec  24.9 GBytes  21.4 Gbits/sec   21   2.80 MBytes       
[  5]  70.00-80.00  sec  25.4 GBytes  21.8 Gbits/sec    9   2.80 MBytes       
[  5]  80.00-90.00  sec  21.3 GBytes  18.3 Gbits/sec    0   2.80 MBytes       
[  5]  90.00-100.00 sec  22.5 GBytes  19.4 Gbits/sec    0   4.32 MBytes       
[  5] 100.00-110.00 sec  24.1 GBytes  20.7 Gbits/sec    8   4.32 MBytes       
[  5] 110.00-120.00 sec  21.5 GBytes  18.5 Gbits/sec    0   4.32 MBytes       
- - - - - - - - - - - - - - - - - - - - - - - - -
[ ID] Interval           Transfer     Bitrate         Retr
[  5]   0.00-120.00 sec   290 GBytes  20.8 Gbits/sec  1191             sender
[  5]   0.00-120.04 sec   290 GBytes  20.7 Gbits/sec                  receiver

iperf Done.
