Connecting to host 192.168.2.2, port 25002
[  5] local 192.168.2.3 port 36597 connected to 192.168.2.2 port 25002
[ ID] Interval           Transfer     Bitrate         Retr  Cwnd
[  5]   0.00-10.00  sec  17.8 GBytes  15.3 Gbits/sec   25   5.58 MBytes       
[  5]  10.00-20.00  sec  18.0 GBytes  15.5 Gbits/sec    8   5.58 MBytes       
[  5]  20.00-30.00  sec  15.3 GBytes  13.1 Gbits/sec    0   5.58 MBytes       
[  5]  30.00-40.00  sec  14.9 GBytes  12.8 Gbits/sec   26   5.58 MBytes       
[  5]  40.00-50.00  sec  15.9 GBytes  13.6 Gbits/sec    0   5.58 MBytes       
[  5]  50.00-60.00  sec  23.1 GBytes  19.8 Gbits/sec    0   5.58 MBytes       
[  5]  60.00-70.00  sec  24.6 GBytes  21.1 Gbits/sec    0   5.58 MBytes       
[  5]  70.00-80.00  sec  24.6 GBytes  21.2 Gbits/sec    0   5.58 MBytes       
[  5]  80.00-90.00  sec  21.5 GBytes  18.5 Gbits/sec    0   5.58 MBytes       
[  5]  90.00-100.00 sec  27.0 GBytes  23.2 Gbits/sec    0   5.58 MBytes       
[  5] 100.00-110.00 sec  28.6 GBytes  24.6 Gbits/sec    0   5.58 MBytes       
[  5] 110.00-120.00 sec  23.2 GBytes  20.0 Gbits/sec    0   5.58 MBytes       
- - - - - - - - - - - - - - - - - - - - - - - - -
[ ID] Interval           Transfer     Bitrate         Retr
[  5]   0.00-120.00 sec   255 GBytes  18.2 Gbits/sec   59             sender
[  5]   0.00-120.05 sec   255 GBytes  18.2 Gbits/sec                  receiver

iperf Done.
