Connecting to host 192.168.4.2, port 25007
[  5] local 192.168.4.3 port 53953 connected to 192.168.4.2 port 25007
[ ID] Interval           Transfer     Bitrate         Retr  Cwnd
[  5]   0.00-10.00  sec  12.9 GBytes  11.1 Gbits/sec    4   1.37 MBytes       
[  5]  10.00-20.00  sec  24.6 GBytes  21.1 Gbits/sec    0   3.33 MBytes       
[  5]  20.00-30.00  sec  15.3 GBytes  13.1 Gbits/sec    0   3.33 MBytes       
[  5]  30.00-40.00  sec  20.3 GBytes  17.4 Gbits/sec    0   3.33 MBytes       
[  5]  40.00-50.00  sec  22.3 GBytes  19.1 Gbits/sec    0   3.33 MBytes       
[  5]  50.00-60.00  sec  18.1 GBytes  15.6 Gbits/sec    1   3.33 MBytes       
[  5]  60.00-70.00  sec  16.3 GBytes  14.0 Gbits/sec    0   3.33 MBytes       
[  5]  70.00-80.00  sec  14.9 GBytes  12.8 Gbits/sec    0   3.33 MBytes       
[  5]  80.00-90.00  sec  14.1 GBytes  12.1 Gbits/sec    0   3.33 MBytes       
[  5]  90.00-100.00 sec  19.1 GBytes  16.4 Gbits/sec    0   3.33 MBytes       
[  5] 100.00-110.00 sec  23.8 GBytes  20.4 Gbits/sec    0   3.33 MBytes       
[  5] 110.00-120.00 sec  23.5 GBytes  20.2 Gbits/sec    1   3.33 MBytes       
- - - - - - - - - - - - - - - - - - - - - - - - -
[ ID] Interval           Transfer     Bitrate         Retr
[  5]   0.00-120.00 sec   225 GBytes  16.1 Gbits/sec    6             sender
[  5]   0.00-120.05 sec   225 GBytes  16.1 Gbits/sec                  receiver

iperf Done.
