Connecting to host 192.168.4.3, port 25006
[  5] local 192.168.4.2 port 33073 connected to 192.168.4.3 port 25006
[ ID] Interval           Transfer     Bitrate         Retr  Cwnd
[  5]   0.00-10.00  sec  23.2 GBytes  19.9 Gbits/sec  1550   1.64 MBytes       
[  5]  10.00-20.00  sec  23.3 GBytes  20.0 Gbits/sec    0   2.75 MBytes       
[  5]  20.00-30.00  sec  16.9 GBytes  14.5 Gbits/sec    0   2.75 MBytes       
[  5]  30.00-40.00  sec  21.9 GBytes  18.8 Gbits/sec    0   4.12 MBytes       
[  5]  40.00-50.00  sec  32.2 GBytes  27.6 Gbits/sec    0   4.12 MBytes       
[  5]  50.00-60.00  sec  28.0 GBytes  24.1 Gbits/sec    0   4.12 MBytes       
[  5]  60.00-70.00  sec  21.4 GBytes  18.4 Gbits/sec    0   4.12 MBytes       
[  5]  70.00-80.00  sec  23.9 GBytes  20.5 Gbits/sec    0   4.12 MBytes       
[  5]  80.00-90.00  sec  24.7 GBytes  21.2 Gbits/sec    0   4.12 MBytes       
[  5]  90.00-100.00 sec  25.1 GBytes  21.6 Gbits/sec    0   4.12 MBytes       
[  5] 100.00-110.00 sec  24.5 GBytes  21.0 Gbits/sec    0   4.12 MBytes       
[  5] 110.00-120.00 sec  23.4 GBytes  20.1 Gbits/sec    0   4.12 MBytes       
- - - - - - - - - - - - - - - - - - - - - - - - -
[ ID] Interval           Transfer     Bitrate         Retr
[  5]   0.00-120.00 sec   288 GBytes  20.7 Gbits/sec  1550             sender
[  5]   0.00-120.04 sec   288 GBytes  20.6 Gbits/sec                  receiver

iperf Done.
