Connecting to host 192.168.4.2, port 25006
[  5] local 192.168.4.3 port 33319 connected to 192.168.4.2 port 25006
[ ID] Interval           Transfer     Bitrate         Retr  Cwnd
[  5]   0.00-10.00  sec  12.9 GBytes  11.0 Gbits/sec    1   2.03 MBytes       
[  5]  10.00-20.00  sec  13.5 GBytes  11.6 Gbits/sec  1703   2.13 MBytes       
[  5]  20.00-30.00  sec  19.5 GBytes  16.7 Gbits/sec  4886   1.36 MBytes       
[  5]  30.00-40.00  sec  21.2 GBytes  18.2 Gbits/sec  3996   2.11 MBytes       
[  5]  40.00-50.00  sec  25.5 GBytes  21.9 Gbits/sec  9483   1.59 MBytes       
[  5]  50.00-60.00  sec  18.0 GBytes  15.5 Gbits/sec  1910   2.09 MBytes       
[  5]  60.00-70.00  sec  16.3 GBytes  14.0 Gbits/sec    0   2.43 MBytes       
[  5]  70.00-80.00  sec  14.9 GBytes  12.8 Gbits/sec    0   3.34 MBytes       
[  5]  80.00-90.00  sec  14.1 GBytes  12.1 Gbits/sec    0   3.34 MBytes       
[  5]  90.00-100.00 sec  18.9 GBytes  16.2 Gbits/sec    0   3.34 MBytes       
[  5] 100.00-110.00 sec  23.8 GBytes  20.4 Gbits/sec    0   3.34 MBytes       
[  5] 110.00-120.00 sec  23.2 GBytes  20.0 Gbits/sec    0   3.34 MBytes       
- - - - - - - - - - - - - - - - - - - - - - - - -
[ ID] Interval           Transfer     Bitrate         Retr
[  5]   0.00-120.00 sec   222 GBytes  15.9 Gbits/sec  21979             sender
[  5]   0.00-120.05 sec   222 GBytes  15.9 Gbits/sec                  receiver

iperf Done.
