Connecting to host 192.168.2.2, port 25001
[  5] local 192.168.2.3 port 56619 connected to 192.168.2.2 port 25001
[ ID] Interval           Transfer     Bitrate         Retr  Cwnd
[  5]   0.00-10.00  sec  17.8 GBytes  15.3 Gbits/sec    0   2.08 MBytes       
[  5]  10.00-20.00  sec  22.1 GBytes  19.0 Gbits/sec    6   3.41 MBytes       
[  5]  20.00-30.00  sec  26.8 GBytes  23.1 Gbits/sec    1   3.41 MBytes       
[  5]  30.00-40.00  sec  17.6 GBytes  15.1 Gbits/sec    0   3.41 MBytes       
[  5]  40.00-50.00  sec  16.5 GBytes  14.2 Gbits/sec    0   3.41 MBytes       
[  5]  50.00-60.00  sec  26.4 GBytes  22.7 Gbits/sec    0   3.41 MBytes       
[  5]  60.00-70.00  sec  24.2 GBytes  20.8 Gbits/sec    0   3.41 MBytes       
[  5]  70.00-80.00  sec  20.5 GBytes  17.6 Gbits/sec    0   3.41 MBytes       
[  5]  80.00-90.00  sec  21.3 GBytes  18.3 Gbits/sec    0   3.41 MBytes       
[  5]  90.00-100.00 sec  15.3 GBytes  13.1 Gbits/sec    0   3.41 MBytes       
[  5] 100.00-110.00 sec  16.8 GBytes  14.5 Gbits/sec    0   3.41 MBytes       
[  5] 110.00-120.00 sec  24.3 GBytes  20.9 Gbits/sec    0   3.41 MBytes       
- - - - - - - - - - - - - - - - - - - - - - - - -
[ ID] Interval           Transfer     Bitrate         Retr
[  5]   0.00-120.00 sec   250 GBytes  17.9 Gbits/sec    7             sender
[  5]   0.00-120.05 sec   250 GBytes  17.9 Gbits/sec                  receiver

iperf Done.
