Connecting to host 192.168.4.2, port 25005
[  5] local 192.168.4.3 port 54655 connected to 192.168.4.2 port 25005
[ ID] Interval           Transfer     Bitrate         Retr  Cwnd
[  5]   0.00-10.00  sec  28.2 GBytes  24.3 Gbits/sec    3   2.27 MBytes       
[  5]  10.00-20.00  sec  28.5 GBytes  24.5 Gbits/sec    0   3.27 MBytes       
[  5]  20.00-30.00  sec  27.7 GBytes  23.8 Gbits/sec    0   3.27 MBytes       
[  5]  30.00-40.00  sec  21.1 GBytes  18.1 Gbits/sec    0   3.27 MBytes       
[  5]  40.00-50.00  sec  22.3 GBytes  19.2 Gbits/sec    1   3.27 MBytes       
[  5]  50.00-60.00  sec  31.4 GBytes  26.9 Gbits/sec    0   3.27 MBytes       
[  5]  60.00-70.00  sec  32.5 GBytes  28.0 Gbits/sec    0   3.27 MBytes       
[  5]  70.00-80.00  sec  30.0 GBytes  25.8 Gbits/sec    0   3.27 MBytes       
[  5]  80.00-90.00  sec  28.6 GBytes  24.6 Gbits/sec    0   3.27 MBytes       
[  5]  90.00-100.00 sec  24.5 GBytes  21.0 Gbits/sec   39   3.27 MBytes       
[  5] 100.00-110.00 sec  20.1 GBytes  17.3 Gbits/sec    0   3.27 MBytes       
[  5] 110.00-120.00 sec  23.3 GBytes  20.0 Gbits/sec    0   3.27 MBytes       
- - - - - - - - - - - - - - - - - - - - - - - - -
[ ID] Interval           Transfer     Bitrate         Retr
[  5]   0.00-120.00 sec   318 GBytes  22.8 Gbits/sec   43             sender
[  5]   0.00-120.05 sec   318 GBytes  22.8 Gbits/sec                  receiver

iperf Done.
