Connecting to host 192.168.2.2, port 25000
[  5] local 192.168.2.3 port 46901 connected to 192.168.2.2 port 25000
[ ID] Interval           Transfer     Bitrate         Retr  Cwnd
[  5]   0.00-10.00  sec  17.8 GBytes  15.3 Gbits/sec    1   2.28 MBytes       
[  5]  10.00-20.00  sec  21.8 GBytes  18.7 Gbits/sec   11   1.60 MBytes       
[  5]  20.00-30.00  sec  27.9 GBytes  24.0 Gbits/sec   26   1.46 MBytes       
[  5]  30.00-40.00  sec  32.6 GBytes  28.0 Gbits/sec  257   2.73 MBytes       
[  5]  40.00-50.00  sec  46.9 GBytes  40.3 Gbits/sec    0   2.75 MBytes       
[  5]  50.00-60.00  sec  26.8 GBytes  23.0 Gbits/sec    0   3.14 MBytes       
[  5]  60.00-70.00  sec  24.6 GBytes  21.1 Gbits/sec    0   3.14 MBytes       
[  5]  70.00-80.00  sec  24.8 GBytes  21.3 Gbits/sec    0   3.14 MBytes       
[  5]  80.00-90.00  sec  21.7 GBytes  18.6 Gbits/sec    0   3.14 MBytes       
[  5]  90.00-100.00 sec  26.4 GBytes  22.7 Gbits/sec    0   3.14 MBytes       
[  5] 100.00-110.00 sec  26.8 GBytes  23.1 Gbits/sec  654   2.37 MBytes       
[  5] 110.00-120.00 sec  22.0 GBytes  18.9 Gbits/sec    0   3.15 MBytes       
- - - - - - - - - - - - - - - - - - - - - - - - -
[ ID] Interval           Transfer     Bitrate         Retr
[  5]   0.00-120.00 sec   320 GBytes  22.9 Gbits/sec  949             sender
[  5]   0.00-120.05 sec   320 GBytes  22.9 Gbits/sec                  receiver

iperf Done.
