Connecting to host 192.168.2.3, port 25000
[  5] local 192.168.2.2 port 38553 connected to 192.168.2.3 port 25000
[ ID] Interval           Transfer     Bitrate         Retr  Cwnd
[  5]   0.00-10.00  sec  19.7 GBytes  16.9 Gbits/sec  962   1.65 MBytes       
[  5]  10.00-20.00  sec  26.1 GBytes  22.5 Gbits/sec   53   2.66 MBytes       
[  5]  20.00-30.00  sec  19.8 GBytes  17.0 Gbits/sec    0   3.74 MBytes       
[  5]  30.00-40.00  sec  22.8 GBytes  19.6 Gbits/sec    0   3.74 MBytes       
[  5]  40.00-50.00  sec  24.0 GBytes  20.6 Gbits/sec    0   3.74 MBytes       
[  5]  50.00-60.00  sec  17.9 GBytes  15.4 Gbits/sec    0   3.74 MBytes       
[  5]  60.00-70.00  sec  17.6 GBytes  15.1 Gbits/sec    0   3.74 MBytes       
[  5]  70.00-80.00  sec  23.1 GBytes  19.8 Gbits/sec    0   3.74 MBytes       
[  5]  80.00-90.00  sec  27.7 GBytes  23.8 Gbits/sec    0   3.74 MBytes       
[  5]  90.00-100.00 sec  28.4 GBytes  24.4 Gbits/sec    0   3.74 MBytes       
[  5] 100.00-110.00 sec  19.5 GBytes  16.7 Gbits/sec    0   3.74 MBytes       
[  5] 110.00-120.00 sec  25.6 GBytes  22.0 Gbits/sec    0   3.74 MBytes       
- - - - - - - - - - - - - - - - - - - - - - - - -
[ ID] Interval           Transfer     Bitrate         Retr
[  5]   0.00-120.00 sec   272 GBytes  19.5 Gbits/sec  1015             sender
[  5]   0.00-120.05 sec   272 GBytes  19.5 Gbits/sec                  receiver

iperf Done.
