Connecting to host 192.168.4.3, port 25007
[  5] local 192.168.4.2 port 55765 connected to 192.168.4.3 port 25007
[ ID] Interval           Transfer     Bitrate         Retr  Cwnd
[  5]   0.00-10.00  sec  23.2 GBytes  19.9 Gbits/sec   43   2.57 MBytes       
[  5]  10.00-20.00  sec  23.0 GBytes  19.7 Gbits/sec    0   3.15 MBytes       
[  5]  20.00-30.00  sec  16.9 GBytes  14.5 Gbits/sec    0   3.15 MBytes       
[  5]  30.00-40.00  sec  36.7 GBytes  31.5 Gbits/sec    5   3.15 MBytes       
[  5]  40.00-50.00  sec  28.8 GBytes  24.8 Gbits/sec    0   3.15 MBytes       
[  5]  50.00-60.00  sec  28.1 GBytes  24.1 Gbits/sec    0   3.15 MBytes       
[  5]  60.00-70.00  sec  21.4 GBytes  18.4 Gbits/sec    0   3.15 MBytes       
[  5]  70.00-80.00  sec  23.9 GBytes  20.5 Gbits/sec    0   3.15 MBytes       
[  5]  80.00-90.00  sec  24.7 GBytes  21.3 Gbits/sec    0   3.15 MBytes       
[  5]  90.00-100.00 sec  25.5 GBytes  21.9 Gbits/sec    0   3.15 MBytes       
[  5] 100.00-110.00 sec  24.5 GBytes  21.1 Gbits/sec    0   3.15 MBytes       
[  5] 110.00-120.00 sec  23.7 GBytes  20.3 Gbits/sec    0   3.15 MBytes       
- - - - - - - - - - - - - - - - - - - - - - - - -
[ ID] Interval           Transfer     Bitrate         Retr
[  5]   0.00-120.00 sec   300 GBytes  21.5 Gbits/sec   48             sender
[  5]   0.00-120.04 sec   300 GBytes  21.5 Gbits/sec                  receiver

iperf Done.
