Connecting to host 192.168.4.2, port 25007
[  5] local 192.168.4.3 port 56751 connected to 192.168.4.2 port 25007
[ ID] Interval           Transfer     Bitrate         Retr  Cwnd
[  5]   0.00-10.00  sec  21.8 GBytes  18.7 Gbits/sec  408   3.08 MBytes       
[  5]  10.00-20.00  sec  21.7 GBytes  18.7 Gbits/sec    0   3.08 MBytes       
[  5]  20.00-30.00  sec  21.7 GBytes  18.7 Gbits/sec    0   3.08 MBytes       
[  5]  30.00-40.00  sec  23.4 GBytes  20.1 Gbits/sec   43   2.44 MBytes       
[  5]  40.00-50.00  sec  24.9 GBytes  21.4 Gbits/sec    0   2.84 MBytes       
[  5]  50.00-60.00  sec  21.5 GBytes  18.5 Gbits/sec    0   3.32 MBytes       
[  5]  60.00-70.00  sec  19.5 GBytes  16.8 Gbits/sec    0   3.32 MBytes       
[  5]  70.00-80.00  sec  18.4 GBytes  15.8 Gbits/sec    0   3.32 MBytes       
[  5]  80.00-90.00  sec  19.2 GBytes  16.5 Gbits/sec    0   3.32 MBytes       
[  5]  90.00-100.00 sec  21.6 GBytes  18.5 Gbits/sec    0   3.32 MBytes       
[  5] 100.00-110.00 sec  19.9 GBytes  17.1 Gbits/sec    0   3.32 MBytes       
[  5] 110.00-120.00 sec  13.3 GBytes  11.4 Gbits/sec  251   3.32 MBytes       
- - - - - - - - - - - - - - - - - - - - - - - - -
[ ID] Interval           Transfer     Bitrate         Retr
[  5]   0.00-120.00 sec   247 GBytes  17.7 Gbits/sec  702             sender
[  5]   0.00-120.04 sec   247 GBytes  17.7 Gbits/sec                  receiver

iperf Done.
