Connecting to host 192.168.2.3, port 25002
[  5] local 192.168.2.2 port 46745 connected to 192.168.2.3 port 25002
[ ID] Interval           Transfer     Bitrate         Retr  Cwnd
[  5]   0.00-10.00  sec  19.9 GBytes  17.1 Gbits/sec  566   2.71 MBytes       
[  5]  10.00-20.00  sec  26.7 GBytes  22.9 Gbits/sec  360   2.15 MBytes       
[  5]  20.00-30.00  sec  23.0 GBytes  19.8 Gbits/sec    0   2.71 MBytes       
[  5]  30.00-40.00  sec  27.8 GBytes  23.8 Gbits/sec    0   3.01 MBytes       
[  5]  40.00-50.00  sec  22.7 GBytes  19.5 Gbits/sec    0   3.01 MBytes       
[  5]  50.00-60.00  sec  25.3 GBytes  21.7 Gbits/sec    0   3.01 MBytes       
[  5]  60.00-70.00  sec  25.8 GBytes  22.1 Gbits/sec  850   3.01 MBytes       
[  5]  70.00-80.00  sec  19.9 GBytes  17.1 Gbits/sec  520   3.01 MBytes       
[  5]  80.00-90.00  sec  27.1 GBytes  23.2 Gbits/sec    0   3.01 MBytes       
[  5]  90.00-100.00 sec  24.1 GBytes  20.7 Gbits/sec    0   3.01 MBytes       
[  5] 100.00-110.00 sec  22.5 GBytes  19.3 Gbits/sec  315   3.01 MBytes       
[  5] 110.00-120.00 sec  20.6 GBytes  17.7 Gbits/sec    0   3.01 MBytes       
- - - - - - - - - - - - - - - - - - - - - - - - -
[ ID] Interval           Transfer     Bitrate         Retr
[  5]   0.00-120.00 sec   285 GBytes  20.4 Gbits/sec  2611             sender
[  5]   0.00-120.05 sec   285 GBytes  20.4 Gbits/sec                  receiver

iperf Done.
