Connecting to host 192.168.2.3, port 25000
[  5] local 192.168.2.2 port 50473 connected to 192.168.2.3 port 25000
[ ID] Interval           Transfer     Bitrate         Retr  Cwnd
[  5]   0.00-10.00  sec  22.3 GBytes  19.2 Gbits/sec   48   3.04 MBytes       
[  5]  10.00-20.00  sec  25.1 GBytes  21.5 Gbits/sec    0   3.04 MBytes       
[  5]  20.00-30.00  sec  29.3 GBytes  25.2 Gbits/sec    0   3.04 MBytes       
[  5]  30.00-40.00  sec  28.0 GBytes  24.1 Gbits/sec    0   3.04 MBytes       
[  5]  40.00-50.00  sec  18.9 GBytes  16.2 Gbits/sec    0   3.04 MBytes       
[  5]  50.00-60.00  sec  26.4 GBytes  22.7 Gbits/sec   16   3.04 MBytes       
[  5]  60.00-70.00  sec  23.8 GBytes  20.4 Gbits/sec    0   3.04 MBytes       
[  5]  70.00-80.00  sec  29.6 GBytes  25.4 Gbits/sec    0   3.04 MBytes       
[  5]  80.00-90.00  sec  24.5 GBytes  21.0 Gbits/sec  225   3.04 MBytes       
[  5]  90.00-100.00 sec  29.6 GBytes  25.5 Gbits/sec    0   3.04 MBytes       
[  5] 100.00-110.00 sec  28.3 GBytes  24.3 Gbits/sec    0   3.04 MBytes       
[  5] 110.00-120.00 sec  26.5 GBytes  22.8 Gbits/sec  369   3.04 MBytes       
- - - - - - - - - - - - - - - - - - - - - - - - -
[ ID] Interval           Transfer     Bitrate         Retr
[  5]   0.00-120.00 sec   312 GBytes  22.4 Gbits/sec  658             sender
[  5]   0.00-120.05 sec   312 GBytes  22.3 Gbits/sec                  receiver

iperf Done.
