Connecting to host 192.168.2.3, port 25001
[  5] local 192.168.2.2 port 56079 connected to 192.168.2.3 port 25001
[ ID] Interval           Transfer     Bitrate         Retr  Cwnd
[  5]   0.00-10.00  sec  27.6 GBytes  23.7 Gbits/sec  379   3.11 MBytes       
[  5]  10.00-20.00  sec  26.5 GBytes  22.8 Gbits/sec    0   3.11 MBytes       
[  5]  20.00-30.00  sec  25.6 GBytes  22.0 Gbits/sec   45   3.11 MBytes       
[  5]  30.00-40.00  sec  20.7 GBytes  17.7 Gbits/sec    0   3.11 MBytes       
[  5]  40.00-50.00  sec  22.5 GBytes  19.3 Gbits/sec   50   3.11 MBytes       
[  5]  50.00-60.00  sec  22.1 GBytes  19.0 Gbits/sec    0   3.11 MBytes       
[  5]  60.00-70.00  sec  25.7 GBytes  22.1 Gbits/sec    0   3.11 MBytes       
[  5]  70.00-80.00  sec  32.7 GBytes  28.1 Gbits/sec    0   3.11 MBytes       
[  5]  80.00-90.00  sec  21.3 GBytes  18.3 Gbits/sec    0   3.11 MBytes       
[  5]  90.00-100.00 sec  25.2 GBytes  21.6 Gbits/sec  552   3.11 MBytes       
[  5] 100.00-110.00 sec  25.0 GBytes  21.5 Gbits/sec  682   3.11 MBytes       
[  5] 110.00-120.00 sec  32.4 GBytes  27.8 Gbits/sec    0   3.11 MBytes       
- - - - - - - - - - - - - - - - - - - - - - - - -
[ ID] Interval           Transfer     Bitrate         Retr
[  5]   0.00-120.00 sec   307 GBytes  22.0 Gbits/sec  1708             sender
[  5]   0.00-120.05 sec   307 GBytes  22.0 Gbits/sec                  receiver

iperf Done.
