Connecting to host 192.168.4.2, port 25005
[  5] local 192.168.4.3 port 60699 connected to 192.168.4.2 port 25005
[ ID] Interval           Transfer     Bitrate         Retr  Cwnd
[  5]   0.00-10.00  sec  22.6 GBytes  19.4 Gbits/sec  143   2.94 MBytes       
[  5]  10.00-20.00  sec  21.7 GBytes  18.7 Gbits/sec    0   3.02 MBytes       
[  5]  20.00-30.00  sec  22.0 GBytes  18.9 Gbits/sec    9   3.02 MBytes       
[  5]  30.00-40.00  sec  20.6 GBytes  17.7 Gbits/sec   10   2.87 MBytes       
[  5]  40.00-50.00  sec  20.8 GBytes  17.9 Gbits/sec    1   2.87 MBytes       
[  5]  50.00-60.00  sec  21.9 GBytes  18.8 Gbits/sec    0   2.88 MBytes       
[  5]  60.00-70.00  sec  23.7 GBytes  20.3 Gbits/sec    0   3.13 MBytes       
[  5]  70.00-80.00  sec  27.9 GBytes  24.0 Gbits/sec    0   3.13 MBytes       
[  5]  80.00-90.00  sec  33.8 GBytes  29.0 Gbits/sec    0   3.13 MBytes       
[  5]  90.00-100.00 sec  21.4 GBytes  18.4 Gbits/sec  126   3.13 MBytes       
[  5] 100.00-110.00 sec  20.0 GBytes  17.2 Gbits/sec    0   3.13 MBytes       
[  5] 110.00-120.00 sec  25.4 GBytes  21.8 Gbits/sec    0   3.13 MBytes       
- - - - - - - - - - - - - - - - - - - - - - - - -
[ ID] Interval           Transfer     Bitrate         Retr
[  5]   0.00-120.00 sec   282 GBytes  20.2 Gbits/sec  289             sender
[  5]   0.00-120.04 sec   282 GBytes  20.2 Gbits/sec                  receiver

iperf Done.
