Connecting to host 192.168.4.3, port 25006
[  5] local 192.168.4.2 port 60509 connected to 192.168.4.3 port 25006
[ ID] Interval           Transfer     Bitrate         Retr  Cwnd
[  5]   0.00-10.00  sec  25.2 GBytes  21.6 Gbits/sec    0   3.13 MBytes       
[  5]  10.00-20.00  sec  25.5 GBytes  21.9 Gbits/sec    4   3.13 MBytes       
[  5]  20.00-30.00  sec  25.2 GBytes  21.6 Gbits/sec    0   3.13 MBytes       
[  5]  30.00-40.00  sec  23.6 GBytes  20.3 Gbits/sec    0   3.13 MBytes       
[  5]  40.00-50.00  sec  22.6 GBytes  19.4 Gbits/sec    0   3.13 MBytes       
[  5]  50.00-60.00  sec  29.0 GBytes  25.0 Gbits/sec    0   3.13 MBytes       
[  5]  60.00-70.00  sec  30.5 GBytes  26.2 Gbits/sec    0   3.13 MBytes       
[  5]  70.00-80.00  sec  30.5 GBytes  26.2 Gbits/sec    0   3.13 MBytes       
[  5]  80.00-90.00  sec  25.5 GBytes  21.9 Gbits/sec    1   3.13 MBytes       
[  5]  90.00-100.00 sec  32.9 GBytes  28.2 Gbits/sec    0   3.13 MBytes       
[  5] 100.00-110.00 sec  29.1 GBytes  25.0 Gbits/sec    0   3.13 MBytes       
[  5] 110.00-120.00 sec  27.7 GBytes  23.8 Gbits/sec    0   3.13 MBytes       
- - - - - - - - - - - - - - - - - - - - - - - - -
[ ID] Interval           Transfer     Bitrate         Retr
[  5]   0.00-120.00 sec   327 GBytes  23.4 Gbits/sec    5             sender
[  5]   0.00-120.05 sec   327 GBytes  23.4 Gbits/sec                  receiver

iperf Done.
