Connecting to host 192.168.2.2, port 25000
[  5] local 192.168.2.3 port 36767 connected to 192.168.2.2 port 25000
[ ID] Interval           Transfer     Bitrate         Retr  Cwnd
[  5]   0.00-10.00  sec  22.9 GBytes  19.7 Gbits/sec  3448   1.49 MBytes       
[  5]  10.00-20.00  sec  25.3 GBytes  21.7 Gbits/sec  1519   2.65 MBytes       
[  5]  20.00-30.00  sec  27.1 GBytes  23.3 Gbits/sec  1114   3.00 MBytes       
[  5]  30.00-40.00  sec  23.0 GBytes  19.8 Gbits/sec    0   3.00 MBytes       
[  5]  40.00-50.00  sec  24.7 GBytes  21.2 Gbits/sec    0   3.00 MBytes       
[  5]  50.00-60.00  sec  19.0 GBytes  16.3 Gbits/sec    0   3.00 MBytes       
[  5]  60.00-70.00  sec  16.8 GBytes  14.5 Gbits/sec    0   3.00 MBytes       
[  5]  70.00-80.00  sec  16.3 GBytes  14.0 Gbits/sec    0   3.00 MBytes       
[  5]  80.00-90.00  sec  21.6 GBytes  18.5 Gbits/sec    0   3.00 MBytes       
[  5]  90.00-100.00 sec  20.2 GBytes  17.4 Gbits/sec  120   3.00 MBytes       
[  5] 100.00-110.00 sec  14.7 GBytes  12.6 Gbits/sec    0   3.00 MBytes       
[  5] 110.00-120.00 sec  17.4 GBytes  14.9 Gbits/sec    0   3.00 MBytes       
- - - - - - - - - - - - - - - - - - - - - - - - -
[ ID] Interval           Transfer     Bitrate         Retr
[  5]   0.00-120.00 sec   249 GBytes  17.8 Gbits/sec  6201             sender
[  5]   0.00-120.04 sec   249 GBytes  17.8 Gbits/sec                  receiver

iperf Done.
