Connecting to host 192.168.4.3, port 25005
[  5] local 192.168.4.2 port 56711 connected to 192.168.4.3 port 25005
[ ID] Interval           Transfer     Bitrate         Retr  Cwnd
[  5]   0.00-10.00  sec  23.5 GBytes  20.2 Gbits/sec  134   3.06 MBytes       
[  5]  10.00-20.00  sec  25.0 GBytes  21.5 Gbits/sec    0   3.06 MBytes       
[  5]  20.00-30.00  sec  24.9 GBytes  21.4 Gbits/sec    0   3.06 MBytes       
[  5]  30.00-40.00  sec  23.7 GBytes  20.4 Gbits/sec    0   3.06 MBytes       
[  5]  40.00-50.00  sec  21.9 GBytes  18.9 Gbits/sec  269   3.06 MBytes       
[  5]  50.00-60.00  sec  23.3 GBytes  20.0 Gbits/sec    0   3.06 MBytes       
[  5]  60.00-70.00  sec  35.5 GBytes  30.5 Gbits/sec    0   3.06 MBytes       
[  5]  70.00-80.00  sec  34.7 GBytes  29.8 Gbits/sec    0   3.06 MBytes       
[  5]  80.00-90.00  sec  31.4 GBytes  27.0 Gbits/sec    0   3.06 MBytes       
[  5]  90.00-100.00 sec  22.1 GBytes  19.0 Gbits/sec    0   3.06 MBytes       
[  5] 100.00-110.00 sec  28.6 GBytes  24.5 Gbits/sec    0   3.06 MBytes       
[  5] 110.00-120.00 sec  25.8 GBytes  22.1 Gbits/sec    0   3.06 MBytes       
- - - - - - - - - - - - - - - - - - - - - - - - -
[ ID] Interval           Transfer     Bitrate         Retr
[  5]   0.00-120.00 sec   320 GBytes  22.9 Gbits/sec  403             sender
[  5]   0.00-120.05 sec   320 GBytes  22.9 Gbits/sec                  receiver

iperf Done.
