Connecting to host 192.168.4.2, port 25004
[  5] local 192.168.4.3 port 41897 connected to 192.168.4.2 port 25004
[ ID] Interval           Transfer     Bitrate         Retr  Cwnd
[  5]   0.00-10.00  sec  19.8 GBytes  17.0 Gbits/sec   16   3.00 MBytes       
[  5]  10.00-20.00  sec  20.6 GBytes  17.7 Gbits/sec    0   3.00 MBytes       
[  5]  20.00-30.00  sec  21.9 GBytes  18.8 Gbits/sec    0   3.00 MBytes       
[  5]  30.00-40.00  sec  21.4 GBytes  18.4 Gbits/sec    0   3.00 MBytes       
[  5]  40.00-50.00  sec  21.1 GBytes  18.1 Gbits/sec    0   3.00 MBytes       
[  5]  50.00-60.00  sec  21.8 GBytes  18.7 Gbits/sec    0   3.00 MBytes       
[  5]  60.00-70.00  sec  23.7 GBytes  20.3 Gbits/sec    0   3.00 MBytes       
[  5]  70.00-80.00  sec  22.9 GBytes  19.7 Gbits/sec  211   2.99 MBytes       
[  5]  80.00-90.00  sec  13.8 GBytes  11.8 Gbits/sec  546   2.35 MBytes       
[  5]  90.00-100.00 sec  23.7 GBytes  20.4 Gbits/sec    0   2.87 MBytes       
[  5] 100.00-110.00 sec  18.2 GBytes  15.6 Gbits/sec    0   3.47 MBytes       
[  5] 110.00-120.00 sec  13.7 GBytes  11.7 Gbits/sec    0   3.47 MBytes       
- - - - - - - - - - - - - - - - - - - - - - - - -
[ ID] Interval           Transfer     Bitrate         Retr
[  5]   0.00-120.00 sec   243 GBytes  17.4 Gbits/sec  773             sender
[  5]   0.00-120.04 sec   243 GBytes  17.4 Gbits/sec                  receiver

iperf Done.
