Connecting to host 192.168.2.2, port 25001
[  5] local 192.168.2.3 port 59561 connected to 192.168.2.2 port 25001
[ ID] Interval           Transfer     Bitrate         Retr  Cwnd
[  5]   0.00-10.00  sec  20.5 GBytes  17.6 Gbits/sec  12179   1.73 MBytes       
[  5]  10.00-20.00  sec  18.2 GBytes  15.6 Gbits/sec  1108   2.73 MBytes       
[  5]  20.00-30.00  sec  18.9 GBytes  16.2 Gbits/sec    0   3.43 MBytes       
[  5]  30.00-40.00  sec  22.0 GBytes  18.9 Gbits/sec    0   3.43 MBytes       
[  5]  40.00-50.00  sec  17.7 GBytes  15.2 Gbits/sec   90   3.43 MBytes       
[  5]  50.00-60.00  sec  18.6 GBytes  16.0 Gbits/sec    0   3.43 MBytes       
[  5]  60.00-70.00  sec  16.9 GBytes  14.5 Gbits/sec    0   3.43 MBytes       
[  5]  70.00-80.00  sec  16.2 GBytes  13.9 Gbits/sec    0   3.43 MBytes       
[  5]  80.00-90.00  sec  15.1 GBytes  12.9 Gbits/sec  340   3.43 MBytes       
[  5]  90.00-100.00 sec  31.6 GBytes  27.2 Gbits/sec    0   3.43 MBytes       
[  5] 100.00-110.00 sec  29.1 GBytes  25.0 Gbits/sec    0   3.43 MBytes       
[  5] 110.00-120.00 sec  17.5 GBytes  15.1 Gbits/sec    0   3.43 MBytes       
- - - - - - - - - - - - - - - - - - - - - - - - -
[ ID] Interval           Transfer     Bitrate         Retr
[  5]   0.00-120.00 sec   242 GBytes  17.3 Gbits/sec  13717             sender
[  5]   0.00-120.04 sec   242 GBytes  17.3 Gbits/sec                  receiver

iperf Done.
