Connecting to host 192.168.2.3, port 25003
[  5] local 192.168.2.2 port 45201 connected to 192.168.2.3 port 25003
[ ID] Interval           Transfer     Bitrate         Retr  Cwnd
[  5]   0.00-10.00  sec  27.7 GBytes  23.8 Gbits/sec  1177   3.03 MBytes       
[  5]  10.00-20.00  sec  22.8 GBytes  19.6 Gbits/sec    0   3.03 MBytes       
[  5]  20.00-30.00  sec  22.0 GBytes  18.9 Gbits/sec    0   3.03 MBytes       
[  5]  30.00-40.00  sec  20.2 GBytes  17.3 Gbits/sec  249   3.03 MBytes       
[  5]  40.00-50.00  sec  37.4 GBytes  32.1 Gbits/sec    0   3.03 MBytes       
[  5]  50.00-60.00  sec  28.3 GBytes  24.3 Gbits/sec    0   3.03 MBytes       
[  5]  60.00-70.00  sec  26.6 GBytes  22.9 Gbits/sec   15   3.03 MBytes       
[  5]  70.00-80.00  sec  19.3 GBytes  16.6 Gbits/sec  674   3.03 MBytes       
[  5]  80.00-90.00  sec  30.2 GBytes  26.0 Gbits/sec  585   3.03 MBytes       
[  5]  90.00-100.00 sec  21.5 GBytes  18.5 Gbits/sec  105   3.03 MBytes       
[  5] 100.00-110.00 sec  29.2 GBytes  25.1 Gbits/sec    0   3.03 MBytes       
[  5] 110.00-120.00 sec  27.4 GBytes  23.5 Gbits/sec    0   3.03 MBytes       
- - - - - - - - - - - - - - - - - - - - - - - - -
[ ID] Interval           Transfer     Bitrate         Retr
[  5]   0.00-120.00 sec   313 GBytes  22.4 Gbits/sec  2805             sender
[  5]   0.00-120.05 sec   313 GBytes  22.4 Gbits/sec                  receiver

iperf Done.
