Connecting to host 192.168.4.2, port 25006
[  5] local 192.168.4.3 port 50637 connected to 192.168.4.2 port 25006
[ ID] Interval           Transfer     Bitrate         Retr  Cwnd
[  5]   0.00-10.00  sec  21.0 GBytes  18.0 Gbits/sec    4   1.88 MBytes       
[  5]  10.00-20.00  sec  21.2 GBytes  18.2 Gbits/sec    0   1.99 MBytes       
[  5]  20.00-30.00  sec  21.4 GBytes  18.4 Gbits/sec  3610   1.30 MBytes       
[  5]  30.00-40.00  sec  18.2 GBytes  15.7 Gbits/sec    0   1.71 MBytes       
[  5]  40.00-50.00  sec  22.6 GBytes  19.4 Gbits/sec    0   2.55 MBytes       
[  5]  50.00-60.00  sec  23.5 GBytes  20.2 Gbits/sec    0   3.09 MBytes       
[  5]  60.00-70.00  sec  25.6 GBytes  22.0 Gbits/sec    0   3.09 MBytes       
[  5]  70.00-80.00  sec  27.3 GBytes  23.5 Gbits/sec    0   3.09 MBytes       
[  5]  80.00-90.00  sec  23.3 GBytes  20.0 Gbits/sec    0   3.09 MBytes       
[  5]  90.00-100.00 sec  25.7 GBytes  22.1 Gbits/sec    0   3.09 MBytes       
[  5] 100.00-110.00 sec  21.0 GBytes  18.1 Gbits/sec    0   3.09 MBytes       
[  5] 110.00-120.00 sec  20.8 GBytes  17.9 Gbits/sec    0   3.09 MBytes       
- - - - - - - - - - - - - - - - - - - - - - - - -
[ ID] Interval           Transfer     Bitrate         Retr
[  5]   0.00-120.00 sec   272 GBytes  19.5 Gbits/sec  3614             sender
[  5]   0.00-120.05 sec   272 GBytes  19.4 Gbits/sec                  receiver

iperf Done.
