Connecting to host 192.168.4.2, port 25005
[  5] local 192.168.4.3 port 39309 connected to 192.168.4.2 port 25005
[ ID] Interval           Transfer     Bitrate         Retr  Cwnd
[  5]   0.00-10.00  sec  20.9 GBytes  18.0 Gbits/sec    2   2.10 MBytes       
[  5]  10.00-20.00  sec  21.2 GBytes  18.2 Gbits/sec    0   3.50 MBytes       
[  5]  20.00-30.00  sec  19.7 GBytes  16.9 Gbits/sec  199   3.50 MBytes       
[  5]  30.00-40.00  sec  26.7 GBytes  23.0 Gbits/sec    0   3.50 MBytes       
[  5]  40.00-50.00  sec  22.3 GBytes  19.2 Gbits/sec    0   3.50 MBytes       
[  5]  50.00-60.00  sec  21.6 GBytes  18.6 Gbits/sec    0   3.50 MBytes       
[  5]  60.00-70.00  sec  18.5 GBytes  15.9 Gbits/sec    0   3.50 MBytes       
[  5]  70.00-80.00  sec  13.7 GBytes  11.7 Gbits/sec    0   3.50 MBytes       
[  5]  80.00-90.00  sec  19.8 GBytes  17.0 Gbits/sec    0   3.50 MBytes       
[  5]  90.00-100.00 sec  18.6 GBytes  16.0 Gbits/sec    0   3.50 MBytes       
[  5] 100.00-110.00 sec  24.5 GBytes  21.0 Gbits/sec    0   3.50 MBytes       
[  5] 110.00-120.00 sec  20.9 GBytes  18.0 Gbits/sec    0   3.50 MBytes       
- - - - - - - - - - - - - - - - - - - - - - - - -
[ ID] Interval           Transfer     Bitrate         Retr
[  5]   0.00-120.00 sec   248 GBytes  17.8 Gbits/sec  201             sender
[  5]   0.00-120.05 sec   248 GBytes  17.8 Gbits/sec                  receiver

iperf Done.
