Connecting to host 192.168.2.2, port 25000
[  5] local 192.168.2.3 port 50583 connected to 192.168.2.2 port 25000
[ ID] Interval           Transfer     Bitrate         Retr  Cwnd
[  5]   0.00-10.00  sec  21.5 GBytes  18.5 Gbits/sec    0   3.10 MBytes       
[  5]  10.00-20.00  sec  18.9 GBytes  16.3 Gbits/sec    0   3.10 MBytes       
[  5]  20.00-30.00  sec  20.4 GBytes  17.5 Gbits/sec  939   2.69 MBytes       
[  5]  30.00-40.00  sec  20.1 GBytes  17.3 Gbits/sec    2   3.14 MBytes       
[  5]  40.00-50.00  sec  19.6 GBytes  16.8 Gbits/sec   48   3.14 MBytes       
[  5]  50.00-60.00  sec  24.7 GBytes  21.2 Gbits/sec    0   3.14 MBytes       
[  5]  60.00-70.00  sec  35.0 GBytes  30.1 Gbits/sec    0   3.14 MBytes       
[  5]  70.00-80.00  sec  20.2 GBytes  17.4 Gbits/sec    0   3.14 MBytes       
[  5]  80.00-90.00  sec  20.6 GBytes  17.7 Gbits/sec    0   3.14 MBytes       
[  5]  90.00-100.00 sec  15.4 GBytes  13.2 Gbits/sec    0   3.14 MBytes       
[  5] 100.00-110.00 sec  16.6 GBytes  14.3 Gbits/sec    0   3.14 MBytes       
[  5] 110.00-120.00 sec  15.3 GBytes  13.2 Gbits/sec   27   3.14 MBytes       
- - - - - - - - - - - - - - - - - - - - - - - - -
[ ID] Interval           Transfer     Bitrate         Retr
[  5]   0.00-120.00 sec   248 GBytes  17.8 Gbits/sec  1016             sender
[  5]   0.00-120.05 sec   248 GBytes  17.8 Gbits/sec                  receiver

iperf Done.
