Connecting to host 192.168.2.3, port 25003
[  5] local 192.168.2.2 port 37287 connected to 192.168.2.3 port 25003
[ ID] Interval           Transfer     Bitrate         Retr  Cwnd
[  5]   0.00-10.00  sec  24.7 GBytes  21.2 Gbits/sec  426   1.24 MBytes       
[  5]  10.00-20.00  sec  27.7 GBytes  23.8 Gbits/sec   20   1.17 MBytes       
[  5]  20.00-30.00  sec  25.0 GBytes  21.5 Gbits/sec  1109   2.09 MBytes       
[  5]  30.00-40.00  sec  23.7 GBytes  20.3 Gbits/sec    0   3.00 MBytes       
[  5]  40.00-50.00  sec  25.9 GBytes  22.3 Gbits/sec    0   3.00 MBytes       
[  5]  50.00-60.00  sec  28.3 GBytes  24.4 Gbits/sec    0   3.00 MBytes       
[  5]  60.00-70.00  sec  19.7 GBytes  16.9 Gbits/sec    0   3.00 MBytes       
[  5]  70.00-80.00  sec  25.2 GBytes  21.6 Gbits/sec    0   3.00 MBytes       
[  5]  80.00-90.00  sec  30.3 GBytes  26.0 Gbits/sec    0   3.00 MBytes       
[  5]  90.00-100.00 sec  21.3 GBytes  18.3 Gbits/sec    0   3.00 MBytes       
[  5] 100.00-110.00 sec  23.2 GBytes  19.9 Gbits/sec    0   3.00 MBytes       
[  5] 110.00-120.00 sec  18.7 GBytes  16.1 Gbits/sec    0   3.00 MBytes       
- - - - - - - - - - - - - - - - - - - - - - - - -
[ ID] Interval           Transfer     Bitrate         Retr
[  5]   0.00-120.00 sec   294 GBytes  21.0 Gbits/sec  1555             sender
[  5]   0.00-120.05 sec   294 GBytes  21.0 Gbits/sec                  receiver

iperf Done.
