Connecting to host 192.168.2.2, port 25002
[  5] local 192.168.2.3 port 39813 connected to 192.168.2.2 port 25002
[ ID] Interval           Transfer     Bitrate         Retr  Cwnd
[  5]   0.00-10.00  sec  19.0 GBytes  16.3 Gbits/sec   57   3.00 MBytes       
[  5]  10.00-20.00  sec  17.9 GBytes  15.4 Gbits/sec    0   3.00 MBytes       
[  5]  20.00-30.00  sec  15.8 GBytes  13.6 Gbits/sec  405   3.00 MBytes       
[  5]  30.00-40.00  sec  25.5 GBytes  21.9 Gbits/sec   17   3.00 MBytes       
[  5]  40.00-50.00  sec  22.3 GBytes  19.1 Gbits/sec    0   3.00 MBytes       
[  5]  50.00-60.00  sec  22.2 GBytes  19.1 Gbits/sec    0   3.00 MBytes       
[  5]  60.00-70.00  sec  15.1 GBytes  13.0 Gbits/sec    0   3.00 MBytes       
[  5]  70.00-80.00  sec  20.5 GBytes  17.6 Gbits/sec    0   3.00 MBytes       
[  5]  80.00-90.00  sec  22.7 GBytes  19.5 Gbits/sec    0   3.00 MBytes       
[  5]  90.00-100.00 sec  25.0 GBytes  21.4 Gbits/sec    0   3.00 MBytes       
[  5] 100.00-110.00 sec  25.4 GBytes  21.8 Gbits/sec   35   3.00 MBytes       
[  5] 110.00-120.00 sec  27.2 GBytes  23.3 Gbits/sec    0   3.00 MBytes       
- - - - - - - - - - - - - - - - - - - - - - - - -
[ ID] Interval           Transfer     Bitrate         Retr
[  5]   0.00-120.00 sec   259 GBytes  18.5 Gbits/sec  514             sender
[  5]   0.00-120.05 sec   259 GBytes  18.5 Gbits/sec                  receiver

iperf Done.
