Connecting to host 192.168.2.3, port 25001
[  5] local 192.168.2.2 port 41463 connected to 192.168.2.3 port 25001
[ ID] Interval           Transfer     Bitrate         Retr  Cwnd
[  5]   0.00-10.00  sec  23.1 GBytes  19.9 Gbits/sec  11163   2.48 MBytes       
[  5]  10.00-20.00  sec  20.0 GBytes  17.2 Gbits/sec  4562   3.00 MBytes       
[  5]  20.00-30.00  sec  20.1 GBytes  17.2 Gbits/sec  5140   2.96 MBytes       
[  5]  30.00-40.00  sec  17.8 GBytes  15.3 Gbits/sec    0   3.01 MBytes       
[  5]  40.00-50.00  sec  17.2 GBytes  14.8 Gbits/sec    0   3.01 MBytes       
[  5]  50.00-60.00  sec  21.3 GBytes  18.3 Gbits/sec    0   3.01 MBytes       
[  5]  60.00-70.00  sec  34.4 GBytes  29.6 Gbits/sec    0   3.01 MBytes       
[  5]  70.00-80.00  sec  28.3 GBytes  24.3 Gbits/sec    0   3.01 MBytes       
[  5]  80.00-90.00  sec  33.2 GBytes  28.5 Gbits/sec    0   3.01 MBytes       
[  5]  90.00-100.00 sec  31.4 GBytes  26.9 Gbits/sec    0   3.01 MBytes       
[  5] 100.00-110.00 sec  17.3 GBytes  14.9 Gbits/sec    0   3.01 MBytes       
[  5] 110.00-120.00 sec  29.9 GBytes  25.7 Gbits/sec  765   3.01 MBytes       
- - - - - - - - - - - - - - - - - - - - - - - - -
[ ID] Interval           Transfer     Bitrate         Retr
[  5]   0.00-120.00 sec   294 GBytes  21.1 Gbits/sec  21630             sender
[  5]   0.00-120.05 sec   294 GBytes  21.0 Gbits/sec                  receiver

iperf Done.
