Connecting to host 192.168.2.2, port 25001
[  5] local 192.168.2.3 port 53685 connected to 192.168.2.2 port 25001
[ ID] Interval           Transfer     Bitrate         Retr  Cwnd
[  5]   0.00-10.00  sec  21.5 GBytes  18.5 Gbits/sec   41   2.82 MBytes       
[  5]  10.00-20.00  sec  23.8 GBytes  20.5 Gbits/sec    0   2.97 MBytes       
[  5]  20.00-30.00  sec  24.9 GBytes  21.4 Gbits/sec    0   3.00 MBytes       
[  5]  30.00-40.00  sec  22.6 GBytes  19.4 Gbits/sec    0   3.00 MBytes       
[  5]  40.00-50.00  sec  18.6 GBytes  16.0 Gbits/sec    0   3.00 MBytes       
[  5]  50.00-60.00  sec  17.8 GBytes  15.3 Gbits/sec   46   3.00 MBytes       
[  5]  60.00-70.00  sec  17.3 GBytes  14.8 Gbits/sec    0   3.00 MBytes       
[  5]  70.00-80.00  sec  24.9 GBytes  21.4 Gbits/sec    0   3.00 MBytes       
[  5]  80.00-90.00  sec  22.8 GBytes  19.6 Gbits/sec    0   3.00 MBytes       
[  5]  90.00-100.00 sec  24.8 GBytes  21.3 Gbits/sec    0   3.00 MBytes       
[  5] 100.00-110.00 sec  24.6 GBytes  21.1 Gbits/sec    0   3.00 MBytes       
[  5] 110.00-120.00 sec  20.2 GBytes  17.4 Gbits/sec    0   3.00 MBytes       
- - - - - - - - - - - - - - - - - - - - - - - - -
[ ID] Interval           Transfer     Bitrate         Retr
[  5]   0.00-120.00 sec   264 GBytes  18.9 Gbits/sec   87             sender
[  5]   0.00-120.05 sec   264 GBytes  18.9 Gbits/sec                  receiver

iperf Done.
