Connecting to host 192.168.2.3, port 25000
[  5] local 192.168.2.2 port 39243 connected to 192.168.2.3 port 25000
[ ID] Interval           Transfer     Bitrate         Retr  Cwnd
[  5]   0.00-10.00  sec  24.2 GBytes  20.8 Gbits/sec  846   1.29 MBytes       
[  5]  10.00-20.00  sec  21.9 GBytes  18.8 Gbits/sec  445   1.35 MBytes       
[  5]  20.00-30.00  sec  25.3 GBytes  21.8 Gbits/sec  326   2.28 MBytes       
[  5]  30.00-40.00  sec  22.7 GBytes  19.5 Gbits/sec    1   2.47 MBytes       
[  5]  40.00-50.00  sec  18.5 GBytes  15.9 Gbits/sec  225   3.01 MBytes       
[  5]  50.00-60.00  sec  25.5 GBytes  21.9 Gbits/sec    0   3.01 MBytes       
[  5]  60.00-70.00  sec  17.5 GBytes  15.0 Gbits/sec    0   3.01 MBytes       
[  5]  70.00-80.00  sec  24.2 GBytes  20.8 Gbits/sec    0   3.01 MBytes       
[  5]  80.00-90.00  sec  17.9 GBytes  15.4 Gbits/sec  1017   2.49 MBytes       
[  5]  90.00-100.00 sec  20.6 GBytes  17.7 Gbits/sec  225   3.01 MBytes       
[  5] 100.00-110.00 sec  34.0 GBytes  29.2 Gbits/sec    0   3.01 MBytes       
[  5] 110.00-120.00 sec  33.7 GBytes  29.0 Gbits/sec    0   3.01 MBytes       
- - - - - - - - - - - - - - - - - - - - - - - - -
[ ID] Interval           Transfer     Bitrate         Retr
[  5]   0.00-120.00 sec   286 GBytes  20.5 Gbits/sec  3085             sender
[  5]   0.00-120.05 sec   286 GBytes  20.5 Gbits/sec                  receiver

iperf Done.
