Connecting to host 192.168.4.2, port 25004
[  5] local 192.168.4.3 port 60859 connected to 192.168.4.2 port 25004
[ ID] Interval           Transfer     Bitrate         Retr  Cwnd
[  5]   0.00-10.00  sec  20.7 GBytes  17.8 Gbits/sec   11   2.31 MBytes       
[  5]  10.00-20.00  sec  21.2 GBytes  18.2 Gbits/sec    3   2.44 MBytes       
[  5]  20.00-30.00  sec  18.4 GBytes  15.8 Gbits/sec    0   3.08 MBytes       
[  5]  30.00-40.00  sec  18.2 GBytes  15.7 Gbits/sec    0   3.08 MBytes       
[  5]  40.00-50.00  sec  23.1 GBytes  19.8 Gbits/sec    0   3.08 MBytes       
[  5]  50.00-60.00  sec  22.2 GBytes  19.1 Gbits/sec    0   3.08 MBytes       
[  5]  60.00-70.00  sec  24.3 GBytes  20.9 Gbits/sec  749   2.68 MBytes       
[  5]  70.00-80.00  sec  27.2 GBytes  23.3 Gbits/sec   11   2.95 MBytes       
[  5]  80.00-90.00  sec  23.6 GBytes  20.2 Gbits/sec   45   2.99 MBytes       
[  5]  90.00-100.00 sec  25.4 GBytes  21.8 Gbits/sec   57   2.86 MBytes       
[  5] 100.00-110.00 sec  21.0 GBytes  18.1 Gbits/sec   73   3.08 MBytes       
[  5] 110.00-120.00 sec  21.0 GBytes  18.0 Gbits/sec    0   3.08 MBytes       
- - - - - - - - - - - - - - - - - - - - - - - - -
[ ID] Interval           Transfer     Bitrate         Retr
[  5]   0.00-120.00 sec   266 GBytes  19.1 Gbits/sec  949             sender
[  5]   0.00-120.05 sec   266 GBytes  19.1 Gbits/sec                  receiver

iperf Done.
