Connecting to host 192.168.4.3, port 25006
[  5] local 192.168.4.2 port 53569 connected to 192.168.4.3 port 25006
[ ID] Interval           Transfer     Bitrate         Retr  Cwnd
[  5]   0.00-10.00  sec  22.6 GBytes  19.4 Gbits/sec   53   2.78 MBytes       
[  5]  10.00-20.00  sec  20.3 GBytes  17.5 Gbits/sec    2   3.02 MBytes       
[  5]  20.00-30.00  sec  27.4 GBytes  23.5 Gbits/sec   22   3.02 MBytes       
[  5]  30.00-40.00  sec  30.9 GBytes  26.5 Gbits/sec    0   3.02 MBytes       
[  5]  40.00-50.00  sec  20.8 GBytes  17.9 Gbits/sec    0   3.02 MBytes       
[  5]  50.00-60.00  sec  25.8 GBytes  22.2 Gbits/sec    0   3.02 MBytes       
[  5]  60.00-70.00  sec  25.4 GBytes  21.8 Gbits/sec    1   3.02 MBytes       
[  5]  70.00-80.00  sec  17.9 GBytes  15.4 Gbits/sec    0   3.02 MBytes       
[  5]  80.00-90.00  sec  27.6 GBytes  23.7 Gbits/sec    0   3.02 MBytes       
[  5]  90.00-100.00 sec  28.4 GBytes  24.4 Gbits/sec    0   3.02 MBytes       
[  5] 100.00-110.00 sec  24.4 GBytes  21.0 Gbits/sec    0   3.02 MBytes       
[  5] 110.00-120.00 sec  28.0 GBytes  24.0 Gbits/sec    0   3.02 MBytes       
- - - - - - - - - - - - - - - - - - - - - - - - -
[ ID] Interval           Transfer     Bitrate         Retr
[  5]   0.00-120.00 sec   300 GBytes  21.4 Gbits/sec   78             sender
[  5]   0.00-120.04 sec   300 GBytes  21.4 Gbits/sec                  receiver

iperf Done.
