Connecting to host 192.168.2.2, port 25003
[  5] local 192.168.2.3 port 49997 connected to 192.168.2.2 port 25003
[ ID] Interval           Transfer     Bitrate         Retr  Cwnd
[  5]   0.00-10.00  sec  21.5 GBytes  18.5 Gbits/sec    0   3.17 MBytes       
[  5]  10.00-20.00  sec  23.5 GBytes  20.2 Gbits/sec    6   3.17 MBytes       
[  5]  20.00-30.00  sec  20.2 GBytes  17.4 Gbits/sec    3   3.17 MBytes       
[  5]  30.00-40.00  sec  21.8 GBytes  18.7 Gbits/sec    0   3.03 MBytes       
[  5]  40.00-50.00  sec  29.4 GBytes  25.2 Gbits/sec    0   3.03 MBytes       
[  5]  50.00-60.00  sec  22.2 GBytes  19.0 Gbits/sec   20   3.03 MBytes       
[  5]  60.00-70.00  sec  17.7 GBytes  15.2 Gbits/sec    0   3.03 MBytes       
[  5]  70.00-80.00  sec  16.4 GBytes  14.1 Gbits/sec    0   3.03 MBytes       
[  5]  80.00-90.00  sec  20.4 GBytes  17.5 Gbits/sec    0   3.03 MBytes       
[  5]  90.00-100.00 sec  22.2 GBytes  19.1 Gbits/sec    0   3.03 MBytes       
[  5] 100.00-110.00 sec  24.8 GBytes  21.3 Gbits/sec    0   3.03 MBytes       
[  5] 110.00-120.00 sec  20.8 GBytes  17.9 Gbits/sec    0   3.03 MBytes       
- - - - - - - - - - - - - - - - - - - - - - - - -
[ ID] Interval           Transfer     Bitrate         Retr
[  5]   0.00-120.00 sec   261 GBytes  18.7 Gbits/sec   29             sender
[  5]   0.00-120.05 sec   261 GBytes  18.7 Gbits/sec                  receiver

iperf Done.
