Connecting to host 192.168.4.3, port 25007
[  5] local 192.168.4.2 port 56715 connected to 192.168.4.3 port 25007
[ ID] Interval           Transfer     Bitrate         Retr  Cwnd
[  5]   0.00-10.00  sec  26.0 GBytes  22.3 Gbits/sec  194   2.05 MBytes       
[  5]  10.00-20.00  sec  28.4 GBytes  24.4 Gbits/sec  697   1.29 MBytes       
[  5]  20.00-30.00  sec  21.0 GBytes  18.0 Gbits/sec    0   1.92 MBytes       
[  5]  30.00-40.00  sec  25.9 GBytes  22.2 Gbits/sec    0   2.32 MBytes       
[  5]  40.00-50.00  sec  20.8 GBytes  17.8 Gbits/sec    0   3.11 MBytes       
[  5]  50.00-60.00  sec  25.1 GBytes  21.5 Gbits/sec    0   3.11 MBytes       
[  5]  60.00-70.00  sec  25.8 GBytes  22.2 Gbits/sec    0   3.11 MBytes       
[  5]  70.00-80.00  sec  33.9 GBytes  29.1 Gbits/sec    0   3.11 MBytes       
[  5]  80.00-90.00  sec  20.5 GBytes  17.6 Gbits/sec    0   3.11 MBytes       
[  5]  90.00-100.00 sec  21.6 GBytes  18.6 Gbits/sec    0   3.11 MBytes       
[  5] 100.00-110.00 sec  23.7 GBytes  20.3 Gbits/sec    0   3.11 MBytes       
[  5] 110.00-120.00 sec  24.3 GBytes  20.9 Gbits/sec    0   3.11 MBytes       
- - - - - - - - - - - - - - - - - - - - - - - - -
[ ID] Interval           Transfer     Bitrate         Retr
[  5]   0.00-120.00 sec   297 GBytes  21.2 Gbits/sec  891             sender
[  5]   0.00-120.05 sec   297 GBytes  21.2 Gbits/sec                  receiver

iperf Done.
