Connecting to host 192.168.4.3, port 25005
[  5] local 192.168.4.2 port 59623 connected to 192.168.4.3 port 25005
[ ID] Interval           Transfer     Bitrate         Retr  Cwnd
[  5]   0.00-10.00  sec  26.6 GBytes  22.8 Gbits/sec  1007   1.31 MBytes       
[  5]  10.00-20.00  sec  19.4 GBytes  16.7 Gbits/sec   55   1.95 MBytes       
[  5]  20.00-30.00  sec  24.7 GBytes  21.3 Gbits/sec    0   2.52 MBytes       
[  5]  30.00-40.00  sec  18.3 GBytes  15.7 Gbits/sec    0   2.52 MBytes       
[  5]  40.00-50.00  sec  25.3 GBytes  21.7 Gbits/sec   45   2.79 MBytes       
[  5]  50.00-60.00  sec  26.1 GBytes  22.4 Gbits/sec    0   3.06 MBytes       
[  5]  60.00-70.00  sec  25.8 GBytes  22.2 Gbits/sec    0   3.06 MBytes       
[  5]  70.00-80.00  sec  17.9 GBytes  15.4 Gbits/sec    0   3.06 MBytes       
[  5]  80.00-90.00  sec  19.2 GBytes  16.5 Gbits/sec    0   3.06 MBytes       
[  5]  90.00-100.00 sec  21.6 GBytes  18.5 Gbits/sec    0   3.06 MBytes       
[  5] 100.00-110.00 sec  24.0 GBytes  20.6 Gbits/sec    0   3.06 MBytes       
[  5] 110.00-120.00 sec  28.3 GBytes  24.3 Gbits/sec    0   3.06 MBytes       
- - - - - - - - - - - - - - - - - - - - - - - - -
[ ID] Interval           Transfer     Bitrate         Retr
[  5]   0.00-120.00 sec   277 GBytes  19.8 Gbits/sec  1107             sender
[  5]   0.00-120.04 sec   277 GBytes  19.8 Gbits/sec                  receiver

iperf Done.
