Connecting to host 192.168.4.3, port 25005
[  5] local 192.168.4.2 port 34091 connected to 192.168.4.3 port 25005
[ ID] Interval           Transfer     Bitrate         Retr  Cwnd
[  5]   0.00-10.00  sec  17.4 GBytes  14.9 Gbits/sec   90   3.00 MBytes       
[  5]  10.00-20.00  sec  17.7 GBytes  15.2 Gbits/sec   27   3.00 MBytes       
[  5]  20.00-30.00  sec  21.1 GBytes  18.2 Gbits/sec    0   3.00 MBytes       
[  5]  30.00-40.00  sec  18.5 GBytes  15.9 Gbits/sec   98   3.00 MBytes       
[  5]  40.00-50.00  sec  18.4 GBytes  15.8 Gbits/sec    0   3.00 MBytes       
[  5]  50.00-60.00  sec  19.9 GBytes  17.1 Gbits/sec    0   3.00 MBytes       
[  5]  60.00-70.00  sec  19.4 GBytes  16.7 Gbits/sec    0   3.00 MBytes       
[  5]  70.00-80.00  sec  19.4 GBytes  16.7 Gbits/sec  656   3.00 MBytes       
[  5]  80.00-90.00  sec  20.2 GBytes  17.4 Gbits/sec    0   3.00 MBytes       
[  5]  90.00-100.00 sec  21.3 GBytes  18.3 Gbits/sec    0   3.00 MBytes       
[  5] 100.00-110.00 sec  17.7 GBytes  15.2 Gbits/sec    0   3.00 MBytes       
[  5] 110.00-120.00 sec  23.3 GBytes  20.0 Gbits/sec    0   3.00 MBytes       
- - - - - - - - - - - - - - - - - - - - - - - - -
[ ID] Interval           Transfer     Bitrate         Retr
[  5]   0.00-120.00 sec   234 GBytes  16.8 Gbits/sec  871             sender
[  5]   0.00-120.04 sec   234 GBytes  16.8 Gbits/sec                  receiver

iperf Done.
