-----------------------------------------------------------
Server listening on 25005
-----------------------------------------------------------
Accepted connection from 192.168.4.3, port 51379
[  5] local 192.168.4.2 port 25005 connected to 192.168.4.3 port 49451
[ ID] Interval           Transfer     Bitrate
[  5]   0.00-1.00   sec   720 MBytes  6.04 Gbits/sec                  
[  5]   1.00-2.00   sec   839 MBytes  7.03 Gbits/sec                  
[  5]   2.00-3.00   sec   663 MBytes  5.56 Gbits/sec                  
[  5]   3.00-4.00   sec   852 MBytes  7.15 Gbits/sec                  
[  5]   4.00-5.00   sec  1.17 GBytes  10.0 Gbits/sec                  
[  5]   5.00-6.00   sec  1.22 GBytes  10.5 Gbits/sec                  
[  5]   6.00-7.00   sec   999 MBytes  8.38 Gbits/sec                  
[  5]   7.00-8.00   sec  1.18 GBytes  10.1 Gbits/sec                  
[  5]   8.00-9.00   sec  1.18 GBytes  10.1 Gbits/sec                  
[  5]   9.00-10.00  sec  1.11 GBytes  9.57 Gbits/sec                  
[  5]  10.00-11.00  sec   843 MBytes  7.07 Gbits/sec                  
[  5]  11.00-12.00  sec  1.02 GBytes  8.74 Gbits/sec                  
[  5]  12.00-13.00  sec  1.11 GBytes  9.51 Gbits/sec                  
[  5]  13.00-14.00  sec  1.05 GBytes  9.00 Gbits/sec                  
[  5]  14.00-15.00  sec  1.09 GBytes  9.40 Gbits/sec                  
[  5]  15.00-16.00  sec   927 MBytes  7.77 Gbits/sec                  
[  5]  16.00-17.00  sec   769 MBytes  6.45 Gbits/sec                  
[  5]  17.00-18.00  sec   735 MBytes  6.17 Gbits/sec                  
[  5]  18.00-19.00  sec   671 MBytes  5.63 Gbits/sec                  
[  5]  19.00-20.00  sec   732 MBytes  6.14 Gbits/sec                  
[  5]  20.00-21.00  sec   769 MBytes  6.45 Gbits/sec                  
[  5]  21.00-22.00  sec   816 MBytes  6.84 Gbits/sec                  
[  5]  22.00-23.00  sec   650 MBytes  5.45 Gbits/sec                  
[  5]  23.00-24.00  sec   653 MBytes  5.48 Gbits/sec                  
[  5]  24.00-25.00  sec   506 MBytes  4.25 Gbits/sec                  
[  5]  25.00-26.00  sec   588 MBytes  4.93 Gbits/sec                  
[  5]  26.00-27.00  sec   795 MBytes  6.67 Gbits/sec                  
[  5]  27.00-28.00  sec   782 MBytes  6.56 Gbits/sec                  
[  5]  28.00-29.00  sec   773 MBytes  6.49 Gbits/sec                  
[  5]  29.00-30.00  sec   498 MBytes  4.18 Gbits/sec                  
[  5]  30.00-31.00  sec   649 MBytes  5.44 Gbits/sec                  
[  5]  31.00-32.00  sec   765 MBytes  6.42 Gbits/sec                  
[  5]  32.00-33.00  sec   615 MBytes  5.16 Gbits/sec                  
[  5]  33.00-34.00  sec   667 MBytes  5.60 Gbits/sec                  
[  5]  34.00-35.00  sec   626 MBytes  5.25 Gbits/sec                  
[  5]  35.00-36.00  sec  1.01 GBytes  8.63 Gbits/sec                  
[  5]  36.00-37.00  sec  1.03 GBytes  8.84 Gbits/sec                  
[  5]  37.00-38.00  sec   902 MBytes  7.57 Gbits/sec                  
[  5]  38.00-39.00  sec   850 MBytes  7.13 Gbits/sec                  
[  5]  39.00-40.00  sec  1.07 GBytes  9.15 Gbits/sec                  
[  5]  40.00-41.00  sec   863 MBytes  7.24 Gbits/sec                  
[  5]  41.00-42.00  sec   804 MBytes  6.75 Gbits/sec                  
[  5]  42.00-43.00  sec   707 MBytes  5.93 Gbits/sec                  
[  5]  43.00-44.00  sec   467 MBytes  3.92 Gbits/sec                  
[  5]  44.00-45.00  sec   596 MBytes  5.00 Gbits/sec                  
[  5]  45.00-46.00  sec   648 MBytes  5.43 Gbits/sec                  
[  5]  46.00-47.00  sec   481 MBytes  4.03 Gbits/sec                  
[  5]  47.00-48.00  sec   352 MBytes  2.96 Gbits/sec                  
[  5]  48.00-49.00  sec   629 MBytes  5.28 Gbits/sec                  
[  5]  49.00-50.00  sec   788 MBytes  6.61 Gbits/sec                  
[  5]  50.00-51.00  sec   765 MBytes  6.42 Gbits/sec                  
[  5]  51.00-52.00  sec   619 MBytes  5.19 Gbits/sec                  
[  5]  52.00-53.00  sec   746 MBytes  6.25 Gbits/sec                  
[  5]  53.00-54.00  sec   915 MBytes  7.67 Gbits/sec                  
[  5]  54.00-55.00  sec   653 MBytes  5.48 Gbits/sec                  
[  5]  55.00-56.00  sec   794 MBytes  6.66 Gbits/sec                  
[  5]  56.00-57.00  sec   724 MBytes  6.07 Gbits/sec                  
[  5]  57.00-58.00  sec  1.07 GBytes  9.23 Gbits/sec                  
[  5]  58.00-59.00  sec   645 MBytes  5.41 Gbits/sec                  
[  5]  59.00-60.00  sec   548 MBytes  4.60 Gbits/sec                  
[  5]  60.00-61.00  sec   703 MBytes  5.90 Gbits/sec                  
[  5]  61.00-62.00  sec   719 MBytes  6.03 Gbits/sec                  
[  5]  62.00-63.00  sec   710 MBytes  5.95 Gbits/sec                  
[  5]  63.00-64.00  sec   728 MBytes  6.11 Gbits/sec                  
[  5]  64.00-65.00  sec   714 MBytes  5.99 Gbits/sec                  
[  5]  65.00-66.00  sec   702 MBytes  5.89 Gbits/sec                  
[  5]  66.00-67.00  sec   738 MBytes  6.19 Gbits/sec                  
[  5]  67.00-68.00  sec   577 MBytes  4.84 Gbits/sec                  
[  5]  68.00-69.00  sec   644 MBytes  5.40 Gbits/sec                  
[  5]  69.00-70.00  sec   874 MBytes  7.33 Gbits/sec                  
[  5]  70.00-71.00  sec   956 MBytes  8.02 Gbits/sec                  
[  5]  71.00-72.00  sec  1015 MBytes  8.52 Gbits/sec                  
[  5]  72.00-73.00  sec   903 MBytes  7.57 Gbits/sec                  
[  5]  73.00-74.00  sec  1.07 GBytes  9.23 Gbits/sec                  
[  5]  74.00-75.00  sec   998 MBytes  8.37 Gbits/sec                  
[  5]  75.00-76.00  sec   884 MBytes  7.41 Gbits/sec                  
[  5]  76.00-77.00  sec   840 MBytes  7.05 Gbits/sec                  
[  5]  77.00-78.00  sec   867 MBytes  7.27 Gbits/sec                  
[  5]  78.00-79.00  sec   986 MBytes  8.27 Gbits/sec                  
[  5]  79.00-80.00  sec  1.21 GBytes  10.4 Gbits/sec                  
[  5]  80.00-81.00  sec  1.18 GBytes  10.2 Gbits/sec                  
[  5]  81.00-82.00  sec  1.08 GBytes  9.26 Gbits/sec                  
[  5]  82.00-83.00  sec  1015 MBytes  8.52 Gbits/sec                  
[  5]  83.00-84.00  sec   853 MBytes  7.15 Gbits/sec                  
[  5]  84.00-85.00  sec   851 MBytes  7.13 Gbits/sec                  
[  5]  85.00-86.00  sec   830 MBytes  6.97 Gbits/sec                  
[  5]  86.00-87.00  sec   788 MBytes  6.61 Gbits/sec                  
[  5]  87.00-88.00  sec   720 MBytes  6.04 Gbits/sec                  
[  5]  88.00-89.00  sec   651 MBytes  5.46 Gbits/sec                  
[  5]  89.00-90.00  sec   648 MBytes  5.43 Gbits/sec                  
[  5]  90.00-91.00  sec   741 MBytes  6.22 Gbits/sec                  
[  5]  91.00-92.00  sec   710 MBytes  5.96 Gbits/sec                  
[  5]  92.00-93.00  sec   500 MBytes  4.19 Gbits/sec                  
[  5]  93.00-94.00  sec   577 MBytes  4.84 Gbits/sec                  
[  5]  94.00-95.00  sec   485 MBytes  4.06 Gbits/sec                  
[  5]  95.00-96.00  sec   763 MBytes  6.40 Gbits/sec                  
[  5]  96.00-97.00  sec   935 MBytes  7.84 Gbits/sec                  
[  5]  97.00-98.00  sec  1.05 GBytes  9.02 Gbits/sec                  
[  5]  98.00-99.00  sec  1.07 GBytes  9.16 Gbits/sec                  
[  5]  99.00-100.00 sec   822 MBytes  6.89 Gbits/sec                  
[  5] 100.00-101.00 sec   754 MBytes  6.33 Gbits/sec                  
[  5] 101.00-102.00 sec   792 MBytes  6.64 Gbits/sec                  
[  5] 102.00-103.00 sec   659 MBytes  5.53 Gbits/sec                  
[  5] 103.00-104.00 sec   665 MBytes  5.58 Gbits/sec                  
[  5] 104.00-105.00 sec   747 MBytes  6.26 Gbits/sec                  
[  5] 105.00-106.00 sec   960 MBytes  8.06 Gbits/sec                  
[  5] 106.00-107.00 sec   805 MBytes  6.75 Gbits/sec                  
[  5] 107.00-108.00 sec   774 MBytes  6.50 Gbits/sec                  
[  5] 108.00-109.00 sec   730 MBytes  6.13 Gbits/sec                  
[  5] 109.00-110.00 sec   799 MBytes  6.70 Gbits/sec                  
[  5] 110.00-111.00 sec   513 MBytes  4.30 Gbits/sec                  
[  5] 111.00-112.00 sec   520 MBytes  4.36 Gbits/sec                  
[  5] 112.00-113.00 sec   508 MBytes  4.26 Gbits/sec                  
[  5] 113.00-114.00 sec   542 MBytes  4.55 Gbits/sec                  
[  5] 114.00-115.00 sec   707 MBytes  5.93 Gbits/sec                  
[  5] 115.00-116.00 sec   633 MBytes  5.31 Gbits/sec                  
[  5] 116.00-117.00 sec   656 MBytes  5.50 Gbits/sec                  
[  5] 117.00-118.00 sec   714 MBytes  5.99 Gbits/sec                  
[  5] 118.00-119.00 sec   571 MBytes  4.79 Gbits/sec                  
[  5] 119.00-120.00 sec   711 MBytes  5.96 Gbits/sec                  
[  5] 120.00-120.04 sec   102 MBytes  19.4 Gbits/sec                  
- - - - - - - - - - - - - - - - - - - - - - - - -
[ ID] Interval           Transfer     Bitrate
[  5]   0.00-120.04 sec  92.9 GBytes  6.65 Gbits/sec                  receiver
-----------------------------------------------------------
Server listening on 25005
-----------------------------------------------------------
