Connecting to host 192.168.4.2, port 25006
[  5] local 192.168.4.3 port 52285 connected to 192.168.4.2 port 25006
[ ID] Interval           Transfer     Bitrate         Retr  Cwnd
[  5]   0.00-10.00  sec  9.96 GBytes  8.56 Gbits/sec    0   3.06 MBytes       
[  5]  10.00-20.00  sec  9.66 GBytes  8.30 Gbits/sec    0   3.06 MBytes       
[  5]  20.00-30.00  sec  7.09 GBytes  6.09 Gbits/sec    0   3.06 MBytes       
[  5]  30.00-40.00  sec  10.7 GBytes  9.16 Gbits/sec    0   3.06 MBytes       
[  5]  40.00-50.00  sec  6.06 GBytes  5.21 Gbits/sec    1   3.06 MBytes       
[  5]  50.00-60.00  sec  6.15 GBytes  5.28 Gbits/sec    0   3.06 MBytes       
[  5]  60.00-70.00  sec  6.07 GBytes  5.21 Gbits/sec    0   3.06 MBytes       
[  5]  70.00-80.00  sec  9.22 GBytes  7.92 Gbits/sec    0   3.06 MBytes       
[  5]  80.00-90.00  sec  8.41 GBytes  7.22 Gbits/sec    0   3.06 MBytes       
[  5]  90.00-100.00 sec  9.05 GBytes  7.77 Gbits/sec    0   3.06 MBytes       
[  5] 100.00-110.00 sec  7.46 GBytes  6.41 Gbits/sec    0   3.06 MBytes       
[  5] 110.00-120.00 sec  6.62 GBytes  5.69 Gbits/sec    0   3.06 MBytes       
- - - - - - - - - - - - - - - - - - - - - - - - -
[ ID] Interval           Transfer     Bitrate         Retr
[  5]   0.00-120.00 sec  96.4 GBytes  6.90 Gbits/sec    1             sender
[  5]   0.00-120.04 sec  96.4 GBytes  6.90 Gbits/sec                  receiver

iperf Done.
