Connecting to host 192.168.4.2, port 25004
[  5] local 192.168.4.3 port 53127 connected to 192.168.4.2 port 25004
[ ID] Interval           Transfer     Bitrate         Retr  Cwnd
[  5]   0.00-10.00  sec  10.0 GBytes  8.59 Gbits/sec   40   3.07 MBytes       
[  5]  10.00-20.00  sec  8.82 GBytes  7.58 Gbits/sec    0   3.07 MBytes       
[  5]  20.00-30.00  sec  6.64 GBytes  5.70 Gbits/sec    3   3.07 MBytes       
[  5]  30.00-40.00  sec  7.67 GBytes  6.59 Gbits/sec    0   3.07 MBytes       
[  5]  40.00-50.00  sec  10.4 GBytes  8.94 Gbits/sec    0   3.07 MBytes       
[  5]  50.00-60.00  sec  6.03 GBytes  5.18 Gbits/sec   61   3.07 MBytes       
[  5]  60.00-70.00  sec  6.06 GBytes  5.21 Gbits/sec   28   2.15 MBytes       
[  5]  70.00-80.00  sec  9.14 GBytes  7.85 Gbits/sec    2   3.08 MBytes       
[  5]  80.00-90.00  sec  8.41 GBytes  7.23 Gbits/sec    0   3.08 MBytes       
[  5]  90.00-100.00 sec  8.39 GBytes  7.21 Gbits/sec    0   3.08 MBytes       
[  5] 100.00-110.00 sec  7.45 GBytes  6.40 Gbits/sec    0   3.08 MBytes       
[  5] 110.00-120.00 sec  5.76 GBytes  4.95 Gbits/sec    0   3.08 MBytes       
- - - - - - - - - - - - - - - - - - - - - - - - -
[ ID] Interval           Transfer     Bitrate         Retr
[  5]   0.00-120.00 sec  94.8 GBytes  6.78 Gbits/sec  134             sender
[  5]   0.00-120.04 sec  94.8 GBytes  6.78 Gbits/sec                  receiver

iperf Done.
