-----------------------------------------------------------
Server listening on 25000
-----------------------------------------------------------
Accepted connection from 192.168.2.3, port 48645
[  5] local 192.168.2.2 port 25000 connected to 192.168.2.3 port 44085
[ ID] Interval           Transfer     Bitrate
[  5]   0.00-1.00   sec   873 MBytes  7.32 Gbits/sec                  
[  5]   1.00-2.00   sec   672 MBytes  5.64 Gbits/sec                  
[  5]   2.00-3.00   sec   466 MBytes  3.91 Gbits/sec                  
[  5]   3.00-4.00   sec   652 MBytes  5.47 Gbits/sec                  
[  5]   4.00-5.00   sec  1.53 GBytes  13.2 Gbits/sec                  
[  5]   5.00-6.00   sec  1.62 GBytes  13.9 Gbits/sec                  
[  5]   6.00-7.00   sec  1.29 GBytes  11.1 Gbits/sec                  
[  5]   7.00-8.00   sec  1.18 GBytes  10.2 Gbits/sec                  
[  5]   8.00-9.00   sec   842 MBytes  7.06 Gbits/sec                  
[  5]   9.00-10.00  sec   759 MBytes  6.36 Gbits/sec                  
[  5]  10.00-11.00  sec   790 MBytes  6.62 Gbits/sec                  
[  5]  11.00-12.00  sec   814 MBytes  6.83 Gbits/sec                  
[  5]  12.00-13.00  sec   762 MBytes  6.40 Gbits/sec                  
[  5]  13.00-14.00  sec   817 MBytes  6.85 Gbits/sec                  
[  5]  14.00-15.00  sec   914 MBytes  7.66 Gbits/sec                  
[  5]  15.00-16.00  sec   608 MBytes  5.10 Gbits/sec                  
[  5]  16.00-17.00  sec   492 MBytes  4.13 Gbits/sec                  
[  5]  17.00-18.00  sec   484 MBytes  4.06 Gbits/sec                  
[  5]  18.00-19.00  sec   434 MBytes  3.64 Gbits/sec                  
[  5]  19.00-20.00  sec   468 MBytes  3.92 Gbits/sec                  
[  5]  20.00-21.00  sec   486 MBytes  4.07 Gbits/sec                  
[  5]  21.00-22.00  sec   610 MBytes  5.12 Gbits/sec                  
[  5]  22.00-23.00  sec   528 MBytes  4.43 Gbits/sec                  
[  5]  23.00-24.00  sec  1.09 GBytes  9.37 Gbits/sec                  
[  5]  24.00-25.00  sec   945 MBytes  7.92 Gbits/sec                  
[  5]  25.00-26.00  sec   983 MBytes  8.24 Gbits/sec                  
[  5]  26.00-27.00  sec  1.02 GBytes  8.78 Gbits/sec                  
[  5]  27.00-28.00  sec  1.01 GBytes  8.68 Gbits/sec                  
[  5]  28.00-29.00  sec   838 MBytes  7.03 Gbits/sec                  
[  5]  29.00-30.00  sec   479 MBytes  4.02 Gbits/sec                  
[  5]  30.00-31.00  sec   646 MBytes  5.42 Gbits/sec                  
[  5]  31.00-32.00  sec   757 MBytes  6.35 Gbits/sec                  
[  5]  32.00-33.00  sec   609 MBytes  5.11 Gbits/sec                  
[  5]  33.00-34.00  sec   522 MBytes  4.38 Gbits/sec                  
[  5]  34.00-35.00  sec   573 MBytes  4.81 Gbits/sec                  
[  5]  35.00-36.00  sec   581 MBytes  4.88 Gbits/sec                  
[  5]  36.00-37.00  sec   942 MBytes  7.90 Gbits/sec                  
[  5]  37.00-38.00  sec  1.16 GBytes  9.95 Gbits/sec                  
[  5]  38.00-39.00  sec  1.10 GBytes  9.45 Gbits/sec                  
[  5]  39.00-40.00  sec  1.18 GBytes  10.2 Gbits/sec                  
[  5]  40.00-41.00  sec   791 MBytes  6.64 Gbits/sec                  
[  5]  41.00-42.00  sec   591 MBytes  4.96 Gbits/sec                  
[  5]  42.00-43.00  sec   548 MBytes  4.60 Gbits/sec                  
[  5]  43.00-44.00  sec   645 MBytes  5.41 Gbits/sec                  
[  5]  44.00-45.00  sec   897 MBytes  7.53 Gbits/sec                  
[  5]  45.00-46.00  sec   966 MBytes  8.11 Gbits/sec                  
[  5]  46.00-47.00  sec   598 MBytes  5.02 Gbits/sec                  
[  5]  47.00-48.00  sec   355 MBytes  2.98 Gbits/sec                  
[  5]  48.00-49.00  sec   778 MBytes  6.52 Gbits/sec                  
[  5]  49.00-50.00  sec  1.17 GBytes  10.1 Gbits/sec                  
[  5]  50.00-51.00  sec   796 MBytes  6.68 Gbits/sec                  
[  5]  51.00-52.00  sec   496 MBytes  4.16 Gbits/sec                  
[  5]  52.00-53.00  sec   476 MBytes  3.99 Gbits/sec                  
[  5]  53.00-54.00  sec   584 MBytes  4.90 Gbits/sec                  
[  5]  54.00-55.00  sec   623 MBytes  5.22 Gbits/sec                  
[  5]  55.00-56.00  sec   706 MBytes  5.93 Gbits/sec                  
[  5]  56.00-57.00  sec   562 MBytes  4.71 Gbits/sec                  
[  5]  57.00-58.00  sec   839 MBytes  7.03 Gbits/sec                  
[  5]  58.00-59.00  sec   574 MBytes  4.81 Gbits/sec                  
[  5]  59.00-60.00  sec   469 MBytes  3.93 Gbits/sec                  
[  5]  60.00-61.00  sec   712 MBytes  5.97 Gbits/sec                  
[  5]  61.00-62.00  sec   722 MBytes  6.06 Gbits/sec                  
[  5]  62.00-63.00  sec   717 MBytes  6.01 Gbits/sec                  
[  5]  63.00-64.00  sec   479 MBytes  4.02 Gbits/sec                  
[  5]  64.00-65.00  sec   471 MBytes  3.95 Gbits/sec                  
[  5]  65.00-66.00  sec   459 MBytes  3.85 Gbits/sec                  
[  5]  66.00-67.00  sec   482 MBytes  4.04 Gbits/sec                  
[  5]  67.00-68.00  sec   332 MBytes  2.78 Gbits/sec                  
[  5]  68.00-69.00  sec   320 MBytes  2.68 Gbits/sec                  
[  5]  69.00-70.00  sec   428 MBytes  3.59 Gbits/sec                  
[  5]  70.00-71.00  sec   551 MBytes  4.62 Gbits/sec                  
[  5]  71.00-72.00  sec  1008 MBytes  8.46 Gbits/sec                  
[  5]  72.00-73.00  sec   900 MBytes  7.55 Gbits/sec                  
[  5]  73.00-74.00  sec   938 MBytes  7.87 Gbits/sec                  
[  5]  74.00-75.00  sec   663 MBytes  5.56 Gbits/sec                  
[  5]  75.00-76.00  sec   589 MBytes  4.94 Gbits/sec                  
[  5]  76.00-77.00  sec   551 MBytes  4.62 Gbits/sec                  
[  5]  77.00-78.00  sec   571 MBytes  4.79 Gbits/sec                  
[  5]  78.00-79.00  sec   641 MBytes  5.38 Gbits/sec                  
[  5]  79.00-80.00  sec   823 MBytes  6.91 Gbits/sec                  
[  5]  80.00-81.00  sec   807 MBytes  6.77 Gbits/sec                  
[  5]  81.00-82.00  sec   734 MBytes  6.16 Gbits/sec                  
[  5]  82.00-83.00  sec   675 MBytes  5.66 Gbits/sec                  
[  5]  83.00-84.00  sec   554 MBytes  4.64 Gbits/sec                  
[  5]  84.00-85.00  sec   536 MBytes  4.50 Gbits/sec                  
[  5]  85.00-86.00  sec   539 MBytes  4.52 Gbits/sec                  
[  5]  86.00-87.00  sec   522 MBytes  4.38 Gbits/sec                  
[  5]  87.00-88.00  sec   454 MBytes  3.81 Gbits/sec                  
[  5]  88.00-89.00  sec   413 MBytes  3.46 Gbits/sec                  
[  5]  89.00-90.00  sec   424 MBytes  3.56 Gbits/sec                  
[  5]  90.00-91.00  sec   485 MBytes  4.07 Gbits/sec                  
[  5]  91.00-92.00  sec   488 MBytes  4.09 Gbits/sec                  
[  5]  92.00-93.00  sec   498 MBytes  4.17 Gbits/sec                  
[  5]  93.00-94.00  sec   581 MBytes  4.87 Gbits/sec                  
[  5]  94.00-95.00  sec   446 MBytes  3.74 Gbits/sec                  
[  5]  95.00-96.00  sec   488 MBytes  4.09 Gbits/sec                  
[  5]  96.00-97.00  sec   614 MBytes  5.15 Gbits/sec                  
[  5]  97.00-98.00  sec   701 MBytes  5.88 Gbits/sec                  
[  5]  98.00-99.00  sec   725 MBytes  6.08 Gbits/sec                  
[  5]  99.00-100.00 sec   819 MBytes  6.87 Gbits/sec                  
[  5] 100.00-101.00 sec   738 MBytes  6.19 Gbits/sec                  
[  5] 101.00-102.00 sec   784 MBytes  6.58 Gbits/sec                  
[  5] 102.00-103.00 sec   643 MBytes  5.39 Gbits/sec                  
[  5] 103.00-104.00 sec   525 MBytes  4.40 Gbits/sec                  
[  5] 104.00-105.00 sec   719 MBytes  6.03 Gbits/sec                  
[  5] 105.00-106.00 sec  1.09 GBytes  9.36 Gbits/sec                  
[  5] 106.00-107.00 sec  1.00 GBytes  8.63 Gbits/sec                  
[  5] 107.00-108.00 sec   491 MBytes  4.12 Gbits/sec                  
[  5] 108.00-109.00 sec   619 MBytes  5.19 Gbits/sec                  
[  5] 109.00-110.00 sec   647 MBytes  5.43 Gbits/sec                  
[  5] 110.00-111.00 sec   439 MBytes  3.68 Gbits/sec                  
[  5] 111.00-112.00 sec   666 MBytes  5.58 Gbits/sec                  
[  5] 112.00-113.00 sec   670 MBytes  5.62 Gbits/sec                  
[  5] 113.00-114.00 sec   720 MBytes  6.04 Gbits/sec                  
[  5] 114.00-115.00 sec   809 MBytes  6.78 Gbits/sec                  
[  5] 115.00-116.00 sec   783 MBytes  6.57 Gbits/sec                  
[  5] 116.00-117.00 sec   923 MBytes  7.74 Gbits/sec                  
[  5] 117.00-118.00 sec   742 MBytes  6.23 Gbits/sec                  
[  5] 118.00-119.00 sec   656 MBytes  5.50 Gbits/sec                  
[  5] 119.00-120.00 sec  1.10 GBytes  9.47 Gbits/sec                  
[  5] 120.00-120.05 sec   117 MBytes  20.9 Gbits/sec                  
- - - - - - - - - - - - - - - - - - - - - - - - -
[ ID] Interval           Transfer     Bitrate
[  5]   0.00-120.05 sec  83.1 GBytes  5.95 Gbits/sec                  receiver
-----------------------------------------------------------
Server listening on 25000
-----------------------------------------------------------
