-----------------------------------------------------------
Server listening on 25007
-----------------------------------------------------------
Accepted connection from 192.168.4.3, port 53125
[  5] local 192.168.4.2 port 25007 connected to 192.168.4.3 port 41589
[ ID] Interval           Transfer     Bitrate
[  5]   0.00-1.00   sec   748 MBytes  6.28 Gbits/sec                  
[  5]   1.00-2.00   sec   847 MBytes  7.11 Gbits/sec                  
[  5]   2.00-3.00   sec   694 MBytes  5.83 Gbits/sec                  
[  5]   3.00-4.00   sec   881 MBytes  7.39 Gbits/sec                  
[  5]   4.00-5.00   sec  1.16 GBytes  9.97 Gbits/sec                  
[  5]   5.00-6.00   sec  1.22 GBytes  10.5 Gbits/sec                  
[  5]   6.00-7.00   sec   998 MBytes  8.37 Gbits/sec                  
[  5]   7.00-8.00   sec  1.17 GBytes  10.1 Gbits/sec                  
[  5]   8.00-9.00   sec  1.23 GBytes  10.5 Gbits/sec                  
[  5]   9.00-10.00  sec  1.11 GBytes  9.56 Gbits/sec                  
[  5]  10.00-11.00  sec  1.43 GBytes  12.3 Gbits/sec                  
[  5]  11.00-12.00  sec  1.37 GBytes  11.8 Gbits/sec                  
[  5]  12.00-13.00  sec  1.10 GBytes  9.47 Gbits/sec                  
[  5]  13.00-14.00  sec  1.04 GBytes  8.92 Gbits/sec                  
[  5]  14.00-15.00  sec  1.10 GBytes  9.41 Gbits/sec                  
[  5]  15.00-16.00  sec   925 MBytes  7.76 Gbits/sec                  
[  5]  16.00-17.00  sec   769 MBytes  6.45 Gbits/sec                  
[  5]  17.00-18.00  sec   774 MBytes  6.49 Gbits/sec                  
[  5]  18.00-19.00  sec   672 MBytes  5.63 Gbits/sec                  
[  5]  19.00-20.00  sec   732 MBytes  6.14 Gbits/sec                  
[  5]  20.00-21.00  sec   767 MBytes  6.43 Gbits/sec                  
[  5]  21.00-22.00  sec   813 MBytes  6.82 Gbits/sec                  
[  5]  22.00-23.00  sec   645 MBytes  5.41 Gbits/sec                  
[  5]  23.00-24.00  sec   657 MBytes  5.51 Gbits/sec                  
[  5]  24.00-25.00  sec   511 MBytes  4.29 Gbits/sec                  
[  5]  25.00-26.00  sec   581 MBytes  4.87 Gbits/sec                  
[  5]  26.00-27.00  sec   791 MBytes  6.63 Gbits/sec                  
[  5]  27.00-28.00  sec   780 MBytes  6.54 Gbits/sec                  
[  5]  28.00-29.00  sec   851 MBytes  7.14 Gbits/sec                  
[  5]  29.00-30.00  sec   983 MBytes  8.24 Gbits/sec                  
[  5]  30.00-31.00  sec  1.27 GBytes  10.9 Gbits/sec                  
[  5]  31.00-32.00  sec  1.49 GBytes  12.8 Gbits/sec                  
[  5]  32.00-33.00  sec   845 MBytes  7.09 Gbits/sec                  
[  5]  33.00-34.00  sec   662 MBytes  5.55 Gbits/sec                  
[  5]  34.00-35.00  sec   628 MBytes  5.27 Gbits/sec                  
[  5]  35.00-36.00  sec   567 MBytes  4.75 Gbits/sec                  
[  5]  36.00-37.00  sec   669 MBytes  5.61 Gbits/sec                  
[  5]  37.00-38.00  sec   905 MBytes  7.59 Gbits/sec                  
[  5]  38.00-39.00  sec   850 MBytes  7.13 Gbits/sec                  
[  5]  39.00-40.00  sec   746 MBytes  6.26 Gbits/sec                  
[  5]  40.00-41.00  sec   684 MBytes  5.74 Gbits/sec                  
[  5]  41.00-42.00  sec   819 MBytes  6.87 Gbits/sec                  
[  5]  42.00-43.00  sec   991 MBytes  8.32 Gbits/sec                  
[  5]  43.00-44.00  sec   944 MBytes  7.92 Gbits/sec                  
[  5]  44.00-45.00  sec  1.18 GBytes  10.1 Gbits/sec                  
[  5]  45.00-46.00  sec  1.27 GBytes  10.9 Gbits/sec                  
[  5]  46.00-47.00  sec   953 MBytes  7.99 Gbits/sec                  
[  5]  47.00-48.00  sec   709 MBytes  5.94 Gbits/sec                  
[  5]  48.00-49.00  sec  1.24 GBytes  10.6 Gbits/sec                  
[  5]  49.00-50.00  sec  1.54 GBytes  13.2 Gbits/sec                  
[  5]  50.00-51.00  sec   812 MBytes  6.81 Gbits/sec                  
[  5]  51.00-52.00  sec   589 MBytes  4.95 Gbits/sec                  
[  5]  52.00-53.00  sec   712 MBytes  5.97 Gbits/sec                  
[  5]  53.00-54.00  sec   874 MBytes  7.33 Gbits/sec                  
[  5]  54.00-55.00  sec   637 MBytes  5.35 Gbits/sec                  
[  5]  55.00-56.00  sec   795 MBytes  6.67 Gbits/sec                  
[  5]  56.00-57.00  sec   720 MBytes  6.04 Gbits/sec                  
[  5]  57.00-58.00  sec   927 MBytes  7.78 Gbits/sec                  
[  5]  58.00-59.00  sec   464 MBytes  3.89 Gbits/sec                  
[  5]  59.00-60.00  sec   339 MBytes  2.84 Gbits/sec                  
[  5]  60.00-61.00  sec   705 MBytes  5.91 Gbits/sec                  
[  5]  61.00-62.00  sec   719 MBytes  6.03 Gbits/sec                  
[  5]  62.00-63.00  sec   709 MBytes  5.95 Gbits/sec                  
[  5]  63.00-64.00  sec   727 MBytes  6.10 Gbits/sec                  
[  5]  64.00-65.00  sec   714 MBytes  5.99 Gbits/sec                  
[  5]  65.00-66.00  sec   701 MBytes  5.88 Gbits/sec                  
[  5]  66.00-67.00  sec   738 MBytes  6.19 Gbits/sec                  
[  5]  67.00-68.00  sec   579 MBytes  4.86 Gbits/sec                  
[  5]  68.00-69.00  sec   646 MBytes  5.42 Gbits/sec                  
[  5]  69.00-70.00  sec   876 MBytes  7.35 Gbits/sec                  
[  5]  70.00-71.00  sec   869 MBytes  7.29 Gbits/sec                  
[  5]  71.00-72.00  sec  1015 MBytes  8.51 Gbits/sec                  
[  5]  72.00-73.00  sec   904 MBytes  7.58 Gbits/sec                  
[  5]  73.00-74.00  sec  1.08 GBytes  9.24 Gbits/sec                  
[  5]  74.00-75.00  sec   995 MBytes  8.35 Gbits/sec                  
[  5]  75.00-76.00  sec   886 MBytes  7.43 Gbits/sec                  
[  5]  76.00-77.00  sec   842 MBytes  7.07 Gbits/sec                  
[  5]  77.00-78.00  sec   867 MBytes  7.27 Gbits/sec                  
[  5]  78.00-79.00  sec   985 MBytes  8.26 Gbits/sec                  
[  5]  79.00-80.00  sec  1.21 GBytes  10.4 Gbits/sec                  
[  5]  80.00-81.00  sec  1.18 GBytes  10.2 Gbits/sec                  
[  5]  81.00-82.00  sec  1.08 GBytes  9.29 Gbits/sec                  
[  5]  82.00-83.00  sec  1023 MBytes  8.58 Gbits/sec                  
[  5]  83.00-84.00  sec   850 MBytes  7.13 Gbits/sec                  
[  5]  84.00-85.00  sec   851 MBytes  7.14 Gbits/sec                  
[  5]  85.00-86.00  sec   830 MBytes  6.96 Gbits/sec                  
[  5]  86.00-87.00  sec   813 MBytes  6.82 Gbits/sec                  
[  5]  87.00-88.00  sec   717 MBytes  6.01 Gbits/sec                  
[  5]  88.00-89.00  sec   652 MBytes  5.47 Gbits/sec                  
[  5]  89.00-90.00  sec   648 MBytes  5.43 Gbits/sec                  
[  5]  90.00-91.00  sec   738 MBytes  6.19 Gbits/sec                  
[  5]  91.00-92.00  sec   705 MBytes  5.92 Gbits/sec                  
[  5]  92.00-93.00  sec   502 MBytes  4.21 Gbits/sec                  
[  5]  93.00-94.00  sec   810 MBytes  6.80 Gbits/sec                  
[  5]  94.00-95.00  sec   884 MBytes  7.42 Gbits/sec                  
[  5]  95.00-96.00  sec   763 MBytes  6.40 Gbits/sec                  
[  5]  96.00-97.00  sec   938 MBytes  7.87 Gbits/sec                  
[  5]  97.00-98.00  sec  1.03 GBytes  8.87 Gbits/sec                  
[  5]  98.00-99.00  sec  1.03 GBytes  8.87 Gbits/sec                  
[  5]  99.00-100.00 sec   820 MBytes  6.88 Gbits/sec                  
[  5] 100.00-101.00 sec   750 MBytes  6.29 Gbits/sec                  
[  5] 101.00-102.00 sec   764 MBytes  6.41 Gbits/sec                  
[  5] 102.00-103.00 sec   637 MBytes  5.34 Gbits/sec                  
[  5] 103.00-104.00 sec   662 MBytes  5.55 Gbits/sec                  
[  5] 104.00-105.00 sec   749 MBytes  6.29 Gbits/sec                  
[  5] 105.00-106.00 sec   946 MBytes  7.94 Gbits/sec                  
[  5] 106.00-107.00 sec   780 MBytes  6.55 Gbits/sec                  
[  5] 107.00-108.00 sec   736 MBytes  6.18 Gbits/sec                  
[  5] 108.00-109.00 sec   714 MBytes  5.99 Gbits/sec                  
[  5] 109.00-110.00 sec   794 MBytes  6.66 Gbits/sec                  
[  5] 110.00-111.00 sec   517 MBytes  4.34 Gbits/sec                  
[  5] 111.00-112.00 sec   530 MBytes  4.44 Gbits/sec                  
[  5] 112.00-113.00 sec   535 MBytes  4.49 Gbits/sec                  
[  5] 113.00-114.00 sec   574 MBytes  4.82 Gbits/sec                  
[  5] 114.00-115.00 sec   745 MBytes  6.25 Gbits/sec                  
[  5] 115.00-116.00 sec   663 MBytes  5.56 Gbits/sec                  
[  5] 116.00-117.00 sec   692 MBytes  5.81 Gbits/sec                  
[  5] 117.00-118.00 sec   406 MBytes  3.41 Gbits/sec                  
[  5] 118.00-119.00 sec   330 MBytes  2.77 Gbits/sec                  
[  5] 119.00-120.00 sec   757 MBytes  6.35 Gbits/sec                  
[  5] 120.00-120.04 sec   107 MBytes  20.1 Gbits/sec                  
- - - - - - - - - - - - - - - - - - - - - - - - -
[ ID] Interval           Transfer     Bitrate
[  5]   0.00-120.04 sec  98.5 GBytes  7.05 Gbits/sec                  receiver
-----------------------------------------------------------
Server listening on 25007
-----------------------------------------------------------
