Connecting to host 192.168.4.3, port 25006
[  5] local 192.168.4.2 port 35751 connected to 192.168.4.3 port 25006
[ ID] Interval           Transfer     Bitrate         Retr  Cwnd
[  5]   0.00-10.00  sec  22.3 GBytes  19.1 Gbits/sec  593   2.85 MBytes       
[  5]  10.00-20.00  sec  21.3 GBytes  18.3 Gbits/sec    0   3.00 MBytes       
[  5]  20.00-30.00  sec  21.6 GBytes  18.6 Gbits/sec  656   3.00 MBytes       
[  5]  30.00-40.00  sec  17.6 GBytes  15.1 Gbits/sec  1007   3.02 MBytes       
[  5]  40.00-50.00  sec  21.7 GBytes  18.6 Gbits/sec   24   3.02 MBytes       
[  5]  50.00-60.00  sec  20.6 GBytes  17.7 Gbits/sec    0   3.02 MBytes       
[  5]  60.00-70.00  sec  21.9 GBytes  18.8 Gbits/sec    0   3.02 MBytes       
[  5]  70.00-80.00  sec  18.1 GBytes  15.5 Gbits/sec    0   3.02 MBytes       
[  5]  80.00-90.00  sec  18.5 GBytes  15.9 Gbits/sec    0   3.02 MBytes       
[  5]  90.00-100.00 sec  17.8 GBytes  15.3 Gbits/sec   26   3.02 MBytes       
[  5] 100.00-110.00 sec  14.5 GBytes  12.5 Gbits/sec  345   3.02 MBytes       
[  5] 110.00-120.00 sec  20.9 GBytes  17.9 Gbits/sec    0   3.02 MBytes       
- - - - - - - - - - - - - - - - - - - - - - - - -
[ ID] Interval           Transfer     Bitrate         Retr
[  5]   0.00-120.00 sec   237 GBytes  17.0 Gbits/sec  2651             sender
[  5]   0.00-120.05 sec   237 GBytes  16.9 Gbits/sec                  receiver

iperf Done.
