Connecting to host 192.168.2.2, port 25003
[  5] local 192.168.2.3 port 41207 connected to 192.168.2.2 port 25003
[ ID] Interval           Transfer     Bitrate         Retr  Cwnd
[  5]   0.00-10.00  sec  10.2 GBytes  8.77 Gbits/sec   34   1.78 MBytes       
[  5]  10.00-20.00  sec  12.5 GBytes  10.8 Gbits/sec    0   3.23 MBytes       
[  5]  20.00-30.00  sec  8.77 GBytes  7.54 Gbits/sec  135   3.23 MBytes       
[  5]  30.00-40.00  sec  10.4 GBytes  8.91 Gbits/sec  114   3.23 MBytes       
[  5]  40.00-50.00  sec  8.72 GBytes  7.49 Gbits/sec    0   3.23 MBytes       
[  5]  50.00-60.00  sec  7.38 GBytes  6.34 Gbits/sec    0   3.23 MBytes       
[  5]  60.00-70.00  sec  7.95 GBytes  6.83 Gbits/sec    0   3.23 MBytes       
[  5]  70.00-80.00  sec  7.42 GBytes  6.37 Gbits/sec    0   3.23 MBytes       
[  5]  80.00-90.00  sec  5.72 GBytes  4.91 Gbits/sec  214   3.23 MBytes       
[  5]  90.00-100.00 sec  10.4 GBytes  8.95 Gbits/sec    0   3.23 MBytes       
[  5] 100.00-110.00 sec  8.18 GBytes  7.03 Gbits/sec   28   3.23 MBytes       
[  5] 110.00-120.00 sec  5.90 GBytes  5.07 Gbits/sec    0   3.23 MBytes       
- - - - - - - - - - - - - - - - - - - - - - - - -
[ ID] Interval           Transfer     Bitrate         Retr
[  5]   0.00-120.00 sec   104 GBytes  7.42 Gbits/sec  525             sender
[  5]   0.00-120.05 sec   104 GBytes  7.41 Gbits/sec                  receiver

iperf Done.
