Connecting to host 192.168.2.2, port 25002
[  5] local 192.168.2.3 port 37469 connected to 192.168.2.2 port 25002
[ ID] Interval           Transfer     Bitrate         Retr  Cwnd
[  5]   0.00-10.00  sec  10.5 GBytes  9.03 Gbits/sec    1   2.73 MBytes       
[  5]  10.00-20.00  sec  10.8 GBytes  9.25 Gbits/sec    0   2.83 MBytes       
[  5]  20.00-30.00  sec  4.65 GBytes  3.99 Gbits/sec  165   2.37 MBytes       
[  5]  30.00-40.00  sec  6.56 GBytes  5.64 Gbits/sec   45   2.61 MBytes       
[  5]  40.00-50.00  sec  7.01 GBytes  6.02 Gbits/sec    0   3.07 MBytes       
[  5]  50.00-60.00  sec  5.85 GBytes  5.02 Gbits/sec    0   3.07 MBytes       
[  5]  60.00-70.00  sec  4.95 GBytes  4.25 Gbits/sec    0   3.07 MBytes       
[  5]  70.00-80.00  sec  11.2 GBytes  9.62 Gbits/sec    0   3.07 MBytes       
[  5]  80.00-90.00  sec  13.8 GBytes  11.8 Gbits/sec    0   3.07 MBytes       
[  5]  90.00-100.00 sec  5.73 GBytes  4.92 Gbits/sec    2   3.07 MBytes       
[  5] 100.00-110.00 sec  6.52 GBytes  5.60 Gbits/sec    0   3.07 MBytes       
[  5] 110.00-120.00 sec  5.72 GBytes  4.92 Gbits/sec  180   3.07 MBytes       
- - - - - - - - - - - - - - - - - - - - - - - - -
[ ID] Interval           Transfer     Bitrate         Retr
[  5]   0.00-120.00 sec  93.2 GBytes  6.67 Gbits/sec  393             sender
[  5]   0.00-120.06 sec  93.2 GBytes  6.67 Gbits/sec                  receiver

iperf Done.
