Connecting to host 192.168.2.3, port 25000
[  5] local 192.168.2.2 port 33163 connected to 192.168.2.3 port 25000
[ ID] Interval           Transfer     Bitrate         Retr  Cwnd
[  5]   0.00-10.00  sec  18.7 GBytes  16.1 Gbits/sec  590   2.48 MBytes       
[  5]  10.00-20.00  sec  24.7 GBytes  21.2 Gbits/sec    0   2.63 MBytes       
[  5]  20.00-30.00  sec  15.9 GBytes  13.6 Gbits/sec    0   3.00 MBytes       
[  5]  30.00-40.00  sec  20.9 GBytes  17.9 Gbits/sec  178   3.00 MBytes       
[  5]  40.00-50.00  sec  22.8 GBytes  19.6 Gbits/sec    1   3.00 MBytes       
[  5]  50.00-60.00  sec  22.2 GBytes  19.1 Gbits/sec    0   3.00 MBytes       
[  5]  60.00-70.00  sec  23.6 GBytes  20.3 Gbits/sec    0   3.00 MBytes       
[  5]  70.00-80.00  sec  22.1 GBytes  19.0 Gbits/sec    0   3.00 MBytes       
[  5]  80.00-90.00  sec  25.6 GBytes  22.0 Gbits/sec    0   3.00 MBytes       
[  5]  90.00-100.00 sec  18.8 GBytes  16.2 Gbits/sec    0   3.00 MBytes       
[  5] 100.00-110.00 sec  22.4 GBytes  19.2 Gbits/sec    0   3.00 MBytes       
[  5] 110.00-120.00 sec  23.1 GBytes  19.9 Gbits/sec    0   3.00 MBytes       
- - - - - - - - - - - - - - - - - - - - - - - - -
[ ID] Interval           Transfer     Bitrate         Retr
[  5]   0.00-120.00 sec   261 GBytes  18.7 Gbits/sec  769             sender
[  5]   0.00-120.04 sec   261 GBytes  18.7 Gbits/sec                  receiver

iperf Done.
