Connecting to host 192.168.2.2, port 25000
[  5] local 192.168.2.3 port 44085 connected to 192.168.2.2 port 25000
[ ID] Interval           Transfer     Bitrate         Retr  Cwnd
[  5]   0.00-10.00  sec  9.83 GBytes  8.45 Gbits/sec   10   3.02 MBytes       
[  5]  10.00-20.00  sec  6.41 GBytes  5.50 Gbits/sec    0   3.02 MBytes       
[  5]  20.00-30.00  sec  7.88 GBytes  6.77 Gbits/sec    0   3.02 MBytes       
[  5]  30.00-40.00  sec  7.99 GBytes  6.86 Gbits/sec    0   3.02 MBytes       
[  5]  40.00-50.00  sec  7.19 GBytes  6.18 Gbits/sec   59   3.02 MBytes       
[  5]  50.00-60.00  sec  5.95 GBytes  5.11 Gbits/sec    9   3.02 MBytes       
[  5]  60.00-70.00  sec  5.00 GBytes  4.29 Gbits/sec   45   3.02 MBytes       
[  5]  70.00-80.00  sec  7.08 GBytes  6.08 Gbits/sec    0   3.02 MBytes       
[  5]  80.00-90.00  sec  5.51 GBytes  4.73 Gbits/sec  270   3.02 MBytes       
[  5]  90.00-100.00 sec  5.73 GBytes  4.92 Gbits/sec  182   3.02 MBytes       
[  5] 100.00-110.00 sec  7.13 GBytes  6.12 Gbits/sec    0   3.02 MBytes       
[  5] 110.00-120.00 sec  7.44 GBytes  6.39 Gbits/sec    0   3.02 MBytes       
- - - - - - - - - - - - - - - - - - - - - - - - -
[ ID] Interval           Transfer     Bitrate         Retr
[  5]   0.00-120.00 sec  83.1 GBytes  5.95 Gbits/sec  575             sender
[  5]   0.00-120.05 sec  83.1 GBytes  5.95 Gbits/sec                  receiver

iperf Done.
