Connecting to host 192.168.4.3, port 25004
[  5] local 192.168.4.2 port 46703 connected to 192.168.4.3 port 25004
[ ID] Interval           Transfer     Bitrate         Retr  Cwnd
[  5]   0.00-10.00  sec  20.9 GBytes  17.9 Gbits/sec    3   3.01 MBytes       
[  5]  10.00-20.00  sec  19.2 GBytes  16.5 Gbits/sec   40   2.30 MBytes       
[  5]  20.00-30.00  sec  27.1 GBytes  23.3 Gbits/sec    1   2.58 MBytes       
[  5]  30.00-40.00  sec  24.9 GBytes  21.4 Gbits/sec    1   2.94 MBytes       
[  5]  40.00-50.00  sec  18.6 GBytes  16.0 Gbits/sec  275   3.01 MBytes       
[  5]  50.00-60.00  sec  20.8 GBytes  17.9 Gbits/sec    1   3.01 MBytes       
[  5]  60.00-70.00  sec  21.3 GBytes  18.3 Gbits/sec    0   3.01 MBytes       
[  5]  70.00-80.00  sec  19.6 GBytes  16.8 Gbits/sec   16   3.01 MBytes       
[  5]  80.00-90.00  sec  23.2 GBytes  20.0 Gbits/sec    0   3.01 MBytes       
[  5]  90.00-100.00 sec  20.3 GBytes  17.4 Gbits/sec   80   3.01 MBytes       
[  5] 100.00-110.00 sec  24.7 GBytes  21.3 Gbits/sec    0   3.01 MBytes       
[  5] 110.00-120.00 sec  23.2 GBytes  20.0 Gbits/sec    0   3.01 MBytes       
- - - - - - - - - - - - - - - - - - - - - - - - -
[ ID] Interval           Transfer     Bitrate         Retr
[  5]   0.00-120.00 sec   264 GBytes  18.9 Gbits/sec  417             sender
[  5]   0.00-120.05 sec   264 GBytes  18.9 Gbits/sec                  receiver

iperf Done.
