Connecting to host 192.168.2.3, port 25002
[  5] local 192.168.2.2 port 43705 connected to 192.168.2.3 port 25002
[ ID] Interval           Transfer     Bitrate         Retr  Cwnd
[  5]   0.00-10.00  sec  21.0 GBytes  18.0 Gbits/sec   98   3.00 MBytes       
[  5]  10.00-20.00  sec  16.5 GBytes  14.2 Gbits/sec  402   3.00 MBytes       
[  5]  20.00-30.00  sec  24.5 GBytes  21.0 Gbits/sec    0   3.00 MBytes       
[  5]  30.00-40.00  sec  16.5 GBytes  14.2 Gbits/sec    0   4.51 MBytes       
[  5]  40.00-50.00  sec  16.6 GBytes  14.2 Gbits/sec  316   4.51 MBytes       
[  5]  50.00-60.00  sec  21.7 GBytes  18.6 Gbits/sec    0   4.51 MBytes       
[  5]  60.00-70.00  sec  20.9 GBytes  17.9 Gbits/sec    0   4.51 MBytes       
[  5]  70.00-80.00  sec  15.8 GBytes  13.6 Gbits/sec    0   4.51 MBytes       
[  5]  80.00-90.00  sec  17.6 GBytes  15.2 Gbits/sec  225   4.51 MBytes       
[  5]  90.00-100.00 sec  21.0 GBytes  18.0 Gbits/sec    1   4.51 MBytes       
[  5] 100.00-110.00 sec  19.9 GBytes  17.1 Gbits/sec    0   4.51 MBytes       
[  5] 110.00-120.00 sec  22.8 GBytes  19.6 Gbits/sec    0   4.51 MBytes       
- - - - - - - - - - - - - - - - - - - - - - - - -
[ ID] Interval           Transfer     Bitrate         Retr
[  5]   0.00-120.00 sec   235 GBytes  16.8 Gbits/sec  1042             sender
[  5]   0.00-120.05 sec   235 GBytes  16.8 Gbits/sec                  receiver

iperf Done.
