Connecting to host 192.168.2.3, port 25001
[  5] local 192.168.2.2 port 48689 connected to 192.168.2.3 port 25001
[ ID] Interval           Transfer     Bitrate         Retr  Cwnd
[  5]   0.00-10.00  sec  17.0 GBytes  14.6 Gbits/sec  117   3.00 MBytes       
[  5]  10.00-20.00  sec  17.0 GBytes  14.6 Gbits/sec   16   3.00 MBytes       
[  5]  20.00-30.00  sec  23.3 GBytes  20.1 Gbits/sec    0   3.00 MBytes       
[  5]  30.00-40.00  sec  20.0 GBytes  17.2 Gbits/sec    0   3.00 MBytes       
[  5]  40.00-50.00  sec  21.7 GBytes  18.7 Gbits/sec  540   3.00 MBytes       
[  5]  50.00-60.00  sec  21.1 GBytes  18.1 Gbits/sec  286   3.00 MBytes       
[  5]  60.00-70.00  sec  21.4 GBytes  18.4 Gbits/sec    0   4.51 MBytes       
[  5]  70.00-80.00  sec  18.4 GBytes  15.8 Gbits/sec    0   4.51 MBytes       
[  5]  80.00-90.00  sec  18.6 GBytes  16.0 Gbits/sec    0   4.51 MBytes       
[  5]  90.00-100.00 sec  18.9 GBytes  16.3 Gbits/sec   15   4.51 MBytes       
[  5] 100.00-110.00 sec  22.3 GBytes  19.1 Gbits/sec    4   4.51 MBytes       
[  5] 110.00-120.00 sec  21.9 GBytes  18.8 Gbits/sec    1   4.51 MBytes       
- - - - - - - - - - - - - - - - - - - - - - - - -
[ ID] Interval           Transfer     Bitrate         Retr
[  5]   0.00-120.00 sec   242 GBytes  17.3 Gbits/sec  979             sender
[  5]   0.00-120.04 sec   242 GBytes  17.3 Gbits/sec                  receiver

iperf Done.
