-----------------------------------------------------------
Server listening on 25001
-----------------------------------------------------------
Accepted connection from 192.168.2.3, port 34633
[  5] local 192.168.2.2 port 25001 connected to 192.168.2.3 port 58237
[ ID] Interval           Transfer     Bitrate
[  5]   0.00-1.00   sec   599 MBytes  5.02 Gbits/sec                  
[  5]   1.00-2.00   sec   436 MBytes  3.65 Gbits/sec                  
[  5]   2.00-3.00   sec   424 MBytes  3.55 Gbits/sec                  
[  5]   3.00-4.00   sec   637 MBytes  5.35 Gbits/sec                  
[  5]   4.00-5.00   sec  1.54 GBytes  13.3 Gbits/sec                  
[  5]   5.00-6.00   sec  1.62 GBytes  13.9 Gbits/sec                  
[  5]   6.00-7.00   sec  1.29 GBytes  11.0 Gbits/sec                  
[  5]   7.00-8.00   sec  1.15 GBytes  9.88 Gbits/sec                  
[  5]   8.00-9.00   sec   823 MBytes  6.90 Gbits/sec                  
[  5]   9.00-10.00  sec   750 MBytes  6.29 Gbits/sec                  
[  5]  10.00-11.00  sec   784 MBytes  6.58 Gbits/sec                  
[  5]  11.00-12.00  sec   811 MBytes  6.80 Gbits/sec                  
[  5]  12.00-13.00  sec   760 MBytes  6.37 Gbits/sec                  
[  5]  13.00-14.00  sec   865 MBytes  7.26 Gbits/sec                  
[  5]  14.00-15.00  sec   910 MBytes  7.63 Gbits/sec                  
[  5]  15.00-16.00  sec   602 MBytes  5.05 Gbits/sec                  
[  5]  16.00-17.00  sec   489 MBytes  4.11 Gbits/sec                  
[  5]  17.00-18.00  sec   831 MBytes  6.97 Gbits/sec                  
[  5]  18.00-19.00  sec   630 MBytes  5.28 Gbits/sec                  
[  5]  19.00-20.00  sec   472 MBytes  3.96 Gbits/sec                  
[  5]  20.00-21.00  sec   485 MBytes  4.07 Gbits/sec                  
[  5]  21.00-22.00  sec   616 MBytes  5.17 Gbits/sec                  
[  5]  22.00-23.00  sec   531 MBytes  4.46 Gbits/sec                  
[  5]  23.00-24.00  sec   452 MBytes  3.79 Gbits/sec                  
[  5]  24.00-25.00  sec   305 MBytes  2.56 Gbits/sec                  
[  5]  25.00-26.00  sec   347 MBytes  2.91 Gbits/sec                  
[  5]  26.00-27.00  sec   515 MBytes  4.32 Gbits/sec                  
[  5]  27.00-28.00  sec   505 MBytes  4.23 Gbits/sec                  
[  5]  28.00-29.00  sec   500 MBytes  4.19 Gbits/sec                  
[  5]  29.00-30.00  sec   476 MBytes  3.99 Gbits/sec                  
[  5]  30.00-31.00  sec  1.26 GBytes  10.8 Gbits/sec                  
[  5]  31.00-32.00  sec  1.48 GBytes  12.7 Gbits/sec                  
[  5]  32.00-33.00  sec   652 MBytes  5.47 Gbits/sec                  
[  5]  33.00-34.00  sec   530 MBytes  4.45 Gbits/sec                  
[  5]  34.00-35.00  sec   844 MBytes  7.08 Gbits/sec                  
[  5]  35.00-36.00  sec   587 MBytes  4.93 Gbits/sec                  
[  5]  36.00-37.00  sec   968 MBytes  8.12 Gbits/sec                  
[  5]  37.00-38.00  sec  1.14 GBytes  9.83 Gbits/sec                  
[  5]  38.00-39.00  sec  1.10 GBytes  9.47 Gbits/sec                  
[  5]  39.00-40.00  sec  1.17 GBytes  10.1 Gbits/sec                  
[  5]  40.00-41.00  sec  1.11 GBytes  9.56 Gbits/sec                  
[  5]  41.00-42.00  sec  1.32 GBytes  11.3 Gbits/sec                  
[  5]  42.00-43.00  sec   556 MBytes  4.67 Gbits/sec                  
[  5]  43.00-44.00  sec   767 MBytes  6.44 Gbits/sec                  
[  5]  44.00-45.00  sec   918 MBytes  7.71 Gbits/sec                  
[  5]  45.00-46.00  sec   991 MBytes  8.31 Gbits/sec                  
[  5]  46.00-47.00  sec   755 MBytes  6.34 Gbits/sec                  
[  5]  47.00-48.00  sec   685 MBytes  5.75 Gbits/sec                  
[  5]  48.00-49.00  sec  1.06 GBytes  9.06 Gbits/sec                  
[  5]  49.00-50.00  sec  1.17 GBytes  10.1 Gbits/sec                  
[  5]  50.00-51.00  sec   777 MBytes  6.52 Gbits/sec                  
[  5]  51.00-52.00  sec   689 MBytes  5.78 Gbits/sec                  
[  5]  52.00-53.00  sec   972 MBytes  8.15 Gbits/sec                  
[  5]  53.00-54.00  sec  1.16 GBytes  9.98 Gbits/sec                  
[  5]  54.00-55.00  sec   796 MBytes  6.68 Gbits/sec                  
[  5]  55.00-56.00  sec   707 MBytes  5.93 Gbits/sec                  
[  5]  56.00-57.00  sec   559 MBytes  4.69 Gbits/sec                  
[  5]  57.00-58.00  sec   840 MBytes  7.05 Gbits/sec                  
[  5]  58.00-59.00  sec   572 MBytes  4.80 Gbits/sec                  
[  5]  59.00-60.00  sec   472 MBytes  3.96 Gbits/sec                  
[  5]  60.00-61.00  sec   712 MBytes  5.98 Gbits/sec                  
[  5]  61.00-62.00  sec   723 MBytes  6.06 Gbits/sec                  
[  5]  62.00-63.00  sec   716 MBytes  6.00 Gbits/sec                  
[  5]  63.00-64.00  sec   953 MBytes  7.99 Gbits/sec                  
[  5]  64.00-65.00  sec   943 MBytes  7.91 Gbits/sec                  
[  5]  65.00-66.00  sec   920 MBytes  7.72 Gbits/sec                  
[  5]  66.00-67.00  sec   970 MBytes  8.13 Gbits/sec                  
[  5]  67.00-68.00  sec   684 MBytes  5.74 Gbits/sec                  
[  5]  68.00-69.00  sec   651 MBytes  5.46 Gbits/sec                  
[  5]  69.00-70.00  sec   878 MBytes  7.36 Gbits/sec                  
[  5]  70.00-71.00  sec   930 MBytes  7.80 Gbits/sec                  
[  5]  71.00-72.00  sec  1006 MBytes  8.44 Gbits/sec                  
[  5]  72.00-73.00  sec   897 MBytes  7.53 Gbits/sec                  
[  5]  73.00-74.00  sec  1.21 GBytes  10.4 Gbits/sec                  
[  5]  74.00-75.00  sec  1.27 GBytes  10.9 Gbits/sec                  
[  5]  75.00-76.00  sec  1.12 GBytes  9.62 Gbits/sec                  
[  5]  76.00-77.00  sec  1.05 GBytes  9.05 Gbits/sec                  
[  5]  77.00-78.00  sec  1.13 GBytes  9.74 Gbits/sec                  
[  5]  78.00-79.00  sec  1.27 GBytes  10.9 Gbits/sec                  
[  5]  79.00-80.00  sec  1.60 GBytes  13.8 Gbits/sec                  
[  5]  80.00-81.00  sec  1.57 GBytes  13.5 Gbits/sec                  
[  5]  81.00-82.00  sec  1.43 GBytes  12.3 Gbits/sec                  
[  5]  82.00-83.00  sec  1.31 GBytes  11.2 Gbits/sec                  
[  5]  83.00-84.00  sec   689 MBytes  5.78 Gbits/sec                  
[  5]  84.00-85.00  sec   548 MBytes  4.60 Gbits/sec                  
[  5]  85.00-86.00  sec   542 MBytes  4.54 Gbits/sec                  
[  5]  86.00-87.00  sec   527 MBytes  4.42 Gbits/sec                  
[  5]  87.00-88.00  sec   457 MBytes  3.83 Gbits/sec                  
[  5]  88.00-89.00  sec   415 MBytes  3.48 Gbits/sec                  
[  5]  89.00-90.00  sec   613 MBytes  5.14 Gbits/sec                  
[  5]  90.00-91.00  sec   970 MBytes  8.14 Gbits/sec                  
[  5]  91.00-92.00  sec  1.09 GBytes  9.34 Gbits/sec                  
[  5]  92.00-93.00  sec   998 MBytes  8.37 Gbits/sec                  
[  5]  93.00-94.00  sec  1.13 GBytes  9.70 Gbits/sec                  
[  5]  94.00-95.00  sec   900 MBytes  7.55 Gbits/sec                  
[  5]  95.00-96.00  sec  1010 MBytes  8.47 Gbits/sec                  
[  5]  96.00-97.00  sec  1.21 GBytes  10.4 Gbits/sec                  
[  5]  97.00-98.00  sec  1.37 GBytes  11.8 Gbits/sec                  
[  5]  98.00-99.00  sec  1.29 GBytes  11.0 Gbits/sec                  
[  5]  99.00-100.00 sec   816 MBytes  6.85 Gbits/sec                  
[  5] 100.00-101.00 sec   738 MBytes  6.19 Gbits/sec                  
[  5] 101.00-102.00 sec   783 MBytes  6.57 Gbits/sec                  
[  5] 102.00-103.00 sec   659 MBytes  5.53 Gbits/sec                  
[  5] 103.00-104.00 sec   529 MBytes  4.44 Gbits/sec                  
[  5] 104.00-105.00 sec   747 MBytes  6.27 Gbits/sec                  
[  5] 105.00-106.00 sec   636 MBytes  5.34 Gbits/sec                  
[  5] 106.00-107.00 sec   531 MBytes  4.46 Gbits/sec                  
[  5] 107.00-108.00 sec   457 MBytes  3.84 Gbits/sec                  
[  5] 108.00-109.00 sec   617 MBytes  5.17 Gbits/sec                  
[  5] 109.00-110.00 sec   644 MBytes  5.40 Gbits/sec                  
[  5] 110.00-111.00 sec   379 MBytes  3.18 Gbits/sec                  
[  5] 111.00-112.00 sec   344 MBytes  2.89 Gbits/sec                  
[  5] 112.00-113.00 sec   348 MBytes  2.92 Gbits/sec                  
[  5] 113.00-114.00 sec   373 MBytes  3.13 Gbits/sec                  
[  5] 114.00-115.00 sec   518 MBytes  4.35 Gbits/sec                  
[  5] 115.00-116.00 sec   515 MBytes  4.32 Gbits/sec                  
[  5] 116.00-117.00 sec   460 MBytes  3.86 Gbits/sec                  
[  5] 117.00-118.00 sec   371 MBytes  3.11 Gbits/sec                  
[  5] 118.00-119.00 sec   320 MBytes  2.69 Gbits/sec                  
[  5] 119.00-120.00 sec   727 MBytes  6.10 Gbits/sec                  
[  5] 120.00-120.04 sec  96.2 MBytes  18.1 Gbits/sec                  
- - - - - - - - - - - - - - - - - - - - - - - - -
[ ID] Interval           Transfer     Bitrate
[  5]   0.00-120.04 sec  95.7 GBytes  6.84 Gbits/sec                  receiver
-----------------------------------------------------------
Server listening on 25001
-----------------------------------------------------------
