Connecting to host 192.168.2.2, port 25001
[  5] local 192.168.2.3 port 58237 connected to 192.168.2.2 port 25001
[ ID] Interval           Transfer     Bitrate         Retr  Cwnd
[  5]   0.00-10.00  sec  9.22 GBytes  7.92 Gbits/sec  107   1.76 MBytes       
[  5]  10.00-20.00  sec  6.97 GBytes  5.98 Gbits/sec   12   2.02 MBytes       
[  5]  20.00-30.00  sec  4.64 GBytes  3.98 Gbits/sec  397   2.45 MBytes       
[  5]  30.00-40.00  sec  9.66 GBytes  8.30 Gbits/sec    0   3.01 MBytes       
[  5]  40.00-50.00  sec  9.22 GBytes  7.92 Gbits/sec    0   3.01 MBytes       
[  5]  50.00-60.00  sec  7.37 GBytes  6.33 Gbits/sec    0   3.01 MBytes       
[  5]  60.00-70.00  sec  7.98 GBytes  6.85 Gbits/sec    0   3.01 MBytes       
[  5]  70.00-80.00  sec  11.5 GBytes  9.85 Gbits/sec    0   3.01 MBytes       
[  5]  80.00-90.00  sec  7.98 GBytes  6.85 Gbits/sec   14   3.01 MBytes       
[  5]  90.00-100.00 sec  10.7 GBytes  9.16 Gbits/sec    0   3.01 MBytes       
[  5] 100.00-110.00 sec  6.18 GBytes  5.31 Gbits/sec   46   3.01 MBytes       
[  5] 110.00-120.00 sec  4.32 GBytes  3.71 Gbits/sec    3   3.01 MBytes       
- - - - - - - - - - - - - - - - - - - - - - - - -
[ ID] Interval           Transfer     Bitrate         Retr
[  5]   0.00-120.00 sec  95.7 GBytes  6.85 Gbits/sec  579             sender
[  5]   0.00-120.04 sec  95.7 GBytes  6.84 Gbits/sec                  receiver

iperf Done.
