-----------------------------------------------------------
Server listening on 25002
-----------------------------------------------------------
Accepted connection from 192.168.2.3, port 59213
[  5] local 192.168.2.2 port 25002 connected to 192.168.2.3 port 37469
[ ID] Interval           Transfer     Bitrate
[  5]   0.00-1.00   sec   842 MBytes  7.07 Gbits/sec                  
[  5]   1.00-2.00   sec  1.02 GBytes  8.74 Gbits/sec                  
[  5]   2.00-3.00   sec   912 MBytes  7.65 Gbits/sec                  
[  5]   3.00-4.00   sec  1.05 GBytes  9.03 Gbits/sec                  
[  5]   4.00-5.00   sec   791 MBytes  6.64 Gbits/sec                  
[  5]   5.00-6.00   sec   827 MBytes  6.93 Gbits/sec                  
[  5]   6.00-7.00   sec   806 MBytes  6.76 Gbits/sec                  
[  5]   7.00-8.00   sec  1.19 GBytes  10.2 Gbits/sec                  
[  5]   8.00-9.00   sec  1.62 GBytes  13.9 Gbits/sec                  
[  5]   9.00-10.00  sec  1.48 GBytes  12.7 Gbits/sec                  
[  5]  10.00-11.00  sec  1.54 GBytes  13.2 Gbits/sec                  
[  5]  11.00-12.00  sec  1.59 GBytes  13.6 Gbits/sec                  
[  5]  12.00-13.00  sec  1.86 GBytes  16.0 Gbits/sec                  
[  5]  13.00-14.00  sec  1.69 GBytes  14.5 Gbits/sec                  
[  5]  14.00-15.00  sec  1.30 GBytes  11.1 Gbits/sec                  
[  5]  15.00-16.00  sec  1.03 GBytes  8.87 Gbits/sec                  
[  5]  16.00-17.00  sec   492 MBytes  4.12 Gbits/sec                  
[  5]  17.00-18.00  sec   485 MBytes  4.06 Gbits/sec                  
[  5]  18.00-19.00  sec   435 MBytes  3.65 Gbits/sec                  
[  5]  19.00-20.00  sec   466 MBytes  3.91 Gbits/sec                  
[  5]  20.00-21.00  sec   494 MBytes  4.14 Gbits/sec                  
[  5]  21.00-22.00  sec   626 MBytes  5.25 Gbits/sec                  
[  5]  22.00-23.00  sec   530 MBytes  4.45 Gbits/sec                  
[  5]  23.00-24.00  sec   453 MBytes  3.80 Gbits/sec                  
[  5]  24.00-25.00  sec   311 MBytes  2.61 Gbits/sec                  
[  5]  25.00-26.00  sec   347 MBytes  2.91 Gbits/sec                  
[  5]  26.00-27.00  sec   515 MBytes  4.32 Gbits/sec                  
[  5]  27.00-28.00  sec   504 MBytes  4.23 Gbits/sec                  
[  5]  28.00-29.00  sec   499 MBytes  4.18 Gbits/sec                  
[  5]  29.00-30.00  sec   477 MBytes  4.00 Gbits/sec                  
[  5]  30.00-31.00  sec   647 MBytes  5.42 Gbits/sec                  
[  5]  31.00-32.00  sec   758 MBytes  6.36 Gbits/sec                  
[  5]  32.00-33.00  sec   609 MBytes  5.10 Gbits/sec                  
[  5]  33.00-34.00  sec   519 MBytes  4.36 Gbits/sec                  
[  5]  34.00-35.00  sec   773 MBytes  6.48 Gbits/sec                  
[  5]  35.00-36.00  sec   873 MBytes  7.32 Gbits/sec                  
[  5]  36.00-37.00  sec   763 MBytes  6.40 Gbits/sec                  
[  5]  37.00-38.00  sec   591 MBytes  4.96 Gbits/sec                  
[  5]  38.00-39.00  sec   566 MBytes  4.75 Gbits/sec                  
[  5]  39.00-40.00  sec   620 MBytes  5.20 Gbits/sec                  
[  5]  40.00-41.00  sec   494 MBytes  4.14 Gbits/sec                  
[  5]  41.00-42.00  sec   595 MBytes  4.99 Gbits/sec                  
[  5]  42.00-43.00  sec   547 MBytes  4.59 Gbits/sec                  
[  5]  43.00-44.00  sec   670 MBytes  5.62 Gbits/sec                  
[  5]  44.00-45.00  sec   918 MBytes  7.70 Gbits/sec                  
[  5]  45.00-46.00  sec   994 MBytes  8.34 Gbits/sec                  
[  5]  46.00-47.00  sec   609 MBytes  5.11 Gbits/sec                  
[  5]  47.00-48.00  sec   355 MBytes  2.98 Gbits/sec                  
[  5]  48.00-49.00  sec   772 MBytes  6.47 Gbits/sec                  
[  5]  49.00-50.00  sec  1.17 GBytes  10.0 Gbits/sec                  
[  5]  50.00-51.00  sec   796 MBytes  6.68 Gbits/sec                  
[  5]  51.00-52.00  sec   494 MBytes  4.14 Gbits/sec                  
[  5]  52.00-53.00  sec   474 MBytes  3.98 Gbits/sec                  
[  5]  53.00-54.00  sec   582 MBytes  4.88 Gbits/sec                  
[  5]  54.00-55.00  sec   640 MBytes  5.37 Gbits/sec                  
[  5]  55.00-56.00  sec   687 MBytes  5.76 Gbits/sec                  
[  5]  56.00-57.00  sec   535 MBytes  4.49 Gbits/sec                  
[  5]  57.00-58.00  sec   814 MBytes  6.83 Gbits/sec                  
[  5]  58.00-59.00  sec   552 MBytes  4.63 Gbits/sec                  
[  5]  59.00-60.00  sec   448 MBytes  3.76 Gbits/sec                  
[  5]  60.00-61.00  sec   679 MBytes  5.70 Gbits/sec                  
[  5]  61.00-62.00  sec   699 MBytes  5.87 Gbits/sec                  
[  5]  62.00-63.00  sec   711 MBytes  5.96 Gbits/sec                  
[  5]  63.00-64.00  sec   481 MBytes  4.03 Gbits/sec                  
[  5]  64.00-65.00  sec   472 MBytes  3.96 Gbits/sec                  
[  5]  65.00-66.00  sec   461 MBytes  3.87 Gbits/sec                  
[  5]  66.00-67.00  sec   482 MBytes  4.04 Gbits/sec                  
[  5]  67.00-68.00  sec   334 MBytes  2.80 Gbits/sec                  
[  5]  68.00-69.00  sec   319 MBytes  2.68 Gbits/sec                  
[  5]  69.00-70.00  sec   429 MBytes  3.60 Gbits/sec                  
[  5]  70.00-71.00  sec   550 MBytes  4.61 Gbits/sec                  
[  5]  71.00-72.00  sec  1008 MBytes  8.45 Gbits/sec                  
[  5]  72.00-73.00  sec   897 MBytes  7.52 Gbits/sec                  
[  5]  73.00-74.00  sec  1.22 GBytes  10.4 Gbits/sec                  
[  5]  74.00-75.00  sec  1.30 GBytes  11.1 Gbits/sec                  
[  5]  75.00-76.00  sec  1.15 GBytes  9.90 Gbits/sec                  
[  5]  76.00-77.00  sec  1.09 GBytes  9.33 Gbits/sec                  
[  5]  77.00-78.00  sec  1.13 GBytes  9.72 Gbits/sec                  
[  5]  78.00-79.00  sec  1.28 GBytes  11.0 Gbits/sec                  
[  5]  79.00-80.00  sec  1.60 GBytes  13.7 Gbits/sec                  
[  5]  80.00-81.00  sec  1.56 GBytes  13.4 Gbits/sec                  
[  5]  81.00-82.00  sec  1.42 GBytes  12.2 Gbits/sec                  
[  5]  82.00-83.00  sec  1.31 GBytes  11.3 Gbits/sec                  
[  5]  83.00-84.00  sec  1.47 GBytes  12.6 Gbits/sec                  
[  5]  84.00-85.00  sec  1.57 GBytes  13.5 Gbits/sec                  
[  5]  85.00-86.00  sec  1.59 GBytes  13.6 Gbits/sec                  
[  5]  86.00-87.00  sec  1.53 GBytes  13.1 Gbits/sec                  
[  5]  87.00-88.00  sec  1.33 GBytes  11.4 Gbits/sec                  
[  5]  88.00-89.00  sec  1.21 GBytes  10.4 Gbits/sec                  
[  5]  89.00-90.00  sec   847 MBytes  7.11 Gbits/sec                  
[  5]  90.00-91.00  sec   487 MBytes  4.09 Gbits/sec                  
[  5]  91.00-92.00  sec   491 MBytes  4.12 Gbits/sec                  
[  5]  92.00-93.00  sec   500 MBytes  4.20 Gbits/sec                  
[  5]  93.00-94.00  sec   580 MBytes  4.87 Gbits/sec                  
[  5]  94.00-95.00  sec   446 MBytes  3.75 Gbits/sec                  
[  5]  95.00-96.00  sec   488 MBytes  4.10 Gbits/sec                  
[  5]  96.00-97.00  sec   613 MBytes  5.14 Gbits/sec                  
[  5]  97.00-98.00  sec   697 MBytes  5.85 Gbits/sec                  
[  5]  98.00-99.00  sec   724 MBytes  6.07 Gbits/sec                  
[  5]  99.00-100.00 sec   817 MBytes  6.85 Gbits/sec                  
[  5] 100.00-101.00 sec   735 MBytes  6.16 Gbits/sec                  
[  5] 101.00-102.00 sec   788 MBytes  6.61 Gbits/sec                  
[  5] 102.00-103.00 sec   658 MBytes  5.52 Gbits/sec                  
[  5] 103.00-104.00 sec   682 MBytes  5.72 Gbits/sec                  
[  5] 104.00-105.00 sec   752 MBytes  6.31 Gbits/sec                  
[  5] 105.00-106.00 sec   630 MBytes  5.28 Gbits/sec                  
[  5] 106.00-107.00 sec   530 MBytes  4.45 Gbits/sec                  
[  5] 107.00-108.00 sec   458 MBytes  3.85 Gbits/sec                  
[  5] 108.00-109.00 sec   619 MBytes  5.19 Gbits/sec                  
[  5] 109.00-110.00 sec   836 MBytes  7.01 Gbits/sec                  
[  5] 110.00-111.00 sec   444 MBytes  3.73 Gbits/sec                  
[  5] 111.00-112.00 sec   690 MBytes  5.79 Gbits/sec                  
[  5] 112.00-113.00 sec   690 MBytes  5.79 Gbits/sec                  
[  5] 113.00-114.00 sec   743 MBytes  6.23 Gbits/sec                  
[  5] 114.00-115.00 sec   804 MBytes  6.74 Gbits/sec                  
[  5] 115.00-116.00 sec   511 MBytes  4.29 Gbits/sec                  
[  5] 116.00-117.00 sec   458 MBytes  3.84 Gbits/sec                  
[  5] 117.00-118.00 sec   367 MBytes  3.08 Gbits/sec                  
[  5] 118.00-119.00 sec   322 MBytes  2.70 Gbits/sec                  
[  5] 119.00-120.00 sec   768 MBytes  6.45 Gbits/sec                  
[  5] 120.00-120.06 sec  93.8 MBytes  14.0 Gbits/sec                  
- - - - - - - - - - - - - - - - - - - - - - - - -
[ ID] Interval           Transfer     Bitrate
[  5]   0.00-120.06 sec  93.2 GBytes  6.67 Gbits/sec                  receiver
-----------------------------------------------------------
Server listening on 25002
-----------------------------------------------------------
