-----------------------------------------------------------
Server listening on 25000
-----------------------------------------------------------
Accepted connection from 192.168.2.3, port 50419
[  5] local 192.168.2.2 port 25000 connected to 192.168.2.3 port 35493
[ ID] Interval           Transfer     Bitrate
[  5]   0.00-1.00   sec  2.62 GBytes  22.5 Gbits/sec                  
[  5]   1.00-2.00   sec  2.83 GBytes  24.3 Gbits/sec                  
[  5]   2.00-3.00   sec  3.53 GBytes  30.3 Gbits/sec                  
[  5]   3.00-4.00   sec  3.75 GBytes  32.2 Gbits/sec                  
[  5]   4.00-5.00   sec  3.86 GBytes  33.2 Gbits/sec                  
[  5]   5.00-6.00   sec  3.86 GBytes  33.2 Gbits/sec                  
[  5]   6.00-7.00   sec  3.31 GBytes  28.4 Gbits/sec                  
[  5]   7.00-8.00   sec  2.39 GBytes  20.5 Gbits/sec                  
[  5]   8.00-9.00   sec  2.47 GBytes  21.2 Gbits/sec                  
[  5]   9.00-10.00  sec  2.31 GBytes  19.8 Gbits/sec                  
[  5]  10.00-11.00  sec  2.77 GBytes  23.8 Gbits/sec                  
[  5]  11.00-12.00  sec  2.47 GBytes  21.3 Gbits/sec                  
[  5]  12.00-13.00  sec  1.94 GBytes  16.7 Gbits/sec                  
[  5]  13.00-14.00  sec  1.95 GBytes  16.8 Gbits/sec                  
[  5]  14.00-15.00  sec  1.94 GBytes  16.6 Gbits/sec                  
[  5]  15.00-16.00  sec  1.87 GBytes  16.1 Gbits/sec                  
[  5]  16.00-17.00  sec  1.87 GBytes  16.1 Gbits/sec                  
[  5]  17.00-18.00  sec  3.42 GBytes  29.4 Gbits/sec                  
[  5]  18.00-19.00  sec  4.29 GBytes  36.8 Gbits/sec                  
[  5]  19.00-20.00  sec  3.85 GBytes  33.1 Gbits/sec                  
[  5]  20.00-21.00  sec  3.63 GBytes  31.2 Gbits/sec                  
[  5]  21.00-22.00  sec  3.55 GBytes  30.5 Gbits/sec                  
[  5]  22.00-23.00  sec  2.87 GBytes  24.7 Gbits/sec                  
[  5]  23.00-24.00  sec  2.62 GBytes  22.5 Gbits/sec                  
[  5]  24.00-24.42  sec  1.23 GBytes  25.1 Gbits/sec                  
- - - - - - - - - - - - - - - - - - - - - - - - -
[ ID] Interval           Transfer     Bitrate
[  5]   0.00-24.42  sec  71.2 GBytes  25.0 Gbits/sec                  receiver
