-----------------------------------------------------------
Server listening on 25002
-----------------------------------------------------------
Accepted connection from 192.168.2.3, port 59975
[  5] local 192.168.2.2 port 25002 connected to 192.168.2.3 port 44469
[ ID] Interval           Transfer     Bitrate
[  5]   0.00-1.00   sec  2.63 GBytes  22.6 Gbits/sec                  
[  5]   1.00-2.00   sec  2.83 GBytes  24.3 Gbits/sec                  
[  5]   2.00-3.00   sec  2.00 GBytes  17.2 Gbits/sec                  
[  5]   3.00-4.00   sec  1.87 GBytes  16.1 Gbits/sec                  
[  5]   4.00-5.00   sec  1.94 GBytes  16.7 Gbits/sec                  
[  5]   5.00-6.00   sec  1.93 GBytes  16.6 Gbits/sec                  
[  5]   6.00-7.00   sec  2.34 GBytes  20.1 Gbits/sec                  
[  5]   7.00-8.00   sec  2.67 GBytes  23.0 Gbits/sec                  
[  5]   8.00-9.00   sec  2.82 GBytes  24.2 Gbits/sec                  
[  5]   9.00-10.00  sec  2.57 GBytes  22.1 Gbits/sec                  
[  5]  10.00-11.00  sec  2.42 GBytes  20.8 Gbits/sec                  
[  5]  11.00-12.00  sec  2.50 GBytes  21.5 Gbits/sec                  
[  5]  12.00-13.00  sec  1.94 GBytes  16.7 Gbits/sec                  
[  5]  13.00-14.00  sec  1.96 GBytes  16.8 Gbits/sec                  
[  5]  14.00-15.00  sec  1.94 GBytes  16.6 Gbits/sec                  
[  5]  15.00-16.00  sec  1.91 GBytes  16.4 Gbits/sec                  
[  5]  16.00-17.00  sec  2.07 GBytes  17.8 Gbits/sec                  
[  5]  17.00-18.00  sec  2.01 GBytes  17.3 Gbits/sec                  
[  5]  18.00-19.00  sec  1.93 GBytes  16.5 Gbits/sec                  
[  5]  19.00-20.00  sec  3.40 GBytes  29.2 Gbits/sec                  
[  5]  20.00-21.00  sec  3.68 GBytes  31.6 Gbits/sec                  
[  5]  21.00-22.00  sec  3.71 GBytes  31.9 Gbits/sec                  
[  5]  22.00-23.00  sec  2.00 GBytes  17.2 Gbits/sec                  
[  5]  23.00-24.00  sec  2.13 GBytes  18.3 Gbits/sec                  
[  5]  24.00-24.42  sec  1.09 GBytes  22.3 Gbits/sec                  
- - - - - - - - - - - - - - - - - - - - - - - - -
[ ID] Interval           Transfer     Bitrate
[  5]   0.00-24.42  sec  58.3 GBytes  20.5 Gbits/sec                  receiver
