-----------------------------------------------------------
Server listening on 25003
-----------------------------------------------------------
Accepted connection from 192.168.2.3, port 38679
[  5] local 192.168.2.2 port 25003 connected to 192.168.2.3 port 48265
[ ID] Interval           Transfer     Bitrate
[  5]   0.00-1.00   sec  2.63 GBytes  22.6 Gbits/sec                  
[  5]   1.00-2.00   sec  2.83 GBytes  24.3 Gbits/sec                  
[  5]   2.00-3.00   sec  2.06 GBytes  17.7 Gbits/sec                  
[  5]   3.00-4.00   sec  1.87 GBytes  16.1 Gbits/sec                  
[  5]   4.00-5.00   sec  1.92 GBytes  16.5 Gbits/sec                  
[  5]   5.00-6.00   sec  1.93 GBytes  16.6 Gbits/sec                  
[  5]   6.00-7.00   sec  2.38 GBytes  20.4 Gbits/sec                  
[  5]   7.00-8.00   sec  3.23 GBytes  27.7 Gbits/sec                  
[  5]   8.00-9.00   sec  3.02 GBytes  25.9 Gbits/sec                  
[  5]   9.00-10.00  sec  3.18 GBytes  27.3 Gbits/sec                  
[  5]  10.00-11.00  sec  3.13 GBytes  26.9 Gbits/sec                  
[  5]  11.00-12.00  sec  3.22 GBytes  27.7 Gbits/sec                  
[  5]  12.00-13.00  sec  3.83 GBytes  32.9 Gbits/sec                  
[  5]  13.00-14.00  sec  3.77 GBytes  32.4 Gbits/sec                  
[  5]  14.00-15.00  sec  3.80 GBytes  32.7 Gbits/sec                  
[  5]  15.00-16.00  sec  3.18 GBytes  27.3 Gbits/sec                  
[  5]  16.00-17.00  sec  3.21 GBytes  27.5 Gbits/sec                  
[  5]  17.00-18.00  sec  2.04 GBytes  17.5 Gbits/sec                  
[  5]  18.00-19.00  sec  1.93 GBytes  16.5 Gbits/sec                  
[  5]  19.00-20.00  sec  1.85 GBytes  15.9 Gbits/sec                  
[  5]  20.00-21.00  sec  1.82 GBytes  15.6 Gbits/sec                  
[  5]  21.00-22.00  sec  1.85 GBytes  15.9 Gbits/sec                  
[  5]  22.00-23.00  sec  1.98 GBytes  17.0 Gbits/sec                  
[  5]  23.00-24.00  sec  2.06 GBytes  17.7 Gbits/sec                  
[  5]  24.00-24.42  sec   919 MBytes  18.3 Gbits/sec                  
- - - - - - - - - - - - - - - - - - - - - - - - -
[ ID] Interval           Transfer     Bitrate
[  5]   0.00-24.42  sec  63.6 GBytes  22.4 Gbits/sec                  receiver
