-----------------------------------------------------------
Server listening on 25001
-----------------------------------------------------------
Accepted connection from 192.168.2.3, port 39759
[  5] local 192.168.2.2 port 25001 connected to 192.168.2.3 port 54777
[ ID] Interval           Transfer     Bitrate
[  5]   0.00-1.00   sec  2.53 GBytes  21.7 Gbits/sec                  
[  5]   1.00-2.00   sec  2.44 GBytes  21.0 Gbits/sec                  
[  5]   2.00-3.00   sec  3.34 GBytes  28.7 Gbits/sec                  
[  5]   3.00-4.00   sec  3.45 GBytes  29.7 Gbits/sec                  
[  5]   4.00-5.00   sec  3.23 GBytes  27.7 Gbits/sec                  
[  5]   5.00-6.00   sec  3.22 GBytes  27.7 Gbits/sec                  
[  5]   6.00-7.00   sec  2.92 GBytes  25.1 Gbits/sec                  
[  5]   7.00-8.00   sec  2.66 GBytes  22.8 Gbits/sec                  
[  5]   8.00-9.00   sec  2.63 GBytes  22.6 Gbits/sec                  
[  5]   9.00-10.00  sec  2.88 GBytes  24.8 Gbits/sec                  
[  5]  10.00-11.00  sec  2.62 GBytes  22.5 Gbits/sec                  
[  5]  11.00-12.00  sec  2.75 GBytes  23.7 Gbits/sec                  
[  5]  12.00-13.00  sec  3.24 GBytes  27.8 Gbits/sec                  
[  5]  13.00-14.00  sec  3.27 GBytes  28.1 Gbits/sec                  
[  5]  14.00-15.00  sec  3.27 GBytes  28.1 Gbits/sec                  
[  5]  15.00-16.00  sec  3.99 GBytes  34.2 Gbits/sec                  
[  5]  16.00-17.00  sec  3.80 GBytes  32.7 Gbits/sec                  
[  5]  17.00-18.00  sec  3.48 GBytes  29.9 Gbits/sec                  
[  5]  18.00-19.00  sec  2.81 GBytes  24.1 Gbits/sec                  
[  5]  19.00-20.00  sec  1.85 GBytes  15.9 Gbits/sec                  
[  5]  20.00-21.00  sec  1.82 GBytes  15.6 Gbits/sec                  
[  5]  21.00-22.00  sec  1.84 GBytes  15.8 Gbits/sec                  
[  5]  22.00-23.00  sec  4.10 GBytes  35.2 Gbits/sec                  
[  5]  23.00-24.00  sec  4.14 GBytes  35.6 Gbits/sec                  
[  5]  24.00-24.42  sec  1.39 GBytes  28.3 Gbits/sec                  
- - - - - - - - - - - - - - - - - - - - - - - - -
[ ID] Interval           Transfer     Bitrate
[  5]   0.00-24.42  sec  73.7 GBytes  25.9 Gbits/sec                  receiver
