Connecting to host 192.168.2.2, port 25001
[  5] local 192.168.2.3 port 33265 connected to 192.168.2.2 port 25001
[ ID] Interval           Transfer     Bitrate         Retr  Cwnd
[  5]   0.00-10.00  sec  9.34 GBytes  8.02 Gbits/sec  946   3.07 MBytes       
[  5]  10.00-20.00  sec  12.5 GBytes  10.7 Gbits/sec   26   3.07 MBytes       
[  5]  20.00-30.00  sec  9.45 GBytes  8.12 Gbits/sec  614   3.07 MBytes       
[  5]  30.00-40.00  sec  8.09 GBytes  6.95 Gbits/sec  233   3.07 MBytes       
[  5]  40.00-50.00  sec  8.53 GBytes  7.33 Gbits/sec  180   3.07 MBytes       
[  5]  50.00-60.00  sec  10.5 GBytes  9.01 Gbits/sec  113   3.07 MBytes       
[  5]  60.00-70.00  sec  12.8 GBytes  11.0 Gbits/sec    0   3.07 MBytes       
[  5]  70.00-80.00  sec  9.15 GBytes  7.86 Gbits/sec    4   3.07 MBytes       
[  5]  80.00-90.00  sec  12.5 GBytes  10.7 Gbits/sec    0   3.07 MBytes       
[  5]  90.00-100.00 sec  9.23 GBytes  7.93 Gbits/sec  186   3.07 MBytes       
[  5] 100.00-110.00 sec  11.1 GBytes  9.56 Gbits/sec    1   3.07 MBytes       
[  5] 110.00-120.00 sec  16.0 GBytes  13.7 Gbits/sec    0   3.07 MBytes       
- - - - - - - - - - - - - - - - - - - - - - - - -
[ ID] Interval           Transfer     Bitrate         Retr
[  5]   0.00-120.00 sec   129 GBytes  9.24 Gbits/sec  2303             sender
[  5]   0.00-120.04 sec   129 GBytes  9.24 Gbits/sec                  receiver

iperf Done.
