Connecting to host 192.168.2.3, port 25000
[  5] local 192.168.2.2 port 59269 connected to 192.168.2.3 port 25000
[ ID] Interval           Transfer     Bitrate         Retr  Cwnd
[  5]   0.00-10.00  sec  16.2 GBytes  13.9 Gbits/sec    1   3.00 MBytes       
[  5]  10.00-20.00  sec  11.3 GBytes  9.70 Gbits/sec    0   3.00 MBytes       
[  5]  20.00-30.00  sec  17.0 GBytes  14.6 Gbits/sec    0   3.00 MBytes       
[  5]  30.00-40.00  sec  18.2 GBytes  15.6 Gbits/sec    0   3.00 MBytes       
[  5]  40.00-50.00  sec  15.7 GBytes  13.5 Gbits/sec  829   3.00 MBytes       
[  5]  50.00-60.00  sec  17.1 GBytes  14.7 Gbits/sec    0   3.00 MBytes       
[  5]  60.00-70.00  sec  17.5 GBytes  15.1 Gbits/sec    0   4.20 MBytes       
[  5]  70.00-80.00  sec  16.8 GBytes  14.4 Gbits/sec   15   4.20 MBytes       
[  5]  80.00-90.00  sec  17.4 GBytes  15.0 Gbits/sec  143   4.20 MBytes       
[  5]  90.00-100.00 sec  17.7 GBytes  15.2 Gbits/sec   40   4.20 MBytes       
[  5] 100.00-110.00 sec  14.9 GBytes  12.8 Gbits/sec    0   4.20 MBytes       
[  5] 110.00-120.00 sec  19.1 GBytes  16.4 Gbits/sec    0   4.20 MBytes       
- - - - - - - - - - - - - - - - - - - - - - - - -
[ ID] Interval           Transfer     Bitrate         Retr
[  5]   0.00-120.00 sec   199 GBytes  14.2 Gbits/sec  1028             sender
[  5]   0.00-120.05 sec   199 GBytes  14.2 Gbits/sec                  receiver

iperf Done.
