Connecting to host 192.168.2.2, port 25000
[  5] local 192.168.2.3 port 57511 connected to 192.168.2.2 port 25000
[ ID] Interval           Transfer     Bitrate         Retr  Cwnd
[  5]   0.00-10.00  sec  11.5 GBytes  9.85 Gbits/sec   13   3.08 MBytes       
[  5]  10.00-20.00  sec  9.25 GBytes  7.95 Gbits/sec    1   3.08 MBytes       
[  5]  20.00-30.00  sec  12.2 GBytes  10.5 Gbits/sec  449   2.93 MBytes       
[  5]  30.00-40.00  sec  10.8 GBytes  9.26 Gbits/sec  265   3.00 MBytes       
[  5]  40.00-50.00  sec  11.4 GBytes  9.81 Gbits/sec  178   3.00 MBytes       
[  5]  50.00-60.00  sec  11.3 GBytes  9.69 Gbits/sec  195   3.00 MBytes       
[  5]  60.00-70.00  sec  11.2 GBytes  9.65 Gbits/sec    0   3.00 MBytes       
[  5]  70.00-80.00  sec  11.8 GBytes  10.1 Gbits/sec    0   3.00 MBytes       
[  5]  80.00-90.00  sec  16.6 GBytes  14.3 Gbits/sec    0   3.00 MBytes       
[  5]  90.00-100.00 sec  10.3 GBytes  8.82 Gbits/sec  270   3.00 MBytes       
[  5] 100.00-110.00 sec  12.3 GBytes  10.6 Gbits/sec    4   3.00 MBytes       
[  5] 110.00-120.00 sec  9.20 GBytes  7.90 Gbits/sec    0   3.00 MBytes       
- - - - - - - - - - - - - - - - - - - - - - - - -
[ ID] Interval           Transfer     Bitrate         Retr
[  5]   0.00-120.00 sec   138 GBytes  9.87 Gbits/sec  1375             sender
[  5]   0.00-120.05 sec   138 GBytes  9.86 Gbits/sec                  receiver

iperf Done.
