Connecting to host 192.168.2.2, port 25002
[  5] local 192.168.2.3 port 33243 connected to 192.168.2.2 port 25002
[ ID] Interval           Transfer     Bitrate         Retr  Cwnd
[  5]   0.00-10.00  sec  11.5 GBytes  9.88 Gbits/sec   33   3.05 MBytes       
[  5]  10.00-20.00  sec  8.62 GBytes  7.41 Gbits/sec    9   3.05 MBytes       
[  5]  20.00-30.00  sec  11.8 GBytes  10.1 Gbits/sec   45   3.05 MBytes       
[  5]  30.00-40.00  sec  11.9 GBytes  10.3 Gbits/sec   95   3.05 MBytes       
[  5]  40.00-50.00  sec  13.0 GBytes  11.2 Gbits/sec    0   3.05 MBytes       
[  5]  50.00-60.00  sec  10.0 GBytes  8.59 Gbits/sec  419   3.05 MBytes       
[  5]  60.00-70.00  sec  11.3 GBytes  9.67 Gbits/sec    0   3.05 MBytes       
[  5]  70.00-80.00  sec  8.95 GBytes  7.69 Gbits/sec    0   3.05 MBytes       
[  5]  80.00-90.00  sec  9.14 GBytes  7.85 Gbits/sec    0   3.05 MBytes       
[  5]  90.00-100.00 sec  14.9 GBytes  12.8 Gbits/sec    0   3.05 MBytes       
[  5] 100.00-110.00 sec  12.3 GBytes  10.6 Gbits/sec    0   3.05 MBytes       
[  5] 110.00-120.00 sec  13.1 GBytes  11.2 Gbits/sec  135   3.05 MBytes       
- - - - - - - - - - - - - - - - - - - - - - - - -
[ ID] Interval           Transfer     Bitrate         Retr
[  5]   0.00-120.00 sec   136 GBytes  9.77 Gbits/sec  736             sender
[  5]   0.00-120.04 sec   136 GBytes  9.77 Gbits/sec                  receiver

iperf Done.
