Connecting to host 192.168.2.3, port 25002
[  5] local 192.168.2.2 port 44429 connected to 192.168.2.3 port 25002
[ ID] Interval           Transfer     Bitrate         Retr  Cwnd
[  5]   0.00-10.00  sec  20.2 GBytes  17.4 Gbits/sec   24   2.33 MBytes       
[  5]  10.00-20.00  sec  12.9 GBytes  11.1 Gbits/sec   64   3.00 MBytes       
[  5]  20.00-30.00  sec  14.1 GBytes  12.1 Gbits/sec    0   3.00 MBytes       
[  5]  30.00-40.00  sec  12.9 GBytes  11.0 Gbits/sec    0   3.00 MBytes       
[  5]  40.00-50.00  sec  13.4 GBytes  11.5 Gbits/sec   47   3.00 MBytes       
[  5]  50.00-60.00  sec  23.5 GBytes  20.1 Gbits/sec    0   3.00 MBytes       
[  5]  60.00-70.00  sec  12.7 GBytes  10.9 Gbits/sec    0   3.00 MBytes       
[  5]  70.00-80.00  sec  17.4 GBytes  15.0 Gbits/sec  135   3.00 MBytes       
[  5]  80.00-90.00  sec  17.1 GBytes  14.7 Gbits/sec  135   3.00 MBytes       
[  5]  90.00-100.00 sec  19.2 GBytes  16.5 Gbits/sec    0   3.00 MBytes       
[  5] 100.00-110.00 sec  18.8 GBytes  16.2 Gbits/sec  482   3.00 MBytes       
[  5] 110.00-120.00 sec  13.3 GBytes  11.4 Gbits/sec    0   3.00 MBytes       
- - - - - - - - - - - - - - - - - - - - - - - - -
[ ID] Interval           Transfer     Bitrate         Retr
[  5]   0.00-120.00 sec   196 GBytes  14.0 Gbits/sec  887             sender
[  5]   0.00-120.04 sec   196 GBytes  14.0 Gbits/sec                  receiver

iperf Done.
