-----------------------------------------------------------
Server listening on 25001
-----------------------------------------------------------
Accepted connection from 192.168.2.3, port 59089
[  5] local 192.168.2.2 port 25001 connected to 192.168.2.3 port 33265
[ ID] Interval           Transfer     Bitrate
[  5]   0.00-1.00   sec  1.04 GBytes  8.90 Gbits/sec                  
[  5]   1.00-2.00   sec   941 MBytes  7.89 Gbits/sec                  
[  5]   2.00-3.00   sec   814 MBytes  6.83 Gbits/sec                  
[  5]   3.00-4.00   sec  1.14 GBytes  9.76 Gbits/sec                  
[  5]   4.00-5.00   sec  1.05 GBytes  9.06 Gbits/sec                  
[  5]   5.00-6.00   sec  1.02 GBytes  8.80 Gbits/sec                  
[  5]   6.00-7.00   sec   886 MBytes  7.43 Gbits/sec                  
[  5]   7.00-8.00   sec   981 MBytes  8.23 Gbits/sec                  
[  5]   8.00-9.00   sec   918 MBytes  7.70 Gbits/sec                  
[  5]   9.00-10.00  sec   616 MBytes  5.17 Gbits/sec                  
[  5]  10.00-11.00  sec  1.26 GBytes  10.8 Gbits/sec                  
[  5]  11.00-12.00  sec   774 MBytes  6.49 Gbits/sec                  
[  5]  12.00-13.00  sec   650 MBytes  5.45 Gbits/sec                  
[  5]  13.00-14.00  sec   920 MBytes  7.72 Gbits/sec                  
[  5]  14.00-15.00  sec  1.13 GBytes  9.74 Gbits/sec                  
[  5]  15.00-16.00  sec  1.52 GBytes  13.0 Gbits/sec                  
[  5]  16.00-17.00  sec  1.84 GBytes  15.8 Gbits/sec                  
[  5]  17.00-18.00  sec  1.62 GBytes  13.9 Gbits/sec                  
[  5]  18.00-19.00  sec  1.99 GBytes  17.1 Gbits/sec                  
[  5]  19.00-20.00  sec   885 MBytes  7.42 Gbits/sec                  
[  5]  20.00-21.00  sec   779 MBytes  6.54 Gbits/sec                  
[  5]  21.00-22.00  sec  1.36 GBytes  11.7 Gbits/sec                  
[  5]  22.00-23.00  sec  1.42 GBytes  12.2 Gbits/sec                  
[  5]  23.00-24.00  sec  1.09 GBytes  9.39 Gbits/sec                  
[  5]  24.00-25.00  sec   866 MBytes  7.26 Gbits/sec                  
[  5]  25.00-26.00  sec   866 MBytes  7.27 Gbits/sec                  
[  5]  26.00-27.00  sec   799 MBytes  6.70 Gbits/sec                  
[  5]  27.00-28.00  sec   872 MBytes  7.32 Gbits/sec                  
[  5]  28.00-29.00  sec   803 MBytes  6.74 Gbits/sec                  
[  5]  29.00-30.00  sec   731 MBytes  6.13 Gbits/sec                  
[  5]  30.00-31.00  sec   729 MBytes  6.12 Gbits/sec                  
[  5]  31.00-32.00  sec   895 MBytes  7.51 Gbits/sec                  
[  5]  32.00-33.00  sec  1.09 GBytes  9.35 Gbits/sec                  
[  5]  33.00-34.00  sec   683 MBytes  5.73 Gbits/sec                  
[  5]  34.00-35.00  sec   734 MBytes  6.15 Gbits/sec                  
[  5]  35.00-36.00  sec   736 MBytes  6.17 Gbits/sec                  
[  5]  36.00-37.00  sec   751 MBytes  6.30 Gbits/sec                  
[  5]  37.00-38.00  sec   940 MBytes  7.88 Gbits/sec                  
[  5]  38.00-39.00  sec   952 MBytes  7.99 Gbits/sec                  
[  5]  39.00-40.00  sec   747 MBytes  6.26 Gbits/sec                  
[  5]  40.00-41.00  sec   742 MBytes  6.22 Gbits/sec                  
[  5]  41.00-42.00  sec   736 MBytes  6.18 Gbits/sec                  
[  5]  42.00-43.00  sec   681 MBytes  5.71 Gbits/sec                  
[  5]  43.00-44.00  sec   651 MBytes  5.46 Gbits/sec                  
[  5]  44.00-45.00  sec   704 MBytes  5.91 Gbits/sec                  
[  5]  45.00-46.00  sec   686 MBytes  5.76 Gbits/sec                  
[  5]  46.00-47.00  sec   753 MBytes  6.31 Gbits/sec                  
[  5]  47.00-48.00  sec   825 MBytes  6.92 Gbits/sec                  
[  5]  48.00-49.00  sec  1.32 GBytes  11.3 Gbits/sec                  
[  5]  49.00-50.00  sec  1.52 GBytes  13.1 Gbits/sec                  
[  5]  50.00-51.00  sec  1.30 GBytes  11.2 Gbits/sec                  
[  5]  51.00-52.00  sec   921 MBytes  7.73 Gbits/sec                  
[  5]  52.00-53.00  sec   846 MBytes  7.09 Gbits/sec                  
[  5]  53.00-54.00  sec   935 MBytes  7.84 Gbits/sec                  
[  5]  54.00-55.00  sec   853 MBytes  7.15 Gbits/sec                  
[  5]  55.00-56.00  sec   797 MBytes  6.69 Gbits/sec                  
[  5]  56.00-57.00  sec  1.02 GBytes  8.78 Gbits/sec                  
[  5]  57.00-58.00  sec  1.14 GBytes  9.83 Gbits/sec                  
[  5]  58.00-59.00  sec  1.15 GBytes  9.86 Gbits/sec                  
[  5]  59.00-60.00  sec  1.63 GBytes  14.0 Gbits/sec                  
[  5]  60.00-61.00  sec  1.65 GBytes  14.2 Gbits/sec                  
[  5]  61.00-62.00  sec  1.57 GBytes  13.5 Gbits/sec                  
[  5]  62.00-63.00  sec  1.64 GBytes  14.1 Gbits/sec                  
[  5]  63.00-64.00  sec  1.12 GBytes  9.66 Gbits/sec                  
[  5]  64.00-65.00  sec   786 MBytes  6.60 Gbits/sec                  
[  5]  65.00-66.00  sec  1.34 GBytes  11.5 Gbits/sec                  
[  5]  66.00-67.00  sec  1.27 GBytes  10.9 Gbits/sec                  
[  5]  67.00-68.00  sec  1.31 GBytes  11.3 Gbits/sec                  
[  5]  68.00-69.00  sec  1.33 GBytes  11.4 Gbits/sec                  
[  5]  69.00-70.00  sec   819 MBytes  6.87 Gbits/sec                  
[  5]  70.00-71.00  sec   747 MBytes  6.27 Gbits/sec                  
[  5]  71.00-72.00  sec   733 MBytes  6.15 Gbits/sec                  
[  5]  72.00-73.00  sec   758 MBytes  6.36 Gbits/sec                  
[  5]  73.00-74.00  sec   793 MBytes  6.66 Gbits/sec                  
[  5]  74.00-75.00  sec   793 MBytes  6.65 Gbits/sec                  
[  5]  75.00-76.00  sec   990 MBytes  8.30 Gbits/sec                  
[  5]  76.00-77.00  sec  1.15 GBytes  9.90 Gbits/sec                  
[  5]  77.00-78.00  sec  1.15 GBytes  9.85 Gbits/sec                  
[  5]  78.00-79.00  sec  1.09 GBytes  9.36 Gbits/sec                  
[  5]  79.00-80.00  sec  1.04 GBytes  8.95 Gbits/sec                  
[  5]  80.00-81.00  sec  1.51 GBytes  13.0 Gbits/sec                  
[  5]  81.00-82.00  sec  1.53 GBytes  13.2 Gbits/sec                  
[  5]  82.00-83.00  sec  1.43 GBytes  12.2 Gbits/sec                  
[  5]  83.00-84.00  sec  1.14 GBytes  9.79 Gbits/sec                  
[  5]  84.00-85.00  sec  1.02 GBytes  8.78 Gbits/sec                  
[  5]  85.00-86.00  sec  1.32 GBytes  11.4 Gbits/sec                  
[  5]  86.00-87.00  sec  1.31 GBytes  11.3 Gbits/sec                  
[  5]  87.00-88.00  sec   847 MBytes  7.11 Gbits/sec                  
[  5]  88.00-89.00  sec   949 MBytes  7.96 Gbits/sec                  
[  5]  89.00-90.00  sec  1.46 GBytes  12.5 Gbits/sec                  
[  5]  90.00-91.00  sec  1018 MBytes  8.54 Gbits/sec                  
[  5]  91.00-92.00  sec  1.00 GBytes  8.60 Gbits/sec                  
[  5]  92.00-93.00  sec   659 MBytes  5.53 Gbits/sec                  
[  5]  93.00-94.00  sec   734 MBytes  6.16 Gbits/sec                  
[  5]  94.00-95.00  sec   921 MBytes  7.73 Gbits/sec                  
[  5]  95.00-96.00  sec  1.21 GBytes  10.4 Gbits/sec                  
[  5]  96.00-97.00  sec  1.36 GBytes  11.7 Gbits/sec                  
[  5]  97.00-98.00  sec   925 MBytes  7.76 Gbits/sec                  
[  5]  98.00-99.00  sec   759 MBytes  6.36 Gbits/sec                  
[  5]  99.00-100.00 sec   782 MBytes  6.56 Gbits/sec                  
[  5] 100.00-101.00 sec   862 MBytes  7.23 Gbits/sec                  
[  5] 101.00-102.00 sec  1.52 GBytes  13.1 Gbits/sec                  
[  5] 102.00-103.00 sec  1.28 GBytes  11.0 Gbits/sec                  
[  5] 103.00-104.00 sec  1.34 GBytes  11.5 Gbits/sec                  
[  5] 104.00-105.00 sec  1.31 GBytes  11.3 Gbits/sec                  
[  5] 105.00-106.00 sec  1.28 GBytes  11.0 Gbits/sec                  
[  5] 106.00-107.00 sec  1.03 GBytes  8.86 Gbits/sec                  
[  5] 107.00-108.00 sec   812 MBytes  6.81 Gbits/sec                  
[  5] 108.00-109.00 sec   812 MBytes  6.81 Gbits/sec                  
[  5] 109.00-110.00 sec   930 MBytes  7.80 Gbits/sec                  
[  5] 110.00-111.00 sec  1005 MBytes  8.43 Gbits/sec                  
[  5] 111.00-112.00 sec  1.17 GBytes  10.1 Gbits/sec                  
[  5] 112.00-113.00 sec  1.15 GBytes  9.91 Gbits/sec                  
[  5] 113.00-114.00 sec  1.69 GBytes  14.5 Gbits/sec                  
[  5] 114.00-115.00 sec  2.10 GBytes  18.0 Gbits/sec                  
[  5] 115.00-116.00 sec  2.23 GBytes  19.2 Gbits/sec                  
[  5] 116.00-117.00 sec  1.59 GBytes  13.6 Gbits/sec                  
[  5] 117.00-118.00 sec  1.59 GBytes  13.7 Gbits/sec                  
[  5] 118.00-119.00 sec  1.57 GBytes  13.5 Gbits/sec                  
[  5] 119.00-120.00 sec  1.86 GBytes  16.0 Gbits/sec                  
[  5] 120.00-120.04 sec  78.6 MBytes  16.1 Gbits/sec                  
- - - - - - - - - - - - - - - - - - - - - - - - -
[ ID] Interval           Transfer     Bitrate
[  5]   0.00-120.04 sec   129 GBytes  9.24 Gbits/sec                  receiver
