Connecting to host 192.168.4.3, port 25006
[  5] local 192.168.4.2 port 33393 connected to 192.168.4.3 port 25006
[ ID] Interval           Transfer     Bitrate         Retr  Cwnd
[  5]   0.00-10.00  sec  21.2 GBytes  18.3 Gbits/sec  691   3.12 MBytes       
[  5]  10.00-20.00  sec  14.2 GBytes  12.2 Gbits/sec    0   3.12 MBytes       
[  5]  20.00-30.00  sec  12.6 GBytes  10.8 Gbits/sec  567   3.12 MBytes       
[  5]  30.00-40.00  sec  21.3 GBytes  18.3 Gbits/sec    0   3.12 MBytes       
[  5]  40.00-50.00  sec  16.1 GBytes  13.8 Gbits/sec    0   3.12 MBytes       
[  5]  50.00-60.00  sec  13.8 GBytes  11.8 Gbits/sec    0   3.12 MBytes       
[  5]  60.00-70.00  sec  13.0 GBytes  11.2 Gbits/sec    0   3.12 MBytes       
[  5]  70.00-80.00  sec  11.6 GBytes  9.94 Gbits/sec  331   3.12 MBytes       
[  5]  80.00-90.00  sec  11.5 GBytes  9.92 Gbits/sec  135   3.12 MBytes       
[  5]  90.00-100.00 sec  16.4 GBytes  14.1 Gbits/sec    0   3.12 MBytes       
[  5] 100.00-110.00 sec  19.3 GBytes  16.6 Gbits/sec    0   3.12 MBytes       
[  5] 110.00-120.00 sec  12.3 GBytes  10.5 Gbits/sec   62   3.12 MBytes       
- - - - - - - - - - - - - - - - - - - - - - - - -
[ ID] Interval           Transfer     Bitrate         Retr
[  5]   0.00-120.00 sec   183 GBytes  13.1 Gbits/sec  1786             sender
[  5]   0.00-120.05 sec   183 GBytes  13.1 Gbits/sec                  receiver

iperf Done.
