Connecting to host 192.168.2.3, port 25001
[  5] local 192.168.2.2 port 51795 connected to 192.168.2.3 port 25001
[ ID] Interval           Transfer     Bitrate         Retr  Cwnd
[  5]   0.00-10.00  sec  17.5 GBytes  15.1 Gbits/sec  229   3.07 MBytes       
[  5]  10.00-20.00  sec  12.3 GBytes  10.5 Gbits/sec   90   3.07 MBytes       
[  5]  20.00-30.00  sec  20.4 GBytes  17.5 Gbits/sec    7   3.07 MBytes       
[  5]  30.00-40.00  sec  16.5 GBytes  14.2 Gbits/sec    0   3.07 MBytes       
[  5]  40.00-50.00  sec  17.5 GBytes  15.0 Gbits/sec    0   3.07 MBytes       
[  5]  50.00-60.00  sec  13.1 GBytes  11.3 Gbits/sec  328   3.07 MBytes       
[  5]  60.00-70.00  sec  19.8 GBytes  17.0 Gbits/sec    0   3.07 MBytes       
[  5]  70.00-80.00  sec  16.2 GBytes  13.9 Gbits/sec    0   3.07 MBytes       
[  5]  80.00-90.00  sec  16.3 GBytes  14.0 Gbits/sec  180   3.07 MBytes       
[  5]  90.00-100.00 sec  15.2 GBytes  13.0 Gbits/sec  225   3.07 MBytes       
[  5] 100.00-110.00 sec  14.2 GBytes  12.2 Gbits/sec  295   3.07 MBytes       
[  5] 110.00-120.00 sec  18.6 GBytes  16.0 Gbits/sec    0   3.07 MBytes       
- - - - - - - - - - - - - - - - - - - - - - - - -
[ ID] Interval           Transfer     Bitrate         Retr
[  5]   0.00-120.00 sec   198 GBytes  14.1 Gbits/sec  1354             sender
[  5]   0.00-120.05 sec   198 GBytes  14.1 Gbits/sec                  receiver

iperf Done.
