Connecting to host 192.168.4.2, port 25005
[  5] local 192.168.4.3 port 59541 connected to 192.168.4.2 port 25005
[ ID] Interval           Transfer     Bitrate         Retr  Cwnd
[  5]   0.00-10.00  sec  10.0 GBytes  8.61 Gbits/sec    1   2.67 MBytes       
[  5]  10.00-20.00  sec  10.7 GBytes  9.20 Gbits/sec    0   3.06 MBytes       
[  5]  20.00-30.00  sec  13.5 GBytes  11.6 Gbits/sec    0   3.06 MBytes       
[  5]  30.00-40.00  sec  19.5 GBytes  16.7 Gbits/sec  332   3.06 MBytes       
[  5]  40.00-50.00  sec  12.2 GBytes  10.4 Gbits/sec    0   3.06 MBytes       
[  5]  50.00-60.00  sec  14.3 GBytes  12.3 Gbits/sec    0   3.06 MBytes       
[  5]  60.00-70.00  sec  12.7 GBytes  10.9 Gbits/sec    0   3.06 MBytes       
[  5]  70.00-80.00  sec  10.2 GBytes  8.78 Gbits/sec    0   3.06 MBytes       
[  5]  80.00-90.00  sec  9.42 GBytes  8.09 Gbits/sec    0   3.06 MBytes       
[  5]  90.00-100.00 sec  11.6 GBytes  9.96 Gbits/sec    0   3.06 MBytes       
[  5] 100.00-110.00 sec  11.0 GBytes  9.47 Gbits/sec    0   3.06 MBytes       
[  5] 110.00-120.00 sec  12.8 GBytes  11.0 Gbits/sec    0   3.06 MBytes       
- - - - - - - - - - - - - - - - - - - - - - - - -
[ ID] Interval           Transfer     Bitrate         Retr
[  5]   0.00-120.00 sec   148 GBytes  10.6 Gbits/sec  333             sender
[  5]   0.00-120.04 sec   148 GBytes  10.6 Gbits/sec                  receiver

iperf Done.
