Connecting to host 192.168.4.2, port 25004
[  5] local 192.168.4.3 port 56289 connected to 192.168.4.2 port 25004
[ ID] Interval           Transfer     Bitrate         Retr  Cwnd
[  5]   0.00-10.00  sec  11.2 GBytes  9.64 Gbits/sec    0   3.00 MBytes       
[  5]  10.00-20.00  sec  10.6 GBytes  9.11 Gbits/sec    0   3.02 MBytes       
[  5]  20.00-30.00  sec  10.5 GBytes  8.98 Gbits/sec   45   3.02 MBytes       
[  5]  30.00-40.00  sec  7.35 GBytes  6.31 Gbits/sec  580   1.79 MBytes       
[  5]  40.00-50.00  sec  9.27 GBytes  7.96 Gbits/sec   26   1.87 MBytes       
[  5]  50.00-60.00  sec  7.61 GBytes  6.54 Gbits/sec    0   2.17 MBytes       
[  5]  60.00-70.00  sec  12.5 GBytes  10.7 Gbits/sec    0   3.39 MBytes       
[  5]  70.00-80.00  sec  11.7 GBytes  10.0 Gbits/sec    0   3.39 MBytes       
[  5]  80.00-90.00  sec  12.1 GBytes  10.4 Gbits/sec    0   3.39 MBytes       
[  5]  90.00-100.00 sec  9.57 GBytes  8.22 Gbits/sec   63   3.39 MBytes       
[  5] 100.00-110.00 sec  13.4 GBytes  11.5 Gbits/sec    0   3.39 MBytes       
[  5] 110.00-120.00 sec  12.8 GBytes  11.0 Gbits/sec    0   3.39 MBytes       
- - - - - - - - - - - - - - - - - - - - - - - - -
[ ID] Interval           Transfer     Bitrate         Retr
[  5]   0.00-120.00 sec   129 GBytes  9.20 Gbits/sec  714             sender
[  5]   0.00-120.04 sec   129 GBytes  9.20 Gbits/sec                  receiver

iperf Done.
