Connecting to host 192.168.4.3, port 25007
[  5] local 192.168.4.2 port 50281 connected to 192.168.4.3 port 25007
[ ID] Interval           Transfer     Bitrate         Retr  Cwnd
[  5]   0.00-10.00  sec  16.3 GBytes  14.0 Gbits/sec  331   3.07 MBytes       
[  5]  10.00-20.00  sec  18.5 GBytes  15.9 Gbits/sec    0   3.07 MBytes       
[  5]  20.00-30.00  sec  16.6 GBytes  14.3 Gbits/sec    0   3.07 MBytes       
[  5]  30.00-40.00  sec  13.2 GBytes  11.4 Gbits/sec    0   3.07 MBytes       
[  5]  40.00-50.00  sec  16.0 GBytes  13.8 Gbits/sec    0   3.07 MBytes       
[  5]  50.00-60.00  sec  12.7 GBytes  10.9 Gbits/sec    0   3.07 MBytes       
[  5]  60.00-70.00  sec  12.9 GBytes  11.1 Gbits/sec    0   3.07 MBytes       
[  5]  70.00-80.00  sec  21.4 GBytes  18.4 Gbits/sec    0   3.07 MBytes       
[  5]  80.00-90.00  sec  14.3 GBytes  12.3 Gbits/sec   45   3.07 MBytes       
[  5]  90.00-100.00 sec  13.3 GBytes  11.5 Gbits/sec    0   3.07 MBytes       
[  5] 100.00-110.00 sec  16.8 GBytes  14.5 Gbits/sec    0   3.07 MBytes       
[  5] 110.00-120.00 sec  15.9 GBytes  13.6 Gbits/sec    0   3.07 MBytes       
- - - - - - - - - - - - - - - - - - - - - - - - -
[ ID] Interval           Transfer     Bitrate         Retr
[  5]   0.00-120.00 sec   188 GBytes  13.5 Gbits/sec  376             sender
[  5]   0.00-120.05 sec   188 GBytes  13.5 Gbits/sec                  receiver

iperf Done.
