Connecting to host 192.168.4.3, port 25004
[  5] local 192.168.4.2 port 49189 connected to 192.168.4.3 port 25004
[ ID] Interval           Transfer     Bitrate         Retr  Cwnd
[  5]   0.00-10.00  sec  18.8 GBytes  16.2 Gbits/sec    2   3.01 MBytes       
[  5]  10.00-20.00  sec  19.4 GBytes  16.7 Gbits/sec    0   3.01 MBytes       
[  5]  20.00-30.00  sec  23.8 GBytes  20.4 Gbits/sec    3   3.01 MBytes       
[  5]  30.00-40.00  sec  18.3 GBytes  15.7 Gbits/sec   43   2.45 MBytes       
[  5]  40.00-50.00  sec  18.5 GBytes  15.9 Gbits/sec    0   3.09 MBytes       
[  5]  50.00-60.00  sec  13.4 GBytes  11.5 Gbits/sec    0   3.09 MBytes       
[  5]  60.00-70.00  sec  14.1 GBytes  12.1 Gbits/sec    0   3.09 MBytes       
[  5]  70.00-80.00  sec  22.1 GBytes  18.9 Gbits/sec    0   3.09 MBytes       
[  5]  80.00-90.00  sec  23.7 GBytes  20.3 Gbits/sec   90   3.09 MBytes       
[  5]  90.00-100.00 sec  13.4 GBytes  11.5 Gbits/sec   45   3.09 MBytes       
[  5] 100.00-110.00 sec  12.4 GBytes  10.6 Gbits/sec    0   3.09 MBytes       
[  5] 110.00-120.00 sec  17.6 GBytes  15.2 Gbits/sec    0   3.09 MBytes       
- - - - - - - - - - - - - - - - - - - - - - - - -
[ ID] Interval           Transfer     Bitrate         Retr
[  5]   0.00-120.00 sec   216 GBytes  15.4 Gbits/sec  183             sender
[  5]   0.00-120.05 sec   216 GBytes  15.4 Gbits/sec                  receiver

iperf Done.
