Connecting to host 192.168.2.3, port 25003
[  5] local 192.168.2.2 port 35365 connected to 192.168.2.3 port 25003
[ ID] Interval           Transfer     Bitrate         Retr  Cwnd
[  5]   0.00-10.00  sec  16.8 GBytes  14.5 Gbits/sec   45   2.07 MBytes       
[  5]  10.00-20.00  sec  30.2 GBytes  26.0 Gbits/sec    0   2.23 MBytes       
[  5]  20.00-30.00  sec  14.0 GBytes  12.1 Gbits/sec    0   3.79 MBytes       
[  5]  30.00-40.00  sec  18.8 GBytes  16.1 Gbits/sec   25   3.79 MBytes       
[  5]  40.00-50.00  sec  23.2 GBytes  19.9 Gbits/sec    0   3.79 MBytes       
[  5]  50.00-60.00  sec  14.0 GBytes  12.0 Gbits/sec  119   3.79 MBytes       
[  5]  60.00-70.00  sec  12.5 GBytes  10.7 Gbits/sec    0   3.79 MBytes       
[  5]  70.00-80.00  sec  16.5 GBytes  14.2 Gbits/sec    2   3.79 MBytes       
[  5]  80.00-90.00  sec  13.1 GBytes  11.2 Gbits/sec    0   3.79 MBytes       
[  5]  90.00-100.00 sec  15.7 GBytes  13.5 Gbits/sec  112   3.79 MBytes       
[  5] 100.00-110.00 sec  17.2 GBytes  14.8 Gbits/sec    0   3.79 MBytes       
[  5] 110.00-120.00 sec  13.8 GBytes  11.8 Gbits/sec    0   3.79 MBytes       
- - - - - - - - - - - - - - - - - - - - - - - - -
[ ID] Interval           Transfer     Bitrate         Retr
[  5]   0.00-120.00 sec   206 GBytes  14.7 Gbits/sec  303             sender
[  5]   0.00-120.05 sec   206 GBytes  14.7 Gbits/sec                  receiver

iperf Done.
