Connecting to host 192.168.2.2, port 25003
[  5] local 192.168.2.3 port 33943 connected to 192.168.2.2 port 25003
[ ID] Interval           Transfer     Bitrate         Retr  Cwnd
[  5]   0.00-10.00  sec  9.18 GBytes  7.89 Gbits/sec   30   2.45 MBytes       
[  5]  10.00-20.00  sec  11.4 GBytes  9.77 Gbits/sec    0   3.00 MBytes       
[  5]  20.00-30.00  sec  10.9 GBytes  9.36 Gbits/sec    0   3.00 MBytes       
[  5]  30.00-40.00  sec  12.7 GBytes  10.9 Gbits/sec   28   4.51 MBytes       
[  5]  40.00-50.00  sec  9.90 GBytes  8.50 Gbits/sec  208   4.51 MBytes       
[  5]  50.00-60.00  sec  10.1 GBytes  8.70 Gbits/sec  199   4.51 MBytes       
[  5]  60.00-70.00  sec  15.0 GBytes  12.9 Gbits/sec    0   4.51 MBytes       
[  5]  70.00-80.00  sec  14.4 GBytes  12.3 Gbits/sec    0   4.51 MBytes       
[  5]  80.00-90.00  sec  9.14 GBytes  7.85 Gbits/sec   45   4.51 MBytes       
[  5]  90.00-100.00 sec  9.25 GBytes  7.95 Gbits/sec    2   4.51 MBytes       
[  5] 100.00-110.00 sec  12.1 GBytes  10.4 Gbits/sec    0   4.51 MBytes       
[  5] 110.00-120.00 sec  9.15 GBytes  7.86 Gbits/sec  319   4.51 MBytes       
- - - - - - - - - - - - - - - - - - - - - - - - -
[ ID] Interval           Transfer     Bitrate         Retr
[  5]   0.00-120.00 sec   133 GBytes  9.54 Gbits/sec  831             sender
[  5]   0.00-120.04 sec   133 GBytes  9.53 Gbits/sec                  receiver

iperf Done.
