-----------------------------------------------------------
Server listening on 25002
-----------------------------------------------------------
Accepted connection from 192.168.2.3, port 37097
[  5] local 192.168.2.2 port 25002 connected to 192.168.2.3 port 40163
[ ID] Interval           Transfer     Bitrate
[  5]   0.00-1.00   sec  1.27 GBytes  10.9 Gbits/sec                  
[  5]   1.00-2.00   sec  1.51 GBytes  13.0 Gbits/sec                  
[  5]   2.00-3.00   sec  2.15 GBytes  18.5 Gbits/sec                  
[  5]   3.00-4.00   sec  2.19 GBytes  18.8 Gbits/sec                  
[  5]   4.00-5.00   sec  2.19 GBytes  18.8 Gbits/sec                  
[  5]   5.00-6.00   sec  2.19 GBytes  18.8 Gbits/sec                  
[  5]   6.00-7.00   sec  2.19 GBytes  18.8 Gbits/sec                  
[  5]   7.00-8.00   sec  2.19 GBytes  18.8 Gbits/sec                  
[  5]   8.00-9.00   sec  2.19 GBytes  18.8 Gbits/sec                  
[  5]   9.00-10.00  sec  1.77 GBytes  15.2 Gbits/sec                  
[  5]  10.00-11.00  sec   556 MBytes  4.66 Gbits/sec                  
[  5]  11.00-12.00  sec   643 MBytes  5.39 Gbits/sec                  
[  5]  12.00-13.00  sec   739 MBytes  6.20 Gbits/sec                  
[  5]  13.00-14.00  sec   580 MBytes  4.87 Gbits/sec                  
[  5]  14.00-15.00  sec   622 MBytes  5.22 Gbits/sec                  
[  5]  15.00-16.00  sec   784 MBytes  6.58 Gbits/sec                  
[  5]  16.00-17.00  sec   849 MBytes  7.12 Gbits/sec                  
[  5]  17.00-18.00  sec   854 MBytes  7.16 Gbits/sec                  
[  5]  18.00-19.00  sec   862 MBytes  7.23 Gbits/sec                  
[  5]  19.00-20.00  sec   849 MBytes  7.13 Gbits/sec                  
[  5]  20.00-21.00  sec   890 MBytes  7.47 Gbits/sec                  
[  5]  21.00-22.00  sec   845 MBytes  7.08 Gbits/sec                  
[  5]  22.00-23.00  sec   623 MBytes  5.22 Gbits/sec                  
[  5]  23.00-24.00  sec   623 MBytes  5.23 Gbits/sec                  
[  5]  24.00-25.00  sec   618 MBytes  5.19 Gbits/sec                  
[  5]  25.00-26.00  sec   617 MBytes  5.18 Gbits/sec                  
[  5]  26.00-27.00  sec   616 MBytes  5.17 Gbits/sec                  
[  5]  27.00-28.00  sec   616 MBytes  5.17 Gbits/sec                  
[  5]  28.00-29.00  sec   616 MBytes  5.17 Gbits/sec                  
[  5]  29.00-30.00  sec   617 MBytes  5.17 Gbits/sec                  
[  5]  30.00-31.00  sec   621 MBytes  5.21 Gbits/sec                  
[  5]  31.00-32.00  sec   623 MBytes  5.22 Gbits/sec                  
[  5]  32.00-33.00  sec   622 MBytes  5.22 Gbits/sec                  
[  5]  33.00-34.00  sec   622 MBytes  5.22 Gbits/sec                  
[  5]  34.00-35.00  sec   623 MBytes  5.23 Gbits/sec                  
[  5]  35.00-36.00  sec   623 MBytes  5.22 Gbits/sec                  
[  5]  36.00-37.00  sec   625 MBytes  5.24 Gbits/sec                  
[  5]  37.00-38.00  sec   624 MBytes  5.23 Gbits/sec                  
[  5]  38.00-39.00  sec   773 MBytes  6.48 Gbits/sec                  
[  5]  39.00-40.00  sec   898 MBytes  7.53 Gbits/sec                  
[  5]  40.00-41.00  sec   868 MBytes  7.29 Gbits/sec                  
[  5]  41.00-42.00  sec   890 MBytes  7.46 Gbits/sec                  
[  5]  42.00-43.00  sec   896 MBytes  7.52 Gbits/sec                  
[  5]  43.00-44.00  sec   858 MBytes  7.20 Gbits/sec                  
[  5]  44.00-45.00  sec   891 MBytes  7.48 Gbits/sec                  
[  5]  45.00-46.00  sec   892 MBytes  7.48 Gbits/sec                  
[  5]  46.00-47.00  sec   944 MBytes  7.92 Gbits/sec                  
[  5]  47.00-48.00  sec   944 MBytes  7.92 Gbits/sec                  
[  5]  48.00-49.00  sec   901 MBytes  7.56 Gbits/sec                  
[  5]  49.00-50.00  sec   851 MBytes  7.14 Gbits/sec                  
[  5]  50.00-51.00  sec   869 MBytes  7.29 Gbits/sec                  
[  5]  51.00-52.00  sec   869 MBytes  7.29 Gbits/sec                  
[  5]  52.00-52.03  sec  27.3 MBytes  7.37 Gbits/sec                  
- - - - - - - - - - - - - - - - - - - - - - - - -
[ ID] Interval           Transfer     Bitrate
[  5]   0.00-52.03  sec  50.5 GBytes  8.33 Gbits/sec                  receiver
