-----------------------------------------------------------
Server listening on 25000
-----------------------------------------------------------
Accepted connection from 192.168.2.3, port 34649
[  5] local 192.168.2.2 port 25000 connected to 192.168.2.3 port 36621
[ ID] Interval           Transfer     Bitrate
[  5]   0.00-1.00   sec  1.28 GBytes  11.0 Gbits/sec                  
[  5]   1.00-2.00   sec  1.51 GBytes  13.0 Gbits/sec                  
[  5]   2.00-3.00   sec  2.15 GBytes  18.5 Gbits/sec                  
[  5]   3.00-4.00   sec  2.19 GBytes  18.8 Gbits/sec                  
[  5]   4.00-5.00   sec  2.19 GBytes  18.8 Gbits/sec                  
[  5]   5.00-6.00   sec  2.19 GBytes  18.8 Gbits/sec                  
[  5]   6.00-7.00   sec  2.18 GBytes  18.7 Gbits/sec                  
[  5]   7.00-8.00   sec  2.19 GBytes  18.8 Gbits/sec                  
[  5]   8.00-9.00   sec  2.19 GBytes  18.8 Gbits/sec                  
[  5]   9.00-10.00  sec  2.33 GBytes  20.0 Gbits/sec                  
[  5]  10.00-11.00  sec  2.74 GBytes  23.5 Gbits/sec                  
[  5]  11.00-12.00  sec  1.77 GBytes  15.2 Gbits/sec                  
[  5]  12.00-13.00  sec  1.52 GBytes  13.0 Gbits/sec                  
[  5]  13.00-14.00  sec  2.13 GBytes  18.3 Gbits/sec                  
[  5]  14.00-15.00  sec   622 MBytes  5.22 Gbits/sec                  
[  5]  15.00-16.00  sec   779 MBytes  6.53 Gbits/sec                  
[  5]  16.00-17.00  sec   852 MBytes  7.15 Gbits/sec                  
[  5]  17.00-18.00  sec   848 MBytes  7.11 Gbits/sec                  
[  5]  18.00-19.00  sec   860 MBytes  7.22 Gbits/sec                  
[  5]  19.00-20.00  sec   848 MBytes  7.11 Gbits/sec                  
[  5]  20.00-21.00  sec   890 MBytes  7.47 Gbits/sec                  
[  5]  21.00-22.00  sec  1.48 GBytes  12.7 Gbits/sec                  
[  5]  22.00-23.00  sec  3.64 GBytes  31.3 Gbits/sec                  
[  5]  23.00-24.00  sec  3.64 GBytes  31.3 Gbits/sec                  
[  5]  24.00-25.00  sec  3.65 GBytes  31.4 Gbits/sec                  
[  5]  25.00-26.00  sec  3.65 GBytes  31.4 Gbits/sec                  
[  5]  26.00-27.00  sec  3.66 GBytes  31.5 Gbits/sec                  
[  5]  27.00-28.00  sec  3.66 GBytes  31.4 Gbits/sec                  
[  5]  28.00-29.00  sec  3.66 GBytes  31.4 Gbits/sec                  
[  5]  29.00-30.00  sec  3.66 GBytes  31.4 Gbits/sec                  
[  5]  30.00-31.00  sec  3.65 GBytes  31.3 Gbits/sec                  
[  5]  31.00-32.00  sec  3.64 GBytes  31.3 Gbits/sec                  
[  5]  32.00-33.00  sec  3.64 GBytes  31.3 Gbits/sec                  
[  5]  33.00-34.00  sec  3.64 GBytes  31.3 Gbits/sec                  
[  5]  34.00-35.00  sec  3.64 GBytes  31.2 Gbits/sec                  
[  5]  35.00-36.00  sec  3.65 GBytes  31.3 Gbits/sec                  
[  5]  36.00-37.00  sec  3.64 GBytes  31.3 Gbits/sec                  
[  5]  37.00-38.00  sec  3.64 GBytes  31.3 Gbits/sec                  
[  5]  38.00-39.00  sec  2.20 GBytes  18.9 Gbits/sec                  
[  5]  39.00-40.00  sec   891 MBytes  7.47 Gbits/sec                  
[  5]  40.00-41.00  sec   875 MBytes  7.34 Gbits/sec                  
[  5]  41.00-42.00  sec   889 MBytes  7.46 Gbits/sec                  
[  5]  42.00-43.00  sec   895 MBytes  7.51 Gbits/sec                  
[  5]  43.00-44.00  sec   851 MBytes  7.14 Gbits/sec                  
[  5]  44.00-45.00  sec   897 MBytes  7.52 Gbits/sec                  
[  5]  45.00-46.00  sec   891 MBytes  7.47 Gbits/sec                  
[  5]  46.00-47.00  sec   940 MBytes  7.88 Gbits/sec                  
[  5]  47.00-48.00  sec   955 MBytes  8.01 Gbits/sec                  
[  5]  48.00-49.00  sec   919 MBytes  7.71 Gbits/sec                  
[  5]  49.00-50.00  sec   870 MBytes  7.30 Gbits/sec                  
[  5]  50.00-51.00  sec   885 MBytes  7.42 Gbits/sec                  
[  5]  51.00-52.00  sec   880 MBytes  7.38 Gbits/sec                  
[  5]  52.00-52.03  sec  27.0 MBytes  7.30 Gbits/sec                  
- - - - - - - - - - - - - - - - - - - - - - - - -
[ ID] Interval           Transfer     Bitrate
[  5]   0.00-52.03  sec   108 GBytes  17.8 Gbits/sec                  receiver
