-----------------------------------------------------------
Server listening on 25005
-----------------------------------------------------------
Accepted connection from 192.168.2.3, port 40781
[  5] local 192.168.2.2 port 25005 connected to 192.168.2.3 port 54261
[ ID] Interval           Transfer     Bitrate
[  5]   0.00-1.00   sec  1.14 GBytes  9.76 Gbits/sec                  
[  5]   1.00-2.00   sec   774 MBytes  6.50 Gbits/sec                  
[  5]   2.00-3.00   sec   569 MBytes  4.77 Gbits/sec                  
[  5]   3.00-4.00   sec   561 MBytes  4.70 Gbits/sec                  
[  5]   4.00-5.00   sec   560 MBytes  4.70 Gbits/sec                  
[  5]   5.00-6.00   sec   561 MBytes  4.71 Gbits/sec                  
[  5]   6.00-7.00   sec   559 MBytes  4.69 Gbits/sec                  
[  5]   7.00-8.00   sec   558 MBytes  4.68 Gbits/sec                  
[  5]   8.00-9.00   sec   560 MBytes  4.70 Gbits/sec                  
[  5]   9.00-10.00  sec   560 MBytes  4.70 Gbits/sec                  
[  5]  10.00-11.00  sec   556 MBytes  4.66 Gbits/sec                  
[  5]  11.00-12.00  sec   642 MBytes  5.38 Gbits/sec                  
[  5]  12.00-13.00  sec   741 MBytes  6.21 Gbits/sec                  
[  5]  13.00-14.00  sec   580 MBytes  4.87 Gbits/sec                  
[  5]  14.00-15.00  sec   622 MBytes  5.21 Gbits/sec                  
[  5]  15.00-16.00  sec   783 MBytes  6.57 Gbits/sec                  
[  5]  16.00-17.00  sec   852 MBytes  7.15 Gbits/sec                  
[  5]  17.00-18.00  sec   853 MBytes  7.15 Gbits/sec                  
[  5]  18.00-19.00  sec   858 MBytes  7.20 Gbits/sec                  
[  5]  19.00-20.00  sec   850 MBytes  7.13 Gbits/sec                  
[  5]  20.00-21.00  sec   885 MBytes  7.43 Gbits/sec                  
[  5]  21.00-22.00  sec   844 MBytes  7.08 Gbits/sec                  
[  5]  22.00-23.00  sec   623 MBytes  5.22 Gbits/sec                  
[  5]  23.00-24.00  sec   623 MBytes  5.23 Gbits/sec                  
[  5]  24.00-25.00  sec   618 MBytes  5.19 Gbits/sec                  
[  5]  25.00-26.00  sec   617 MBytes  5.18 Gbits/sec                  
[  5]  26.00-27.00  sec   616 MBytes  5.17 Gbits/sec                  
[  5]  27.00-28.00  sec   616 MBytes  5.17 Gbits/sec                  
[  5]  28.00-29.00  sec   616 MBytes  5.17 Gbits/sec                  
[  5]  29.00-30.00  sec   617 MBytes  5.18 Gbits/sec                  
[  5]  30.00-31.00  sec   622 MBytes  5.21 Gbits/sec                  
[  5]  31.00-32.00  sec   623 MBytes  5.22 Gbits/sec                  
[  5]  32.00-33.00  sec   622 MBytes  5.22 Gbits/sec                  
[  5]  33.00-34.00  sec   623 MBytes  5.22 Gbits/sec                  
[  5]  34.00-35.00  sec   623 MBytes  5.23 Gbits/sec                  
[  5]  35.00-36.00  sec   623 MBytes  5.22 Gbits/sec                  
[  5]  36.00-37.00  sec   621 MBytes  5.21 Gbits/sec                  
[  5]  37.00-38.00  sec   623 MBytes  5.23 Gbits/sec                  
[  5]  38.00-39.00  sec   770 MBytes  6.46 Gbits/sec                  
[  5]  39.00-40.00  sec   889 MBytes  7.46 Gbits/sec                  
[  5]  40.00-41.00  sec   871 MBytes  7.31 Gbits/sec                  
[  5]  41.00-42.00  sec   888 MBytes  7.45 Gbits/sec                  
[  5]  42.00-43.00  sec   897 MBytes  7.53 Gbits/sec                  
[  5]  43.00-44.00  sec   862 MBytes  7.23 Gbits/sec                  
[  5]  44.00-45.00  sec   898 MBytes  7.54 Gbits/sec                  
[  5]  45.00-46.00  sec   900 MBytes  7.55 Gbits/sec                  
[  5]  46.00-47.00  sec   943 MBytes  7.91 Gbits/sec                  
[  5]  47.00-48.00  sec   952 MBytes  7.99 Gbits/sec                  
[  5]  48.00-49.00  sec   919 MBytes  7.71 Gbits/sec                  
[  5]  49.00-50.00  sec   869 MBytes  7.29 Gbits/sec                  
[  5]  50.00-51.00  sec   874 MBytes  7.33 Gbits/sec                  
[  5]  51.00-52.00  sec   877 MBytes  7.36 Gbits/sec                  
[  5]  52.00-52.03  sec  26.5 MBytes  7.23 Gbits/sec                  
- - - - - - - - - - - - - - - - - - - - - - - - -
[ ID] Interval           Transfer     Bitrate
[  5]   0.00-52.03  sec  37.0 GBytes  6.10 Gbits/sec                  receiver
