-----------------------------------------------------------
Server listening on 25001
-----------------------------------------------------------
Accepted connection from 192.168.2.3, port 36505
[  5] local 192.168.2.2 port 25001 connected to 192.168.2.3 port 43293
[ ID] Interval           Transfer     Bitrate
[  5]   0.00-1.00   sec  1.31 GBytes  11.3 Gbits/sec                  
[  5]   1.00-2.00   sec  1.51 GBytes  13.0 Gbits/sec                  
[  5]   2.00-3.00   sec   604 MBytes  5.07 Gbits/sec                  
[  5]   3.00-4.00   sec   561 MBytes  4.70 Gbits/sec                  
[  5]   4.00-5.00   sec   560 MBytes  4.70 Gbits/sec                  
[  5]   5.00-6.00   sec   561 MBytes  4.71 Gbits/sec                  
[  5]   6.00-7.00   sec   559 MBytes  4.69 Gbits/sec                  
[  5]   7.00-8.00   sec   558 MBytes  4.68 Gbits/sec                  
[  5]   8.00-9.00   sec   560 MBytes  4.70 Gbits/sec                  
[  5]   9.00-10.00  sec   560 MBytes  4.70 Gbits/sec                  
[  5]  10.00-11.00  sec   556 MBytes  4.66 Gbits/sec                  
[  5]  11.00-12.00  sec   636 MBytes  5.33 Gbits/sec                  
[  5]  12.00-13.00  sec   742 MBytes  6.22 Gbits/sec                  
[  5]  13.00-14.00  sec   573 MBytes  4.81 Gbits/sec                  
[  5]  14.00-15.00  sec   622 MBytes  5.21 Gbits/sec                  
[  5]  15.00-16.00  sec   787 MBytes  6.60 Gbits/sec                  
[  5]  16.00-17.00  sec   852 MBytes  7.15 Gbits/sec                  
[  5]  17.00-18.00  sec   846 MBytes  7.10 Gbits/sec                  
[  5]  18.00-19.00  sec   859 MBytes  7.20 Gbits/sec                  
[  5]  19.00-20.00  sec   853 MBytes  7.15 Gbits/sec                  
[  5]  20.00-21.00  sec   891 MBytes  7.47 Gbits/sec                  
[  5]  21.00-22.00  sec   846 MBytes  7.10 Gbits/sec                  
[  5]  22.00-23.00  sec   623 MBytes  5.22 Gbits/sec                  
[  5]  23.00-24.00  sec   623 MBytes  5.23 Gbits/sec                  
[  5]  24.00-25.00  sec   618 MBytes  5.19 Gbits/sec                  
[  5]  25.00-26.00  sec   617 MBytes  5.18 Gbits/sec                  
[  5]  26.00-27.00  sec   616 MBytes  5.17 Gbits/sec                  
[  5]  27.00-28.00  sec   616 MBytes  5.17 Gbits/sec                  
[  5]  28.00-29.00  sec   616 MBytes  5.17 Gbits/sec                  
[  5]  29.00-30.00  sec   616 MBytes  5.17 Gbits/sec                  
[  5]  30.00-31.00  sec   621 MBytes  5.21 Gbits/sec                  
[  5]  31.00-32.00  sec   623 MBytes  5.22 Gbits/sec                  
[  5]  32.00-33.00  sec   622 MBytes  5.22 Gbits/sec                  
[  5]  33.00-34.00  sec   622 MBytes  5.22 Gbits/sec                  
[  5]  34.00-35.00  sec   623 MBytes  5.23 Gbits/sec                  
[  5]  35.00-36.00  sec   623 MBytes  5.22 Gbits/sec                  
[  5]  36.00-37.00  sec   625 MBytes  5.24 Gbits/sec                  
[  5]  37.00-38.00  sec   627 MBytes  5.26 Gbits/sec                  
[  5]  38.00-39.00  sec   779 MBytes  6.54 Gbits/sec                  
[  5]  39.00-40.00  sec   894 MBytes  7.50 Gbits/sec                  
[  5]  40.00-41.00  sec   868 MBytes  7.28 Gbits/sec                  
[  5]  41.00-42.00  sec   886 MBytes  7.43 Gbits/sec                  
[  5]  42.00-43.00  sec   893 MBytes  7.49 Gbits/sec                  
[  5]  43.00-44.00  sec   858 MBytes  7.20 Gbits/sec                  
[  5]  44.00-45.00  sec   893 MBytes  7.49 Gbits/sec                  
[  5]  45.00-46.00  sec   894 MBytes  7.50 Gbits/sec                  
[  5]  46.00-47.00  sec   947 MBytes  7.95 Gbits/sec                  
[  5]  47.00-48.00  sec   953 MBytes  7.99 Gbits/sec                  
[  5]  48.00-49.00  sec   920 MBytes  7.72 Gbits/sec                  
[  5]  49.00-50.00  sec   866 MBytes  7.26 Gbits/sec                  
[  5]  50.00-51.00  sec   884 MBytes  7.41 Gbits/sec                  
[  5]  51.00-52.00  sec   882 MBytes  7.40 Gbits/sec                  
[  5]  52.00-52.03  sec  28.4 MBytes  7.40 Gbits/sec                  
- - - - - - - - - - - - - - - - - - - - - - - - -
[ ID] Interval           Transfer     Bitrate
[  5]   0.00-52.03  sec  37.9 GBytes  6.26 Gbits/sec                  receiver
