-----------------------------------------------------------
Server listening on 25004
-----------------------------------------------------------
Accepted connection from 192.168.2.3, port 59353
[  5] local 192.168.2.2 port 25004 connected to 192.168.2.3 port 41211
[ ID] Interval           Transfer     Bitrate
[  5]   0.00-1.00   sec  1.31 GBytes  11.2 Gbits/sec                  
[  5]   1.00-2.00   sec  1.51 GBytes  13.0 Gbits/sec                  
[  5]   2.00-3.00   sec  2.15 GBytes  18.5 Gbits/sec                  
[  5]   3.00-4.00   sec  2.19 GBytes  18.8 Gbits/sec                  
[  5]   4.00-5.00   sec  2.19 GBytes  18.8 Gbits/sec                  
[  5]   5.00-6.00   sec  2.18 GBytes  18.7 Gbits/sec                  
[  5]   6.00-7.00   sec  2.18 GBytes  18.7 Gbits/sec                  
[  5]   7.00-8.00   sec  2.18 GBytes  18.7 Gbits/sec                  
[  5]   8.00-9.00   sec  2.18 GBytes  18.7 Gbits/sec                  
[  5]   9.00-10.00  sec  2.31 GBytes  19.9 Gbits/sec                  
[  5]  10.00-11.00  sec  2.74 GBytes  23.5 Gbits/sec                  
[  5]  11.00-12.00  sec  3.69 GBytes  31.7 Gbits/sec                  
[  5]  12.00-13.00  sec  4.29 GBytes  36.9 Gbits/sec                  
[  5]  13.00-14.00  sec  2.99 GBytes  25.7 Gbits/sec                  
[  5]  14.00-15.00  sec  3.64 GBytes  31.3 Gbits/sec                  
[  5]  15.00-16.00  sec  4.84 GBytes  41.6 Gbits/sec                  
[  5]  16.00-17.00  sec  5.13 GBytes  44.1 Gbits/sec                  
[  5]  17.00-18.00  sec  5.13 GBytes  44.1 Gbits/sec                  
[  5]  18.00-19.00  sec  5.07 GBytes  43.6 Gbits/sec                  
[  5]  19.00-20.00  sec  5.15 GBytes  44.2 Gbits/sec                  
[  5]  20.00-21.00  sec  4.87 GBytes  41.8 Gbits/sec                  
[  5]  21.00-22.00  sec  4.53 GBytes  38.9 Gbits/sec                  
[  5]  22.00-23.00  sec  3.65 GBytes  31.3 Gbits/sec                  
[  5]  23.00-24.00  sec  3.65 GBytes  31.4 Gbits/sec                  
[  5]  24.00-25.00  sec  3.67 GBytes  31.5 Gbits/sec                  
[  5]  25.00-26.00  sec  3.67 GBytes  31.5 Gbits/sec                  
[  5]  26.00-27.00  sec  3.66 GBytes  31.4 Gbits/sec                  
[  5]  27.00-28.00  sec  3.66 GBytes  31.5 Gbits/sec                  
[  5]  28.00-29.00  sec  3.66 GBytes  31.5 Gbits/sec                  
[  5]  29.00-30.00  sec  3.67 GBytes  31.5 Gbits/sec                  
[  5]  30.00-31.00  sec  3.65 GBytes  31.4 Gbits/sec                  
[  5]  31.00-32.00  sec  3.65 GBytes  31.3 Gbits/sec                  
[  5]  32.00-33.00  sec  3.65 GBytes  31.3 Gbits/sec                  
[  5]  33.00-34.00  sec  3.65 GBytes  31.3 Gbits/sec                  
[  5]  34.00-35.00  sec  3.65 GBytes  31.4 Gbits/sec                  
[  5]  35.00-36.00  sec  3.65 GBytes  31.3 Gbits/sec                  
[  5]  36.00-37.00  sec  3.65 GBytes  31.4 Gbits/sec                  
[  5]  37.00-38.00  sec  3.65 GBytes  31.4 Gbits/sec                  
[  5]  38.00-39.00  sec  4.22 GBytes  36.2 Gbits/sec                  
[  5]  39.00-40.00  sec  4.84 GBytes  41.6 Gbits/sec                  
[  5]  40.00-41.00  sec  5.00 GBytes  42.9 Gbits/sec                  
[  5]  41.00-42.00  sec  4.87 GBytes  41.8 Gbits/sec                  
[  5]  42.00-43.00  sec  4.83 GBytes  41.5 Gbits/sec                  
[  5]  43.00-44.00  sec  5.08 GBytes  43.6 Gbits/sec                  
[  5]  44.00-45.00  sec  4.82 GBytes  41.4 Gbits/sec                  
[  5]  45.00-46.00  sec  4.82 GBytes  41.4 Gbits/sec                  
[  5]  46.00-47.00  sec  4.50 GBytes  38.7 Gbits/sec                  
[  5]  47.00-48.00  sec  4.44 GBytes  38.1 Gbits/sec                  
[  5]  48.00-49.00  sec  4.68 GBytes  40.2 Gbits/sec                  
[  5]  49.00-50.00  sec  5.02 GBytes  43.1 Gbits/sec                  
[  5]  50.00-51.00  sec  4.93 GBytes  42.3 Gbits/sec                  
[  5]  51.00-52.00  sec  4.94 GBytes  42.5 Gbits/sec                  
[  5]  52.00-52.04  sec   178 MBytes  42.1 Gbits/sec                  
- - - - - - - - - - - - - - - - - - - - - - - - -
[ ID] Interval           Transfer     Bitrate
[  5]   0.00-52.04  sec   198 GBytes  32.7 Gbits/sec                  receiver
