-----------------------------------------------------------
Server listening on 25003
-----------------------------------------------------------
Accepted connection from 192.168.2.3, port 39519
[  5] local 192.168.2.2 port 25003 connected to 192.168.2.3 port 45561
[ ID] Interval           Transfer     Bitrate
[  5]   0.00-1.00   sec  1.24 GBytes  10.6 Gbits/sec                  
[  5]   1.00-2.00   sec  1.47 GBytes  12.6 Gbits/sec                  
[  5]   2.00-3.00   sec  2.11 GBytes  18.1 Gbits/sec                  
[  5]   3.00-4.00   sec  2.15 GBytes  18.5 Gbits/sec                  
[  5]   4.00-5.00   sec  2.15 GBytes  18.4 Gbits/sec                  
[  5]   5.00-6.00   sec  2.15 GBytes  18.5 Gbits/sec                  
[  5]   6.00-7.00   sec  2.17 GBytes  18.6 Gbits/sec                  
[  5]   7.00-8.00   sec  2.19 GBytes  18.8 Gbits/sec                  
[  5]   8.00-9.00   sec  2.19 GBytes  18.8 Gbits/sec                  
[  5]   9.00-10.00  sec  2.32 GBytes  19.9 Gbits/sec                  
[  5]  10.00-11.00  sec  2.74 GBytes  23.5 Gbits/sec                  
[  5]  11.00-12.00  sec  2.32 GBytes  19.9 Gbits/sec                  
[  5]  12.00-13.00  sec   740 MBytes  6.20 Gbits/sec                  
[  5]  13.00-14.00  sec   580 MBytes  4.87 Gbits/sec                  
[  5]  14.00-15.00  sec   622 MBytes  5.22 Gbits/sec                  
[  5]  15.00-16.00  sec   781 MBytes  6.55 Gbits/sec                  
[  5]  16.00-17.00  sec   847 MBytes  7.11 Gbits/sec                  
[  5]  17.00-18.00  sec   846 MBytes  7.09 Gbits/sec                  
[  5]  18.00-19.00  sec   855 MBytes  7.17 Gbits/sec                  
[  5]  19.00-20.00  sec   843 MBytes  7.07 Gbits/sec                  
[  5]  20.00-21.00  sec   895 MBytes  7.51 Gbits/sec                  
[  5]  21.00-22.00  sec   847 MBytes  7.10 Gbits/sec                  
[  5]  22.00-23.00  sec   623 MBytes  5.22 Gbits/sec                  
[  5]  23.00-24.00  sec   623 MBytes  5.23 Gbits/sec                  
[  5]  24.00-25.00  sec   618 MBytes  5.19 Gbits/sec                  
[  5]  25.00-26.00  sec   617 MBytes  5.18 Gbits/sec                  
[  5]  26.00-27.00  sec   616 MBytes  5.17 Gbits/sec                  
[  5]  27.00-28.00  sec   616 MBytes  5.17 Gbits/sec                  
[  5]  28.00-29.00  sec   616 MBytes  5.17 Gbits/sec                  
[  5]  29.00-30.00  sec   617 MBytes  5.17 Gbits/sec                  
[  5]  30.00-31.00  sec   621 MBytes  5.21 Gbits/sec                  
[  5]  31.00-32.00  sec   623 MBytes  5.22 Gbits/sec                  
[  5]  32.00-33.00  sec   622 MBytes  5.22 Gbits/sec                  
[  5]  33.00-34.00  sec   622 MBytes  5.22 Gbits/sec                  
[  5]  34.00-35.00  sec   623 MBytes  5.23 Gbits/sec                  
[  5]  35.00-36.00  sec   622 MBytes  5.22 Gbits/sec                  
[  5]  36.00-37.00  sec   623 MBytes  5.23 Gbits/sec                  
[  5]  37.00-38.00  sec   616 MBytes  5.17 Gbits/sec                  
[  5]  38.00-39.00  sec   762 MBytes  6.39 Gbits/sec                  
[  5]  39.00-40.00  sec   885 MBytes  7.43 Gbits/sec                  
[  5]  40.00-41.00  sec   862 MBytes  7.23 Gbits/sec                  
[  5]  41.00-42.00  sec   883 MBytes  7.41 Gbits/sec                  
[  5]  42.00-43.00  sec   892 MBytes  7.48 Gbits/sec                  
[  5]  43.00-44.00  sec   858 MBytes  7.20 Gbits/sec                  
[  5]  44.00-45.00  sec   898 MBytes  7.54 Gbits/sec                  
[  5]  45.00-46.00  sec   901 MBytes  7.56 Gbits/sec                  
[  5]  46.00-47.00  sec   941 MBytes  7.89 Gbits/sec                  
[  5]  47.00-48.00  sec   952 MBytes  7.98 Gbits/sec                  
[  5]  48.00-49.00  sec   917 MBytes  7.69 Gbits/sec                  
[  5]  49.00-50.00  sec   869 MBytes  7.29 Gbits/sec                  
[  5]  50.00-51.00  sec   883 MBytes  7.41 Gbits/sec                  
[  5]  51.00-52.00  sec   879 MBytes  7.37 Gbits/sec                  
[  5]  52.00-52.04  sec  31.2 MBytes  7.41 Gbits/sec                  
- - - - - - - - - - - - - - - - - - - - - - - - -
[ ID] Interval           Transfer     Bitrate
[  5]   0.00-52.04  sec  54.7 GBytes  9.03 Gbits/sec                  receiver
