Connecting to host 192.168.2.3, port 25001
[  5] local 192.168.2.2 port 39583 connected to 192.168.2.3 port 25001
[ ID] Interval           Transfer     Bitrate         Retr  Cwnd
[  5]   0.00-10.00  sec  25.6 GBytes  22.0 Gbits/sec  831   2.31 MBytes       
[  5]  10.00-20.00  sec  24.2 GBytes  20.8 Gbits/sec  1723   3.00 MBytes       
[  5]  20.00-30.00  sec  24.2 GBytes  20.8 Gbits/sec  169   3.00 MBytes       
[  5]  30.00-40.00  sec  22.9 GBytes  19.6 Gbits/sec  1309   3.00 MBytes       
[  5]  40.00-50.00  sec  22.9 GBytes  19.6 Gbits/sec  1968   3.01 MBytes       
[  5]  50.00-60.00  sec  24.8 GBytes  21.3 Gbits/sec  1627   3.01 MBytes       
[  5]  60.00-70.00  sec  22.6 GBytes  19.4 Gbits/sec  3490   2.96 MBytes       
[  5]  70.00-80.00  sec  23.5 GBytes  20.1 Gbits/sec  804   3.00 MBytes       
[  5]  80.00-90.00  sec  25.0 GBytes  21.5 Gbits/sec  437   3.00 MBytes       
[  5]  90.00-100.00 sec  24.9 GBytes  21.4 Gbits/sec  1566   3.00 MBytes       
[  5] 100.00-110.00 sec  24.3 GBytes  20.9 Gbits/sec  1278   2.88 MBytes       
[  5] 110.00-120.00 sec  23.3 GBytes  20.0 Gbits/sec   46   3.00 MBytes       
- - - - - - - - - - - - - - - - - - - - - - - - -
[ ID] Interval           Transfer     Bitrate         Retr
[  5]   0.00-120.00 sec   288 GBytes  20.6 Gbits/sec  15248             sender
[  5]   0.00-120.05 sec   288 GBytes  20.6 Gbits/sec                  receiver

iperf Done.
