Connecting to host 192.168.2.2, port 25000
[  5] local 192.168.2.3 port 50177 connected to 192.168.2.2 port 25000
[ ID] Interval           Transfer     Bitrate         Retr  Cwnd
[  5]   0.00-10.00  sec  24.7 GBytes  21.2 Gbits/sec  2673   2.59 MBytes       
[  5]  10.00-20.00  sec  16.8 GBytes  14.4 Gbits/sec  1359   2.78 MBytes       
[  5]  20.00-30.00  sec  18.6 GBytes  16.0 Gbits/sec  1266   3.01 MBytes       
[  5]  30.00-40.00  sec  20.7 GBytes  17.7 Gbits/sec  498   3.01 MBytes       
[  5]  40.00-50.00  sec  21.1 GBytes  18.1 Gbits/sec  1736   2.89 MBytes       
[  5]  50.00-60.00  sec  20.6 GBytes  17.7 Gbits/sec  1050   3.01 MBytes       
[  5]  60.00-70.00  sec  25.6 GBytes  22.0 Gbits/sec  993   3.01 MBytes       
[  5]  70.00-80.00  sec  18.5 GBytes  15.9 Gbits/sec  888   3.01 MBytes       
[  5]  80.00-90.00  sec  19.5 GBytes  16.7 Gbits/sec  1019   3.01 MBytes       
[  5]  90.00-100.00 sec  15.4 GBytes  13.2 Gbits/sec  622   3.01 MBytes       
[  5] 100.00-110.00 sec  22.7 GBytes  19.5 Gbits/sec  1343   3.01 MBytes       
[  5] 110.00-120.00 sec  18.2 GBytes  15.7 Gbits/sec  870   3.01 MBytes       
- - - - - - - - - - - - - - - - - - - - - - - - -
[ ID] Interval           Transfer     Bitrate         Retr
[  5]   0.00-120.00 sec   242 GBytes  17.3 Gbits/sec  14317             sender
[  5]   0.00-120.04 sec   242 GBytes  17.3 Gbits/sec                  receiver

iperf Done.
