Connecting to host 192.168.4.3, port 25006
[  5] local 192.168.4.2 port 37525 connected to 192.168.4.3 port 25006
[ ID] Interval           Transfer     Bitrate         Retr  Cwnd
[  5]   0.00-10.00  sec  24.3 GBytes  20.8 Gbits/sec  11761   1.78 MBytes       
[  5]  10.00-20.00  sec  23.5 GBytes  20.2 Gbits/sec  12229   2.62 MBytes       
[  5]  20.00-30.00  sec  23.9 GBytes  20.6 Gbits/sec  7093   2.95 MBytes       
[  5]  30.00-40.00  sec  24.2 GBytes  20.8 Gbits/sec  6171   2.68 MBytes       
[  5]  40.00-50.00  sec  21.0 GBytes  18.0 Gbits/sec  4854   2.66 MBytes       
[  5]  50.00-60.00  sec  25.1 GBytes  21.6 Gbits/sec  12058   2.55 MBytes       
[  5]  60.00-70.00  sec  21.4 GBytes  18.3 Gbits/sec  5878   2.32 MBytes       
[  5]  70.00-80.00  sec  20.5 GBytes  17.6 Gbits/sec  5672   2.83 MBytes       
[  5]  80.00-90.00  sec  19.7 GBytes  16.9 Gbits/sec  4804   2.94 MBytes       
[  5]  90.00-100.00 sec  21.5 GBytes  18.5 Gbits/sec  5054   2.23 MBytes       
[  5] 100.00-110.00 sec  22.4 GBytes  19.2 Gbits/sec  2296   2.77 MBytes       
[  5] 110.00-120.00 sec  23.4 GBytes  20.1 Gbits/sec  10368   2.48 MBytes       
- - - - - - - - - - - - - - - - - - - - - - - - -
[ ID] Interval           Transfer     Bitrate         Retr
[  5]   0.00-120.00 sec   271 GBytes  19.4 Gbits/sec  88238             sender
[  5]   0.00-120.05 sec   271 GBytes  19.4 Gbits/sec                  receiver

iperf Done.
