Connecting to host 192.168.2.3, port 25000
[  5] local 192.168.2.2 port 48093 connected to 192.168.2.3 port 25000
[ ID] Interval           Transfer     Bitrate         Retr  Cwnd
[  5]   0.00-10.00  sec  24.7 GBytes  21.2 Gbits/sec  2317   2.86 MBytes       
[  5]  10.00-20.00  sec  25.5 GBytes  21.9 Gbits/sec  1747   2.47 MBytes       
[  5]  20.00-30.00  sec  25.6 GBytes  22.0 Gbits/sec  755   3.01 MBytes       
[  5]  30.00-40.00  sec  26.2 GBytes  22.5 Gbits/sec  1538   3.01 MBytes       
[  5]  40.00-50.00  sec  24.3 GBytes  20.9 Gbits/sec  2473   3.01 MBytes       
[  5]  50.00-60.00  sec  25.0 GBytes  21.5 Gbits/sec  1482   3.01 MBytes       
[  5]  60.00-70.00  sec  25.9 GBytes  22.3 Gbits/sec  2099   3.01 MBytes       
[  5]  70.00-80.00  sec  23.0 GBytes  19.8 Gbits/sec  2807   2.81 MBytes       
[  5]  80.00-90.00  sec  24.6 GBytes  21.1 Gbits/sec  498   3.00 MBytes       
[  5]  90.00-100.00 sec  26.8 GBytes  23.0 Gbits/sec  430   3.15 MBytes       
[  5] 100.00-110.00 sec  24.0 GBytes  20.6 Gbits/sec  2277   3.15 MBytes       
[  5] 110.00-120.00 sec  25.2 GBytes  21.7 Gbits/sec  270   3.15 MBytes       
- - - - - - - - - - - - - - - - - - - - - - - - -
[ ID] Interval           Transfer     Bitrate         Retr
[  5]   0.00-120.00 sec   301 GBytes  21.5 Gbits/sec  18693             sender
[  5]   0.00-120.05 sec   301 GBytes  21.5 Gbits/sec                  receiver

iperf Done.
