Connecting to host 192.168.4.3, port 25007
[  5] local 192.168.4.2 port 50699 connected to 192.168.4.3 port 25007
[ ID] Interval           Transfer     Bitrate         Retr  Cwnd
[  5]   0.00-10.00  sec  22.6 GBytes  19.4 Gbits/sec  1026   3.01 MBytes       
[  5]  10.00-20.00  sec  25.5 GBytes  21.9 Gbits/sec    0   3.01 MBytes       
[  5]  20.00-30.00  sec  24.1 GBytes  20.7 Gbits/sec  272   2.11 MBytes       
[  5]  30.00-40.00  sec  25.5 GBytes  21.9 Gbits/sec   51   2.94 MBytes       
[  5]  40.00-50.00  sec  27.6 GBytes  23.7 Gbits/sec  677   2.83 MBytes       
[  5]  50.00-60.00  sec  24.8 GBytes  21.3 Gbits/sec  2195   3.00 MBytes       
[  5]  60.00-70.00  sec  23.6 GBytes  20.3 Gbits/sec  1296   3.00 MBytes       
[  5]  70.00-80.00  sec  25.0 GBytes  21.4 Gbits/sec  485   3.00 MBytes       
[  5]  80.00-90.00  sec  23.2 GBytes  19.9 Gbits/sec  656   3.00 MBytes       
[  5]  90.00-100.00 sec  27.1 GBytes  23.3 Gbits/sec  1232   3.00 MBytes       
[  5] 100.00-110.00 sec  24.7 GBytes  21.2 Gbits/sec   10   3.00 MBytes       
[  5] 110.00-120.00 sec  24.6 GBytes  21.2 Gbits/sec  1123   3.00 MBytes       
- - - - - - - - - - - - - - - - - - - - - - - - -
[ ID] Interval           Transfer     Bitrate         Retr
[  5]   0.00-120.00 sec   298 GBytes  21.3 Gbits/sec  9023             sender
[  5]   0.00-120.05 sec   298 GBytes  21.3 Gbits/sec                  receiver

iperf Done.
