Connecting to host 192.168.4.2, port 25005
[  5] local 192.168.4.3 port 48775 connected to 192.168.4.2 port 25005
[ ID] Interval           Transfer     Bitrate         Retr  Cwnd
[  5]   0.00-10.00  sec  21.0 GBytes  18.0 Gbits/sec  594   2.72 MBytes       
[  5]  10.00-20.00  sec  24.0 GBytes  20.6 Gbits/sec  250   3.00 MBytes       
[  5]  20.00-30.00  sec  22.3 GBytes  19.2 Gbits/sec  592   2.61 MBytes       
[  5]  30.00-40.00  sec  23.3 GBytes  20.0 Gbits/sec  836   3.02 MBytes       
[  5]  40.00-50.00  sec  15.5 GBytes  13.3 Gbits/sec  561   2.51 MBytes       
[  5]  50.00-60.00  sec  21.4 GBytes  18.4 Gbits/sec  1801   2.75 MBytes       
[  5]  60.00-70.00  sec  21.3 GBytes  18.3 Gbits/sec  607   3.01 MBytes       
[  5]  70.00-80.00  sec  20.6 GBytes  17.7 Gbits/sec  738   3.01 MBytes       
[  5]  80.00-90.00  sec  18.1 GBytes  15.5 Gbits/sec  122   3.01 MBytes       
[  5]  90.00-100.00 sec  22.3 GBytes  19.1 Gbits/sec  551   2.72 MBytes       
[  5] 100.00-110.00 sec  21.6 GBytes  18.6 Gbits/sec  425   2.96 MBytes       
[  5] 110.00-120.00 sec  19.0 GBytes  16.3 Gbits/sec  176   3.00 MBytes       
- - - - - - - - - - - - - - - - - - - - - - - - -
[ ID] Interval           Transfer     Bitrate         Retr
[  5]   0.00-120.00 sec   251 GBytes  17.9 Gbits/sec  7253             sender
[  5]   0.00-120.04 sec   250 GBytes  17.9 Gbits/sec                  receiver

iperf Done.
