Connecting to host 192.168.4.3, port 25005
[  5] local 192.168.4.2 port 51881 connected to 192.168.4.3 port 25005
[ ID] Interval           Transfer     Bitrate         Retr  Cwnd
[  5]   0.00-10.00  sec  23.4 GBytes  20.1 Gbits/sec  2179   2.69 MBytes       
[  5]  10.00-20.00  sec  24.3 GBytes  20.8 Gbits/sec  2074   2.07 MBytes       
[  5]  20.00-30.00  sec  22.3 GBytes  19.2 Gbits/sec   65   2.81 MBytes       
[  5]  30.00-40.00  sec  22.5 GBytes  19.3 Gbits/sec  122   3.00 MBytes       
[  5]  40.00-50.00  sec  21.9 GBytes  18.8 Gbits/sec  371   3.00 MBytes       
[  5]  50.00-60.00  sec  23.3 GBytes  20.0 Gbits/sec  1850   2.85 MBytes       
[  5]  60.00-70.00  sec  24.4 GBytes  20.9 Gbits/sec  2431   2.33 MBytes       
[  5]  70.00-80.00  sec  26.8 GBytes  23.0 Gbits/sec  1258   3.02 MBytes       
[  5]  80.00-90.00  sec  28.7 GBytes  24.6 Gbits/sec   30   3.02 MBytes       
[  5]  90.00-100.00 sec  28.7 GBytes  24.6 Gbits/sec   54   3.02 MBytes       
[  5] 100.00-110.00 sec  24.2 GBytes  20.8 Gbits/sec   45   3.02 MBytes       
[  5] 110.00-120.00 sec  26.8 GBytes  23.0 Gbits/sec    0   3.02 MBytes       
- - - - - - - - - - - - - - - - - - - - - - - - -
[ ID] Interval           Transfer     Bitrate         Retr
[  5]   0.00-120.00 sec   297 GBytes  21.3 Gbits/sec  10479             sender
[  5]   0.00-120.05 sec   297 GBytes  21.3 Gbits/sec                  receiver

iperf Done.
