Connecting to host 192.168.4.2, port 25004
[  5] local 192.168.4.3 port 38867 connected to 192.168.4.2 port 25004
[ ID] Interval           Transfer     Bitrate         Retr  Cwnd
[  5]   0.00-10.00  sec  22.1 GBytes  19.0 Gbits/sec  1460   2.10 MBytes       
[  5]  10.00-20.00  sec  22.1 GBytes  19.0 Gbits/sec  1653   2.50 MBytes       
[  5]  20.00-30.00  sec  24.3 GBytes  20.9 Gbits/sec  692   2.87 MBytes       
[  5]  30.00-40.00  sec  19.5 GBytes  16.7 Gbits/sec  1818   2.40 MBytes       
[  5]  40.00-50.00  sec  25.0 GBytes  21.5 Gbits/sec  818   2.88 MBytes       
[  5]  50.00-60.00  sec  21.6 GBytes  18.5 Gbits/sec  543   3.00 MBytes       
[  5]  60.00-70.00  sec  20.4 GBytes  17.5 Gbits/sec  2028   3.00 MBytes       
[  5]  70.00-80.00  sec  24.2 GBytes  20.8 Gbits/sec  576   3.00 MBytes       
[  5]  80.00-90.00  sec  20.6 GBytes  17.7 Gbits/sec  160   3.00 MBytes       
[  5]  90.00-100.00 sec  23.6 GBytes  20.2 Gbits/sec  512   3.00 MBytes       
[  5] 100.00-110.00 sec  23.0 GBytes  19.7 Gbits/sec  786   2.55 MBytes       
[  5] 110.00-120.00 sec  22.4 GBytes  19.2 Gbits/sec   46   3.02 MBytes       
- - - - - - - - - - - - - - - - - - - - - - - - -
[ ID] Interval           Transfer     Bitrate         Retr
[  5]   0.00-120.00 sec   269 GBytes  19.2 Gbits/sec  11092             sender
[  5]   0.00-120.04 sec   269 GBytes  19.2 Gbits/sec                  receiver

iperf Done.
