Connecting to host 192.168.2.2, port 25002
[  5] local 192.168.2.3 port 35647 connected to 192.168.2.2 port 25002
[ ID] Interval           Transfer     Bitrate         Retr  Cwnd
[  5]   0.00-10.00  sec  21.8 GBytes  18.7 Gbits/sec  1447   2.45 MBytes       
[  5]  10.00-20.00  sec  18.7 GBytes  16.0 Gbits/sec  2683   2.80 MBytes       
[  5]  20.00-30.00  sec  27.6 GBytes  23.7 Gbits/sec  349   3.00 MBytes       
[  5]  30.00-40.00  sec  18.8 GBytes  16.1 Gbits/sec  1865   3.00 MBytes       
[  5]  40.00-50.00  sec  22.1 GBytes  19.0 Gbits/sec  4312   2.99 MBytes       
[  5]  50.00-60.00  sec  22.0 GBytes  18.9 Gbits/sec  1506   3.01 MBytes       
[  5]  60.00-70.00  sec  24.1 GBytes  20.7 Gbits/sec  440   3.01 MBytes       
[  5]  70.00-80.00  sec  25.4 GBytes  21.8 Gbits/sec  1396   3.01 MBytes       
[  5]  80.00-90.00  sec  22.0 GBytes  18.9 Gbits/sec  802   3.01 MBytes       
[  5]  90.00-100.00 sec  18.2 GBytes  15.6 Gbits/sec  732   3.01 MBytes       
[  5] 100.00-110.00 sec  24.6 GBytes  21.1 Gbits/sec  536   3.01 MBytes       
[  5] 110.00-120.00 sec  18.5 GBytes  15.9 Gbits/sec  225   3.01 MBytes       
- - - - - - - - - - - - - - - - - - - - - - - - -
[ ID] Interval           Transfer     Bitrate         Retr
[  5]   0.00-120.00 sec   264 GBytes  18.9 Gbits/sec  16293             sender
[  5]   0.00-120.04 sec   264 GBytes  18.9 Gbits/sec                  receiver

iperf Done.
