Connecting to host 192.168.2.3, port 25002
[  5] local 192.168.2.2 port 55429 connected to 192.168.2.3 port 25002
[ ID] Interval           Transfer     Bitrate         Retr  Cwnd
[  5]   0.00-10.00  sec  22.2 GBytes  19.1 Gbits/sec  1669   2.48 MBytes       
[  5]  10.00-20.00  sec  23.1 GBytes  19.8 Gbits/sec  4195   3.02 MBytes       
[  5]  20.00-30.00  sec  21.3 GBytes  18.3 Gbits/sec  1079   3.02 MBytes       
[  5]  30.00-40.00  sec  26.7 GBytes  22.9 Gbits/sec  775   3.02 MBytes       
[  5]  40.00-50.00  sec  25.1 GBytes  21.6 Gbits/sec  180   3.02 MBytes       
[  5]  50.00-60.00  sec  24.7 GBytes  21.2 Gbits/sec  658   3.02 MBytes       
[  5]  60.00-70.00  sec  22.0 GBytes  18.9 Gbits/sec  552   3.02 MBytes       
[  5]  70.00-80.00  sec  26.6 GBytes  22.9 Gbits/sec  167   3.02 MBytes       
[  5]  80.00-90.00  sec  24.0 GBytes  20.6 Gbits/sec  250   3.02 MBytes       
[  5]  90.00-100.00 sec  22.0 GBytes  18.9 Gbits/sec  833   3.02 MBytes       
[  5] 100.00-110.00 sec  24.9 GBytes  21.4 Gbits/sec  3133   3.02 MBytes       
[  5] 110.00-120.00 sec  27.0 GBytes  23.2 Gbits/sec  1260   3.02 MBytes       
- - - - - - - - - - - - - - - - - - - - - - - - -
[ ID] Interval           Transfer     Bitrate         Retr
[  5]   0.00-120.00 sec   290 GBytes  20.7 Gbits/sec  14751             sender
[  5]   0.00-120.05 sec   290 GBytes  20.7 Gbits/sec                  receiver

iperf Done.
