Connecting to host 192.168.2.3, port 25003
[  5] local 192.168.2.2 port 44145 connected to 192.168.2.3 port 25003
[ ID] Interval           Transfer     Bitrate         Retr  Cwnd
[  5]   0.00-10.00  sec  23.8 GBytes  20.5 Gbits/sec  3895   3.02 MBytes       
[  5]  10.00-20.00  sec  23.6 GBytes  20.3 Gbits/sec  2941   3.02 MBytes       
[  5]  20.00-30.00  sec  26.8 GBytes  23.0 Gbits/sec  196   3.02 MBytes       
[  5]  30.00-40.00  sec  22.2 GBytes  19.1 Gbits/sec  788   3.02 MBytes       
[  5]  40.00-50.00  sec  26.5 GBytes  22.8 Gbits/sec   20   3.02 MBytes       
[  5]  50.00-60.00  sec  23.1 GBytes  19.8 Gbits/sec  1290   3.02 MBytes       
[  5]  60.00-70.00  sec  26.4 GBytes  22.7 Gbits/sec  2574   3.02 MBytes       
[  5]  70.00-80.00  sec  24.5 GBytes  21.0 Gbits/sec  914   3.02 MBytes       
[  5]  80.00-90.00  sec  24.5 GBytes  21.0 Gbits/sec    6   3.02 MBytes       
[  5]  90.00-100.00 sec  26.1 GBytes  22.4 Gbits/sec  4450   2.26 MBytes       
[  5] 100.00-110.00 sec  23.7 GBytes  20.4 Gbits/sec  1969   3.00 MBytes       
[  5] 110.00-120.00 sec  22.9 GBytes  19.6 Gbits/sec  614   3.01 MBytes       
- - - - - - - - - - - - - - - - - - - - - - - - -
[ ID] Interval           Transfer     Bitrate         Retr
[  5]   0.00-120.00 sec   294 GBytes  21.1 Gbits/sec  19657             sender
[  5]   0.00-120.05 sec   294 GBytes  21.0 Gbits/sec                  receiver

iperf Done.
