Connecting to host 192.168.2.2, port 25000
[  5] local 192.168.2.3 port 41367 connected to 192.168.2.2 port 25000
[ ID] Interval           Transfer     Bitrate         Retr  Cwnd
[  5]   0.00-10.00  sec  14.6 GBytes  12.6 Gbits/sec  382   2.95 MBytes       
[  5]  10.00-20.00  sec  19.2 GBytes  16.5 Gbits/sec  1770   3.01 MBytes       
[  5]  20.00-30.00  sec  16.6 GBytes  14.3 Gbits/sec  377   3.01 MBytes       
[  5]  30.00-40.00  sec  17.4 GBytes  15.0 Gbits/sec   22   3.01 MBytes       
[  5]  40.00-50.00  sec  15.0 GBytes  12.9 Gbits/sec    0   3.01 MBytes       
[  5]  50.00-60.00  sec  19.6 GBytes  16.8 Gbits/sec  2592   3.00 MBytes       
[  5]  60.00-70.00  sec  12.8 GBytes  11.0 Gbits/sec  787   3.00 MBytes       
[  5]  70.00-80.00  sec  18.8 GBytes  16.2 Gbits/sec    0   3.00 MBytes       
[  5]  80.00-90.00  sec  15.5 GBytes  13.3 Gbits/sec  817   3.00 MBytes       
[  5]  90.00-100.00 sec  12.7 GBytes  10.9 Gbits/sec    0   3.00 MBytes       
[  5] 100.00-110.00 sec  15.3 GBytes  13.1 Gbits/sec  1583   3.00 MBytes       
[  5] 110.00-120.00 sec  21.5 GBytes  18.5 Gbits/sec    0   3.00 MBytes       
- - - - - - - - - - - - - - - - - - - - - - - - -
[ ID] Interval           Transfer     Bitrate         Retr
[  5]   0.00-120.00 sec   199 GBytes  14.3 Gbits/sec  8330             sender
[  5]   0.00-120.04 sec   199 GBytes  14.2 Gbits/sec                  receiver

iperf Done.
