Connecting to host 192.168.4.3, port 25000
[  5] local 192.168.4.2 port 55445 connected to 192.168.4.3 port 25000
[ ID] Interval           Transfer     Bitrate         Retr  Cwnd
[  5]   0.00-10.00  sec  18.0 GBytes  15.4 Gbits/sec  1745   1.27 MBytes       
[  5]  10.00-20.00  sec  18.8 GBytes  16.2 Gbits/sec    2   1.91 MBytes       
[  5]  20.00-30.00  sec  20.0 GBytes  17.2 Gbits/sec    0   2.65 MBytes       
[  5]  30.00-40.00  sec  19.6 GBytes  16.9 Gbits/sec    0   3.01 MBytes       
[  5]  40.00-50.00  sec  20.3 GBytes  17.4 Gbits/sec    0   3.01 MBytes       
[  5]  50.00-60.00  sec  18.8 GBytes  16.1 Gbits/sec    0   3.01 MBytes       
[  5]  60.00-70.00  sec  21.6 GBytes  18.5 Gbits/sec    0   3.01 MBytes       
[  5]  70.00-80.00  sec  20.6 GBytes  17.7 Gbits/sec    0   3.01 MBytes       
[  5]  80.00-90.00  sec  21.5 GBytes  18.5 Gbits/sec    0   3.01 MBytes       
[  5]  90.00-100.00 sec  25.0 GBytes  21.4 Gbits/sec    0   3.01 MBytes       
[  5] 100.00-110.00 sec  21.8 GBytes  18.7 Gbits/sec    0   3.01 MBytes       
[  5] 110.00-120.00 sec  24.3 GBytes  20.9 Gbits/sec    0   3.01 MBytes       
- - - - - - - - - - - - - - - - - - - - - - - - -
[ ID] Interval           Transfer     Bitrate         Retr
[  5]   0.00-120.00 sec   250 GBytes  17.9 Gbits/sec  1747             sender
[  5]   0.00-120.05 sec   250 GBytes  17.9 Gbits/sec                  receiver

iperf Done.
