Connecting to host 192.168.4.2, port 25001
[  5] local 192.168.4.3 port 56825 connected to 192.168.4.2 port 25001
[ ID] Interval           Transfer     Bitrate         Retr  Cwnd
[  5]   0.00-10.00  sec  16.0 GBytes  13.7 Gbits/sec  640   1.46 MBytes       
[  5]  10.00-20.00  sec  17.7 GBytes  15.2 Gbits/sec   30   1.52 MBytes       
[  5]  20.00-30.00  sec  18.7 GBytes  16.1 Gbits/sec    0   1.98 MBytes       
[  5]  30.00-40.00  sec  19.6 GBytes  16.9 Gbits/sec    0   3.38 MBytes       
[  5]  40.00-50.00  sec  18.2 GBytes  15.6 Gbits/sec    0   3.38 MBytes       
[  5]  50.00-60.00  sec  18.5 GBytes  15.9 Gbits/sec    0   3.38 MBytes       
[  5]  60.00-70.00  sec  16.6 GBytes  14.2 Gbits/sec    0   3.38 MBytes       
[  5]  70.00-80.00  sec  18.2 GBytes  15.6 Gbits/sec    0   3.38 MBytes       
[  5]  80.00-90.00  sec  17.2 GBytes  14.8 Gbits/sec    0   3.38 MBytes       
[  5]  90.00-100.00 sec  16.8 GBytes  14.4 Gbits/sec    0   3.38 MBytes       
[  5] 100.00-110.00 sec  17.7 GBytes  15.2 Gbits/sec    0   3.38 MBytes       
[  5] 110.00-120.00 sec  15.6 GBytes  13.4 Gbits/sec    0   3.38 MBytes       
- - - - - - - - - - - - - - - - - - - - - - - - -
[ ID] Interval           Transfer     Bitrate         Retr
[  5]   0.00-120.00 sec   211 GBytes  15.1 Gbits/sec  670             sender
[  5]   0.00-120.04 sec   211 GBytes  15.1 Gbits/sec                  receiver

iperf Done.
