Connecting to host 192.168.4.2, port 25000
[  5] local 192.168.4.3 port 37151 connected to 192.168.4.2 port 25000
[ ID] Interval           Transfer     Bitrate         Retr  Cwnd
[  5]   0.00-10.00  sec  15.0 GBytes  12.9 Gbits/sec   93   2.68 MBytes       
[  5]  10.00-20.00  sec  19.0 GBytes  16.4 Gbits/sec    0   3.01 MBytes       
[  5]  20.00-30.00  sec  19.0 GBytes  16.3 Gbits/sec  574   1.93 MBytes       
[  5]  30.00-40.00  sec  19.6 GBytes  16.8 Gbits/sec    0   2.16 MBytes       
[  5]  40.00-50.00  sec  18.2 GBytes  15.6 Gbits/sec    0   3.23 MBytes       
[  5]  50.00-60.00  sec  20.7 GBytes  17.7 Gbits/sec    8   3.23 MBytes       
[  5]  60.00-70.00  sec  16.6 GBytes  14.3 Gbits/sec    0   3.23 MBytes       
[  5]  70.00-80.00  sec  18.2 GBytes  15.6 Gbits/sec    0   3.23 MBytes       
[  5]  80.00-90.00  sec  17.2 GBytes  14.8 Gbits/sec    0   3.23 MBytes       
[  5]  90.00-100.00 sec  16.8 GBytes  14.4 Gbits/sec    0   3.23 MBytes       
[  5] 100.00-110.00 sec  18.1 GBytes  15.5 Gbits/sec    0   3.23 MBytes       
[  5] 110.00-120.00 sec  15.2 GBytes  13.0 Gbits/sec    0   3.23 MBytes       
- - - - - - - - - - - - - - - - - - - - - - - - -
[ ID] Interval           Transfer     Bitrate         Retr
[  5]   0.00-120.00 sec   213 GBytes  15.3 Gbits/sec  675             sender
[  5]   0.00-120.04 sec   213 GBytes  15.3 Gbits/sec                  receiver

iperf Done.
