Connecting to host 192.168.2.3, port 25001
[  5] local 192.168.2.2 port 43003 connected to 192.168.2.3 port 25001
[ ID] Interval           Transfer     Bitrate         Retr  Cwnd
[  5]   0.00-10.00  sec  17.8 GBytes  15.3 Gbits/sec  1099   1.76 MBytes       
[  5]  10.00-20.00  sec  17.5 GBytes  15.0 Gbits/sec  198   2.52 MBytes       
[  5]  20.00-30.00  sec  30.1 GBytes  25.9 Gbits/sec  1565   3.19 MBytes       
[  5]  30.00-40.00  sec  15.1 GBytes  13.0 Gbits/sec    0   3.19 MBytes       
[  5]  40.00-50.00  sec  15.6 GBytes  13.4 Gbits/sec    0   3.19 MBytes       
[  5]  50.00-60.00  sec  20.0 GBytes  17.2 Gbits/sec    0   3.19 MBytes       
[  5]  60.00-70.00  sec  29.6 GBytes  25.4 Gbits/sec    0   3.19 MBytes       
[  5]  70.00-80.00  sec  27.3 GBytes  23.5 Gbits/sec    0   3.19 MBytes       
[  5]  80.00-90.00  sec  19.0 GBytes  16.3 Gbits/sec    0   3.19 MBytes       
[  5]  90.00-100.00 sec  23.9 GBytes  20.6 Gbits/sec    0   3.19 MBytes       
[  5] 100.00-110.00 sec  26.5 GBytes  22.7 Gbits/sec  646   3.19 MBytes       
[  5] 110.00-120.00 sec  22.0 GBytes  18.9 Gbits/sec    0   3.19 MBytes       
- - - - - - - - - - - - - - - - - - - - - - - - -
[ ID] Interval           Transfer     Bitrate         Retr
[  5]   0.00-120.00 sec   265 GBytes  18.9 Gbits/sec  3508             sender
[  5]   0.00-120.05 sec   265 GBytes  18.9 Gbits/sec                  receiver

iperf Done.
