Connecting to host 192.168.4.3, port 25002
[  5] local 192.168.4.2 port 42203 connected to 192.168.4.3 port 25002
[ ID] Interval           Transfer     Bitrate         Retr  Cwnd
[  5]   0.00-10.00  sec  23.3 GBytes  20.0 Gbits/sec  946   1.77 MBytes       
[  5]  10.00-20.00  sec  18.0 GBytes  15.5 Gbits/sec    0   1.81 MBytes       
[  5]  20.00-30.00  sec  20.0 GBytes  17.2 Gbits/sec    0   3.08 MBytes       
[  5]  30.00-40.00  sec  19.8 GBytes  17.0 Gbits/sec    0   3.08 MBytes       
[  5]  40.00-50.00  sec  22.7 GBytes  19.5 Gbits/sec    0   3.08 MBytes       
[  5]  50.00-60.00  sec  19.0 GBytes  16.3 Gbits/sec    0   3.08 MBytes       
[  5]  60.00-70.00  sec  22.3 GBytes  19.1 Gbits/sec    0   3.08 MBytes       
[  5]  70.00-80.00  sec  20.7 GBytes  17.8 Gbits/sec    0   3.08 MBytes       
[  5]  80.00-90.00  sec  21.6 GBytes  18.5 Gbits/sec    0   3.08 MBytes       
[  5]  90.00-100.00 sec  25.0 GBytes  21.5 Gbits/sec    0   3.08 MBytes       
[  5] 100.00-110.00 sec  22.0 GBytes  18.9 Gbits/sec    0   3.08 MBytes       
[  5] 110.00-120.00 sec  24.3 GBytes  20.9 Gbits/sec    0   3.08 MBytes       
- - - - - - - - - - - - - - - - - - - - - - - - -
[ ID] Interval           Transfer     Bitrate         Retr
[  5]   0.00-120.00 sec   259 GBytes  18.5 Gbits/sec  946             sender
[  5]   0.00-120.04 sec   259 GBytes  18.5 Gbits/sec                  receiver

iperf Done.
