Connecting to host 192.168.4.3, port 25003
[  5] local 192.168.4.2 port 59099 connected to 192.168.4.3 port 25003
[ ID] Interval           Transfer     Bitrate         Retr  Cwnd
[  5]   0.00-10.00  sec  19.7 GBytes  16.9 Gbits/sec  872   1.54 MBytes       
[  5]  10.00-20.00  sec  19.7 GBytes  16.9 Gbits/sec    0   1.77 MBytes       
[  5]  20.00-30.00  sec  19.2 GBytes  16.5 Gbits/sec    0   3.22 MBytes       
[  5]  30.00-40.00  sec  18.6 GBytes  16.0 Gbits/sec    0   3.22 MBytes       
[  5]  40.00-50.00  sec  21.4 GBytes  18.4 Gbits/sec    0   3.22 MBytes       
[  5]  50.00-60.00  sec  18.8 GBytes  16.1 Gbits/sec    0   3.22 MBytes       
[  5]  60.00-70.00  sec  22.7 GBytes  19.5 Gbits/sec    0   3.22 MBytes       
[  5]  70.00-80.00  sec  20.7 GBytes  17.8 Gbits/sec    0   3.22 MBytes       
[  5]  80.00-90.00  sec  21.9 GBytes  18.8 Gbits/sec    0   3.22 MBytes       
[  5]  90.00-100.00 sec  21.4 GBytes  18.4 Gbits/sec    0   3.22 MBytes       
[  5] 100.00-110.00 sec  21.3 GBytes  18.3 Gbits/sec    0   3.22 MBytes       
[  5] 110.00-120.00 sec  24.4 GBytes  21.0 Gbits/sec    0   3.22 MBytes       
- - - - - - - - - - - - - - - - - - - - - - - - -
[ ID] Interval           Transfer     Bitrate         Retr
[  5]   0.00-120.00 sec   250 GBytes  17.9 Gbits/sec  872             sender
[  5]   0.00-120.05 sec   250 GBytes  17.9 Gbits/sec                  receiver

iperf Done.
