Connecting to host 192.168.2.3, port 25002
[  5] local 192.168.2.2 port 36585 connected to 192.168.2.3 port 25002
[ ID] Interval           Transfer     Bitrate         Retr  Cwnd
[  5]   0.00-10.00  sec  15.5 GBytes  13.3 Gbits/sec  1377   2.88 MBytes       
[  5]  10.00-20.00  sec  24.3 GBytes  20.9 Gbits/sec    2   3.01 MBytes       
[  5]  20.00-30.00  sec  14.8 GBytes  12.7 Gbits/sec  1226   3.01 MBytes       
[  5]  30.00-40.00  sec  14.0 GBytes  12.0 Gbits/sec    0   3.01 MBytes       
[  5]  40.00-50.00  sec  15.2 GBytes  13.1 Gbits/sec    0   3.01 MBytes       
[  5]  50.00-60.00  sec  18.6 GBytes  16.0 Gbits/sec    0   3.01 MBytes       
[  5]  60.00-70.00  sec  27.3 GBytes  23.5 Gbits/sec   45   3.01 MBytes       
[  5]  70.00-80.00  sec  24.2 GBytes  20.8 Gbits/sec    0   3.01 MBytes       
[  5]  80.00-90.00  sec  17.6 GBytes  15.1 Gbits/sec    0   3.01 MBytes       
[  5]  90.00-100.00 sec  21.9 GBytes  18.8 Gbits/sec    0   3.01 MBytes       
[  5] 100.00-110.00 sec  20.6 GBytes  17.7 Gbits/sec   30   3.01 MBytes       
[  5] 110.00-120.00 sec  26.9 GBytes  23.1 Gbits/sec   10   3.01 MBytes       
- - - - - - - - - - - - - - - - - - - - - - - - -
[ ID] Interval           Transfer     Bitrate         Retr
[  5]   0.00-120.00 sec   241 GBytes  17.2 Gbits/sec  2690             sender
[  5]   0.00-120.05 sec   241 GBytes  17.2 Gbits/sec                  receiver

iperf Done.
