Connecting to host 192.168.2.3, port 25003
[  5] local 192.168.2.2 port 54097 connected to 192.168.2.3 port 25003
[ ID] Interval           Transfer     Bitrate         Retr  Cwnd
[  5]   0.00-10.00  sec  31.2 GBytes  26.8 Gbits/sec  226   3.00 MBytes       
[  5]  10.00-20.00  sec  15.8 GBytes  13.5 Gbits/sec    3   3.00 MBytes       
[  5]  20.00-30.00  sec  18.9 GBytes  16.3 Gbits/sec    0   3.00 MBytes       
[  5]  30.00-40.00  sec  31.3 GBytes  26.8 Gbits/sec    2   3.00 MBytes       
[  5]  40.00-50.00  sec  31.1 GBytes  26.7 Gbits/sec    0   3.03 MBytes       
[  5]  50.00-60.00  sec  18.6 GBytes  16.0 Gbits/sec    0   3.03 MBytes       
[  5]  60.00-70.00  sec  15.6 GBytes  13.4 Gbits/sec    0   3.03 MBytes       
[  5]  70.00-80.00  sec  15.4 GBytes  13.2 Gbits/sec   45   3.03 MBytes       
[  5]  80.00-90.00  sec  25.2 GBytes  21.6 Gbits/sec    0   3.03 MBytes       
[  5]  90.00-100.00 sec  22.7 GBytes  19.5 Gbits/sec  272   3.03 MBytes       
[  5] 100.00-110.00 sec  19.9 GBytes  17.1 Gbits/sec  338   3.03 MBytes       
[  5] 110.00-120.00 sec  25.3 GBytes  21.7 Gbits/sec   61   3.03 MBytes       
- - - - - - - - - - - - - - - - - - - - - - - - -
[ ID] Interval           Transfer     Bitrate         Retr
[  5]   0.00-120.00 sec   271 GBytes  19.4 Gbits/sec  947             sender
[  5]   0.00-120.05 sec   271 GBytes  19.4 Gbits/sec                  receiver

iperf Done.
