Connecting to host 192.168.2.2, port 25001
[  5] local 192.168.2.3 port 48537 connected to 192.168.2.2 port 25001
[ ID] Interval           Transfer     Bitrate         Retr  Cwnd
[  5]   0.00-10.00  sec  20.1 GBytes  17.3 Gbits/sec  279   2.11 MBytes       
[  5]  10.00-20.00  sec  20.2 GBytes  17.4 Gbits/sec  1406   2.84 MBytes       
[  5]  20.00-30.00  sec  19.3 GBytes  16.6 Gbits/sec  487   3.01 MBytes       
[  5]  30.00-40.00  sec  20.9 GBytes  17.9 Gbits/sec    0   3.01 MBytes       
[  5]  40.00-50.00  sec  16.7 GBytes  14.4 Gbits/sec    0   3.01 MBytes       
[  5]  50.00-60.00  sec  16.9 GBytes  14.6 Gbits/sec  1241   3.01 MBytes       
[  5]  60.00-70.00  sec  20.3 GBytes  17.5 Gbits/sec   17   3.01 MBytes       
[  5]  70.00-80.00  sec  16.8 GBytes  14.5 Gbits/sec  945   3.01 MBytes       
[  5]  80.00-90.00  sec  14.7 GBytes  12.6 Gbits/sec  557   3.01 MBytes       
[  5]  90.00-100.00 sec  28.6 GBytes  24.5 Gbits/sec    0   3.01 MBytes       
[  5] 100.00-110.00 sec  19.8 GBytes  17.0 Gbits/sec  1385   1.94 MBytes       
[  5] 110.00-120.00 sec  12.6 GBytes  10.8 Gbits/sec  356   2.49 MBytes       
- - - - - - - - - - - - - - - - - - - - - - - - -
[ ID] Interval           Transfer     Bitrate         Retr
[  5]   0.00-120.00 sec   227 GBytes  16.2 Gbits/sec  6673             sender
[  5]   0.00-120.04 sec   227 GBytes  16.2 Gbits/sec                  receiver

iperf Done.
