Connecting to host 192.168.2.3, port 25000
[  5] local 192.168.2.2 port 58031 connected to 192.168.2.3 port 25000
[ ID] Interval           Transfer     Bitrate         Retr  Cwnd
[  5]   0.00-10.00  sec  17.2 GBytes  14.8 Gbits/sec  1536   2.94 MBytes       
[  5]  10.00-20.00  sec  15.6 GBytes  13.4 Gbits/sec  1007   3.00 MBytes       
[  5]  20.00-30.00  sec  13.6 GBytes  11.7 Gbits/sec  1102   3.00 MBytes       
[  5]  30.00-40.00  sec  15.7 GBytes  13.5 Gbits/sec    0   3.00 MBytes       
[  5]  40.00-50.00  sec  21.4 GBytes  18.4 Gbits/sec    0   3.00 MBytes       
[  5]  50.00-60.00  sec  18.3 GBytes  15.7 Gbits/sec    0   3.00 MBytes       
[  5]  60.00-70.00  sec  15.8 GBytes  13.6 Gbits/sec    0   3.00 MBytes       
[  5]  70.00-80.00  sec  15.5 GBytes  13.3 Gbits/sec    6   3.00 MBytes       
[  5]  80.00-90.00  sec  25.1 GBytes  21.6 Gbits/sec    0   3.00 MBytes       
[  5]  90.00-100.00 sec  24.2 GBytes  20.8 Gbits/sec    0   3.00 MBytes       
[  5] 100.00-110.00 sec  19.1 GBytes  16.4 Gbits/sec  291   3.00 MBytes       
[  5] 110.00-120.00 sec  22.9 GBytes  19.7 Gbits/sec    0   3.00 MBytes       
- - - - - - - - - - - - - - - - - - - - - - - - -
[ ID] Interval           Transfer     Bitrate         Retr
[  5]   0.00-120.00 sec   224 GBytes  16.1 Gbits/sec  3942             sender
[  5]   0.00-120.05 sec   224 GBytes  16.1 Gbits/sec                  receiver

iperf Done.
