Connecting to host 192.168.4.2, port 25005
[  5] local 192.168.4.3 port 47221 connected to 192.168.4.2 port 25005
[ ID] Interval           Transfer     Bitrate         Retr  Cwnd
[  5]   0.00-10.00  sec  7.73 GBytes  6.64 Gbits/sec  103   3.12 MBytes       
[  5]  10.00-20.00  sec  9.79 GBytes  8.41 Gbits/sec  340   3.12 MBytes       
[  5]  20.00-30.00  sec  8.84 GBytes  7.59 Gbits/sec    0   3.12 MBytes       
[  5]  30.00-40.00  sec  8.78 GBytes  7.55 Gbits/sec    0   3.12 MBytes       
[  5]  40.00-50.00  sec  7.65 GBytes  6.57 Gbits/sec    0   3.12 MBytes       
[  5]  50.00-60.00  sec  7.69 GBytes  6.60 Gbits/sec    0   3.12 MBytes       
[  5]  60.00-70.00  sec  5.29 GBytes  4.54 Gbits/sec    0   3.12 MBytes       
[  5]  70.00-80.00  sec  9.35 GBytes  8.03 Gbits/sec    0   3.12 MBytes       
[  5]  80.00-90.00  sec  8.03 GBytes  6.89 Gbits/sec    0   3.12 MBytes       
[  5]  90.00-100.00 sec  7.84 GBytes  6.74 Gbits/sec   14   3.12 MBytes       
[  5] 100.00-110.00 sec  8.95 GBytes  7.69 Gbits/sec    0   3.12 MBytes       
[  5] 110.00-120.00 sec  10.2 GBytes  8.78 Gbits/sec    0   3.12 MBytes       
- - - - - - - - - - - - - - - - - - - - - - - - -
[ ID] Interval           Transfer     Bitrate         Retr
[  5]   0.00-120.00 sec   100 GBytes  7.17 Gbits/sec  457             sender
[  5]   0.00-120.04 sec   100 GBytes  7.17 Gbits/sec                  receiver

iperf Done.
