Connecting to host 192.168.4.3, port 25005
[  5] local 192.168.4.2 port 56165 connected to 192.168.4.3 port 25005
[ ID] Interval           Transfer     Bitrate         Retr  Cwnd
[  5]   0.00-10.00  sec  18.8 GBytes  16.2 Gbits/sec  373   3.01 MBytes       
[  5]  10.00-20.00  sec  17.6 GBytes  15.1 Gbits/sec    0   3.01 MBytes       
[  5]  20.00-30.00  sec  16.6 GBytes  14.2 Gbits/sec    0   3.01 MBytes       
[  5]  30.00-40.00  sec  16.8 GBytes  14.4 Gbits/sec    1   3.01 MBytes       
[  5]  40.00-50.00  sec  19.5 GBytes  16.8 Gbits/sec    1   3.01 MBytes       
[  5]  50.00-60.00  sec  17.8 GBytes  15.3 Gbits/sec    0   3.01 MBytes       
[  5]  60.00-70.00  sec  15.1 GBytes  13.0 Gbits/sec    0   3.01 MBytes       
[  5]  70.00-80.00  sec  18.8 GBytes  16.1 Gbits/sec    0   3.01 MBytes       
[  5]  80.00-90.00  sec  21.1 GBytes  18.2 Gbits/sec    5   3.01 MBytes       
[  5]  90.00-100.00 sec  17.7 GBytes  15.2 Gbits/sec    0   3.01 MBytes       
[  5] 100.00-110.00 sec  16.4 GBytes  14.1 Gbits/sec    0   3.01 MBytes       
[  5] 110.00-120.00 sec  14.8 GBytes  12.7 Gbits/sec   88   3.01 MBytes       
- - - - - - - - - - - - - - - - - - - - - - - - -
[ ID] Interval           Transfer     Bitrate         Retr
[  5]   0.00-120.00 sec   211 GBytes  15.1 Gbits/sec  468             sender
[  5]   0.00-120.04 sec   211 GBytes  15.1 Gbits/sec                  receiver

iperf Done.
