Connecting to host 192.168.4.2, port 25004
[  5] local 192.168.4.3 port 53713 connected to 192.168.4.2 port 25004
[ ID] Interval           Transfer     Bitrate         Retr  Cwnd
[  5]   0.00-10.00  sec  7.72 GBytes  6.63 Gbits/sec    0   3.04 MBytes       
[  5]  10.00-20.00  sec  10.8 GBytes  9.24 Gbits/sec    0   3.04 MBytes       
[  5]  20.00-30.00  sec  8.18 GBytes  7.02 Gbits/sec   56   3.04 MBytes       
[  5]  30.00-40.00  sec  9.99 GBytes  8.58 Gbits/sec    0   3.04 MBytes       
[  5]  40.00-50.00  sec  8.44 GBytes  7.25 Gbits/sec    0   3.04 MBytes       
[  5]  50.00-60.00  sec  10.4 GBytes  8.97 Gbits/sec    0   3.04 MBytes       
[  5]  60.00-70.00  sec  5.31 GBytes  4.56 Gbits/sec    0   3.04 MBytes       
[  5]  70.00-80.00  sec  7.40 GBytes  6.35 Gbits/sec   24   3.04 MBytes       
[  5]  80.00-90.00  sec  9.41 GBytes  8.09 Gbits/sec    0   3.04 MBytes       
[  5]  90.00-100.00 sec  10.5 GBytes  9.00 Gbits/sec    0   3.04 MBytes       
[  5] 100.00-110.00 sec  8.95 GBytes  7.69 Gbits/sec    0   3.04 MBytes       
[  5] 110.00-120.00 sec  10.4 GBytes  8.91 Gbits/sec    0   3.04 MBytes       
- - - - - - - - - - - - - - - - - - - - - - - - -
[ ID] Interval           Transfer     Bitrate         Retr
[  5]   0.00-120.00 sec   107 GBytes  7.69 Gbits/sec   80             sender
[  5]   0.00-120.04 sec   107 GBytes  7.69 Gbits/sec                  receiver

iperf Done.
