Connecting to host 192.168.4.3, port 25007
[  5] local 192.168.4.2 port 45595 connected to 192.168.4.3 port 25007
[ ID] Interval           Transfer     Bitrate         Retr  Cwnd
[  5]   0.00-10.00  sec  17.8 GBytes  15.3 Gbits/sec  561   3.01 MBytes       
[  5]  10.00-20.00  sec  17.3 GBytes  14.9 Gbits/sec  941   3.01 MBytes       
[  5]  20.00-30.00  sec  19.5 GBytes  16.7 Gbits/sec    0   3.01 MBytes       
[  5]  30.00-40.00  sec  18.8 GBytes  16.2 Gbits/sec    0   3.01 MBytes       
[  5]  40.00-50.00  sec  19.1 GBytes  16.4 Gbits/sec    0   3.01 MBytes       
[  5]  50.00-60.00  sec  21.3 GBytes  18.3 Gbits/sec    0   3.01 MBytes       
[  5]  60.00-70.00  sec  22.0 GBytes  18.9 Gbits/sec    0   3.01 MBytes       
[  5]  70.00-80.00  sec  20.4 GBytes  17.5 Gbits/sec    0   3.01 MBytes       
[  5]  80.00-90.00  sec  17.8 GBytes  15.3 Gbits/sec    0   3.01 MBytes       
[  5]  90.00-100.00 sec  18.8 GBytes  16.2 Gbits/sec    1   3.01 MBytes       
[  5] 100.00-110.00 sec  19.6 GBytes  16.8 Gbits/sec    0   3.01 MBytes       
[  5] 110.00-120.00 sec  16.2 GBytes  13.9 Gbits/sec    0   3.01 MBytes       
- - - - - - - - - - - - - - - - - - - - - - - - -
[ ID] Interval           Transfer     Bitrate         Retr
[  5]   0.00-120.00 sec   229 GBytes  16.4 Gbits/sec  1503             sender
[  5]   0.00-120.04 sec   229 GBytes  16.4 Gbits/sec                  receiver

iperf Done.
