Connecting to host 192.168.4.2, port 25006
[  5] local 192.168.4.3 port 43767 connected to 192.168.4.2 port 25006
[ ID] Interval           Transfer     Bitrate         Retr  Cwnd
[  5]   0.00-10.00  sec  9.37 GBytes  8.05 Gbits/sec   53   3.02 MBytes       
[  5]  10.00-20.00  sec  10.8 GBytes  9.30 Gbits/sec    0   3.02 MBytes       
[  5]  20.00-30.00  sec  6.78 GBytes  5.82 Gbits/sec  170   3.02 MBytes       
[  5]  30.00-40.00  sec  10.1 GBytes  8.70 Gbits/sec    0   3.02 MBytes       
[  5]  40.00-50.00  sec  8.47 GBytes  7.28 Gbits/sec    0   3.02 MBytes       
[  5]  50.00-60.00  sec  10.9 GBytes  9.40 Gbits/sec    0   3.02 MBytes       
[  5]  60.00-70.00  sec  11.9 GBytes  10.2 Gbits/sec    0   3.02 MBytes       
[  5]  70.00-80.00  sec  10.2 GBytes  8.76 Gbits/sec    2   3.02 MBytes       
[  5]  80.00-90.00  sec  8.22 GBytes  7.06 Gbits/sec    0   3.02 MBytes       
[  5]  90.00-100.00 sec  9.74 GBytes  8.37 Gbits/sec    0   3.02 MBytes       
[  5] 100.00-110.00 sec  7.88 GBytes  6.77 Gbits/sec    0   3.02 MBytes       
[  5] 110.00-120.00 sec  10.1 GBytes  8.69 Gbits/sec    0   3.02 MBytes       
- - - - - - - - - - - - - - - - - - - - - - - - -
[ ID] Interval           Transfer     Bitrate         Retr
[  5]   0.00-120.00 sec   115 GBytes  8.20 Gbits/sec  225             sender
[  5]   0.00-120.04 sec   115 GBytes  8.20 Gbits/sec                  receiver

iperf Done.
