-----------------------------------------------------------
Server listening on 25000
-----------------------------------------------------------
Accepted connection from 192.168.2.3, port 55375
[  5] local 192.168.2.2 port 25000 connected to 192.168.2.3 port 43281
[ ID] Interval           Transfer     Bitrate
[  5]   0.00-1.00   sec   717 MBytes  6.01 Gbits/sec                  
[  5]   1.00-2.00   sec   570 MBytes  4.78 Gbits/sec                  
[  5]   2.00-3.00   sec   732 MBytes  6.14 Gbits/sec                  
[  5]   3.00-4.00   sec   633 MBytes  5.31 Gbits/sec                  
[  5]   4.00-5.00   sec   354 MBytes  2.97 Gbits/sec                  
[  5]   5.00-6.00   sec   532 MBytes  4.46 Gbits/sec                  
[  5]   6.00-7.00   sec   696 MBytes  5.84 Gbits/sec                  
[  5]   7.00-8.00   sec  1016 MBytes  8.52 Gbits/sec                  
[  5]   8.00-9.00   sec   788 MBytes  6.61 Gbits/sec                  
[  5]   9.00-10.00  sec   977 MBytes  8.20 Gbits/sec                  
[  5]  10.00-11.00  sec   949 MBytes  7.96 Gbits/sec                  
[  5]  11.00-12.00  sec   721 MBytes  6.05 Gbits/sec                  
[  5]  12.00-13.00  sec   466 MBytes  3.91 Gbits/sec                  
[  5]  13.00-14.00  sec   672 MBytes  5.64 Gbits/sec                  
[  5]  14.00-15.00  sec  1.07 GBytes  9.18 Gbits/sec                  
[  5]  15.00-16.00  sec  1.15 GBytes  9.87 Gbits/sec                  
[  5]  16.00-17.00  sec   684 MBytes  5.74 Gbits/sec                  
[  5]  17.00-18.00  sec   659 MBytes  5.53 Gbits/sec                  
[  5]  18.00-19.00  sec   818 MBytes  6.86 Gbits/sec                  
[  5]  19.00-20.00  sec  1.01 GBytes  8.71 Gbits/sec                  
[  5]  20.00-21.00  sec   599 MBytes  5.03 Gbits/sec                  
[  5]  21.00-22.00  sec   703 MBytes  5.90 Gbits/sec                  
[  5]  22.00-23.00  sec  1.15 GBytes  9.89 Gbits/sec                  
[  5]  23.00-24.00  sec  1.24 GBytes  10.7 Gbits/sec                  
[  5]  24.00-25.00  sec   651 MBytes  5.46 Gbits/sec                  
[  5]  25.00-26.00  sec   660 MBytes  5.53 Gbits/sec                  
[  5]  26.00-27.00  sec   848 MBytes  7.11 Gbits/sec                  
[  5]  27.00-28.00  sec   943 MBytes  7.91 Gbits/sec                  
[  5]  28.00-29.00  sec   661 MBytes  5.54 Gbits/sec                  
[  5]  29.00-30.00  sec   696 MBytes  5.84 Gbits/sec                  
[  5]  30.00-31.00  sec   709 MBytes  5.95 Gbits/sec                  
[  5]  31.00-32.00  sec   824 MBytes  6.91 Gbits/sec                  
[  5]  32.00-33.00  sec   707 MBytes  5.93 Gbits/sec                  
[  5]  33.00-34.00  sec   956 MBytes  8.02 Gbits/sec                  
[  5]  34.00-35.00  sec  1.09 GBytes  9.38 Gbits/sec                  
[  5]  35.00-36.00  sec  1.32 GBytes  11.4 Gbits/sec                  
[  5]  36.00-37.00  sec   767 MBytes  6.43 Gbits/sec                  
[  5]  37.00-38.00  sec   924 MBytes  7.75 Gbits/sec                  
[  5]  38.00-39.00  sec   717 MBytes  6.01 Gbits/sec                  
[  5]  39.00-40.00  sec   745 MBytes  6.25 Gbits/sec                  
[  5]  40.00-41.00  sec   556 MBytes  4.66 Gbits/sec                  
[  5]  41.00-42.00  sec   602 MBytes  5.05 Gbits/sec                  
[  5]  42.00-43.00  sec   682 MBytes  5.72 Gbits/sec                  
[  5]  43.00-44.00  sec   730 MBytes  6.12 Gbits/sec                  
[  5]  44.00-45.00  sec   356 MBytes  2.98 Gbits/sec                  
[  5]  45.00-46.00  sec   428 MBytes  3.59 Gbits/sec                  
[  5]  46.00-47.00  sec   514 MBytes  4.31 Gbits/sec                  
[  5]  47.00-48.00  sec   590 MBytes  4.95 Gbits/sec                  
[  5]  48.00-49.00  sec   804 MBytes  6.75 Gbits/sec                  
[  5]  49.00-50.00  sec   719 MBytes  6.03 Gbits/sec                  
[  5]  50.00-51.00  sec   626 MBytes  5.25 Gbits/sec                  
[  5]  51.00-52.00  sec   645 MBytes  5.41 Gbits/sec                  
[  5]  52.00-53.00  sec   377 MBytes  3.16 Gbits/sec                  
[  5]  53.00-54.00  sec   678 MBytes  5.68 Gbits/sec                  
[  5]  54.00-55.00  sec  1.05 GBytes  9.04 Gbits/sec                  
[  5]  55.00-56.00  sec  1.17 GBytes  10.1 Gbits/sec                  
[  5]  56.00-57.00  sec   956 MBytes  8.02 Gbits/sec                  
[  5]  57.00-58.00  sec  1.09 GBytes  9.38 Gbits/sec                  
[  5]  58.00-59.00  sec   997 MBytes  8.36 Gbits/sec                  
[  5]  59.00-60.00  sec  1.27 GBytes  10.9 Gbits/sec                  
[  5]  60.00-61.00  sec   801 MBytes  6.72 Gbits/sec                  
[  5]  61.00-62.00  sec   959 MBytes  8.05 Gbits/sec                  
[  5]  62.00-63.00  sec  1004 MBytes  8.42 Gbits/sec                  
[  5]  63.00-64.00  sec  1.02 GBytes  8.72 Gbits/sec                  
[  5]  64.00-65.00  sec   658 MBytes  5.52 Gbits/sec                  
[  5]  65.00-66.00  sec   972 MBytes  8.15 Gbits/sec                  
[  5]  66.00-67.00  sec  1.30 GBytes  11.1 Gbits/sec                  
[  5]  67.00-68.00  sec  1.45 GBytes  12.5 Gbits/sec                  
[  5]  68.00-69.00  sec   438 MBytes  3.67 Gbits/sec                  
[  5]  69.00-70.00  sec   534 MBytes  4.48 Gbits/sec                  
[  5]  70.00-71.00  sec   723 MBytes  6.07 Gbits/sec                  
[  5]  71.00-72.00  sec   800 MBytes  6.71 Gbits/sec                  
[  5]  72.00-73.00  sec   622 MBytes  5.22 Gbits/sec                  
[  5]  73.00-74.00  sec  1.00 GBytes  8.59 Gbits/sec                  
[  5]  74.00-75.00  sec  1.18 GBytes  10.1 Gbits/sec                  
[  5]  75.00-76.00  sec  1.17 GBytes  10.0 Gbits/sec                  
[  5]  76.00-77.00  sec   638 MBytes  5.35 Gbits/sec                  
[  5]  77.00-78.00  sec   708 MBytes  5.94 Gbits/sec                  
[  5]  78.00-79.00  sec  1.04 GBytes  8.97 Gbits/sec                  
[  5]  79.00-80.00  sec  1.26 GBytes  10.8 Gbits/sec                  
[  5]  80.00-81.00  sec   788 MBytes  6.61 Gbits/sec                  
[  5]  81.00-82.00  sec   695 MBytes  5.83 Gbits/sec                  
[  5]  82.00-83.00  sec   895 MBytes  7.51 Gbits/sec                  
[  5]  83.00-84.00  sec  1.09 GBytes  9.37 Gbits/sec                  
[  5]  84.00-85.00  sec   765 MBytes  6.42 Gbits/sec                  
[  5]  85.00-86.00  sec   898 MBytes  7.53 Gbits/sec                  
[  5]  86.00-87.00  sec  1.36 GBytes  11.7 Gbits/sec                  
[  5]  87.00-88.00  sec  1.50 GBytes  12.9 Gbits/sec                  
[  5]  88.00-89.00  sec  1.00 GBytes  8.60 Gbits/sec                  
[  5]  89.00-90.00  sec   682 MBytes  5.72 Gbits/sec                  
[  5]  90.00-91.00  sec   941 MBytes  7.89 Gbits/sec                  
[  5]  91.00-92.00  sec   807 MBytes  6.77 Gbits/sec                  
[  5]  92.00-93.00  sec   459 MBytes  3.85 Gbits/sec                  
[  5]  93.00-94.00  sec   494 MBytes  4.14 Gbits/sec                  
[  5]  94.00-95.00  sec   677 MBytes  5.68 Gbits/sec                  
[  5]  95.00-96.00  sec  1.14 GBytes  9.77 Gbits/sec                  
[  5]  96.00-97.00  sec   811 MBytes  6.80 Gbits/sec                  
[  5]  97.00-98.00  sec   779 MBytes  6.53 Gbits/sec                  
[  5]  98.00-99.00  sec  1.10 GBytes  9.44 Gbits/sec                  
[  5]  99.00-100.00 sec  1.06 GBytes  9.11 Gbits/sec                  
[  5] 100.00-101.00 sec   755 MBytes  6.34 Gbits/sec                  
[  5] 101.00-102.00 sec   888 MBytes  7.45 Gbits/sec                  
[  5] 102.00-103.00 sec   883 MBytes  7.41 Gbits/sec                  
[  5] 103.00-104.00 sec   764 MBytes  6.41 Gbits/sec                  
[  5] 104.00-105.00 sec   475 MBytes  3.99 Gbits/sec                  
[  5] 105.00-106.00 sec   748 MBytes  6.28 Gbits/sec                  
[  5] 106.00-107.00 sec  1002 MBytes  8.40 Gbits/sec                  
[  5] 107.00-108.00 sec  1.11 GBytes  9.50 Gbits/sec                  
[  5] 108.00-109.00 sec   648 MBytes  5.43 Gbits/sec                  
[  5] 109.00-110.00 sec   726 MBytes  6.09 Gbits/sec                  
[  5] 110.00-111.00 sec   949 MBytes  7.96 Gbits/sec                  
[  5] 111.00-112.00 sec  1.12 GBytes  9.65 Gbits/sec                  
[  5] 112.00-113.00 sec   714 MBytes  5.99 Gbits/sec                  
[  5] 113.00-114.00 sec  1.04 GBytes  8.94 Gbits/sec                  
[  5] 114.00-115.00 sec  1.17 GBytes  10.0 Gbits/sec                  
[  5] 115.00-116.00 sec  1.28 GBytes  11.0 Gbits/sec                  
[  5] 116.00-117.00 sec   731 MBytes  6.13 Gbits/sec                  
[  5] 117.00-118.00 sec   837 MBytes  7.02 Gbits/sec                  
[  5] 118.00-119.00 sec  1013 MBytes  8.50 Gbits/sec                  
[  5] 119.00-120.00 sec  1.77 GBytes  15.2 Gbits/sec                  
[  5] 120.00-120.05 sec   109 MBytes  17.0 Gbits/sec                  
- - - - - - - - - - - - - - - - - - - - - - - - -
[ ID] Interval           Transfer     Bitrate
[  5]   0.00-120.05 sec   100 GBytes  7.18 Gbits/sec                  receiver
-----------------------------------------------------------
Server listening on 25000
-----------------------------------------------------------
