Connecting to host 192.168.4.3, port 25004
[  5] local 192.168.4.2 port 47393 connected to 192.168.4.3 port 25004
[ ID] Interval           Transfer     Bitrate         Retr  Cwnd
[  5]   0.00-10.00  sec  17.4 GBytes  15.0 Gbits/sec  211   3.06 MBytes       
[  5]  10.00-20.00  sec  15.4 GBytes  13.2 Gbits/sec   89   3.06 MBytes       
[  5]  20.00-30.00  sec  16.0 GBytes  13.7 Gbits/sec  385   2.96 MBytes       
[  5]  30.00-40.00  sec  18.3 GBytes  15.7 Gbits/sec    0   3.04 MBytes       
[  5]  40.00-50.00  sec  17.4 GBytes  14.9 Gbits/sec   57   3.04 MBytes       
[  5]  50.00-60.00  sec  15.8 GBytes  13.6 Gbits/sec    0   3.04 MBytes       
[  5]  60.00-70.00  sec  20.7 GBytes  17.8 Gbits/sec    0   3.04 MBytes       
[  5]  70.00-80.00  sec  15.5 GBytes  13.3 Gbits/sec    0   3.04 MBytes       
[  5]  80.00-90.00  sec  15.7 GBytes  13.5 Gbits/sec  553   3.04 MBytes       
[  5]  90.00-100.00 sec  17.2 GBytes  14.8 Gbits/sec   44   3.04 MBytes       
[  5] 100.00-110.00 sec  17.3 GBytes  14.8 Gbits/sec    0   3.04 MBytes       
[  5] 110.00-120.00 sec  16.8 GBytes  14.4 Gbits/sec    0   3.04 MBytes       
- - - - - - - - - - - - - - - - - - - - - - - - -
[ ID] Interval           Transfer     Bitrate         Retr
[  5]   0.00-120.00 sec   203 GBytes  14.5 Gbits/sec  1339             sender
[  5]   0.00-120.04 sec   203 GBytes  14.5 Gbits/sec                  receiver

iperf Done.
