Connecting to host 192.168.2.3, port 25000
[  5] local 192.168.2.2 port 54307 connected to 192.168.2.3 port 25000
[ ID] Interval           Transfer     Bitrate         Retr  Cwnd
[  5]   0.00-10.00  sec  16.3 GBytes  14.0 Gbits/sec  943   3.26 MBytes       
[  5]  10.00-20.00  sec  21.6 GBytes  18.6 Gbits/sec  210   3.26 MBytes       
[  5]  20.00-30.00  sec  16.8 GBytes  14.4 Gbits/sec    0   3.26 MBytes       
[  5]  30.00-40.00  sec  15.3 GBytes  13.1 Gbits/sec    0   3.26 MBytes       
[  5]  40.00-50.00  sec  14.7 GBytes  12.6 Gbits/sec    1   3.26 MBytes       
[  5]  50.00-60.00  sec  20.3 GBytes  17.5 Gbits/sec  1533   2.00 MBytes       
[  5]  60.00-70.00  sec  16.2 GBytes  13.9 Gbits/sec    0   2.61 MBytes       
[  5]  70.00-80.00  sec  20.3 GBytes  17.5 Gbits/sec    0   2.97 MBytes       
[  5]  80.00-90.00  sec  16.7 GBytes  14.4 Gbits/sec    0   3.18 MBytes       
[  5]  90.00-100.00 sec  18.5 GBytes  15.9 Gbits/sec  324   3.18 MBytes       
[  5] 100.00-110.00 sec  17.5 GBytes  15.0 Gbits/sec    0   3.18 MBytes       
[  5] 110.00-120.00 sec  15.5 GBytes  13.3 Gbits/sec  411   3.18 MBytes       
- - - - - - - - - - - - - - - - - - - - - - - - -
[ ID] Interval           Transfer     Bitrate         Retr
[  5]   0.00-120.00 sec   210 GBytes  15.0 Gbits/sec  3422             sender
[  5]   0.00-120.04 sec   210 GBytes  15.0 Gbits/sec                  receiver

iperf Done.
