-----------------------------------------------------------
Server listening on 25001
-----------------------------------------------------------
Accepted connection from 192.168.2.3, port 40209
[  5] local 192.168.2.2 port 25001 connected to 192.168.2.3 port 40941
[ ID] Interval           Transfer     Bitrate
[  5]   0.00-1.00   sec  1.27 GBytes  10.9 Gbits/sec                  
[  5]   1.00-2.00   sec  1.60 GBytes  13.8 Gbits/sec                  
[  5]   2.00-3.00   sec  1.93 GBytes  16.5 Gbits/sec                  
[  5]   3.00-4.00   sec  1.81 GBytes  15.5 Gbits/sec                  
[  5]   4.00-5.00   sec  1.07 GBytes  9.23 Gbits/sec                  
[  5]   5.00-6.00   sec  1.07 GBytes  9.16 Gbits/sec                  
[  5]   6.00-7.00   sec  1.33 GBytes  11.4 Gbits/sec                  
[  5]   7.00-8.00   sec  1.24 GBytes  10.7 Gbits/sec                  
[  5]   8.00-9.00   sec   799 MBytes  6.70 Gbits/sec                  
[  5]   9.00-10.00  sec   993 MBytes  8.33 Gbits/sec                  
[  5]  10.00-11.00  sec   797 MBytes  6.68 Gbits/sec                  
[  5]  11.00-12.00  sec   973 MBytes  8.16 Gbits/sec                  
[  5]  12.00-13.00  sec   952 MBytes  7.99 Gbits/sec                  
[  5]  13.00-14.00  sec  1.32 GBytes  11.3 Gbits/sec                  
[  5]  14.00-15.00  sec  1.29 GBytes  11.0 Gbits/sec                  
[  5]  15.00-16.00  sec  1.39 GBytes  11.9 Gbits/sec                  
[  5]  16.00-17.00  sec   828 MBytes  6.94 Gbits/sec                  
[  5]  17.00-18.00  sec   660 MBytes  5.54 Gbits/sec                  
[  5]  18.00-19.00  sec   818 MBytes  6.86 Gbits/sec                  
[  5]  19.00-20.00  sec  1.09 GBytes  9.35 Gbits/sec                  
[  5]  20.00-21.00  sec   611 MBytes  5.13 Gbits/sec                  
[  5]  21.00-22.00  sec   701 MBytes  5.88 Gbits/sec                  
[  5]  22.00-23.00  sec  1.15 GBytes  9.89 Gbits/sec                  
[  5]  23.00-24.00  sec  1.25 GBytes  10.7 Gbits/sec                  
[  5]  24.00-25.00  sec   651 MBytes  5.46 Gbits/sec                  
[  5]  25.00-26.00  sec   662 MBytes  5.55 Gbits/sec                  
[  5]  26.00-27.00  sec   850 MBytes  7.13 Gbits/sec                  
[  5]  27.00-28.00  sec   946 MBytes  7.94 Gbits/sec                  
[  5]  28.00-29.00  sec   660 MBytes  5.53 Gbits/sec                  
[  5]  29.00-30.00  sec   697 MBytes  5.84 Gbits/sec                  
[  5]  30.00-31.00  sec   709 MBytes  5.94 Gbits/sec                  
[  5]  31.00-32.00  sec   852 MBytes  7.15 Gbits/sec                  
[  5]  32.00-33.00  sec   733 MBytes  6.15 Gbits/sec                  
[  5]  33.00-34.00  sec   953 MBytes  7.99 Gbits/sec                  
[  5]  34.00-35.00  sec  1.11 GBytes  9.55 Gbits/sec                  
[  5]  35.00-36.00  sec  1.33 GBytes  11.5 Gbits/sec                  
[  5]  36.00-37.00  sec   781 MBytes  6.55 Gbits/sec                  
[  5]  37.00-38.00  sec   920 MBytes  7.72 Gbits/sec                  
[  5]  38.00-39.00  sec   716 MBytes  6.00 Gbits/sec                  
[  5]  39.00-40.00  sec   724 MBytes  6.07 Gbits/sec                  
[  5]  40.00-41.00  sec   551 MBytes  4.62 Gbits/sec                  
[  5]  41.00-42.00  sec   601 MBytes  5.04 Gbits/sec                  
[  5]  42.00-43.00  sec   682 MBytes  5.72 Gbits/sec                  
[  5]  43.00-44.00  sec   743 MBytes  6.23 Gbits/sec                  
[  5]  44.00-45.00  sec   338 MBytes  2.83 Gbits/sec                  
[  5]  45.00-46.00  sec   424 MBytes  3.56 Gbits/sec                  
[  5]  46.00-47.00  sec   829 MBytes  6.96 Gbits/sec                  
[  5]  47.00-48.00  sec  1.15 GBytes  9.91 Gbits/sec                  
[  5]  48.00-49.00  sec   519 MBytes  4.36 Gbits/sec                  
[  5]  49.00-50.00  sec   588 MBytes  4.93 Gbits/sec                  
[  5]  50.00-51.00  sec   632 MBytes  5.30 Gbits/sec                  
[  5]  51.00-52.00  sec   653 MBytes  5.48 Gbits/sec                  
[  5]  52.00-53.00  sec   377 MBytes  3.16 Gbits/sec                  
[  5]  53.00-54.00  sec   680 MBytes  5.70 Gbits/sec                  
[  5]  54.00-55.00  sec  1.05 GBytes  9.03 Gbits/sec                  
[  5]  55.00-56.00  sec  1.18 GBytes  10.1 Gbits/sec                  
[  5]  56.00-57.00  sec   958 MBytes  8.04 Gbits/sec                  
[  5]  57.00-58.00  sec  1.15 GBytes  9.88 Gbits/sec                  
[  5]  58.00-59.00  sec   995 MBytes  8.34 Gbits/sec                  
[  5]  59.00-60.00  sec  1.27 GBytes  10.9 Gbits/sec                  
[  5]  60.00-61.00  sec   798 MBytes  6.69 Gbits/sec                  
[  5]  61.00-62.00  sec   697 MBytes  5.85 Gbits/sec                  
[  5]  62.00-63.00  sec   828 MBytes  6.95 Gbits/sec                  
[  5]  63.00-64.00  sec  1013 MBytes  8.50 Gbits/sec                  
[  5]  64.00-65.00  sec   652 MBytes  5.47 Gbits/sec                  
[  5]  65.00-66.00  sec   554 MBytes  4.64 Gbits/sec                  
[  5]  66.00-67.00  sec   784 MBytes  6.58 Gbits/sec                  
[  5]  67.00-68.00  sec   670 MBytes  5.62 Gbits/sec                  
[  5]  68.00-69.00  sec   442 MBytes  3.71 Gbits/sec                  
[  5]  69.00-70.00  sec   536 MBytes  4.50 Gbits/sec                  
[  5]  70.00-71.00  sec   735 MBytes  6.17 Gbits/sec                  
[  5]  71.00-72.00  sec   818 MBytes  6.86 Gbits/sec                  
[  5]  72.00-73.00  sec   434 MBytes  3.64 Gbits/sec                  
[  5]  73.00-74.00  sec   497 MBytes  4.17 Gbits/sec                  
[  5]  74.00-75.00  sec   860 MBytes  7.22 Gbits/sec                  
[  5]  75.00-76.00  sec  1.17 GBytes  10.0 Gbits/sec                  
[  5]  76.00-77.00  sec   647 MBytes  5.43 Gbits/sec                  
[  5]  77.00-78.00  sec   708 MBytes  5.94 Gbits/sec                  
[  5]  78.00-79.00  sec  1.11 GBytes  9.55 Gbits/sec                  
[  5]  79.00-80.00  sec  1.26 GBytes  10.8 Gbits/sec                  
[  5]  80.00-81.00  sec   795 MBytes  6.67 Gbits/sec                  
[  5]  81.00-82.00  sec   695 MBytes  5.83 Gbits/sec                  
[  5]  82.00-83.00  sec   894 MBytes  7.50 Gbits/sec                  
[  5]  83.00-84.00  sec  1.09 GBytes  9.38 Gbits/sec                  
[  5]  84.00-85.00  sec   768 MBytes  6.44 Gbits/sec                  
[  5]  85.00-86.00  sec   895 MBytes  7.51 Gbits/sec                  
[  5]  86.00-87.00  sec  1.38 GBytes  11.9 Gbits/sec                  
[  5]  87.00-88.00  sec  1.53 GBytes  13.1 Gbits/sec                  
[  5]  88.00-89.00  sec  1.01 GBytes  8.69 Gbits/sec                  
[  5]  89.00-90.00  sec  1.17 GBytes  10.0 Gbits/sec                  
[  5]  90.00-91.00  sec   843 MBytes  7.08 Gbits/sec                  
[  5]  91.00-92.00  sec   812 MBytes  6.81 Gbits/sec                  
[  5]  92.00-93.00  sec   642 MBytes  5.39 Gbits/sec                  
[  5]  93.00-94.00  sec   985 MBytes  8.26 Gbits/sec                  
[  5]  94.00-95.00  sec  1.34 GBytes  11.5 Gbits/sec                  
[  5]  95.00-96.00  sec  1017 MBytes  8.53 Gbits/sec                  
[  5]  96.00-97.00  sec   820 MBytes  6.88 Gbits/sec                  
[  5]  97.00-98.00  sec   784 MBytes  6.58 Gbits/sec                  
[  5]  98.00-99.00  sec  1.10 GBytes  9.44 Gbits/sec                  
[  5]  99.00-100.00 sec  1.27 GBytes  10.9 Gbits/sec                  
[  5] 100.00-101.00 sec   748 MBytes  6.28 Gbits/sec                  
[  5] 101.00-102.00 sec   893 MBytes  7.49 Gbits/sec                  
[  5] 102.00-103.00 sec  1.05 GBytes  9.02 Gbits/sec                  
[  5] 103.00-104.00 sec   777 MBytes  6.51 Gbits/sec                  
[  5] 104.00-105.00 sec   475 MBytes  3.98 Gbits/sec                  
[  5] 105.00-106.00 sec   737 MBytes  6.18 Gbits/sec                  
[  5] 106.00-107.00 sec  1003 MBytes  8.42 Gbits/sec                  
[  5] 107.00-108.00 sec  1.11 GBytes  9.57 Gbits/sec                  
[  5] 108.00-109.00 sec   668 MBytes  5.61 Gbits/sec                  
[  5] 109.00-110.00 sec   754 MBytes  6.32 Gbits/sec                  
[  5] 110.00-111.00 sec   980 MBytes  8.22 Gbits/sec                  
[  5] 111.00-112.00 sec  1.11 GBytes  9.50 Gbits/sec                  
[  5] 112.00-113.00 sec   525 MBytes  4.40 Gbits/sec                  
[  5] 113.00-114.00 sec   866 MBytes  7.26 Gbits/sec                  
[  5] 114.00-115.00 sec  1.17 GBytes  10.0 Gbits/sec                  
[  5] 115.00-116.00 sec  1.28 GBytes  11.0 Gbits/sec                  
[  5] 116.00-117.00 sec   729 MBytes  6.11 Gbits/sec                  
[  5] 117.00-118.00 sec   842 MBytes  7.06 Gbits/sec                  
[  5] 118.00-119.00 sec   868 MBytes  7.28 Gbits/sec                  
[  5] 119.00-120.00 sec  1.23 GBytes  10.6 Gbits/sec                  
[  5] 120.00-120.05 sec  98.9 MBytes  16.6 Gbits/sec                  
- - - - - - - - - - - - - - - - - - - - - - - - -
[ ID] Interval           Transfer     Bitrate
[  5]   0.00-120.05 sec   107 GBytes  7.67 Gbits/sec                  receiver
-----------------------------------------------------------
Server listening on 25001
-----------------------------------------------------------
