-----------------------------------------------------------
Server listening on 25005
-----------------------------------------------------------
Accepted connection from 192.168.4.3, port 48701
[  5] local 192.168.4.2 port 25005 connected to 192.168.4.3 port 47221
[ ID] Interval           Transfer     Bitrate
[  5]   0.00-1.00   sec   728 MBytes  6.10 Gbits/sec                  
[  5]   1.00-2.00   sec   573 MBytes  4.81 Gbits/sec                  
[  5]   2.00-3.00   sec   701 MBytes  5.88 Gbits/sec                  
[  5]   3.00-4.00   sec   780 MBytes  6.55 Gbits/sec                  
[  5]   4.00-5.00   sec   599 MBytes  5.03 Gbits/sec                  
[  5]   5.00-6.00   sec   824 MBytes  6.91 Gbits/sec                  
[  5]   6.00-7.00   sec  1.03 GBytes  8.84 Gbits/sec                  
[  5]   7.00-8.00   sec  1.07 GBytes  9.21 Gbits/sec                  
[  5]   8.00-9.00   sec   724 MBytes  6.08 Gbits/sec                  
[  5]   9.00-10.00  sec   792 MBytes  6.64 Gbits/sec                  
[  5]  10.00-11.00  sec   873 MBytes  7.32 Gbits/sec                  
[  5]  11.00-12.00  sec   846 MBytes  7.10 Gbits/sec                  
[  5]  12.00-13.00  sec   543 MBytes  4.56 Gbits/sec                  
[  5]  13.00-14.00  sec   705 MBytes  5.91 Gbits/sec                  
[  5]  14.00-15.00  sec  1.09 GBytes  9.39 Gbits/sec                  
[  5]  15.00-16.00  sec  1.26 GBytes  10.8 Gbits/sec                  
[  5]  16.00-17.00  sec   974 MBytes  8.17 Gbits/sec                  
[  5]  17.00-18.00  sec  1008 MBytes  8.45 Gbits/sec                  
[  5]  18.00-19.00  sec  1.21 GBytes  10.4 Gbits/sec                  
[  5]  19.00-20.00  sec  1.39 GBytes  12.0 Gbits/sec                  
[  5]  20.00-21.00  sec   720 MBytes  6.04 Gbits/sec                  
[  5]  21.00-22.00  sec   892 MBytes  7.48 Gbits/sec                  
[  5]  22.00-23.00  sec  1.51 GBytes  13.0 Gbits/sec                  
[  5]  23.00-24.00  sec  1.67 GBytes  14.3 Gbits/sec                  
[  5]  24.00-25.00  sec   761 MBytes  6.38 Gbits/sec                  
[  5]  25.00-26.00  sec   628 MBytes  5.27 Gbits/sec                  
[  5]  26.00-27.00  sec   817 MBytes  6.85 Gbits/sec                  
[  5]  27.00-28.00  sec   915 MBytes  7.68 Gbits/sec                  
[  5]  28.00-29.00  sec   637 MBytes  5.35 Gbits/sec                  
[  5]  29.00-30.00  sec   455 MBytes  3.82 Gbits/sec                  
[  5]  30.00-31.00  sec   464 MBytes  3.89 Gbits/sec                  
[  5]  31.00-32.00  sec   571 MBytes  4.79 Gbits/sec                  
[  5]  32.00-33.00  sec   533 MBytes  4.47 Gbits/sec                  
[  5]  33.00-34.00  sec   950 MBytes  7.97 Gbits/sec                  
[  5]  34.00-35.00  sec  1.11 GBytes  9.51 Gbits/sec                  
[  5]  35.00-36.00  sec  1.35 GBytes  11.6 Gbits/sec                  
[  5]  36.00-37.00  sec   793 MBytes  6.66 Gbits/sec                  
[  5]  37.00-38.00  sec   967 MBytes  8.11 Gbits/sec                  
[  5]  38.00-39.00  sec  1.05 GBytes  9.05 Gbits/sec                  
[  5]  39.00-40.00  sec  1.07 GBytes  9.23 Gbits/sec                  
[  5]  40.00-41.00  sec   840 MBytes  7.05 Gbits/sec                  
[  5]  41.00-42.00  sec   913 MBytes  7.66 Gbits/sec                  
[  5]  42.00-43.00  sec  1.01 GBytes  8.69 Gbits/sec                  
[  5]  43.00-44.00  sec   876 MBytes  7.35 Gbits/sec                  
[  5]  44.00-45.00  sec   442 MBytes  3.71 Gbits/sec                  
[  5]  45.00-46.00  sec   678 MBytes  5.68 Gbits/sec                  
[  5]  46.00-47.00  sec   793 MBytes  6.65 Gbits/sec                  
[  5]  47.00-48.00  sec   797 MBytes  6.69 Gbits/sec                  
[  5]  48.00-49.00  sec   542 MBytes  4.55 Gbits/sec                  
[  5]  49.00-50.00  sec   915 MBytes  7.67 Gbits/sec                  
[  5]  50.00-51.00  sec   680 MBytes  5.70 Gbits/sec                  
[  5]  51.00-52.00  sec   665 MBytes  5.58 Gbits/sec                  
[  5]  52.00-53.00  sec   394 MBytes  3.30 Gbits/sec                  
[  5]  53.00-54.00  sec   486 MBytes  4.08 Gbits/sec                  
[  5]  54.00-55.00  sec   718 MBytes  6.02 Gbits/sec                  
[  5]  55.00-56.00  sec  1.16 GBytes  9.98 Gbits/sec                  
[  5]  56.00-57.00  sec   955 MBytes  8.01 Gbits/sec                  
[  5]  57.00-58.00  sec  1.13 GBytes  9.68 Gbits/sec                  
[  5]  58.00-59.00  sec   766 MBytes  6.42 Gbits/sec                  
[  5]  59.00-60.00  sec   872 MBytes  7.32 Gbits/sec                  
[  5]  60.00-61.00  sec   518 MBytes  4.35 Gbits/sec                  
[  5]  61.00-62.00  sec   545 MBytes  4.57 Gbits/sec                  
[  5]  62.00-63.00  sec   596 MBytes  5.00 Gbits/sec                  
[  5]  63.00-64.00  sec   772 MBytes  6.47 Gbits/sec                  
[  5]  64.00-65.00  sec   459 MBytes  3.85 Gbits/sec                  
[  5]  65.00-66.00  sec   515 MBytes  4.32 Gbits/sec                  
[  5]  66.00-67.00  sec   668 MBytes  5.60 Gbits/sec                  
[  5]  67.00-68.00  sec   601 MBytes  5.04 Gbits/sec                  
[  5]  68.00-69.00  sec   347 MBytes  2.91 Gbits/sec                  
[  5]  69.00-70.00  sec   406 MBytes  3.41 Gbits/sec                  
[  5]  70.00-71.00  sec   535 MBytes  4.49 Gbits/sec                  
[  5]  71.00-72.00  sec   746 MBytes  6.26 Gbits/sec                  
[  5]  72.00-73.00  sec   622 MBytes  5.22 Gbits/sec                  
[  5]  73.00-74.00  sec   968 MBytes  8.12 Gbits/sec                  
[  5]  74.00-75.00  sec  1.33 GBytes  11.4 Gbits/sec                  
[  5]  75.00-76.00  sec  1.51 GBytes  13.0 Gbits/sec                  
[  5]  76.00-77.00  sec   685 MBytes  5.74 Gbits/sec                  
[  5]  77.00-78.00  sec   684 MBytes  5.74 Gbits/sec                  
[  5]  78.00-79.00  sec  1.09 GBytes  9.32 Gbits/sec                  
[  5]  79.00-80.00  sec  1.25 GBytes  10.7 Gbits/sec                  
[  5]  80.00-81.00  sec   689 MBytes  5.78 Gbits/sec                  
[  5]  81.00-82.00  sec   672 MBytes  5.63 Gbits/sec                  
[  5]  82.00-83.00  sec   871 MBytes  7.31 Gbits/sec                  
[  5]  83.00-84.00  sec  1.08 GBytes  9.25 Gbits/sec                  
[  5]  84.00-85.00  sec   740 MBytes  6.21 Gbits/sec                  
[  5]  85.00-86.00  sec   867 MBytes  7.27 Gbits/sec                  
[  5]  86.00-87.00  sec  1.07 GBytes  9.19 Gbits/sec                  
[  5]  87.00-88.00  sec  1.10 GBytes  9.41 Gbits/sec                  
[  5]  88.00-89.00  sec   528 MBytes  4.43 Gbits/sec                  
[  5]  89.00-90.00  sec   559 MBytes  4.69 Gbits/sec                  
[  5]  90.00-91.00  sec   657 MBytes  5.52 Gbits/sec                  
[  5]  91.00-92.00  sec   897 MBytes  7.53 Gbits/sec                  
[  5]  92.00-93.00  sec   551 MBytes  4.62 Gbits/sec                  
[  5]  93.00-94.00  sec   492 MBytes  4.13 Gbits/sec                  
[  5]  94.00-95.00  sec   681 MBytes  5.71 Gbits/sec                  
[  5]  95.00-96.00  sec   828 MBytes  6.94 Gbits/sec                  
[  5]  96.00-97.00  sec   809 MBytes  6.79 Gbits/sec                  
[  5]  97.00-98.00  sec   816 MBytes  6.85 Gbits/sec                  
[  5]  98.00-99.00  sec  1.07 GBytes  9.18 Gbits/sec                  
[  5]  99.00-100.00 sec  1.16 GBytes  9.93 Gbits/sec                  
[  5] 100.00-101.00 sec   761 MBytes  6.38 Gbits/sec                  
[  5] 101.00-102.00 sec   910 MBytes  7.63 Gbits/sec                  
[  5] 102.00-103.00 sec  1.04 GBytes  8.95 Gbits/sec                  
[  5] 103.00-104.00 sec   974 MBytes  8.17 Gbits/sec                  
[  5] 104.00-105.00 sec   585 MBytes  4.90 Gbits/sec                  
[  5] 105.00-106.00 sec   805 MBytes  6.75 Gbits/sec                  
[  5] 106.00-107.00 sec  1.32 GBytes  11.4 Gbits/sec                  
[  5] 107.00-108.00 sec  1.32 GBytes  11.3 Gbits/sec                  
[  5] 108.00-109.00 sec   611 MBytes  5.13 Gbits/sec                  
[  5] 109.00-110.00 sec   749 MBytes  6.28 Gbits/sec                  
[  5] 110.00-111.00 sec   967 MBytes  8.11 Gbits/sec                  
[  5] 111.00-112.00 sec  1.12 GBytes  9.64 Gbits/sec                  
[  5] 112.00-113.00 sec   648 MBytes  5.44 Gbits/sec                  
[  5] 113.00-114.00 sec   873 MBytes  7.33 Gbits/sec                  
[  5] 114.00-115.00 sec  1.19 GBytes  10.2 Gbits/sec                  
[  5] 115.00-116.00 sec  1.23 GBytes  10.6 Gbits/sec                  
[  5] 116.00-117.00 sec   602 MBytes  5.05 Gbits/sec                  
[  5] 117.00-118.00 sec   833 MBytes  6.99 Gbits/sec                  
[  5] 118.00-119.00 sec  1.14 GBytes  9.82 Gbits/sec                  
[  5] 119.00-120.00 sec  1.64 GBytes  14.1 Gbits/sec                  
[  5] 120.00-120.04 sec   108 MBytes  20.5 Gbits/sec                  
- - - - - - - - - - - - - - - - - - - - - - - - -
[ ID] Interval           Transfer     Bitrate
[  5]   0.00-120.04 sec   100 GBytes  7.17 Gbits/sec                  receiver
-----------------------------------------------------------
Server listening on 25005
-----------------------------------------------------------
