Connecting to host 192.168.2.3, port 25001
[  5] local 192.168.2.2 port 45645 connected to 192.168.2.3 port 25001
[ ID] Interval           Transfer     Bitrate         Retr  Cwnd
[  5]   0.00-10.00  sec  22.0 GBytes  18.9 Gbits/sec  905   2.59 MBytes       
[  5]  10.00-20.00  sec  14.4 GBytes  12.4 Gbits/sec    0   2.60 MBytes       
[  5]  20.00-30.00  sec  20.0 GBytes  17.2 Gbits/sec  904   3.00 MBytes       
[  5]  30.00-40.00  sec  20.3 GBytes  17.4 Gbits/sec   49   3.00 MBytes       
[  5]  40.00-50.00  sec  20.9 GBytes  17.9 Gbits/sec    8   3.00 MBytes       
[  5]  50.00-60.00  sec  15.7 GBytes  13.5 Gbits/sec    0   3.00 MBytes       
[  5]  60.00-70.00  sec  19.4 GBytes  16.7 Gbits/sec    1   3.00 MBytes       
[  5]  70.00-80.00  sec  16.1 GBytes  13.8 Gbits/sec    0   5.37 MBytes       
[  5]  80.00-90.00  sec  16.2 GBytes  13.9 Gbits/sec    0   5.37 MBytes       
[  5]  90.00-100.00 sec  18.2 GBytes  15.6 Gbits/sec    0   5.37 MBytes       
[  5] 100.00-110.00 sec  15.7 GBytes  13.5 Gbits/sec    0   5.37 MBytes       
[  5] 110.00-120.00 sec  15.6 GBytes  13.4 Gbits/sec    0   5.37 MBytes       
- - - - - - - - - - - - - - - - - - - - - - - - -
[ ID] Interval           Transfer     Bitrate         Retr
[  5]   0.00-120.00 sec   215 GBytes  15.4 Gbits/sec  1867             sender
[  5]   0.00-120.04 sec   215 GBytes  15.4 Gbits/sec                  receiver

iperf Done.
