Connecting to host 192.168.2.3, port 25001
[  5] local 192.168.2.2 port 51085 connected to 192.168.2.3 port 25001
[ ID] Interval           Transfer     Bitrate         Retr  Cwnd
[  5]   0.00-10.00  sec  23.3 GBytes  20.0 Gbits/sec  1266   3.00 MBytes       
[  5]  10.00-20.00  sec  18.5 GBytes  15.9 Gbits/sec   32   3.00 MBytes       
[  5]  20.00-30.00  sec  19.3 GBytes  16.5 Gbits/sec    0   4.69 MBytes       
[  5]  30.00-40.00  sec  18.3 GBytes  15.7 Gbits/sec    0   4.69 MBytes       
[  5]  40.00-50.00  sec  18.2 GBytes  15.7 Gbits/sec    0   4.69 MBytes       
[  5]  50.00-60.00  sec  20.4 GBytes  17.5 Gbits/sec    0   4.69 MBytes       
[  5]  60.00-70.00  sec  17.3 GBytes  14.8 Gbits/sec    0   4.69 MBytes       
[  5]  70.00-80.00  sec  18.7 GBytes  16.1 Gbits/sec    0   4.69 MBytes       
[  5]  80.00-90.00  sec  15.4 GBytes  13.2 Gbits/sec  495   4.69 MBytes       
[  5]  90.00-100.00 sec  19.1 GBytes  16.4 Gbits/sec    0   4.69 MBytes       
[  5] 100.00-110.00 sec  18.7 GBytes  16.1 Gbits/sec    0   4.69 MBytes       
[  5] 110.00-120.00 sec  19.3 GBytes  16.6 Gbits/sec    0   4.69 MBytes       
- - - - - - - - - - - - - - - - - - - - - - - - -
[ ID] Interval           Transfer     Bitrate         Retr
[  5]   0.00-120.00 sec   226 GBytes  16.2 Gbits/sec  1793             sender
[  5]   0.00-120.05 sec   226 GBytes  16.2 Gbits/sec                  receiver

iperf Done.
