-----------------------------------------------------------
Server listening on 25000
-----------------------------------------------------------
Accepted connection from 192.168.2.3, port 56189
[  5] local 192.168.2.2 port 25000 connected to 192.168.2.3 port 58479
[ ID] Interval           Transfer     Bitrate
[  5]   0.00-1.00   sec   868 MBytes  7.28 Gbits/sec                  
[  5]   1.00-2.00   sec  1.48 GBytes  12.7 Gbits/sec                  
[  5]   2.00-3.00   sec  1.12 GBytes  9.65 Gbits/sec                  
[  5]   3.00-4.00   sec  1009 MBytes  8.47 Gbits/sec                  
[  5]   4.00-5.00   sec   788 MBytes  6.61 Gbits/sec                  
[  5]   5.00-6.00   sec   891 MBytes  7.48 Gbits/sec                  
[  5]   6.00-7.00   sec  1.04 GBytes  8.89 Gbits/sec                  
[  5]   7.00-8.00   sec   805 MBytes  6.76 Gbits/sec                  
[  5]   8.00-9.00   sec   695 MBytes  5.83 Gbits/sec                  
[  5]   9.00-10.00  sec   989 MBytes  8.30 Gbits/sec                  
[  5]  10.00-11.00  sec   983 MBytes  8.24 Gbits/sec                  
[  5]  11.00-12.00  sec  1021 MBytes  8.57 Gbits/sec                  
[  5]  12.00-13.00  sec   974 MBytes  8.17 Gbits/sec                  
[  5]  13.00-14.00  sec  1.05 GBytes  9.06 Gbits/sec                  
[  5]  14.00-15.00  sec   884 MBytes  7.41 Gbits/sec                  
[  5]  15.00-16.00  sec   675 MBytes  5.66 Gbits/sec                  
[  5]  16.00-17.00  sec   718 MBytes  6.02 Gbits/sec                  
[  5]  17.00-18.00  sec   551 MBytes  4.62 Gbits/sec                  
[  5]  18.00-19.00  sec   541 MBytes  4.54 Gbits/sec                  
[  5]  19.00-20.00  sec   549 MBytes  4.61 Gbits/sec                  
[  5]  20.00-21.00  sec   648 MBytes  5.44 Gbits/sec                  
[  5]  21.00-22.00  sec   906 MBytes  7.60 Gbits/sec                  
[  5]  22.00-23.00  sec   589 MBytes  4.94 Gbits/sec                  
[  5]  23.00-24.00  sec   629 MBytes  5.28 Gbits/sec                  
[  5]  24.00-25.00  sec   639 MBytes  5.36 Gbits/sec                  
[  5]  25.00-26.00  sec   628 MBytes  5.27 Gbits/sec                  
[  5]  26.00-27.00  sec   885 MBytes  7.43 Gbits/sec                  
[  5]  27.00-28.00  sec   878 MBytes  7.37 Gbits/sec                  
[  5]  28.00-29.00  sec   731 MBytes  6.13 Gbits/sec                  
[  5]  29.00-30.00  sec   713 MBytes  5.98 Gbits/sec                  
[  5]  30.00-31.00  sec   794 MBytes  6.66 Gbits/sec                  
[  5]  31.00-32.00  sec   774 MBytes  6.49 Gbits/sec                  
[  5]  32.00-33.00  sec   668 MBytes  5.60 Gbits/sec                  
[  5]  33.00-34.00  sec   719 MBytes  6.03 Gbits/sec                  
[  5]  34.00-35.00  sec   810 MBytes  6.79 Gbits/sec                  
[  5]  35.00-36.00  sec   941 MBytes  7.89 Gbits/sec                  
[  5]  36.00-37.00  sec   757 MBytes  6.35 Gbits/sec                  
[  5]  37.00-38.00  sec   780 MBytes  6.54 Gbits/sec                  
[  5]  38.00-39.00  sec   767 MBytes  6.43 Gbits/sec                  
[  5]  39.00-40.00  sec   786 MBytes  6.59 Gbits/sec                  
[  5]  40.00-41.00  sec   871 MBytes  7.30 Gbits/sec                  
[  5]  41.00-42.00  sec   812 MBytes  6.81 Gbits/sec                  
[  5]  42.00-43.00  sec   771 MBytes  6.47 Gbits/sec                  
[  5]  43.00-44.00  sec   717 MBytes  6.02 Gbits/sec                  
[  5]  44.00-45.00  sec   708 MBytes  5.94 Gbits/sec                  
[  5]  45.00-46.00  sec   739 MBytes  6.20 Gbits/sec                  
[  5]  46.00-47.00  sec   785 MBytes  6.58 Gbits/sec                  
[  5]  47.00-48.00  sec   772 MBytes  6.48 Gbits/sec                  
[  5]  48.00-49.00  sec   801 MBytes  6.72 Gbits/sec                  
[  5]  49.00-50.00  sec   695 MBytes  5.83 Gbits/sec                  
[  5]  50.00-51.00  sec   689 MBytes  5.78 Gbits/sec                  
[  5]  51.00-52.00  sec   683 MBytes  5.73 Gbits/sec                  
[  5]  52.00-53.00  sec   777 MBytes  6.52 Gbits/sec                  
[  5]  53.00-54.00  sec  1.00 GBytes  8.62 Gbits/sec                  
[  5]  54.00-55.00  sec  1.04 GBytes  8.96 Gbits/sec                  
[  5]  55.00-56.00  sec   685 MBytes  5.75 Gbits/sec                  
[  5]  56.00-57.00  sec   678 MBytes  5.68 Gbits/sec                  
[  5]  57.00-58.00  sec   924 MBytes  7.75 Gbits/sec                  
[  5]  58.00-59.00  sec   994 MBytes  8.34 Gbits/sec                  
[  5]  59.00-60.00  sec   924 MBytes  7.75 Gbits/sec                  
[  5]  60.00-61.00  sec  1022 MBytes  8.57 Gbits/sec                  
[  5]  61.00-62.00  sec  1.07 GBytes  9.20 Gbits/sec                  
[  5]  62.00-63.00  sec   939 MBytes  7.88 Gbits/sec                  
[  5]  63.00-64.00  sec   864 MBytes  7.25 Gbits/sec                  
[  5]  64.00-65.00  sec   996 MBytes  8.35 Gbits/sec                  
[  5]  65.00-66.00  sec   957 MBytes  8.02 Gbits/sec                  
[  5]  66.00-67.00  sec  1.19 GBytes  10.2 Gbits/sec                  
[  5]  67.00-68.00  sec  1.10 GBytes  9.43 Gbits/sec                  
[  5]  68.00-69.00  sec  1.14 GBytes  9.78 Gbits/sec                  
[  5]  69.00-70.00  sec   961 MBytes  8.07 Gbits/sec                  
[  5]  70.00-71.00  sec   979 MBytes  8.21 Gbits/sec                  
[  5]  71.00-72.00  sec  1003 MBytes  8.41 Gbits/sec                  
[  5]  72.00-73.00  sec   979 MBytes  8.21 Gbits/sec                  
[  5]  73.00-74.00  sec  1.09 GBytes  9.32 Gbits/sec                  
[  5]  74.00-75.00  sec   964 MBytes  8.09 Gbits/sec                  
[  5]  75.00-76.00  sec  1000 MBytes  8.39 Gbits/sec                  
[  5]  76.00-77.00  sec   960 MBytes  8.06 Gbits/sec                  
[  5]  77.00-78.00  sec   912 MBytes  7.65 Gbits/sec                  
[  5]  78.00-79.00  sec   687 MBytes  5.76 Gbits/sec                  
[  5]  79.00-80.00  sec   654 MBytes  5.49 Gbits/sec                  
[  5]  80.00-81.00  sec   690 MBytes  5.78 Gbits/sec                  
[  5]  81.00-82.00  sec  1.33 GBytes  11.4 Gbits/sec                  
[  5]  82.00-83.00  sec  2.12 GBytes  18.2 Gbits/sec                  
[  5]  83.00-84.00  sec  1.69 GBytes  14.5 Gbits/sec                  
[  5]  84.00-85.00  sec  1.44 GBytes  12.3 Gbits/sec                  
[  5]  85.00-86.00  sec   713 MBytes  5.98 Gbits/sec                  
[  5]  86.00-87.00  sec   679 MBytes  5.70 Gbits/sec                  
[  5]  87.00-88.00  sec   637 MBytes  5.35 Gbits/sec                  
[  5]  88.00-89.00  sec   611 MBytes  5.13 Gbits/sec                  
[  5]  89.00-90.00  sec   955 MBytes  8.01 Gbits/sec                  
[  5]  90.00-91.00  sec   835 MBytes  7.00 Gbits/sec                  
[  5]  91.00-92.00  sec   647 MBytes  5.43 Gbits/sec                  
[  5]  92.00-93.00  sec   877 MBytes  7.36 Gbits/sec                  
[  5]  93.00-94.00  sec  1.17 GBytes  10.1 Gbits/sec                  
[  5]  94.00-95.00  sec  1.36 GBytes  11.7 Gbits/sec                  
[  5]  95.00-96.00  sec   638 MBytes  5.36 Gbits/sec                  
[  5]  96.00-97.00  sec   610 MBytes  5.12 Gbits/sec                  
[  5]  97.00-98.00  sec   959 MBytes  8.04 Gbits/sec                  
[  5]  98.00-99.00  sec   610 MBytes  5.12 Gbits/sec                  
[  5]  99.00-100.00 sec   614 MBytes  5.15 Gbits/sec                  
[  5] 100.00-101.00 sec   708 MBytes  5.94 Gbits/sec                  
[  5] 101.00-102.00 sec   736 MBytes  6.18 Gbits/sec                  
[  5] 102.00-103.00 sec   834 MBytes  6.99 Gbits/sec                  
[  5] 103.00-104.00 sec   804 MBytes  6.74 Gbits/sec                  
[  5] 104.00-105.00 sec   690 MBytes  5.79 Gbits/sec                  
[  5] 105.00-106.00 sec   683 MBytes  5.73 Gbits/sec                  
[  5] 106.00-107.00 sec   792 MBytes  6.65 Gbits/sec                  
[  5] 107.00-108.00 sec   818 MBytes  6.86 Gbits/sec                  
[  5] 108.00-109.00 sec   629 MBytes  5.28 Gbits/sec                  
[  5] 109.00-110.00 sec   649 MBytes  5.44 Gbits/sec                  
[  5] 110.00-111.00 sec   677 MBytes  5.68 Gbits/sec                  
[  5] 111.00-112.00 sec  1.03 GBytes  8.86 Gbits/sec                  
[  5] 112.00-113.00 sec  1.01 GBytes  8.67 Gbits/sec                  
[  5] 113.00-114.00 sec   963 MBytes  8.08 Gbits/sec                  
[  5] 114.00-115.00 sec  1.10 GBytes  9.47 Gbits/sec                  
[  5] 115.00-116.00 sec  1.14 GBytes  9.80 Gbits/sec                  
[  5] 116.00-117.00 sec  1.38 GBytes  11.9 Gbits/sec                  
[  5] 117.00-118.00 sec   668 MBytes  5.61 Gbits/sec                  
[  5] 118.00-119.00 sec   705 MBytes  5.91 Gbits/sec                  
[  5] 119.00-120.00 sec  1.01 GBytes  8.68 Gbits/sec                  
[  5] 120.00-120.04 sec  95.1 MBytes  20.1 Gbits/sec                  
- - - - - - - - - - - - - - - - - - - - - - - - -
[ ID] Interval           Transfer     Bitrate
[  5]   0.00-120.04 sec   103 GBytes  7.35 Gbits/sec                  receiver
