Connecting to host 192.168.2.2, port 25000
[  5] local 192.168.2.3 port 58479 connected to 192.168.2.2 port 25000
[ ID] Interval           Transfer     Bitrate         Retr  Cwnd
[  5]   0.00-10.00  sec  9.59 GBytes  8.23 Gbits/sec    1   3.01 MBytes       
[  5]  10.00-20.00  sec  7.77 GBytes  6.67 Gbits/sec   60   3.01 MBytes       
[  5]  20.00-30.00  sec  7.08 GBytes  6.09 Gbits/sec    0   3.01 MBytes       
[  5]  30.00-40.00  sec  7.62 GBytes  6.54 Gbits/sec    0   3.01 MBytes       
[  5]  40.00-50.00  sec  7.48 GBytes  6.43 Gbits/sec    0   3.01 MBytes       
[  5]  50.00-60.00  sec  8.26 GBytes  7.10 Gbits/sec  323   3.01 MBytes       
[  5]  60.00-70.00  sec  10.1 GBytes  8.68 Gbits/sec    0   3.01 MBytes       
[  5]  70.00-80.00  sec  9.02 GBytes  7.75 Gbits/sec  300   3.01 MBytes       
[  5]  80.00-90.00  sec  10.8 GBytes  9.25 Gbits/sec    0   3.01 MBytes       
[  5]  90.00-100.00 sec  8.18 GBytes  7.03 Gbits/sec    3   3.01 MBytes       
[  5] 100.00-110.00 sec  7.17 GBytes  6.16 Gbits/sec  383   3.01 MBytes       
[  5] 110.00-120.00 sec  9.69 GBytes  8.32 Gbits/sec   45   3.01 MBytes       
- - - - - - - - - - - - - - - - - - - - - - - - -
[ ID] Interval           Transfer     Bitrate         Retr
[  5]   0.00-120.00 sec   103 GBytes  7.35 Gbits/sec  1115             sender
[  5]   0.00-120.04 sec   103 GBytes  7.35 Gbits/sec                  receiver

iperf Done.
