Connecting to host 192.168.4.3, port 25006
[  5] local 192.168.4.2 port 60425 connected to 192.168.4.3 port 25006
[ ID] Interval           Transfer     Bitrate         Retr  Cwnd
[  5]   0.00-10.00  sec  20.3 GBytes  17.4 Gbits/sec  721   2.89 MBytes       
[  5]  10.00-20.00  sec  17.3 GBytes  14.9 Gbits/sec    2   3.00 MBytes       
[  5]  20.00-30.00  sec  16.4 GBytes  14.1 Gbits/sec  771   3.01 MBytes       
[  5]  30.00-40.00  sec  16.8 GBytes  14.5 Gbits/sec    0   3.01 MBytes       
[  5]  40.00-50.00  sec  16.7 GBytes  14.4 Gbits/sec    0   3.01 MBytes       
[  5]  50.00-60.00  sec  18.4 GBytes  15.8 Gbits/sec   46   3.01 MBytes       
[  5]  60.00-70.00  sec  21.5 GBytes  18.4 Gbits/sec    0   3.01 MBytes       
[  5]  70.00-80.00  sec  18.3 GBytes  15.7 Gbits/sec    0   3.01 MBytes       
[  5]  80.00-90.00  sec  19.2 GBytes  16.5 Gbits/sec    0   3.01 MBytes       
[  5]  90.00-100.00 sec  16.8 GBytes  14.4 Gbits/sec    0   3.01 MBytes       
[  5] 100.00-110.00 sec  23.5 GBytes  20.2 Gbits/sec  183   3.01 MBytes       
[  5] 110.00-120.00 sec  18.8 GBytes  16.2 Gbits/sec    0   3.01 MBytes       
- - - - - - - - - - - - - - - - - - - - - - - - -
[ ID] Interval           Transfer     Bitrate         Retr
[  5]   0.00-120.00 sec   224 GBytes  16.0 Gbits/sec  1723             sender
[  5]   0.00-120.05 sec   224 GBytes  16.0 Gbits/sec                  receiver

iperf Done.
