Connecting to host 192.168.4.2, port 25005
[  5] local 192.168.4.3 port 45357 connected to 192.168.4.2 port 25005
[ ID] Interval           Transfer     Bitrate         Retr  Cwnd
[  5]   0.00-10.00  sec  13.2 GBytes  11.4 Gbits/sec    2   3.02 MBytes       
[  5]  10.00-20.00  sec  9.49 GBytes  8.15 Gbits/sec   40   3.02 MBytes       
[  5]  20.00-30.00  sec  8.18 GBytes  7.02 Gbits/sec    1   3.02 MBytes       
[  5]  30.00-40.00  sec  9.63 GBytes  8.27 Gbits/sec   99   3.02 MBytes       
[  5]  40.00-50.00  sec  7.28 GBytes  6.25 Gbits/sec    0   3.02 MBytes       
[  5]  50.00-60.00  sec  10.9 GBytes  9.35 Gbits/sec    0   3.02 MBytes       
[  5]  60.00-70.00  sec  7.78 GBytes  6.68 Gbits/sec  271   3.02 MBytes       
[  5]  70.00-80.00  sec  10.1 GBytes  8.67 Gbits/sec    0   3.02 MBytes       
[  5]  80.00-90.00  sec  10.2 GBytes  8.75 Gbits/sec   11   3.02 MBytes       
[  5]  90.00-100.00 sec  9.72 GBytes  8.35 Gbits/sec    0   3.02 MBytes       
[  5] 100.00-110.00 sec  11.6 GBytes  9.92 Gbits/sec    0   3.02 MBytes       
[  5] 110.00-120.00 sec  11.5 GBytes  9.89 Gbits/sec    0   3.02 MBytes       
- - - - - - - - - - - - - - - - - - - - - - - - -
[ ID] Interval           Transfer     Bitrate         Retr
[  5]   0.00-120.00 sec   120 GBytes  8.56 Gbits/sec  424             sender
[  5]   0.00-120.04 sec   120 GBytes  8.56 Gbits/sec                  receiver

iperf Done.
