Connecting to host 192.168.4.3, port 25004
[  5] local 192.168.4.2 port 50187 connected to 192.168.4.3 port 25004
[ ID] Interval           Transfer     Bitrate         Retr  Cwnd
[  5]   0.00-10.00  sec  18.2 GBytes  15.6 Gbits/sec    0   3.10 MBytes       
[  5]  10.00-20.00  sec  18.7 GBytes  16.1 Gbits/sec    3   3.10 MBytes       
[  5]  20.00-30.00  sec  21.3 GBytes  18.3 Gbits/sec    0   3.10 MBytes       
[  5]  30.00-40.00  sec  22.2 GBytes  19.0 Gbits/sec    2   3.10 MBytes       
[  5]  40.00-50.00  sec  21.9 GBytes  18.8 Gbits/sec    0   3.10 MBytes       
[  5]  50.00-60.00  sec  18.2 GBytes  15.7 Gbits/sec    0   3.10 MBytes       
[  5]  60.00-70.00  sec  23.2 GBytes  19.9 Gbits/sec    0   3.10 MBytes       
[  5]  70.00-80.00  sec  19.1 GBytes  16.4 Gbits/sec   90   2.33 MBytes       
[  5]  80.00-90.00  sec  17.0 GBytes  14.6 Gbits/sec    0   3.00 MBytes       
[  5]  90.00-100.00 sec  23.7 GBytes  20.4 Gbits/sec    0   3.11 MBytes       
[  5] 100.00-110.00 sec  15.5 GBytes  13.3 Gbits/sec  180   3.11 MBytes       
[  5] 110.00-120.00 sec  19.9 GBytes  17.1 Gbits/sec    0   3.11 MBytes       
- - - - - - - - - - - - - - - - - - - - - - - - -
[ ID] Interval           Transfer     Bitrate         Retr
[  5]   0.00-120.00 sec   239 GBytes  17.1 Gbits/sec  275             sender
[  5]   0.00-120.04 sec   239 GBytes  17.1 Gbits/sec                  receiver

iperf Done.
