Connecting to host 192.168.2.2, port 25003
[  5] local 192.168.2.3 port 48351 connected to 192.168.2.2 port 25003
[ ID] Interval           Transfer     Bitrate         Retr  Cwnd
[  5]   0.00-10.00  sec  7.86 GBytes  6.75 Gbits/sec  154   2.83 MBytes       
[  5]  10.00-20.00  sec  10.1 GBytes  8.63 Gbits/sec  1139   2.96 MBytes       
[  5]  20.00-30.00  sec  9.94 GBytes  8.53 Gbits/sec    0   3.00 MBytes       
[  5]  30.00-40.00  sec  9.55 GBytes  8.20 Gbits/sec    0   3.00 MBytes       
[  5]  40.00-50.00  sec  10.0 GBytes  8.60 Gbits/sec    0   3.00 MBytes       
[  5]  50.00-60.00  sec  11.6 GBytes  9.93 Gbits/sec    0   3.00 MBytes       
[  5]  60.00-70.00  sec  10.3 GBytes  8.81 Gbits/sec    0   3.00 MBytes       
[  5]  70.00-80.00  sec  9.68 GBytes  8.31 Gbits/sec    0   3.00 MBytes       
[  5]  80.00-90.00  sec  7.80 GBytes  6.70 Gbits/sec   12   3.00 MBytes       
[  5]  90.00-100.00 sec  10.9 GBytes  9.33 Gbits/sec  180   3.00 MBytes       
[  5] 100.00-110.00 sec  7.09 GBytes  6.09 Gbits/sec    0   3.00 MBytes       
[  5] 110.00-120.00 sec  9.14 GBytes  7.85 Gbits/sec  129   3.00 MBytes       
- - - - - - - - - - - - - - - - - - - - - - - - -
[ ID] Interval           Transfer     Bitrate         Retr
[  5]   0.00-120.00 sec   114 GBytes  8.15 Gbits/sec  1614             sender
[  5]   0.00-120.04 sec   114 GBytes  8.14 Gbits/sec                  receiver

iperf Done.
