Connecting to host 192.168.4.3, port 25005
[  5] local 192.168.4.2 port 60749 connected to 192.168.4.3 port 25005
[ ID] Interval           Transfer     Bitrate         Retr  Cwnd
[  5]   0.00-10.00  sec  20.1 GBytes  17.3 Gbits/sec  283   1.79 MBytes       
[  5]  10.00-20.00  sec  18.9 GBytes  16.2 Gbits/sec    3   2.92 MBytes       
[  5]  20.00-30.00  sec  20.0 GBytes  17.2 Gbits/sec  242   3.02 MBytes       
[  5]  30.00-40.00  sec  19.9 GBytes  17.1 Gbits/sec  130   3.02 MBytes       
[  5]  40.00-50.00  sec  20.6 GBytes  17.7 Gbits/sec   42   3.02 MBytes       
[  5]  50.00-60.00  sec  18.3 GBytes  15.7 Gbits/sec    0   3.02 MBytes       
[  5]  60.00-70.00  sec  13.8 GBytes  11.8 Gbits/sec  166   3.17 MBytes       
[  5]  70.00-80.00  sec  19.0 GBytes  16.3 Gbits/sec    0   3.17 MBytes       
[  5]  80.00-90.00  sec  16.7 GBytes  14.3 Gbits/sec    0   3.17 MBytes       
[  5]  90.00-100.00 sec  16.3 GBytes  14.0 Gbits/sec    0   3.17 MBytes       
[  5] 100.00-110.00 sec  19.5 GBytes  16.7 Gbits/sec    0   3.17 MBytes       
[  5] 110.00-120.00 sec  17.4 GBytes  15.0 Gbits/sec    0   3.17 MBytes       
- - - - - - - - - - - - - - - - - - - - - - - - -
[ ID] Interval           Transfer     Bitrate         Retr
[  5]   0.00-120.00 sec   221 GBytes  15.8 Gbits/sec  866             sender
[  5]   0.00-120.04 sec   221 GBytes  15.8 Gbits/sec                  receiver

iperf Done.
