Connecting to host 192.168.4.3, port 25007
[  5] local 192.168.4.2 port 49737 connected to 192.168.4.3 port 25007
[ ID] Interval           Transfer     Bitrate         Retr  Cwnd
[  5]   0.00-10.00  sec  19.3 GBytes  16.6 Gbits/sec  201   2.38 MBytes       
[  5]  10.00-20.00  sec  21.2 GBytes  18.2 Gbits/sec    0   3.01 MBytes       
[  5]  20.00-30.00  sec  16.7 GBytes  14.3 Gbits/sec    0   3.01 MBytes       
[  5]  30.00-40.00  sec  16.0 GBytes  13.8 Gbits/sec   84   3.01 MBytes       
[  5]  40.00-50.00  sec  17.1 GBytes  14.7 Gbits/sec    0   3.01 MBytes       
[  5]  50.00-60.00  sec  18.5 GBytes  15.9 Gbits/sec    0   3.01 MBytes       
[  5]  60.00-70.00  sec  14.0 GBytes  12.0 Gbits/sec    0   3.01 MBytes       
[  5]  70.00-80.00  sec  17.9 GBytes  15.4 Gbits/sec    0   3.01 MBytes       
[  5]  80.00-90.00  sec  16.4 GBytes  14.1 Gbits/sec  136   3.01 MBytes       
[  5]  90.00-100.00 sec  18.2 GBytes  15.7 Gbits/sec    0   3.01 MBytes       
[  5] 100.00-110.00 sec  16.4 GBytes  14.0 Gbits/sec    0   3.01 MBytes       
[  5] 110.00-120.00 sec  15.2 GBytes  13.0 Gbits/sec    0   3.01 MBytes       
- - - - - - - - - - - - - - - - - - - - - - - - -
[ ID] Interval           Transfer     Bitrate         Retr
[  5]   0.00-120.00 sec   207 GBytes  14.8 Gbits/sec  421             sender
[  5]   0.00-120.05 sec   207 GBytes  14.8 Gbits/sec                  receiver

iperf Done.
