Connecting to host 192.168.2.3, port 25000
[  5] local 192.168.2.2 port 41125 connected to 192.168.2.3 port 25000
[ ID] Interval           Transfer     Bitrate         Retr  Cwnd
[  5]   0.00-10.00  sec  16.6 GBytes  14.3 Gbits/sec   45   3.03 MBytes       
[  5]  10.00-20.00  sec  17.6 GBytes  15.1 Gbits/sec   55   3.03 MBytes       
[  5]  20.00-30.00  sec  19.8 GBytes  17.0 Gbits/sec    0   3.03 MBytes       
[  5]  30.00-40.00  sec  19.5 GBytes  16.8 Gbits/sec    0   3.03 MBytes       
[  5]  40.00-50.00  sec  17.4 GBytes  15.0 Gbits/sec    0   3.03 MBytes       
[  5]  50.00-60.00  sec  18.2 GBytes  15.7 Gbits/sec    0   3.03 MBytes       
[  5]  60.00-70.00  sec  17.0 GBytes  14.6 Gbits/sec    0   3.03 MBytes       
[  5]  70.00-80.00  sec  16.2 GBytes  14.0 Gbits/sec    0   3.03 MBytes       
[  5]  80.00-90.00  sec  20.4 GBytes  17.5 Gbits/sec    0   3.03 MBytes       
[  5]  90.00-100.00 sec  17.7 GBytes  15.2 Gbits/sec    0   3.03 MBytes       
[  5] 100.00-110.00 sec  18.2 GBytes  15.6 Gbits/sec    0   3.03 MBytes       
[  5] 110.00-120.00 sec  19.4 GBytes  16.7 Gbits/sec    0   3.03 MBytes       
- - - - - - - - - - - - - - - - - - - - - - - - -
[ ID] Interval           Transfer     Bitrate         Retr
[  5]   0.00-120.00 sec   218 GBytes  15.6 Gbits/sec  100             sender
[  5]   0.00-120.05 sec   218 GBytes  15.6 Gbits/sec                  receiver

iperf Done.
