-----------------------------------------------------------
Server listening on 25007
-----------------------------------------------------------
Accepted connection from 192.168.4.3, port 37021
[  5] local 192.168.4.2 port 25007 connected to 192.168.4.3 port 33129
[ ID] Interval           Transfer     Bitrate
[  5]   0.00-1.00   sec   716 MBytes  6.00 Gbits/sec                  
[  5]   1.00-2.00   sec   654 MBytes  5.49 Gbits/sec                  
[  5]   2.00-3.00   sec   554 MBytes  4.64 Gbits/sec                  
[  5]   3.00-4.00   sec   623 MBytes  5.22 Gbits/sec                  
[  5]   4.00-5.00   sec   531 MBytes  4.45 Gbits/sec                  
[  5]   5.00-6.00   sec   841 MBytes  7.06 Gbits/sec                  
[  5]   6.00-7.00   sec   834 MBytes  7.00 Gbits/sec                  
[  5]   7.00-8.00   sec   693 MBytes  5.82 Gbits/sec                  
[  5]   8.00-9.00   sec   608 MBytes  5.10 Gbits/sec                  
[  5]   9.00-10.00  sec   673 MBytes  5.64 Gbits/sec                  
[  5]  10.00-11.00  sec   673 MBytes  5.65 Gbits/sec                  
[  5]  11.00-12.00  sec   973 MBytes  8.17 Gbits/sec                  
[  5]  12.00-13.00  sec   968 MBytes  8.12 Gbits/sec                  
[  5]  13.00-14.00  sec   888 MBytes  7.45 Gbits/sec                  
[  5]  14.00-15.00  sec   887 MBytes  7.44 Gbits/sec                  
[  5]  15.00-16.00  sec  1008 MBytes  8.46 Gbits/sec                  
[  5]  16.00-17.00  sec   898 MBytes  7.53 Gbits/sec                  
[  5]  17.00-18.00  sec   777 MBytes  6.51 Gbits/sec                  
[  5]  18.00-19.00  sec   784 MBytes  6.58 Gbits/sec                  
[  5]  19.00-20.00  sec   797 MBytes  6.68 Gbits/sec                  
[  5]  20.00-21.00  sec   906 MBytes  7.60 Gbits/sec                  
[  5]  21.00-22.00  sec  1.02 GBytes  8.76 Gbits/sec                  
[  5]  22.00-23.00  sec   874 MBytes  7.33 Gbits/sec                  
[  5]  23.00-24.00  sec   959 MBytes  8.05 Gbits/sec                  
[  5]  24.00-25.00  sec   965 MBytes  8.10 Gbits/sec                  
[  5]  25.00-26.00  sec  1.25 GBytes  10.7 Gbits/sec                  
[  5]  26.00-27.00  sec  1.33 GBytes  11.4 Gbits/sec                  
[  5]  27.00-28.00  sec  1.27 GBytes  10.9 Gbits/sec                  
[  5]  28.00-29.00  sec  1.43 GBytes  12.3 Gbits/sec                  
[  5]  29.00-30.00  sec  1.03 GBytes  8.88 Gbits/sec                  
[  5]  30.00-31.00  sec  1.11 GBytes  9.56 Gbits/sec                  
[  5]  31.00-32.00  sec   812 MBytes  6.81 Gbits/sec                  
[  5]  32.00-33.00  sec   664 MBytes  5.57 Gbits/sec                  
[  5]  33.00-34.00  sec   546 MBytes  4.58 Gbits/sec                  
[  5]  34.00-35.00  sec   602 MBytes  5.05 Gbits/sec                  
[  5]  35.00-36.00  sec   897 MBytes  7.52 Gbits/sec                  
[  5]  36.00-37.00  sec   710 MBytes  5.95 Gbits/sec                  
[  5]  37.00-38.00  sec   598 MBytes  5.01 Gbits/sec                  
[  5]  38.00-39.00  sec   587 MBytes  4.93 Gbits/sec                  
[  5]  39.00-40.00  sec   589 MBytes  4.94 Gbits/sec                  
[  5]  40.00-41.00  sec   652 MBytes  5.47 Gbits/sec                  
[  5]  41.00-42.00  sec   616 MBytes  5.16 Gbits/sec                  
[  5]  42.00-43.00  sec   581 MBytes  4.87 Gbits/sec                  
[  5]  43.00-44.00  sec   528 MBytes  4.43 Gbits/sec                  
[  5]  44.00-45.00  sec   521 MBytes  4.37 Gbits/sec                  
[  5]  45.00-46.00  sec   609 MBytes  5.11 Gbits/sec                  
[  5]  46.00-47.00  sec   862 MBytes  7.23 Gbits/sec                  
[  5]  47.00-48.00  sec  1.14 GBytes  9.80 Gbits/sec                  
[  5]  48.00-49.00  sec   975 MBytes  8.18 Gbits/sec                  
[  5]  49.00-50.00  sec   903 MBytes  7.58 Gbits/sec                  
[  5]  50.00-51.00  sec  1.02 GBytes  8.76 Gbits/sec                  
[  5]  51.00-52.00  sec  1.02 GBytes  8.74 Gbits/sec                  
[  5]  52.00-53.00  sec  1.09 GBytes  9.38 Gbits/sec                  
[  5]  53.00-54.00  sec  1023 MBytes  8.58 Gbits/sec                  
[  5]  54.00-55.00  sec  1.05 GBytes  8.98 Gbits/sec                  
[  5]  55.00-56.00  sec   692 MBytes  5.80 Gbits/sec                  
[  5]  56.00-57.00  sec  1005 MBytes  8.43 Gbits/sec                  
[  5]  57.00-58.00  sec  1.06 GBytes  9.10 Gbits/sec                  
[  5]  58.00-59.00  sec  1024 MBytes  8.59 Gbits/sec                  
[  5]  59.00-60.00  sec   671 MBytes  5.63 Gbits/sec                  
[  5]  60.00-61.00  sec   677 MBytes  5.68 Gbits/sec                  
[  5]  61.00-62.00  sec   719 MBytes  6.03 Gbits/sec                  
[  5]  62.00-63.00  sec   688 MBytes  5.77 Gbits/sec                  
[  5]  63.00-64.00  sec   686 MBytes  5.76 Gbits/sec                  
[  5]  64.00-65.00  sec   882 MBytes  7.40 Gbits/sec                  
[  5]  65.00-66.00  sec   952 MBytes  7.99 Gbits/sec                  
[  5]  66.00-67.00  sec  1.21 GBytes  10.4 Gbits/sec                  
[  5]  67.00-68.00  sec   838 MBytes  7.03 Gbits/sec                  
[  5]  68.00-69.00  sec   788 MBytes  6.61 Gbits/sec                  
[  5]  69.00-70.00  sec   663 MBytes  5.56 Gbits/sec                  
[  5]  70.00-71.00  sec   650 MBytes  5.45 Gbits/sec                  
[  5]  71.00-72.00  sec   664 MBytes  5.57 Gbits/sec                  
[  5]  72.00-73.00  sec   649 MBytes  5.45 Gbits/sec                  
[  5]  73.00-74.00  sec   604 MBytes  5.06 Gbits/sec                  
[  5]  74.00-75.00  sec   649 MBytes  5.44 Gbits/sec                  
[  5]  75.00-76.00  sec   655 MBytes  5.50 Gbits/sec                  
[  5]  76.00-77.00  sec   636 MBytes  5.34 Gbits/sec                  
[  5]  77.00-78.00  sec   655 MBytes  5.49 Gbits/sec                  
[  5]  78.00-79.00  sec   680 MBytes  5.71 Gbits/sec                  
[  5]  79.00-80.00  sec   712 MBytes  5.97 Gbits/sec                  
[  5]  80.00-81.00  sec  1.03 GBytes  8.82 Gbits/sec                  
[  5]  81.00-82.00  sec  1.13 GBytes  9.68 Gbits/sec                  
[  5]  82.00-83.00  sec  1.10 GBytes  9.42 Gbits/sec                  
[  5]  83.00-84.00  sec  1.21 GBytes  10.4 Gbits/sec                  
[  5]  84.00-85.00  sec  1.27 GBytes  10.9 Gbits/sec                  
[  5]  85.00-86.00  sec   970 MBytes  8.13 Gbits/sec                  
[  5]  86.00-87.00  sec   746 MBytes  6.25 Gbits/sec                  
[  5]  87.00-88.00  sec   739 MBytes  6.20 Gbits/sec                  
[  5]  88.00-89.00  sec   963 MBytes  8.08 Gbits/sec                  
[  5]  89.00-90.00  sec  1.11 GBytes  9.52 Gbits/sec                  
[  5]  90.00-91.00  sec  1.05 GBytes  8.99 Gbits/sec                  
[  5]  91.00-92.00  sec   995 MBytes  8.34 Gbits/sec                  
[  5]  92.00-93.00  sec   900 MBytes  7.55 Gbits/sec                  
[  5]  93.00-94.00  sec   597 MBytes  5.01 Gbits/sec                  
[  5]  94.00-95.00  sec  1.15 GBytes  9.84 Gbits/sec                  
[  5]  95.00-96.00  sec   979 MBytes  8.21 Gbits/sec                  
[  5]  96.00-97.00  sec   921 MBytes  7.73 Gbits/sec                  
[  5]  97.00-98.00  sec   875 MBytes  7.34 Gbits/sec                  
[  5]  98.00-99.00  sec   929 MBytes  7.79 Gbits/sec                  
[  5]  99.00-100.00 sec   945 MBytes  7.93 Gbits/sec                  
[  5] 100.00-101.00 sec  1.07 GBytes  9.18 Gbits/sec                  
[  5] 101.00-102.00 sec   968 MBytes  8.12 Gbits/sec                  
[  5] 102.00-103.00 sec   930 MBytes  7.80 Gbits/sec                  
[  5] 103.00-104.00 sec   978 MBytes  8.20 Gbits/sec                  
[  5] 104.00-105.00 sec  1.08 GBytes  9.31 Gbits/sec                  
[  5] 105.00-106.00 sec  1.09 GBytes  9.39 Gbits/sec                  
[  5] 106.00-107.00 sec   761 MBytes  6.39 Gbits/sec                  
[  5] 107.00-108.00 sec  1.20 GBytes  10.3 Gbits/sec                  
[  5] 108.00-109.00 sec  1.27 GBytes  10.9 Gbits/sec                  
[  5] 109.00-110.00 sec  1.30 GBytes  11.2 Gbits/sec                  
[  5] 110.00-111.00 sec  1.36 GBytes  11.7 Gbits/sec                  
[  5] 111.00-112.00 sec  1.41 GBytes  12.1 Gbits/sec                  
[  5] 112.00-113.00 sec  1.36 GBytes  11.7 Gbits/sec                  
[  5] 113.00-114.00 sec   970 MBytes  8.14 Gbits/sec                  
[  5] 114.00-115.00 sec  1.11 GBytes  9.51 Gbits/sec                  
[  5] 115.00-116.00 sec  1.31 GBytes  11.2 Gbits/sec                  
[  5] 116.00-117.00 sec  1.15 GBytes  9.87 Gbits/sec                  
[  5] 117.00-118.00 sec  1015 MBytes  8.52 Gbits/sec                  
[  5] 118.00-119.00 sec  1.04 GBytes  8.90 Gbits/sec                  
[  5] 119.00-120.00 sec  1.29 GBytes  11.1 Gbits/sec                  
[  5] 120.00-120.04 sec  99.4 MBytes  20.8 Gbits/sec                  
- - - - - - - - - - - - - - - - - - - - - - - - -
[ ID] Interval           Transfer     Bitrate
[  5]   0.00-120.04 sec   106 GBytes  7.59 Gbits/sec                  receiver
