-----------------------------------------------------------
Server listening on 25001
-----------------------------------------------------------
Accepted connection from 192.168.2.3, port 36425
[  5] local 192.168.2.2 port 25001 connected to 192.168.2.3 port 56873
[ ID] Interval           Transfer     Bitrate
[  5]   0.00-1.00   sec   850 MBytes  7.13 Gbits/sec                  
[  5]   1.00-2.00   sec   686 MBytes  5.76 Gbits/sec                  
[  5]   2.00-3.00   sec   619 MBytes  5.20 Gbits/sec                  
[  5]   3.00-4.00   sec   476 MBytes  3.99 Gbits/sec                  
[  5]   4.00-5.00   sec   410 MBytes  3.44 Gbits/sec                  
[  5]   5.00-6.00   sec   557 MBytes  4.68 Gbits/sec                  
[  5]   6.00-7.00   sec   640 MBytes  5.37 Gbits/sec                  
[  5]   7.00-8.00   sec   760 MBytes  6.38 Gbits/sec                  
[  5]   8.00-9.00   sec   537 MBytes  4.50 Gbits/sec                  
[  5]   9.00-10.00  sec   482 MBytes  4.04 Gbits/sec                  
[  5]  10.00-11.00  sec   716 MBytes  6.01 Gbits/sec                  
[  5]  11.00-12.00  sec   858 MBytes  7.20 Gbits/sec                  
[  5]  12.00-13.00  sec   607 MBytes  5.09 Gbits/sec                  
[  5]  13.00-14.00  sec   504 MBytes  4.23 Gbits/sec                  
[  5]  14.00-15.00  sec   592 MBytes  4.97 Gbits/sec                  
[  5]  15.00-16.00  sec   720 MBytes  6.04 Gbits/sec                  
[  5]  16.00-17.00  sec   571 MBytes  4.79 Gbits/sec                  
[  5]  17.00-18.00  sec   580 MBytes  4.87 Gbits/sec                  
[  5]  18.00-19.00  sec   570 MBytes  4.78 Gbits/sec                  
[  5]  19.00-20.00  sec   667 MBytes  5.60 Gbits/sec                  
[  5]  20.00-21.00  sec   471 MBytes  3.95 Gbits/sec                  
[  5]  21.00-22.00  sec   405 MBytes  3.39 Gbits/sec                  
[  5]  22.00-23.00  sec   531 MBytes  4.45 Gbits/sec                  
[  5]  23.00-24.00  sec   674 MBytes  5.65 Gbits/sec                  
[  5]  24.00-25.00  sec   488 MBytes  4.09 Gbits/sec                  
[  5]  25.00-26.00  sec   519 MBytes  4.35 Gbits/sec                  
[  5]  26.00-27.00  sec   485 MBytes  4.07 Gbits/sec                  
[  5]  27.00-28.00  sec   572 MBytes  4.80 Gbits/sec                  
[  5]  28.00-29.00  sec   455 MBytes  3.82 Gbits/sec                  
[  5]  29.00-30.00  sec   738 MBytes  6.19 Gbits/sec                  
[  5]  30.00-31.00  sec   982 MBytes  8.24 Gbits/sec                  
[  5]  31.00-32.00  sec  1.19 GBytes  10.2 Gbits/sec                  
[  5]  32.00-33.00  sec   903 MBytes  7.57 Gbits/sec                  
[  5]  33.00-34.00  sec   969 MBytes  8.13 Gbits/sec                  
[  5]  34.00-35.00  sec  1.09 GBytes  9.40 Gbits/sec                  
[  5]  35.00-36.00  sec   976 MBytes  8.18 Gbits/sec                  
[  5]  36.00-37.00  sec   826 MBytes  6.93 Gbits/sec                  
[  5]  37.00-38.00  sec   917 MBytes  7.70 Gbits/sec                  
[  5]  38.00-39.00  sec  1.22 GBytes  10.5 Gbits/sec                  
[  5]  39.00-40.00  sec  1.49 GBytes  12.8 Gbits/sec                  
[  5]  40.00-41.00  sec  1.10 GBytes  9.42 Gbits/sec                  
[  5]  41.00-42.00  sec   486 MBytes  4.07 Gbits/sec                  
[  5]  42.00-43.00  sec   594 MBytes  4.98 Gbits/sec                  
[  5]  43.00-44.00  sec   807 MBytes  6.77 Gbits/sec                  
[  5]  44.00-45.00  sec   970 MBytes  8.14 Gbits/sec                  
[  5]  45.00-46.00  sec   805 MBytes  6.75 Gbits/sec                  
[  5]  46.00-47.00  sec  1.00 GBytes  8.63 Gbits/sec                  
[  5]  47.00-48.00  sec  1.30 GBytes  11.2 Gbits/sec                  
[  5]  48.00-49.00  sec  1.23 GBytes  10.5 Gbits/sec                  
[  5]  49.00-50.00  sec  1.02 GBytes  8.77 Gbits/sec                  
[  5]  50.00-51.00  sec  1014 MBytes  8.50 Gbits/sec                  
[  5]  51.00-52.00  sec  1.35 GBytes  11.6 Gbits/sec                  
[  5]  52.00-53.00  sec  1.12 GBytes  9.66 Gbits/sec                  
[  5]  53.00-54.00  sec  1.07 GBytes  9.23 Gbits/sec                  
[  5]  54.00-55.00  sec   998 MBytes  8.37 Gbits/sec                  
[  5]  55.00-56.00  sec   705 MBytes  5.92 Gbits/sec                  
[  5]  56.00-57.00  sec   533 MBytes  4.47 Gbits/sec                  
[  5]  57.00-58.00  sec   435 MBytes  3.65 Gbits/sec                  
[  5]  58.00-59.00  sec   786 MBytes  6.60 Gbits/sec                  
[  5]  59.00-60.00  sec  1.41 GBytes  12.1 Gbits/sec                  
[  5]  60.00-61.00  sec  1.62 GBytes  13.9 Gbits/sec                  
[  5]  61.00-62.00  sec  1.42 GBytes  12.2 Gbits/sec                  
[  5]  62.00-63.00  sec  1.64 GBytes  14.1 Gbits/sec                  
[  5]  63.00-64.00  sec  1.32 GBytes  11.3 Gbits/sec                  
[  5]  64.00-65.00  sec   624 MBytes  5.24 Gbits/sec                  
[  5]  65.00-66.00  sec   611 MBytes  5.13 Gbits/sec                  
[  5]  66.00-67.00  sec  1.24 GBytes  10.7 Gbits/sec                  
[  5]  67.00-68.00  sec  1.25 GBytes  10.7 Gbits/sec                  
[  5]  68.00-69.00  sec   927 MBytes  7.77 Gbits/sec                  
[  5]  69.00-70.00  sec   677 MBytes  5.68 Gbits/sec                  
[  5]  70.00-71.00  sec   834 MBytes  7.00 Gbits/sec                  
[  5]  71.00-72.00  sec   801 MBytes  6.72 Gbits/sec                  
[  5]  72.00-73.00  sec   577 MBytes  4.84 Gbits/sec                  
[  5]  73.00-74.00  sec   575 MBytes  4.82 Gbits/sec                  
[  5]  74.00-75.00  sec   894 MBytes  7.50 Gbits/sec                  
[  5]  75.00-76.00  sec  1.04 GBytes  8.90 Gbits/sec                  
[  5]  76.00-77.00  sec   844 MBytes  7.08 Gbits/sec                  
[  5]  77.00-78.00  sec  1.06 GBytes  9.13 Gbits/sec                  
[  5]  78.00-79.00  sec  1.44 GBytes  12.4 Gbits/sec                  
[  5]  79.00-80.00  sec  2.14 GBytes  18.4 Gbits/sec                  
[  5]  80.00-81.00  sec  1.58 GBytes  13.6 Gbits/sec                  
[  5]  81.00-82.00  sec  1.23 GBytes  10.6 Gbits/sec                  
[  5]  82.00-83.00  sec  1.53 GBytes  13.1 Gbits/sec                  
[  5]  83.00-84.00  sec  1.85 GBytes  15.9 Gbits/sec                  
[  5]  84.00-85.00  sec  1.18 GBytes  10.2 Gbits/sec                  
[  5]  85.00-86.00  sec   656 MBytes  5.50 Gbits/sec                  
[  5]  86.00-87.00  sec   568 MBytes  4.77 Gbits/sec                  
[  5]  87.00-88.00  sec   662 MBytes  5.56 Gbits/sec                  
[  5]  88.00-89.00  sec   678 MBytes  5.68 Gbits/sec                  
[  5]  89.00-90.00  sec   551 MBytes  4.62 Gbits/sec                  
[  5]  90.00-91.00  sec   847 MBytes  7.10 Gbits/sec                  
[  5]  91.00-92.00  sec   938 MBytes  7.87 Gbits/sec                  
[  5]  92.00-93.00  sec   885 MBytes  7.43 Gbits/sec                  
[  5]  93.00-94.00  sec   710 MBytes  5.96 Gbits/sec                  
[  5]  94.00-95.00  sec  1.04 GBytes  8.96 Gbits/sec                  
[  5]  95.00-96.00  sec  1.20 GBytes  10.3 Gbits/sec                  
[  5]  96.00-97.00  sec   928 MBytes  7.79 Gbits/sec                  
[  5]  97.00-98.00  sec   545 MBytes  4.57 Gbits/sec                  
[  5]  98.00-99.00  sec   665 MBytes  5.58 Gbits/sec                  
[  5]  99.00-100.00 sec  1017 MBytes  8.53 Gbits/sec                  
[  5] 100.00-101.00 sec   809 MBytes  6.79 Gbits/sec                  
[  5] 101.00-102.00 sec   458 MBytes  3.84 Gbits/sec                  
[  5] 102.00-103.00 sec   506 MBytes  4.24 Gbits/sec                  
[  5] 103.00-104.00 sec   671 MBytes  5.63 Gbits/sec                  
[  5] 104.00-105.00 sec   695 MBytes  5.83 Gbits/sec                  
[  5] 105.00-106.00 sec   851 MBytes  7.13 Gbits/sec                  
[  5] 106.00-107.00 sec  1.04 GBytes  8.97 Gbits/sec                  
[  5] 107.00-108.00 sec   945 MBytes  7.93 Gbits/sec                  
[  5] 108.00-109.00 sec   800 MBytes  6.71 Gbits/sec                  
[  5] 109.00-110.00 sec   815 MBytes  6.84 Gbits/sec                  
[  5] 110.00-111.00 sec  1.06 GBytes  9.15 Gbits/sec                  
[  5] 111.00-112.00 sec  1.13 GBytes  9.74 Gbits/sec                  
[  5] 112.00-113.00 sec   768 MBytes  6.45 Gbits/sec                  
[  5] 113.00-114.00 sec  1.15 GBytes  9.90 Gbits/sec                  
[  5] 114.00-115.00 sec  1.54 GBytes  13.2 Gbits/sec                  
[  5] 115.00-116.00 sec  2.00 GBytes  17.2 Gbits/sec                  
[  5] 116.00-117.00 sec  1.38 GBytes  11.9 Gbits/sec                  
[  5] 117.00-118.00 sec   782 MBytes  6.56 Gbits/sec                  
[  5] 118.00-119.00 sec   992 MBytes  8.32 Gbits/sec                  
[  5] 119.00-120.00 sec  1.18 GBytes  10.2 Gbits/sec                  
[  5] 120.00-120.04 sec  75.2 MBytes  14.9 Gbits/sec                  
- - - - - - - - - - - - - - - - - - - - - - - - -
[ ID] Interval           Transfer     Bitrate
[  5]   0.00-120.04 sec   106 GBytes  7.60 Gbits/sec                  receiver
