Connecting to host 192.168.2.3, port 25000
[  5] local 192.168.2.2 port 38355 connected to 192.168.2.3 port 25000
[ ID] Interval           Transfer     Bitrate         Retr  Cwnd
[  5]   0.00-10.00  sec  17.8 GBytes  15.3 Gbits/sec   56   3.01 MBytes       
[  5]  10.00-20.00  sec  20.7 GBytes  17.8 Gbits/sec    0   3.01 MBytes       
[  5]  20.00-30.00  sec  18.0 GBytes  15.5 Gbits/sec    0   3.01 MBytes       
[  5]  30.00-40.00  sec  20.3 GBytes  17.5 Gbits/sec    0   3.01 MBytes       
[  5]  40.00-50.00  sec  13.1 GBytes  11.2 Gbits/sec    7   3.01 MBytes       
[  5]  50.00-60.00  sec  15.7 GBytes  13.5 Gbits/sec    0   3.01 MBytes       
[  5]  60.00-70.00  sec  15.0 GBytes  12.9 Gbits/sec  267   3.01 MBytes       
[  5]  70.00-80.00  sec  16.1 GBytes  13.8 Gbits/sec   45   3.01 MBytes       
[  5]  80.00-90.00  sec  14.6 GBytes  12.5 Gbits/sec    0   3.01 MBytes       
[  5]  90.00-100.00 sec  14.1 GBytes  12.1 Gbits/sec   44   3.01 MBytes       
[  5] 100.00-110.00 sec  16.3 GBytes  14.0 Gbits/sec  108   3.01 MBytes       
[  5] 110.00-120.00 sec  19.0 GBytes  16.3 Gbits/sec    0   3.01 MBytes       
- - - - - - - - - - - - - - - - - - - - - - - - -
[ ID] Interval           Transfer     Bitrate         Retr
[  5]   0.00-120.00 sec   201 GBytes  14.4 Gbits/sec  527             sender
[  5]   0.00-120.04 sec   201 GBytes  14.4 Gbits/sec                  receiver

iperf Done.
