Connecting to host 192.168.4.3, port 25007
[  5] local 192.168.4.2 port 45723 connected to 192.168.4.3 port 25007
[ ID] Interval           Transfer     Bitrate         Retr  Cwnd
[  5]   0.00-10.00  sec  19.7 GBytes  16.9 Gbits/sec  629   1.83 MBytes       
[  5]  10.00-20.00  sec  15.1 GBytes  13.0 Gbits/sec    0   2.48 MBytes       
[  5]  20.00-30.00  sec  20.9 GBytes  17.9 Gbits/sec    0   3.00 MBytes       
[  5]  30.00-40.00  sec  26.8 GBytes  23.0 Gbits/sec    0   3.00 MBytes       
[  5]  40.00-50.00  sec  21.6 GBytes  18.6 Gbits/sec    0   3.00 MBytes       
[  5]  50.00-60.00  sec  16.9 GBytes  14.6 Gbits/sec    0   3.00 MBytes       
[  5]  60.00-70.00  sec  18.7 GBytes  16.0 Gbits/sec    0   3.00 MBytes       
[  5]  70.00-80.00  sec  20.6 GBytes  17.7 Gbits/sec    0   3.00 MBytes       
[  5]  80.00-90.00  sec  18.3 GBytes  15.7 Gbits/sec    2   3.00 MBytes       
[  5]  90.00-100.00 sec  18.8 GBytes  16.1 Gbits/sec    2   2.20 MBytes       
[  5] 100.00-110.00 sec  24.3 GBytes  20.9 Gbits/sec    0   3.00 MBytes       
[  5] 110.00-120.00 sec  22.9 GBytes  19.7 Gbits/sec    1   3.00 MBytes       
- - - - - - - - - - - - - - - - - - - - - - - - -
[ ID] Interval           Transfer     Bitrate         Retr
[  5]   0.00-120.00 sec   245 GBytes  17.5 Gbits/sec  634             sender
[  5]   0.00-120.04 sec   245 GBytes  17.5 Gbits/sec                  receiver

iperf Done.
