Connecting to host 192.168.4.2, port 25005
[  5] local 192.168.4.3 port 40127 connected to 192.168.4.2 port 25005
[ ID] Interval           Transfer     Bitrate         Retr  Cwnd
[  5]   0.00-10.00  sec  9.69 GBytes  8.32 Gbits/sec  215   3.04 MBytes       
[  5]  10.00-20.00  sec  12.2 GBytes  10.5 Gbits/sec   31   3.04 MBytes       
[  5]  20.00-30.00  sec  8.86 GBytes  7.61 Gbits/sec  375   3.04 MBytes       
[  5]  30.00-40.00  sec  6.45 GBytes  5.54 Gbits/sec    0   3.04 MBytes       
[  5]  40.00-50.00  sec  6.23 GBytes  5.35 Gbits/sec    0   3.04 MBytes       
[  5]  50.00-60.00  sec  7.32 GBytes  6.29 Gbits/sec   39   3.04 MBytes       
[  5]  60.00-70.00  sec  9.37 GBytes  8.04 Gbits/sec    0   3.04 MBytes       
[  5]  70.00-80.00  sec  10.6 GBytes  9.10 Gbits/sec    0   3.04 MBytes       
[  5]  80.00-90.00  sec  9.46 GBytes  8.13 Gbits/sec    0   3.04 MBytes       
[  5]  90.00-100.00 sec  9.35 GBytes  8.03 Gbits/sec    0   3.04 MBytes       
[  5] 100.00-110.00 sec  6.01 GBytes  5.16 Gbits/sec   55   3.04 MBytes       
[  5] 110.00-120.00 sec  9.01 GBytes  7.74 Gbits/sec   17   3.04 MBytes       
- - - - - - - - - - - - - - - - - - - - - - - - -
[ ID] Interval           Transfer     Bitrate         Retr
[  5]   0.00-120.00 sec   105 GBytes  7.49 Gbits/sec  732             sender
[  5]   0.00-120.05 sec   105 GBytes  7.48 Gbits/sec                  receiver

iperf Done.
