Connecting to host 192.168.2.2, port 25001
[  5] local 192.168.2.3 port 56873 connected to 192.168.2.2 port 25001
[ ID] Interval           Transfer     Bitrate         Retr  Cwnd
[  5]   0.00-10.00  sec  5.91 GBytes  5.07 Gbits/sec    0   3.16 MBytes       
[  5]  10.00-20.00  sec  6.23 GBytes  5.36 Gbits/sec  357   3.16 MBytes       
[  5]  20.00-30.00  sec  5.22 GBytes  4.49 Gbits/sec   45   3.16 MBytes       
[  5]  30.00-40.00  sec  10.5 GBytes  9.00 Gbits/sec    0   3.16 MBytes       
[  5]  40.00-50.00  sec  9.19 GBytes  7.89 Gbits/sec    0   3.16 MBytes       
[  5]  50.00-60.00  sec  9.36 GBytes  8.04 Gbits/sec    0   3.16 MBytes       
[  5]  60.00-70.00  sec  11.2 GBytes  9.65 Gbits/sec   45   3.16 MBytes       
[  5]  70.00-80.00  sec  10.2 GBytes  8.74 Gbits/sec    0   3.16 MBytes       
[  5]  80.00-90.00  sec  10.3 GBytes  8.87 Gbits/sec    0   3.16 MBytes       
[  5]  90.00-100.00 sec  8.64 GBytes  7.42 Gbits/sec    0   3.16 MBytes       
[  5] 100.00-110.00 sec  7.44 GBytes  6.39 Gbits/sec    0   3.16 MBytes       
[  5] 110.00-120.00 sec  12.0 GBytes  10.3 Gbits/sec    0   3.16 MBytes       
- - - - - - - - - - - - - - - - - - - - - - - - -
[ ID] Interval           Transfer     Bitrate         Retr
[  5]   0.00-120.00 sec   106 GBytes  7.60 Gbits/sec  447             sender
[  5]   0.00-120.04 sec   106 GBytes  7.60 Gbits/sec                  receiver

iperf Done.
