Connecting to host 192.168.4.3, port 25004
[  5] local 192.168.4.2 port 52605 connected to 192.168.4.3 port 25004
[ ID] Interval           Transfer     Bitrate         Retr  Cwnd
[  5]   0.00-10.00  sec  17.6 GBytes  15.1 Gbits/sec  555   3.00 MBytes       
[  5]  10.00-20.00  sec  16.4 GBytes  14.1 Gbits/sec  264   2.50 MBytes       
[  5]  20.00-30.00  sec  18.3 GBytes  15.7 Gbits/sec    0   3.00 MBytes       
[  5]  30.00-40.00  sec  15.3 GBytes  13.2 Gbits/sec    0   3.00 MBytes       
[  5]  40.00-50.00  sec  12.8 GBytes  11.0 Gbits/sec  927   3.00 MBytes       
[  5]  50.00-60.00  sec  16.3 GBytes  14.0 Gbits/sec    0   3.06 MBytes       
[  5]  60.00-70.00  sec  16.7 GBytes  14.4 Gbits/sec    0   3.06 MBytes       
[  5]  70.00-80.00  sec  14.8 GBytes  12.7 Gbits/sec    0   3.06 MBytes       
[  5]  80.00-90.00  sec  15.0 GBytes  12.9 Gbits/sec    0   3.06 MBytes       
[  5]  90.00-100.00 sec  17.1 GBytes  14.7 Gbits/sec    0   3.06 MBytes       
[  5] 100.00-110.00 sec  15.6 GBytes  13.4 Gbits/sec   73   3.06 MBytes       
[  5] 110.00-120.00 sec  12.8 GBytes  11.0 Gbits/sec   39   3.06 MBytes       
- - - - - - - - - - - - - - - - - - - - - - - - -
[ ID] Interval           Transfer     Bitrate         Retr
[  5]   0.00-120.00 sec   189 GBytes  13.5 Gbits/sec  1858             sender
[  5]   0.00-120.04 sec   189 GBytes  13.5 Gbits/sec                  receiver

iperf Done.
