Connecting to host 192.168.4.2, port 25007
[  5] local 192.168.4.3 port 33629 connected to 192.168.4.2 port 25007
[ ID] Interval           Transfer     Bitrate         Retr  Cwnd
[  5]   0.00-10.00  sec  10.4 GBytes  8.94 Gbits/sec    4   3.04 MBytes       
[  5]  10.00-20.00  sec  7.30 GBytes  6.27 Gbits/sec  279   3.04 MBytes       
[  5]  20.00-30.00  sec  6.28 GBytes  5.40 Gbits/sec   39   3.04 MBytes       
[  5]  30.00-40.00  sec  12.3 GBytes  10.6 Gbits/sec    0   3.04 MBytes       
[  5]  40.00-50.00  sec  12.3 GBytes  10.6 Gbits/sec    0   3.04 MBytes       
[  5]  50.00-60.00  sec  11.9 GBytes  10.3 Gbits/sec    0   3.04 MBytes       
[  5]  60.00-70.00  sec  9.50 GBytes  8.16 Gbits/sec    0   3.04 MBytes       
[  5]  70.00-80.00  sec  8.36 GBytes  7.18 Gbits/sec   44   3.04 MBytes       
[  5]  80.00-90.00  sec  8.16 GBytes  7.01 Gbits/sec    0   3.04 MBytes       
[  5]  90.00-100.00 sec  9.49 GBytes  8.15 Gbits/sec    0   3.04 MBytes       
[  5] 100.00-110.00 sec  9.75 GBytes  8.37 Gbits/sec    0   3.04 MBytes       
[  5] 110.00-120.00 sec  13.5 GBytes  11.6 Gbits/sec    0   3.04 MBytes       
- - - - - - - - - - - - - - - - - - - - - - - - -
[ ID] Interval           Transfer     Bitrate         Retr
[  5]   0.00-120.00 sec   119 GBytes  8.55 Gbits/sec  366             sender
[  5]   0.00-120.05 sec   119 GBytes  8.54 Gbits/sec                  receiver

iperf Done.
