Connecting to host 192.168.2.3, port 25003
[  5] local 192.168.2.2 port 52159 connected to 192.168.2.3 port 25003
[ ID] Interval           Transfer     Bitrate         Retr  Cwnd
[  5]   0.00-10.00  sec  20.3 GBytes  17.4 Gbits/sec   14   3.01 MBytes       
[  5]  10.00-20.00  sec  15.9 GBytes  13.7 Gbits/sec    8   2.52 MBytes       
[  5]  20.00-30.00  sec  22.4 GBytes  19.2 Gbits/sec    0   3.07 MBytes       
[  5]  30.00-40.00  sec  12.8 GBytes  11.0 Gbits/sec  540   3.07 MBytes       
[  5]  40.00-50.00  sec  26.5 GBytes  22.8 Gbits/sec    0   3.07 MBytes       
[  5]  50.00-60.00  sec  19.5 GBytes  16.8 Gbits/sec  363   3.07 MBytes       
[  5]  60.00-70.00  sec  18.8 GBytes  16.2 Gbits/sec    0   3.07 MBytes       
[  5]  70.00-80.00  sec  16.0 GBytes  13.7 Gbits/sec    0   3.07 MBytes       
[  5]  80.00-90.00  sec  16.7 GBytes  14.4 Gbits/sec  109   3.07 MBytes       
[  5]  90.00-100.00 sec  18.7 GBytes  16.0 Gbits/sec   57   3.07 MBytes       
[  5] 100.00-110.00 sec  19.4 GBytes  16.7 Gbits/sec    1   3.07 MBytes       
[  5] 110.00-120.00 sec  14.2 GBytes  12.2 Gbits/sec    0   3.07 MBytes       
- - - - - - - - - - - - - - - - - - - - - - - - -
[ ID] Interval           Transfer     Bitrate         Retr
[  5]   0.00-120.00 sec   221 GBytes  15.8 Gbits/sec  1092             sender
[  5]   0.00-120.04 sec   221 GBytes  15.8 Gbits/sec                  receiver

iperf Done.
