Connecting to host 192.168.4.2, port 25006
[  5] local 192.168.4.3 port 49191 connected to 192.168.4.2 port 25006
[ ID] Interval           Transfer     Bitrate         Retr  Cwnd
[  5]   0.00-10.00  sec  7.38 GBytes  6.34 Gbits/sec    0   2.78 MBytes       
[  5]  10.00-20.00  sec  7.57 GBytes  6.51 Gbits/sec    0   3.00 MBytes       
[  5]  20.00-30.00  sec  9.04 GBytes  7.76 Gbits/sec    0   3.01 MBytes       
[  5]  30.00-40.00  sec  12.3 GBytes  10.6 Gbits/sec    0   3.01 MBytes       
[  5]  40.00-50.00  sec  12.5 GBytes  10.7 Gbits/sec    0   3.01 MBytes       
[  5]  50.00-60.00  sec  11.4 GBytes  9.80 Gbits/sec   13   3.01 MBytes       
[  5]  60.00-70.00  sec  9.53 GBytes  8.19 Gbits/sec    1   3.01 MBytes       
[  5]  70.00-80.00  sec  8.91 GBytes  7.66 Gbits/sec    0   3.01 MBytes       
[  5]  80.00-90.00  sec  8.23 GBytes  7.07 Gbits/sec    0   3.01 MBytes       
[  5]  90.00-100.00 sec  9.55 GBytes  8.21 Gbits/sec    0   3.01 MBytes       
[  5] 100.00-110.00 sec  9.77 GBytes  8.39 Gbits/sec    5   3.01 MBytes       
[  5] 110.00-120.00 sec  11.6 GBytes  9.99 Gbits/sec    0   3.01 MBytes       
- - - - - - - - - - - - - - - - - - - - - - - - -
[ ID] Interval           Transfer     Bitrate         Retr
[  5]   0.00-120.00 sec   118 GBytes  8.44 Gbits/sec   19             sender
[  5]   0.00-120.05 sec   118 GBytes  8.43 Gbits/sec                  receiver

iperf Done.
