-----------------------------------------------------------
Server listening on 25004
-----------------------------------------------------------
Accepted connection from 192.168.4.3, port 49291
[  5] local 192.168.4.2 port 25004 connected to 192.168.4.3 port 48595
[ ID] Interval           Transfer     Bitrate
[  5]   0.00-1.00   sec   860 MBytes  7.21 Gbits/sec                  
[  5]   1.00-2.00   sec  1.01 GBytes  8.69 Gbits/sec                  
[  5]   2.00-3.00   sec   859 MBytes  7.21 Gbits/sec                  
[  5]   3.00-4.00   sec   644 MBytes  5.40 Gbits/sec                  
[  5]   4.00-5.00   sec   408 MBytes  3.42 Gbits/sec                  
[  5]   5.00-6.00   sec   549 MBytes  4.61 Gbits/sec                  
[  5]   6.00-7.00   sec   637 MBytes  5.34 Gbits/sec                  
[  5]   7.00-8.00   sec   742 MBytes  6.22 Gbits/sec                  
[  5]   8.00-9.00   sec   509 MBytes  4.27 Gbits/sec                  
[  5]   9.00-10.00  sec   496 MBytes  4.16 Gbits/sec                  
[  5]  10.00-11.00  sec   898 MBytes  7.53 Gbits/sec                  
[  5]  11.00-12.00  sec  1.41 GBytes  12.1 Gbits/sec                  
[  5]  12.00-13.00  sec  1.19 GBytes  10.2 Gbits/sec                  
[  5]  13.00-14.00  sec   878 MBytes  7.36 Gbits/sec                  
[  5]  14.00-15.00  sec   610 MBytes  5.12 Gbits/sec                  
[  5]  15.00-16.00  sec   823 MBytes  6.90 Gbits/sec                  
[  5]  16.00-17.00  sec   712 MBytes  5.98 Gbits/sec                  
[  5]  17.00-18.00  sec   493 MBytes  4.14 Gbits/sec                  
[  5]  18.00-19.00  sec   576 MBytes  4.84 Gbits/sec                  
[  5]  19.00-20.00  sec   656 MBytes  5.50 Gbits/sec                  
[  5]  20.00-21.00  sec   444 MBytes  3.73 Gbits/sec                  
[  5]  21.00-22.00  sec   407 MBytes  3.41 Gbits/sec                  
[  5]  22.00-23.00  sec   538 MBytes  4.51 Gbits/sec                  
[  5]  23.00-24.00  sec   689 MBytes  5.78 Gbits/sec                  
[  5]  24.00-25.00  sec   492 MBytes  4.12 Gbits/sec                  
[  5]  25.00-26.00  sec   466 MBytes  3.91 Gbits/sec                  
[  5]  26.00-27.00  sec   767 MBytes  6.44 Gbits/sec                  
[  5]  27.00-28.00  sec   895 MBytes  7.51 Gbits/sec                  
[  5]  28.00-29.00  sec   688 MBytes  5.77 Gbits/sec                  
[  5]  29.00-30.00  sec   493 MBytes  4.14 Gbits/sec                  
[  5]  30.00-31.00  sec   652 MBytes  5.47 Gbits/sec                  
[  5]  31.00-32.00  sec   802 MBytes  6.72 Gbits/sec                  
[  5]  32.00-33.00  sec   583 MBytes  4.89 Gbits/sec                  
[  5]  33.00-34.00  sec   480 MBytes  4.03 Gbits/sec                  
[  5]  34.00-35.00  sec   625 MBytes  5.25 Gbits/sec                  
[  5]  35.00-36.00  sec   757 MBytes  6.35 Gbits/sec                  
[  5]  36.00-37.00  sec   574 MBytes  4.82 Gbits/sec                  
[  5]  37.00-38.00  sec   504 MBytes  4.23 Gbits/sec                  
[  5]  38.00-39.00  sec   838 MBytes  7.03 Gbits/sec                  
[  5]  39.00-40.00  sec   773 MBytes  6.48 Gbits/sec                  
[  5]  40.00-41.00  sec   610 MBytes  5.12 Gbits/sec                  
[  5]  41.00-42.00  sec   475 MBytes  3.98 Gbits/sec                  
[  5]  42.00-43.00  sec   583 MBytes  4.89 Gbits/sec                  
[  5]  43.00-44.00  sec   815 MBytes  6.83 Gbits/sec                  
[  5]  44.00-45.00  sec   685 MBytes  5.75 Gbits/sec                  
[  5]  45.00-46.00  sec   537 MBytes  4.50 Gbits/sec                  
[  5]  46.00-47.00  sec   720 MBytes  6.04 Gbits/sec                  
[  5]  47.00-48.00  sec   820 MBytes  6.88 Gbits/sec                  
[  5]  48.00-49.00  sec   637 MBytes  5.34 Gbits/sec                  
[  5]  49.00-50.00  sec   543 MBytes  4.56 Gbits/sec                  
[  5]  50.00-51.00  sec   673 MBytes  5.65 Gbits/sec                  
[  5]  51.00-52.00  sec   923 MBytes  7.75 Gbits/sec                  
[  5]  52.00-53.00  sec   751 MBytes  6.30 Gbits/sec                  
[  5]  53.00-54.00  sec   554 MBytes  4.65 Gbits/sec                  
[  5]  54.00-55.00  sec   634 MBytes  5.32 Gbits/sec                  
[  5]  55.00-56.00  sec   664 MBytes  5.57 Gbits/sec                  
[  5]  56.00-57.00  sec   585 MBytes  4.91 Gbits/sec                  
[  5]  57.00-58.00  sec   663 MBytes  5.57 Gbits/sec                  
[  5]  58.00-59.00  sec   905 MBytes  7.59 Gbits/sec                  
[  5]  59.00-60.00  sec  1.10 GBytes  9.41 Gbits/sec                  
[  5]  60.00-61.00  sec   951 MBytes  7.97 Gbits/sec                  
[  5]  61.00-62.00  sec   777 MBytes  6.52 Gbits/sec                  
[  5]  62.00-63.00  sec  1.08 GBytes  9.24 Gbits/sec                  
[  5]  63.00-64.00  sec  1.18 GBytes  10.1 Gbits/sec                  
[  5]  64.00-65.00  sec   965 MBytes  8.09 Gbits/sec                  
[  5]  65.00-66.00  sec   878 MBytes  7.37 Gbits/sec                  
[  5]  66.00-67.00  sec  1.10 GBytes  9.42 Gbits/sec                  
[  5]  67.00-68.00  sec  1.15 GBytes  9.88 Gbits/sec                  
[  5]  68.00-69.00  sec   904 MBytes  7.58 Gbits/sec                  
[  5]  69.00-70.00  sec   708 MBytes  5.94 Gbits/sec                  
[  5]  70.00-71.00  sec  1005 MBytes  8.43 Gbits/sec                  
[  5]  71.00-72.00  sec  1.19 GBytes  10.3 Gbits/sec                  
[  5]  72.00-73.00  sec   893 MBytes  7.49 Gbits/sec                  
[  5]  73.00-74.00  sec  1.12 GBytes  9.58 Gbits/sec                  
[  5]  74.00-75.00  sec  1.38 GBytes  11.9 Gbits/sec                  
[  5]  75.00-76.00  sec   913 MBytes  7.66 Gbits/sec                  
[  5]  76.00-77.00  sec   637 MBytes  5.34 Gbits/sec                  
[  5]  77.00-78.00  sec   821 MBytes  6.89 Gbits/sec                  
[  5]  78.00-79.00  sec   780 MBytes  6.54 Gbits/sec                  
[  5]  79.00-80.00  sec  1.11 GBytes  9.53 Gbits/sec                  
[  5]  80.00-81.00  sec  1.10 GBytes  9.45 Gbits/sec                  
[  5]  81.00-82.00  sec   958 MBytes  8.03 Gbits/sec                  
[  5]  82.00-83.00  sec  1.32 GBytes  11.3 Gbits/sec                  
[  5]  83.00-84.00  sec  1.84 GBytes  15.8 Gbits/sec                  
[  5]  84.00-85.00  sec  1.65 GBytes  14.2 Gbits/sec                  
[  5]  85.00-86.00  sec  1.34 GBytes  11.5 Gbits/sec                  
[  5]  86.00-87.00  sec  1.50 GBytes  12.9 Gbits/sec                  
[  5]  87.00-88.00  sec  1003 MBytes  8.42 Gbits/sec                  
[  5]  88.00-89.00  sec   905 MBytes  7.59 Gbits/sec                  
[  5]  89.00-90.00  sec   824 MBytes  6.91 Gbits/sec                  
[  5]  90.00-91.00  sec  1.00 GBytes  8.62 Gbits/sec                  
[  5]  91.00-92.00  sec  1.17 GBytes  10.1 Gbits/sec                  
[  5]  92.00-93.00  sec   894 MBytes  7.50 Gbits/sec                  
[  5]  93.00-94.00  sec   734 MBytes  6.16 Gbits/sec                  
[  5]  94.00-95.00  sec  1.06 GBytes  9.12 Gbits/sec                  
[  5]  95.00-96.00  sec  1.21 GBytes  10.4 Gbits/sec                  
[  5]  96.00-97.00  sec   939 MBytes  7.88 Gbits/sec                  
[  5]  97.00-98.00  sec   736 MBytes  6.18 Gbits/sec                  
[  5]  98.00-99.00  sec   833 MBytes  6.99 Gbits/sec                  
[  5]  99.00-100.00 sec  1.03 GBytes  8.84 Gbits/sec                  
[  5] 100.00-101.00 sec   889 MBytes  7.46 Gbits/sec                  
[  5] 101.00-102.00 sec   664 MBytes  5.57 Gbits/sec                  
[  5] 102.00-103.00 sec   745 MBytes  6.25 Gbits/sec                  
[  5] 103.00-104.00 sec   702 MBytes  5.89 Gbits/sec                  
[  5] 104.00-105.00 sec   489 MBytes  4.10 Gbits/sec                  
[  5] 105.00-106.00 sec   427 MBytes  3.58 Gbits/sec                  
[  5] 106.00-107.00 sec   538 MBytes  4.52 Gbits/sec                  
[  5] 107.00-108.00 sec   608 MBytes  5.10 Gbits/sec                  
[  5] 108.00-109.00 sec   542 MBytes  4.54 Gbits/sec                  
[  5] 109.00-110.00 sec   549 MBytes  4.61 Gbits/sec                  
[  5] 110.00-111.00 sec   714 MBytes  5.99 Gbits/sec                  
[  5] 111.00-112.00 sec   871 MBytes  7.30 Gbits/sec                  
[  5] 112.00-113.00 sec   661 MBytes  5.54 Gbits/sec                  
[  5] 113.00-114.00 sec   620 MBytes  5.20 Gbits/sec                  
[  5] 114.00-115.00 sec   672 MBytes  5.63 Gbits/sec                  
[  5] 115.00-116.00 sec   752 MBytes  6.30 Gbits/sec                  
[  5] 116.00-117.00 sec   618 MBytes  5.18 Gbits/sec                  
[  5] 117.00-118.00 sec   518 MBytes  4.35 Gbits/sec                  
[  5] 118.00-119.00 sec   658 MBytes  5.52 Gbits/sec                  
[  5] 119.00-120.00 sec  1.05 GBytes  8.99 Gbits/sec                  
[  5] 120.00-120.05 sec   115 MBytes  21.0 Gbits/sec                  
- - - - - - - - - - - - - - - - - - - - - - - - -
[ ID] Interval           Transfer     Bitrate
[  5]   0.00-120.05 sec  94.7 GBytes  6.78 Gbits/sec                  receiver
