-----------------------------------------------------------
Server listening on 25003
-----------------------------------------------------------
Accepted connection from 192.168.2.3, port 33313
[  5] local 192.168.2.2 port 25003 connected to 192.168.2.3 port 40247
[ ID] Interval           Transfer     Bitrate
[  5]   0.00-1.00   sec   858 MBytes  7.20 Gbits/sec                  
[  5]   1.00-2.00   sec   686 MBytes  5.75 Gbits/sec                  
[  5]   2.00-3.00   sec   854 MBytes  7.16 Gbits/sec                  
[  5]   3.00-4.00   sec   965 MBytes  8.09 Gbits/sec                  
[  5]   4.00-5.00   sec   820 MBytes  6.88 Gbits/sec                  
[  5]   5.00-6.00   sec  1.05 GBytes  9.00 Gbits/sec                  
[  5]   6.00-7.00   sec  1.25 GBytes  10.7 Gbits/sec                  
[  5]   7.00-8.00   sec  1.46 GBytes  12.5 Gbits/sec                  
[  5]   8.00-9.00   sec  1.49 GBytes  12.8 Gbits/sec                  
[  5]   9.00-10.00  sec  1.41 GBytes  12.1 Gbits/sec                  
[  5]  10.00-11.00  sec  2.10 GBytes  18.0 Gbits/sec                  
[  5]  11.00-12.00  sec  2.44 GBytes  21.0 Gbits/sec                  
[  5]  12.00-13.00  sec  1.21 GBytes  10.4 Gbits/sec                  
[  5]  13.00-14.00  sec  1.01 GBytes  8.64 Gbits/sec                  
[  5]  14.00-15.00  sec   706 MBytes  5.92 Gbits/sec                  
[  5]  15.00-16.00  sec   719 MBytes  6.03 Gbits/sec                  
[  5]  16.00-17.00  sec   566 MBytes  4.75 Gbits/sec                  
[  5]  17.00-18.00  sec   581 MBytes  4.88 Gbits/sec                  
[  5]  18.00-19.00  sec   566 MBytes  4.75 Gbits/sec                  
[  5]  19.00-20.00  sec   666 MBytes  5.59 Gbits/sec                  
[  5]  20.00-21.00  sec   418 MBytes  3.51 Gbits/sec                  
[  5]  21.00-22.00  sec   373 MBytes  3.13 Gbits/sec                  
[  5]  22.00-23.00  sec   527 MBytes  4.42 Gbits/sec                  
[  5]  23.00-24.00  sec   669 MBytes  5.61 Gbits/sec                  
[  5]  24.00-25.00  sec   463 MBytes  3.88 Gbits/sec                  
[  5]  25.00-26.00  sec   515 MBytes  4.32 Gbits/sec                  
[  5]  26.00-27.00  sec   482 MBytes  4.04 Gbits/sec                  
[  5]  27.00-28.00  sec   570 MBytes  4.79 Gbits/sec                  
[  5]  28.00-29.00  sec   453 MBytes  3.80 Gbits/sec                  
[  5]  29.00-30.00  sec   762 MBytes  6.39 Gbits/sec                  
[  5]  30.00-31.00  sec   996 MBytes  8.35 Gbits/sec                  
[  5]  31.00-32.00  sec  1.18 GBytes  10.1 Gbits/sec                  
[  5]  32.00-33.00  sec   893 MBytes  7.49 Gbits/sec                  
[  5]  33.00-34.00  sec   495 MBytes  4.15 Gbits/sec                  
[  5]  34.00-35.00  sec   731 MBytes  6.13 Gbits/sec                  
[  5]  35.00-36.00  sec  1.25 GBytes  10.8 Gbits/sec                  
[  5]  36.00-37.00  sec   825 MBytes  6.92 Gbits/sec                  
[  5]  37.00-38.00  sec   642 MBytes  5.39 Gbits/sec                  
[  5]  38.00-39.00  sec   626 MBytes  5.25 Gbits/sec                  
[  5]  39.00-40.00  sec   755 MBytes  6.33 Gbits/sec                  
[  5]  40.00-41.00  sec   647 MBytes  5.42 Gbits/sec                  
[  5]  41.00-42.00  sec   485 MBytes  4.07 Gbits/sec                  
[  5]  42.00-43.00  sec   592 MBytes  4.96 Gbits/sec                  
[  5]  43.00-44.00  sec   806 MBytes  6.76 Gbits/sec                  
[  5]  44.00-45.00  sec   995 MBytes  8.35 Gbits/sec                  
[  5]  45.00-46.00  sec   823 MBytes  6.91 Gbits/sec                  
[  5]  46.00-47.00  sec  1.01 GBytes  8.72 Gbits/sec                  
[  5]  47.00-48.00  sec  1.07 GBytes  9.23 Gbits/sec                  
[  5]  48.00-49.00  sec   628 MBytes  5.27 Gbits/sec                  
[  5]  49.00-50.00  sec   609 MBytes  5.11 Gbits/sec                  
[  5]  50.00-51.00  sec  1009 MBytes  8.47 Gbits/sec                  
[  5]  51.00-52.00  sec  1.33 GBytes  11.4 Gbits/sec                  
[  5]  52.00-53.00  sec  1.04 GBytes  8.95 Gbits/sec                  
[  5]  53.00-54.00  sec   552 MBytes  4.63 Gbits/sec                  
[  5]  54.00-55.00  sec   751 MBytes  6.30 Gbits/sec                  
[  5]  55.00-56.00  sec   715 MBytes  6.00 Gbits/sec                  
[  5]  56.00-57.00  sec   544 MBytes  4.56 Gbits/sec                  
[  5]  57.00-58.00  sec   434 MBytes  3.64 Gbits/sec                  
[  5]  58.00-59.00  sec   778 MBytes  6.53 Gbits/sec                  
[  5]  59.00-60.00  sec   778 MBytes  6.53 Gbits/sec                  
[  5]  60.00-61.00  sec   606 MBytes  5.09 Gbits/sec                  
[  5]  61.00-62.00  sec   482 MBytes  4.05 Gbits/sec                  
[  5]  62.00-63.00  sec   769 MBytes  6.45 Gbits/sec                  
[  5]  63.00-64.00  sec   920 MBytes  7.71 Gbits/sec                  
[  5]  64.00-65.00  sec   628 MBytes  5.27 Gbits/sec                  
[  5]  65.00-66.00  sec   612 MBytes  5.14 Gbits/sec                  
[  5]  66.00-67.00  sec   897 MBytes  7.53 Gbits/sec                  
[  5]  67.00-68.00  sec  1019 MBytes  8.55 Gbits/sec                  
[  5]  68.00-69.00  sec   907 MBytes  7.61 Gbits/sec                  
[  5]  69.00-70.00  sec   680 MBytes  5.70 Gbits/sec                  
[  5]  70.00-71.00  sec   823 MBytes  6.91 Gbits/sec                  
[  5]  71.00-72.00  sec   801 MBytes  6.72 Gbits/sec                  
[  5]  72.00-73.00  sec   575 MBytes  4.83 Gbits/sec                  
[  5]  73.00-74.00  sec   572 MBytes  4.79 Gbits/sec                  
[  5]  74.00-75.00  sec   893 MBytes  7.49 Gbits/sec                  
[  5]  75.00-76.00  sec  1.02 GBytes  8.76 Gbits/sec                  
[  5]  76.00-77.00  sec   822 MBytes  6.90 Gbits/sec                  
[  5]  77.00-78.00  sec   602 MBytes  5.05 Gbits/sec                  
[  5]  78.00-79.00  sec   493 MBytes  4.14 Gbits/sec                  
[  5]  79.00-80.00  sec   723 MBytes  6.06 Gbits/sec                  
[  5]  80.00-81.00  sec  1.30 GBytes  11.2 Gbits/sec                  
[  5]  81.00-82.00  sec  1.23 GBytes  10.6 Gbits/sec                  
[  5]  82.00-83.00  sec  1.52 GBytes  13.1 Gbits/sec                  
[  5]  83.00-84.00  sec  1.86 GBytes  16.0 Gbits/sec                  
[  5]  84.00-85.00  sec  1.21 GBytes  10.4 Gbits/sec                  
[  5]  85.00-86.00  sec   698 MBytes  5.85 Gbits/sec                  
[  5]  86.00-87.00  sec  1.11 GBytes  9.54 Gbits/sec                  
[  5]  87.00-88.00  sec  1.30 GBytes  11.1 Gbits/sec                  
[  5]  88.00-89.00  sec  1.07 GBytes  9.18 Gbits/sec                  
[  5]  89.00-90.00  sec  1.09 GBytes  9.35 Gbits/sec                  
[  5]  90.00-91.00  sec  1.20 GBytes  10.3 Gbits/sec                  
[  5]  91.00-92.00  sec  1.07 GBytes  9.15 Gbits/sec                  
[  5]  92.00-93.00  sec   907 MBytes  7.61 Gbits/sec                  
[  5]  93.00-94.00  sec   733 MBytes  6.15 Gbits/sec                  
[  5]  94.00-95.00  sec  1.06 GBytes  9.11 Gbits/sec                  
[  5]  95.00-96.00  sec  1.21 GBytes  10.4 Gbits/sec                  
[  5]  96.00-97.00  sec   945 MBytes  7.93 Gbits/sec                  
[  5]  97.00-98.00  sec   895 MBytes  7.51 Gbits/sec                  
[  5]  98.00-99.00  sec  1.05 GBytes  9.01 Gbits/sec                  
[  5]  99.00-100.00 sec   993 MBytes  8.33 Gbits/sec                  
[  5] 100.00-101.00 sec   927 MBytes  7.78 Gbits/sec                  
[  5] 101.00-102.00 sec   877 MBytes  7.36 Gbits/sec                  
[  5] 102.00-103.00 sec   977 MBytes  8.19 Gbits/sec                  
[  5] 103.00-104.00 sec  1.27 GBytes  10.9 Gbits/sec                  
[  5] 104.00-105.00 sec   797 MBytes  6.68 Gbits/sec                  
[  5] 105.00-106.00 sec   427 MBytes  3.58 Gbits/sec                  
[  5] 106.00-107.00 sec   540 MBytes  4.53 Gbits/sec                  
[  5] 107.00-108.00 sec   881 MBytes  7.39 Gbits/sec                  
[  5] 108.00-109.00 sec   837 MBytes  7.02 Gbits/sec                  
[  5] 109.00-110.00 sec   839 MBytes  7.04 Gbits/sec                  
[  5] 110.00-111.00 sec  1.06 GBytes  9.14 Gbits/sec                  
[  5] 111.00-112.00 sec  1.41 GBytes  12.1 Gbits/sec                  
[  5] 112.00-113.00 sec  1001 MBytes  8.40 Gbits/sec                  
[  5] 113.00-114.00 sec   724 MBytes  6.07 Gbits/sec                  
[  5] 114.00-115.00 sec   692 MBytes  5.81 Gbits/sec                  
[  5] 115.00-116.00 sec   795 MBytes  6.67 Gbits/sec                  
[  5] 116.00-117.00 sec   678 MBytes  5.69 Gbits/sec                  
[  5] 117.00-118.00 sec   815 MBytes  6.84 Gbits/sec                  
[  5] 118.00-119.00 sec  1.00 GBytes  8.61 Gbits/sec                  
[  5] 119.00-120.00 sec  1.41 GBytes  12.1 Gbits/sec                  
[  5] 120.00-120.04 sec   132 MBytes  26.0 Gbits/sec                  
- - - - - - - - - - - - - - - - - - - - - - - - -
[ ID] Interval           Transfer     Bitrate
[  5]   0.00-120.04 sec   105 GBytes  7.48 Gbits/sec                  receiver
