Connecting to host 192.168.2.3, port 25001
[  5] local 192.168.2.2 port 57805 connected to 192.168.2.3 port 25001
[ ID] Interval           Transfer     Bitrate         Retr  Cwnd
[  5]   0.00-10.00  sec  19.7 GBytes  16.9 Gbits/sec  1137   2.25 MBytes       
[  5]  10.00-20.00  sec  15.9 GBytes  13.7 Gbits/sec  1189   2.09 MBytes       
[  5]  20.00-30.00  sec  20.0 GBytes  17.2 Gbits/sec  621   2.23 MBytes       
[  5]  30.00-40.00  sec  21.4 GBytes  18.4 Gbits/sec    0   3.25 MBytes       
[  5]  40.00-50.00  sec  14.0 GBytes  12.1 Gbits/sec  830   3.25 MBytes       
[  5]  50.00-60.00  sec  14.3 GBytes  12.3 Gbits/sec   44   3.25 MBytes       
[  5]  60.00-70.00  sec  15.6 GBytes  13.4 Gbits/sec    0   3.25 MBytes       
[  5]  70.00-80.00  sec  15.9 GBytes  13.7 Gbits/sec  109   3.25 MBytes       
[  5]  80.00-90.00  sec  19.7 GBytes  16.9 Gbits/sec    8   3.25 MBytes       
[  5]  90.00-100.00 sec  23.8 GBytes  20.4 Gbits/sec  115   3.25 MBytes       
[  5] 100.00-110.00 sec  19.7 GBytes  16.9 Gbits/sec    0   3.25 MBytes       
[  5] 110.00-120.00 sec  19.3 GBytes  16.6 Gbits/sec    7   3.25 MBytes       
- - - - - - - - - - - - - - - - - - - - - - - - -
[ ID] Interval           Transfer     Bitrate         Retr
[  5]   0.00-120.00 sec   219 GBytes  15.7 Gbits/sec  4060             sender
[  5]   0.00-120.04 sec   219 GBytes  15.7 Gbits/sec                  receiver

iperf Done.
