Connecting to host 192.168.2.2, port 25002
[  5] local 192.168.2.3 port 36337 connected to 192.168.2.2 port 25002
[ ID] Interval           Transfer     Bitrate         Retr  Cwnd
[  5]   0.00-10.00  sec  6.73 GBytes  5.78 Gbits/sec    2   3.07 MBytes       
[  5]  10.00-20.00  sec  8.94 GBytes  7.68 Gbits/sec    0   3.07 MBytes       
[  5]  20.00-30.00  sec  8.40 GBytes  7.22 Gbits/sec    0   3.07 MBytes       
[  5]  30.00-40.00  sec  9.98 GBytes  8.57 Gbits/sec    0   3.07 MBytes       
[  5]  40.00-50.00  sec  10.1 GBytes  8.67 Gbits/sec    0   3.07 MBytes       
[  5]  50.00-60.00  sec  10.3 GBytes  8.85 Gbits/sec    0   3.07 MBytes       
[  5]  60.00-70.00  sec  9.33 GBytes  8.01 Gbits/sec    0   3.07 MBytes       
[  5]  70.00-80.00  sec  9.80 GBytes  8.41 Gbits/sec    0   3.07 MBytes       
[  5]  80.00-90.00  sec  8.08 GBytes  6.94 Gbits/sec    2   3.07 MBytes       
[  5]  90.00-100.00 sec  9.51 GBytes  8.17 Gbits/sec    0   3.07 MBytes       
[  5] 100.00-110.00 sec  7.48 GBytes  6.42 Gbits/sec    0   3.07 MBytes       
[  5] 110.00-120.00 sec  9.75 GBytes  8.37 Gbits/sec    0   3.07 MBytes       
- - - - - - - - - - - - - - - - - - - - - - - - -
[ ID] Interval           Transfer     Bitrate         Retr
[  5]   0.00-120.00 sec   108 GBytes  7.76 Gbits/sec    4             sender
[  5]   0.00-120.04 sec   108 GBytes  7.76 Gbits/sec                  receiver

iperf Done.
