Connecting to host 192.168.2.3, port 25003
[  5] local 192.168.2.2 port 49909 connected to 192.168.2.3 port 25003
[ ID] Interval           Transfer     Bitrate         Retr  Cwnd
[  5]   0.00-10.00  sec  25.0 GBytes  21.4 Gbits/sec  160   3.07 MBytes       
[  5]  10.00-20.00  sec  24.3 GBytes  20.9 Gbits/sec    0   3.07 MBytes       
[  5]  20.00-30.00  sec  24.1 GBytes  20.7 Gbits/sec    0   3.07 MBytes       
[  5]  30.00-40.00  sec  27.4 GBytes  23.5 Gbits/sec    0   3.07 MBytes       
[  5]  40.00-50.00  sec  27.3 GBytes  23.5 Gbits/sec   89   3.07 MBytes       
[  5]  50.00-60.00  sec  20.0 GBytes  17.2 Gbits/sec  759   2.61 MBytes       
[  5]  60.00-70.00  sec  17.2 GBytes  14.8 Gbits/sec    2   2.70 MBytes       
[  5]  70.00-80.00  sec  28.0 GBytes  24.1 Gbits/sec    0   2.87 MBytes       
[  5]  80.00-90.00  sec  33.1 GBytes  28.4 Gbits/sec    0   3.00 MBytes       
[  5]  90.00-100.00 sec  29.1 GBytes  25.0 Gbits/sec    0   3.43 MBytes       
[  5] 100.00-110.00 sec  35.4 GBytes  30.4 Gbits/sec    0   3.43 MBytes       
[  5] 110.00-120.00 sec  21.0 GBytes  18.0 Gbits/sec    0   3.43 MBytes       
- - - - - - - - - - - - - - - - - - - - - - - - -
[ ID] Interval           Transfer     Bitrate         Retr
[  5]   0.00-120.00 sec   312 GBytes  22.3 Gbits/sec  1010             sender
[  5]   0.00-120.04 sec   312 GBytes  22.3 Gbits/sec                  receiver

iperf Done.
