Connecting to host 192.168.4.3, port 25007
[  5] local 192.168.4.2 port 33679 connected to 192.168.4.3 port 25007
[ ID] Interval           Transfer     Bitrate         Retr  Cwnd
[  5]   0.00-10.00  sec  26.6 GBytes  22.8 Gbits/sec  706   1.94 MBytes       
[  5]  10.00-20.00  sec  29.6 GBytes  25.4 Gbits/sec    0   2.88 MBytes       
[  5]  20.00-30.00  sec  25.4 GBytes  21.8 Gbits/sec    0   2.87 MBytes       
[  5]  30.00-40.00  sec  28.4 GBytes  24.4 Gbits/sec    0   2.91 MBytes       
[  5]  40.00-50.00  sec  20.4 GBytes  17.5 Gbits/sec   44   3.02 MBytes       
[  5]  50.00-60.00  sec  21.6 GBytes  18.6 Gbits/sec  496   3.02 MBytes       
[  5]  60.00-70.00  sec  29.1 GBytes  25.0 Gbits/sec    0   3.02 MBytes       
[  5]  70.00-80.00  sec  32.0 GBytes  27.5 Gbits/sec    0   3.02 MBytes       
[  5]  80.00-90.00  sec  18.0 GBytes  15.5 Gbits/sec  450   3.02 MBytes       
[  5]  90.00-100.00 sec  21.9 GBytes  18.8 Gbits/sec    0   3.02 MBytes       
[  5] 100.00-110.00 sec  27.7 GBytes  23.8 Gbits/sec    0   3.02 MBytes       
[  5] 110.00-120.00 sec  21.2 GBytes  18.2 Gbits/sec    0   3.02 MBytes       
- - - - - - - - - - - - - - - - - - - - - - - - -
[ ID] Interval           Transfer     Bitrate         Retr
[  5]   0.00-120.00 sec   302 GBytes  21.6 Gbits/sec  1696             sender
[  5]   0.00-120.04 sec   302 GBytes  21.6 Gbits/sec                  receiver

iperf Done.
