Connecting to host 192.168.2.2, port 25003
[  5] local 192.168.2.3 port 44381 connected to 192.168.2.2 port 25003
[ ID] Interval           Transfer     Bitrate         Retr  Cwnd
[  5]   0.00-10.00  sec  17.9 GBytes  15.4 Gbits/sec    6   3.13 MBytes       
[  5]  10.00-20.00  sec  23.5 GBytes  20.2 Gbits/sec  701   3.13 MBytes       
[  5]  20.00-30.00  sec  28.0 GBytes  24.1 Gbits/sec    0   3.13 MBytes       
[  5]  30.00-40.00  sec  21.5 GBytes  18.5 Gbits/sec    0   3.13 MBytes       
[  5]  40.00-50.00  sec  17.4 GBytes  14.9 Gbits/sec  224   3.13 MBytes       
[  5]  50.00-60.00  sec  18.4 GBytes  15.8 Gbits/sec    0   3.13 MBytes       
[  5]  60.00-70.00  sec  21.2 GBytes  18.2 Gbits/sec    0   3.13 MBytes       
[  5]  70.00-80.00  sec  17.1 GBytes  14.7 Gbits/sec    0   3.13 MBytes       
[  5]  80.00-90.00  sec  19.5 GBytes  16.7 Gbits/sec    0   3.13 MBytes       
[  5]  90.00-100.00 sec  19.9 GBytes  17.1 Gbits/sec    0   3.13 MBytes       
[  5] 100.00-110.00 sec  26.2 GBytes  22.5 Gbits/sec    0   3.13 MBytes       
[  5] 110.00-120.00 sec  20.8 GBytes  17.9 Gbits/sec    0   3.13 MBytes       
- - - - - - - - - - - - - - - - - - - - - - - - -
[ ID] Interval           Transfer     Bitrate         Retr
[  5]   0.00-120.00 sec   251 GBytes  18.0 Gbits/sec  931             sender
[  5]   0.00-120.04 sec   251 GBytes  18.0 Gbits/sec                  receiver

iperf Done.
