Connecting to host 192.168.2.3, port 25001
[  5] local 192.168.2.2 port 46463 connected to 192.168.2.3 port 25001
[ ID] Interval           Transfer     Bitrate         Retr  Cwnd
[  5]   0.00-10.00  sec  28.7 GBytes  24.6 Gbits/sec  605   3.00 MBytes       
[  5]  10.00-20.00  sec  27.7 GBytes  23.8 Gbits/sec    0   3.00 MBytes       
[  5]  20.00-30.00  sec  28.8 GBytes  24.7 Gbits/sec  746   2.15 MBytes       
[  5]  30.00-40.00  sec  29.8 GBytes  25.6 Gbits/sec    0   2.70 MBytes       
[  5]  40.00-50.00  sec  24.8 GBytes  21.3 Gbits/sec  691   3.00 MBytes       
[  5]  50.00-60.00  sec  31.7 GBytes  27.2 Gbits/sec    0   3.00 MBytes       
[  5]  60.00-70.00  sec  34.5 GBytes  29.6 Gbits/sec    0   3.00 MBytes       
[  5]  70.00-80.00  sec  32.2 GBytes  27.6 Gbits/sec    0   3.00 MBytes       
[  5]  80.00-90.00  sec  25.8 GBytes  22.1 Gbits/sec    0   3.00 MBytes       
[  5]  90.00-100.00 sec  23.7 GBytes  20.4 Gbits/sec    0   3.00 MBytes       
[  5] 100.00-110.00 sec  20.3 GBytes  17.4 Gbits/sec    0   3.00 MBytes       
[  5] 110.00-120.00 sec  27.7 GBytes  23.8 Gbits/sec    0   3.00 MBytes       
- - - - - - - - - - - - - - - - - - - - - - - - -
[ ID] Interval           Transfer     Bitrate         Retr
[  5]   0.00-120.00 sec   336 GBytes  24.0 Gbits/sec  2042             sender
[  5]   0.00-120.04 sec   336 GBytes  24.0 Gbits/sec                  receiver

iperf Done.
