Connecting to host 192.168.4.3, port 25005
[  5] local 192.168.4.2 port 54291 connected to 192.168.4.3 port 25005
[ ID] Interval           Transfer     Bitrate         Retr  Cwnd
[  5]   0.00-10.00  sec  26.4 GBytes  22.7 Gbits/sec  1314   2.16 MBytes       
[  5]  10.00-20.00  sec  19.4 GBytes  16.6 Gbits/sec   12   2.81 MBytes       
[  5]  20.00-30.00  sec  19.4 GBytes  16.6 Gbits/sec   11   2.98 MBytes       
[  5]  30.00-40.00  sec  26.9 GBytes  23.1 Gbits/sec    0   3.38 MBytes       
[  5]  40.00-50.00  sec  31.2 GBytes  26.8 Gbits/sec    0   3.38 MBytes       
[  5]  50.00-60.00  sec  28.5 GBytes  24.5 Gbits/sec  1347   3.38 MBytes       
[  5]  60.00-70.00  sec  19.0 GBytes  16.4 Gbits/sec    0   3.38 MBytes       
[  5]  70.00-80.00  sec  16.9 GBytes  14.6 Gbits/sec    0   3.38 MBytes       
[  5]  80.00-90.00  sec  26.8 GBytes  23.0 Gbits/sec  258   3.38 MBytes       
[  5]  90.00-100.00 sec  25.9 GBytes  22.2 Gbits/sec    0   3.38 MBytes       
[  5] 100.00-110.00 sec  28.0 GBytes  24.1 Gbits/sec    0   3.38 MBytes       
[  5] 110.00-120.00 sec  30.1 GBytes  25.8 Gbits/sec    0   3.38 MBytes       
- - - - - - - - - - - - - - - - - - - - - - - - -
[ ID] Interval           Transfer     Bitrate         Retr
[  5]   0.00-120.00 sec   299 GBytes  21.4 Gbits/sec  2942             sender
[  5]   0.00-120.04 sec   299 GBytes  21.4 Gbits/sec                  receiver

iperf Done.
