Connecting to host 192.168.4.3, port 25006
[  5] local 192.168.4.2 port 36563 connected to 192.168.4.3 port 25006
[ ID] Interval           Transfer     Bitrate         Retr  Cwnd
[  5]   0.00-10.00  sec  25.6 GBytes  22.0 Gbits/sec  398   3.19 MBytes       
[  5]  10.00-20.00  sec  27.8 GBytes  23.9 Gbits/sec    0   3.19 MBytes       
[  5]  20.00-30.00  sec  33.2 GBytes  28.5 Gbits/sec    0   3.19 MBytes       
[  5]  30.00-40.00  sec  28.0 GBytes  24.1 Gbits/sec    0   3.19 MBytes       
[  5]  40.00-50.00  sec  32.3 GBytes  27.7 Gbits/sec    0   3.19 MBytes       
[  5]  50.00-60.00  sec  25.9 GBytes  22.2 Gbits/sec    0   3.19 MBytes       
[  5]  60.00-70.00  sec  28.9 GBytes  24.8 Gbits/sec    0   3.19 MBytes       
[  5]  70.00-80.00  sec  28.3 GBytes  24.3 Gbits/sec  360   3.19 MBytes       
[  5]  80.00-90.00  sec  34.8 GBytes  29.9 Gbits/sec    0   3.19 MBytes       
[  5]  90.00-100.00 sec  32.2 GBytes  27.7 Gbits/sec    0   3.19 MBytes       
[  5] 100.00-110.00 sec  23.5 GBytes  20.2 Gbits/sec    0   3.02 MBytes       
[  5] 110.00-120.00 sec  20.9 GBytes  17.9 Gbits/sec    0   3.02 MBytes       
- - - - - - - - - - - - - - - - - - - - - - - - -
[ ID] Interval           Transfer     Bitrate         Retr
[  5]   0.00-120.00 sec   341 GBytes  24.4 Gbits/sec  758             sender
[  5]   0.00-120.04 sec   341 GBytes  24.4 Gbits/sec                  receiver

iperf Done.
