Connecting to host 192.168.2.3, port 25000
[  5] local 192.168.2.2 port 56727 connected to 192.168.2.3 port 25000
[ ID] Interval           Transfer     Bitrate         Retr  Cwnd
[  5]   0.00-10.00  sec  28.2 GBytes  24.2 Gbits/sec   57   3.00 MBytes       
[  5]  10.00-20.00  sec  29.1 GBytes  25.0 Gbits/sec    0   3.00 MBytes       
[  5]  20.00-30.00  sec  26.2 GBytes  22.5 Gbits/sec  180   3.02 MBytes       
[  5]  30.00-40.00  sec  23.6 GBytes  20.3 Gbits/sec    0   3.02 MBytes       
[  5]  40.00-50.00  sec  29.4 GBytes  25.2 Gbits/sec   89   3.02 MBytes       
[  5]  50.00-60.00  sec  22.1 GBytes  19.0 Gbits/sec   45   3.02 MBytes       
[  5]  60.00-70.00  sec  17.2 GBytes  14.8 Gbits/sec  135   3.02 MBytes       
[  5]  70.00-80.00  sec  17.8 GBytes  15.3 Gbits/sec    0   3.02 MBytes       
[  5]  80.00-90.00  sec  21.9 GBytes  18.8 Gbits/sec    0   3.02 MBytes       
[  5]  90.00-100.00 sec  26.8 GBytes  23.0 Gbits/sec  238   3.02 MBytes       
[  5] 100.00-110.00 sec  20.7 GBytes  17.8 Gbits/sec    0   3.02 MBytes       
[  5] 110.00-120.00 sec  29.6 GBytes  25.4 Gbits/sec  733   3.02 MBytes       
- - - - - - - - - - - - - - - - - - - - - - - - -
[ ID] Interval           Transfer     Bitrate         Retr
[  5]   0.00-120.00 sec   293 GBytes  21.0 Gbits/sec  1477             sender
[  5]   0.00-120.05 sec   293 GBytes  20.9 Gbits/sec                  receiver

iperf Done.
