Connecting to host 192.168.2.2, port 25002
[  5] local 192.168.2.3 port 41961 connected to 192.168.2.2 port 25002
[ ID] Interval           Transfer     Bitrate         Retr  Cwnd
[  5]   0.00-10.00  sec  19.4 GBytes  16.7 Gbits/sec  144   2.01 MBytes       
[  5]  10.00-20.00  sec  26.5 GBytes  22.7 Gbits/sec    5   1.52 MBytes       
[  5]  20.00-30.00  sec  20.7 GBytes  17.8 Gbits/sec   22   2.99 MBytes       
[  5]  30.00-40.00  sec  23.7 GBytes  20.4 Gbits/sec  546   2.91 MBytes       
[  5]  40.00-50.00  sec  27.9 GBytes  23.9 Gbits/sec    0   3.01 MBytes       
[  5]  50.00-60.00  sec  20.2 GBytes  17.4 Gbits/sec    0   3.01 MBytes       
[  5]  60.00-70.00  sec  21.0 GBytes  18.1 Gbits/sec    0   3.01 MBytes       
[  5]  70.00-80.00  sec  26.8 GBytes  23.1 Gbits/sec    0   3.01 MBytes       
[  5]  80.00-90.00  sec  22.2 GBytes  19.1 Gbits/sec   39   3.01 MBytes       
[  5]  90.00-100.00 sec  20.9 GBytes  17.9 Gbits/sec   93   3.01 MBytes       
[  5] 100.00-110.00 sec  20.2 GBytes  17.3 Gbits/sec    0   3.01 MBytes       
[  5] 110.00-120.00 sec  20.0 GBytes  17.2 Gbits/sec   44   3.01 MBytes       
- - - - - - - - - - - - - - - - - - - - - - - - -
[ ID] Interval           Transfer     Bitrate         Retr
[  5]   0.00-120.00 sec   269 GBytes  19.3 Gbits/sec  893             sender
[  5]   0.00-120.04 sec   269 GBytes  19.3 Gbits/sec                  receiver

iperf Done.
