Connecting to host 192.168.2.3, port 25002
[  5] local 192.168.2.2 port 34027 connected to 192.168.2.3 port 25002
[ ID] Interval           Transfer     Bitrate         Retr  Cwnd
[  5]   0.00-10.00  sec  23.5 GBytes  20.2 Gbits/sec  121   3.10 MBytes       
[  5]  10.00-20.00  sec  22.9 GBytes  19.7 Gbits/sec    0   3.10 MBytes       
[  5]  20.00-30.00  sec  25.6 GBytes  22.0 Gbits/sec  617   2.70 MBytes       
[  5]  30.00-40.00  sec  23.8 GBytes  20.5 Gbits/sec    5   3.01 MBytes       
[  5]  40.00-50.00  sec  21.9 GBytes  18.8 Gbits/sec    1   3.01 MBytes       
[  5]  50.00-60.00  sec  29.1 GBytes  25.0 Gbits/sec    0   3.01 MBytes       
[  5]  60.00-70.00  sec  33.9 GBytes  29.1 Gbits/sec    0   3.01 MBytes       
[  5]  70.00-80.00  sec  21.6 GBytes  18.6 Gbits/sec   96   3.01 MBytes       
[  5]  80.00-90.00  sec  22.1 GBytes  19.0 Gbits/sec   33   3.00 MBytes       
[  5]  90.00-100.00 sec  24.9 GBytes  21.4 Gbits/sec  1534   3.03 MBytes       
[  5] 100.00-110.00 sec  27.6 GBytes  23.7 Gbits/sec  254   3.03 MBytes       
[  5] 110.00-120.00 sec  23.9 GBytes  20.5 Gbits/sec  242   3.03 MBytes       
- - - - - - - - - - - - - - - - - - - - - - - - -
[ ID] Interval           Transfer     Bitrate         Retr
[  5]   0.00-120.00 sec   301 GBytes  21.5 Gbits/sec  2903             sender
[  5]   0.00-120.04 sec   301 GBytes  21.5 Gbits/sec                  receiver

iperf Done.
