Connecting to host 192.168.4.2, port 25004
[  5] local 192.168.4.3 port 45659 connected to 192.168.4.2 port 25004
[ ID] Interval           Transfer     Bitrate         Retr  Cwnd
[  5]   0.00-10.00  sec  19.6 GBytes  16.8 Gbits/sec  109   2.61 MBytes       
[  5]  10.00-20.00  sec  14.6 GBytes  12.6 Gbits/sec    0   3.05 MBytes       
[  5]  20.00-30.00  sec  14.2 GBytes  12.2 Gbits/sec    0   3.05 MBytes       
[  5]  30.00-40.00  sec  14.7 GBytes  12.6 Gbits/sec    0   3.05 MBytes       
[  5]  40.00-50.00  sec  16.8 GBytes  14.5 Gbits/sec   31   3.05 MBytes       
[  5]  50.00-60.00  sec  29.0 GBytes  24.9 Gbits/sec    0   3.05 MBytes       
[  5]  60.00-70.00  sec  29.5 GBytes  25.3 Gbits/sec    0   3.05 MBytes       
[  5]  70.00-80.00  sec  25.1 GBytes  21.6 Gbits/sec    0   3.05 MBytes       
[  5]  80.00-90.00  sec  19.4 GBytes  16.6 Gbits/sec    0   3.05 MBytes       
[  5]  90.00-100.00 sec  13.9 GBytes  12.0 Gbits/sec    0   3.05 MBytes       
[  5] 100.00-110.00 sec  17.2 GBytes  14.7 Gbits/sec    0   3.05 MBytes       
[  5] 110.00-120.00 sec  21.4 GBytes  18.4 Gbits/sec    0   3.05 MBytes       
- - - - - - - - - - - - - - - - - - - - - - - - -
[ ID] Interval           Transfer     Bitrate         Retr
[  5]   0.00-120.00 sec   235 GBytes  16.9 Gbits/sec  140             sender
[  5]   0.00-120.04 sec   235 GBytes  16.8 Gbits/sec                  receiver

iperf Done.
