Connecting to host 192.168.4.2, port 25006
[  5] local 192.168.4.3 port 46327 connected to 192.168.4.2 port 25006
[ ID] Interval           Transfer     Bitrate         Retr  Cwnd
[  5]   0.00-10.00  sec  16.0 GBytes  13.8 Gbits/sec    8   3.02 MBytes       
[  5]  10.00-20.00  sec  13.9 GBytes  12.0 Gbits/sec    5   3.02 MBytes       
[  5]  20.00-30.00  sec  21.2 GBytes  18.2 Gbits/sec    0   3.02 MBytes       
[  5]  30.00-40.00  sec  37.2 GBytes  31.9 Gbits/sec    0   3.02 MBytes       
[  5]  40.00-50.00  sec  19.3 GBytes  16.6 Gbits/sec    0   3.02 MBytes       
[  5]  50.00-60.00  sec  23.2 GBytes  19.9 Gbits/sec    0   3.02 MBytes       
[  5]  60.00-70.00  sec  15.5 GBytes  13.3 Gbits/sec    0   3.02 MBytes       
[  5]  70.00-80.00  sec  19.2 GBytes  16.5 Gbits/sec    0   3.02 MBytes       
[  5]  80.00-90.00  sec  24.7 GBytes  21.2 Gbits/sec    0   3.02 MBytes       
[  5]  90.00-100.00 sec  30.4 GBytes  26.1 Gbits/sec    0   3.02 MBytes       
[  5] 100.00-110.00 sec  24.2 GBytes  20.8 Gbits/sec    0   3.02 MBytes       
[  5] 110.00-120.00 sec  21.0 GBytes  18.1 Gbits/sec    0   2.91 MBytes       
- - - - - - - - - - - - - - - - - - - - - - - - -
[ ID] Interval           Transfer     Bitrate         Retr
[  5]   0.00-120.00 sec   266 GBytes  19.0 Gbits/sec   13             sender
[  5]   0.00-120.04 sec   266 GBytes  19.0 Gbits/sec                  receiver

iperf Done.
