Connecting to host 192.168.2.2, port 25001
[  5] local 192.168.2.3 port 54795 connected to 192.168.2.2 port 25001
[ ID] Interval           Transfer     Bitrate         Retr  Cwnd
[  5]   0.00-10.00  sec  19.5 GBytes  16.7 Gbits/sec   26   1.60 MBytes       
[  5]  10.00-20.00  sec  16.4 GBytes  14.1 Gbits/sec    0   3.30 MBytes       
[  5]  20.00-30.00  sec  15.0 GBytes  12.9 Gbits/sec   43   3.30 MBytes       
[  5]  30.00-40.00  sec  17.3 GBytes  14.9 Gbits/sec  423   2.53 MBytes       
[  5]  40.00-50.00  sec  20.6 GBytes  17.7 Gbits/sec  132   3.36 MBytes       
[  5]  50.00-60.00  sec  19.2 GBytes  16.5 Gbits/sec    1   3.36 MBytes       
[  5]  60.00-70.00  sec  22.4 GBytes  19.3 Gbits/sec    0   3.36 MBytes       
[  5]  70.00-80.00  sec  26.8 GBytes  23.1 Gbits/sec    0   3.36 MBytes       
[  5]  80.00-90.00  sec  22.2 GBytes  19.0 Gbits/sec   22   3.36 MBytes       
[  5]  90.00-100.00 sec  20.9 GBytes  17.9 Gbits/sec    0   3.36 MBytes       
[  5] 100.00-110.00 sec  19.1 GBytes  16.4 Gbits/sec    0   3.36 MBytes       
[  5] 110.00-120.00 sec  23.6 GBytes  20.3 Gbits/sec    0   3.36 MBytes       
- - - - - - - - - - - - - - - - - - - - - - - - -
[ ID] Interval           Transfer     Bitrate         Retr
[  5]   0.00-120.00 sec   243 GBytes  17.4 Gbits/sec  647             sender
[  5]   0.00-120.04 sec   243 GBytes  17.4 Gbits/sec                  receiver

iperf Done.
