Connecting to host 192.168.4.3, port 25004
[  5] local 192.168.4.2 port 55851 connected to 192.168.4.3 port 25004
[ ID] Interval           Transfer     Bitrate         Retr  Cwnd
[  5]   0.00-10.00  sec  26.8 GBytes  23.0 Gbits/sec  2754   3.07 MBytes       
[  5]  10.00-20.00  sec  27.2 GBytes  23.4 Gbits/sec    0   3.07 MBytes       
[  5]  20.00-30.00  sec  26.7 GBytes  22.9 Gbits/sec    0   3.07 MBytes       
[  5]  30.00-40.00  sec  21.5 GBytes  18.4 Gbits/sec  180   3.07 MBytes       
[  5]  40.00-50.00  sec  19.5 GBytes  16.8 Gbits/sec   89   3.07 MBytes       
[  5]  50.00-60.00  sec  26.9 GBytes  23.1 Gbits/sec    0   3.07 MBytes       
[  5]  60.00-70.00  sec  25.6 GBytes  22.0 Gbits/sec  205   2.09 MBytes       
[  5]  70.00-80.00  sec  22.2 GBytes  19.1 Gbits/sec    0   2.69 MBytes       
[  5]  80.00-90.00  sec  23.2 GBytes  19.9 Gbits/sec  315   3.01 MBytes       
[  5]  90.00-100.00 sec  24.6 GBytes  21.1 Gbits/sec    0   3.01 MBytes       
[  5] 100.00-110.00 sec  24.9 GBytes  21.4 Gbits/sec  404   3.01 MBytes       
[  5] 110.00-120.00 sec  30.1 GBytes  25.9 Gbits/sec    0   3.01 MBytes       
- - - - - - - - - - - - - - - - - - - - - - - - -
[ ID] Interval           Transfer     Bitrate         Retr
[  5]   0.00-120.00 sec   299 GBytes  21.4 Gbits/sec  3947             sender
[  5]   0.00-120.04 sec   299 GBytes  21.4 Gbits/sec                  receiver

iperf Done.
