Connecting to host 192.168.4.2, port 25007
[  5] local 192.168.4.3 port 41827 connected to 192.168.4.2 port 25007
[ ID] Interval           Transfer     Bitrate         Retr  Cwnd
[  5]   0.00-10.00  sec  23.8 GBytes  20.5 Gbits/sec    1   3.02 MBytes       
[  5]  10.00-20.00  sec  39.7 GBytes  34.1 Gbits/sec  491   2.58 MBytes       
[  5]  20.00-30.00  sec  33.3 GBytes  28.6 Gbits/sec   49   3.04 MBytes       
[  5]  30.00-40.00  sec  16.8 GBytes  14.4 Gbits/sec  357   3.04 MBytes       
[  5]  40.00-50.00  sec  15.5 GBytes  13.4 Gbits/sec    0   3.04 MBytes       
[  5]  50.00-60.00  sec  15.9 GBytes  13.7 Gbits/sec    0   3.04 MBytes       
[  5]  60.00-70.00  sec  14.2 GBytes  12.2 Gbits/sec    0   3.04 MBytes       
[  5]  70.00-80.00  sec  18.7 GBytes  16.1 Gbits/sec    0   3.04 MBytes       
[  5]  80.00-90.00  sec  18.3 GBytes  15.7 Gbits/sec    0   3.04 MBytes       
[  5]  90.00-100.00 sec  22.9 GBytes  19.7 Gbits/sec    0   3.04 MBytes       
[  5] 100.00-110.00 sec  22.8 GBytes  19.6 Gbits/sec    0   3.04 MBytes       
[  5] 110.00-120.00 sec  21.4 GBytes  18.4 Gbits/sec    0   3.04 MBytes       
- - - - - - - - - - - - - - - - - - - - - - - - -
[ ID] Interval           Transfer     Bitrate         Retr
[  5]   0.00-120.00 sec   263 GBytes  18.9 Gbits/sec  898             sender
[  5]   0.00-120.04 sec   263 GBytes  18.8 Gbits/sec                  receiver

iperf Done.
