Connecting to host 192.168.2.2, port 25003
[  5] local 192.168.2.3 port 37113 connected to 192.168.2.2 port 25003
[ ID] Interval           Transfer     Bitrate         Retr  Cwnd
[  5]   0.00-10.00  sec  25.7 GBytes  22.1 Gbits/sec   21   2.80 MBytes       
[  5]  10.00-20.00  sec  25.9 GBytes  22.3 Gbits/sec   13   3.00 MBytes       
[  5]  20.00-30.00  sec  25.4 GBytes  21.8 Gbits/sec   53   3.00 MBytes       
[  5]  30.00-40.00  sec  24.6 GBytes  21.1 Gbits/sec    1   3.00 MBytes       
[  5]  40.00-50.00  sec  25.7 GBytes  22.1 Gbits/sec    1   3.00 MBytes       
[  5]  50.00-60.00  sec  25.7 GBytes  22.1 Gbits/sec    3   3.00 MBytes       
[  5]  60.00-70.00  sec  25.3 GBytes  21.7 Gbits/sec  105   2.69 MBytes       
[  5]  70.00-80.00  sec  25.5 GBytes  21.9 Gbits/sec  386   2.70 MBytes       
[  5]  80.00-90.00  sec  25.9 GBytes  22.3 Gbits/sec   11   2.84 MBytes       
[  5]  90.00-100.00 sec  25.8 GBytes  22.2 Gbits/sec  1363   1.62 MBytes       
[  5] 100.00-110.00 sec  25.8 GBytes  22.1 Gbits/sec  145   1.69 MBytes       
[  5] 110.00-120.00 sec  27.0 GBytes  23.2 Gbits/sec   37   1.81 MBytes       
- - - - - - - - - - - - - - - - - - - - - - - - -
[ ID] Interval           Transfer     Bitrate         Retr
[  5]   0.00-120.00 sec   308 GBytes  22.1 Gbits/sec  2139             sender
[  5]   0.00-120.05 sec   308 GBytes  22.1 Gbits/sec                  receiver

iperf Done.
