Connecting to host 192.168.2.2, port 25002
[  5] local 192.168.2.3 port 56075 connected to 192.168.2.2 port 25002
[ ID] Interval           Transfer     Bitrate         Retr  Cwnd
[  5]   0.00-10.00  sec  25.7 GBytes  22.1 Gbits/sec  1927   1.41 MBytes       
[  5]  10.00-20.00  sec  26.0 GBytes  22.3 Gbits/sec    0   1.67 MBytes       
[  5]  20.00-30.00  sec  25.8 GBytes  22.1 Gbits/sec    0   3.64 MBytes       
[  5]  30.00-40.00  sec  26.4 GBytes  22.7 Gbits/sec    0   3.64 MBytes       
[  5]  40.00-50.00  sec  25.7 GBytes  22.1 Gbits/sec    0   3.64 MBytes       
[  5]  50.00-60.00  sec  25.7 GBytes  22.0 Gbits/sec    0   3.64 MBytes       
[  5]  60.00-70.00  sec  26.2 GBytes  22.5 Gbits/sec    0   3.64 MBytes       
[  5]  70.00-80.00  sec  25.5 GBytes  21.9 Gbits/sec    0   3.64 MBytes       
[  5]  80.00-90.00  sec  25.9 GBytes  22.3 Gbits/sec    0   3.64 MBytes       
[  5]  90.00-100.00 sec  25.9 GBytes  22.2 Gbits/sec    0   3.64 MBytes       
[  5] 100.00-110.00 sec  25.8 GBytes  22.1 Gbits/sec    0   3.64 MBytes       
[  5] 110.00-120.00 sec  24.7 GBytes  21.2 Gbits/sec    0   3.64 MBytes       
- - - - - - - - - - - - - - - - - - - - - - - - -
[ ID] Interval           Transfer     Bitrate         Retr
[  5]   0.00-120.00 sec   309 GBytes  22.1 Gbits/sec  1927             sender
[  5]   0.00-120.05 sec   309 GBytes  22.1 Gbits/sec                  receiver

iperf Done.
