Connecting to host 192.168.2.3, port 25003
[  5] local 192.168.2.2 port 59639 connected to 192.168.2.3 port 25003
[ ID] Interval           Transfer     Bitrate         Retr  Cwnd
[  5]   0.00-10.00  sec  24.4 GBytes  20.9 Gbits/sec    0   3.02 MBytes       
[  5]  10.00-20.00  sec  26.5 GBytes  22.7 Gbits/sec    0   3.02 MBytes       
[  5]  20.00-30.00  sec  22.4 GBytes  19.3 Gbits/sec    0   3.02 MBytes       
[  5]  30.00-40.00  sec  25.4 GBytes  21.8 Gbits/sec  603   2.09 MBytes       
[  5]  40.00-50.00  sec  24.5 GBytes  21.0 Gbits/sec  578   2.41 MBytes       
[  5]  50.00-60.00  sec  20.8 GBytes  17.9 Gbits/sec  180   3.06 MBytes       
[  5]  60.00-70.00  sec  30.4 GBytes  26.1 Gbits/sec    0   3.06 MBytes       
[  5]  70.00-80.00  sec  21.5 GBytes  18.4 Gbits/sec  1136   1.64 MBytes       
[  5]  80.00-90.00  sec  19.1 GBytes  16.4 Gbits/sec  168   1.68 MBytes       
[  5]  90.00-100.00 sec  23.7 GBytes  20.4 Gbits/sec    0   3.19 MBytes       
[  5] 100.00-110.00 sec  23.9 GBytes  20.6 Gbits/sec    0   3.19 MBytes       
[  5] 110.00-120.00 sec  20.9 GBytes  18.0 Gbits/sec    0   3.19 MBytes       
- - - - - - - - - - - - - - - - - - - - - - - - -
[ ID] Interval           Transfer     Bitrate         Retr
[  5]   0.00-120.00 sec   284 GBytes  20.3 Gbits/sec  2665             sender
[  5]   0.00-120.04 sec   284 GBytes  20.3 Gbits/sec                  receiver

iperf Done.
