Connecting to host 192.168.2.3, port 25000
[  5] local 192.168.2.2 port 37115 connected to 192.168.2.3 port 25000
[ ID] Interval           Transfer     Bitrate         Retr  Cwnd
[  5]   0.00-10.00  sec  23.0 GBytes  19.8 Gbits/sec  543   1.27 MBytes       
[  5]  10.00-20.00  sec  20.4 GBytes  17.5 Gbits/sec   92   2.00 MBytes       
[  5]  20.00-30.00  sec  24.8 GBytes  21.3 Gbits/sec    0   3.50 MBytes       
[  5]  30.00-40.00  sec  22.2 GBytes  19.1 Gbits/sec  417   3.18 MBytes       
[  5]  40.00-50.00  sec  29.0 GBytes  24.9 Gbits/sec  397   3.18 MBytes       
[  5]  50.00-60.00  sec  27.0 GBytes  23.2 Gbits/sec   47   2.32 MBytes       
[  5]  60.00-70.00  sec  16.4 GBytes  14.1 Gbits/sec    0   4.03 MBytes       
[  5]  70.00-80.00  sec  21.3 GBytes  18.3 Gbits/sec    0   4.03 MBytes       
[  5]  80.00-90.00  sec  28.7 GBytes  24.6 Gbits/sec    0   4.03 MBytes       
[  5]  90.00-100.00 sec  23.8 GBytes  20.4 Gbits/sec    0   4.03 MBytes       
[  5] 100.00-110.00 sec  24.0 GBytes  20.6 Gbits/sec    0   4.03 MBytes       
[  5] 110.00-120.00 sec  27.1 GBytes  23.3 Gbits/sec    0   4.03 MBytes       
- - - - - - - - - - - - - - - - - - - - - - - - -
[ ID] Interval           Transfer     Bitrate         Retr
[  5]   0.00-120.00 sec   288 GBytes  20.6 Gbits/sec  1496             sender
[  5]   0.00-120.04 sec   288 GBytes  20.6 Gbits/sec                  receiver

iperf Done.
