Connecting to host 192.168.2.3, port 25002
[  5] local 192.168.2.2 port 41297 connected to 192.168.2.3 port 25002
[ ID] Interval           Transfer     Bitrate         Retr  Cwnd
[  5]   0.00-10.00  sec  24.7 GBytes  21.2 Gbits/sec  651   1.66 MBytes       
[  5]  10.00-20.00  sec  26.9 GBytes  23.1 Gbits/sec    0   2.95 MBytes       
[  5]  20.00-30.00  sec  22.6 GBytes  19.4 Gbits/sec    0   3.00 MBytes       
[  5]  30.00-40.00  sec  19.5 GBytes  16.8 Gbits/sec  612   3.00 MBytes       
[  5]  40.00-50.00  sec  18.7 GBytes  16.1 Gbits/sec    0   3.00 MBytes       
[  5]  50.00-60.00  sec  20.9 GBytes  18.0 Gbits/sec  315   3.00 MBytes       
[  5]  60.00-70.00  sec  31.6 GBytes  27.1 Gbits/sec    0   3.00 MBytes       
[  5]  70.00-80.00  sec  23.7 GBytes  20.4 Gbits/sec  405   3.00 MBytes       
[  5]  80.00-90.00  sec  19.2 GBytes  16.5 Gbits/sec    0   3.00 MBytes       
[  5]  90.00-100.00 sec  23.7 GBytes  20.4 Gbits/sec    0   3.00 MBytes       
[  5] 100.00-110.00 sec  24.0 GBytes  20.6 Gbits/sec    0   3.00 MBytes       
[  5] 110.00-120.00 sec  21.1 GBytes  18.1 Gbits/sec    0   3.00 MBytes       
- - - - - - - - - - - - - - - - - - - - - - - - -
[ ID] Interval           Transfer     Bitrate         Retr
[  5]   0.00-120.00 sec   277 GBytes  19.8 Gbits/sec  1983             sender
[  5]   0.00-120.04 sec   277 GBytes  19.8 Gbits/sec                  receiver

iperf Done.
