Connecting to host 192.168.2.3, port 25001
[  5] local 192.168.2.2 port 42125 connected to 192.168.2.3 port 25001
[ ID] Interval           Transfer     Bitrate         Retr  Cwnd
[  5]   0.00-10.00  sec  23.3 GBytes  20.0 Gbits/sec    2   2.62 MBytes       
[  5]  10.00-20.00  sec  20.5 GBytes  17.6 Gbits/sec  504   2.92 MBytes       
[  5]  20.00-30.00  sec  24.9 GBytes  21.4 Gbits/sec    0   2.95 MBytes       
[  5]  30.00-40.00  sec  27.7 GBytes  23.8 Gbits/sec  1088   3.27 MBytes       
[  5]  40.00-50.00  sec  23.2 GBytes  19.9 Gbits/sec    0   3.27 MBytes       
[  5]  50.00-60.00  sec  26.5 GBytes  22.8 Gbits/sec    0   3.27 MBytes       
[  5]  60.00-70.00  sec  16.4 GBytes  14.1 Gbits/sec    0   3.27 MBytes       
[  5]  70.00-80.00  sec  28.1 GBytes  24.1 Gbits/sec   27   3.27 MBytes       
[  5]  80.00-90.00  sec  27.8 GBytes  23.9 Gbits/sec  786   3.27 MBytes       
[  5]  90.00-100.00 sec  23.0 GBytes  19.7 Gbits/sec    0   3.27 MBytes       
[  5] 100.00-110.00 sec  23.0 GBytes  19.8 Gbits/sec    0   3.27 MBytes       
[  5] 110.00-120.00 sec  26.2 GBytes  22.5 Gbits/sec    0   3.27 MBytes       
- - - - - - - - - - - - - - - - - - - - - - - - -
[ ID] Interval           Transfer     Bitrate         Retr
[  5]   0.00-120.00 sec   290 GBytes  20.8 Gbits/sec  2407             sender
[  5]   0.00-120.04 sec   290 GBytes  20.8 Gbits/sec                  receiver

iperf Done.
