Connecting to host 192.168.2.2, port 25000
[  5] local 192.168.2.3 port 39065 connected to 192.168.2.2 port 25000
[ ID] Interval           Transfer     Bitrate         Retr  Cwnd
[  5]   0.00-10.00  sec  13.1 GBytes  11.3 Gbits/sec    0   2.63 MBytes       
[  5]  10.00-20.00  sec  23.4 GBytes  20.1 Gbits/sec    0   3.03 MBytes       
[  5]  20.00-30.00  sec  14.3 GBytes  12.3 Gbits/sec  195   2.99 MBytes       
[  5]  30.00-40.00  sec  33.5 GBytes  28.8 Gbits/sec    0   3.02 MBytes       
[  5]  40.00-50.00  sec  13.3 GBytes  11.5 Gbits/sec    0   3.02 MBytes       
[  5]  50.00-60.00  sec  13.1 GBytes  11.2 Gbits/sec   45   3.02 MBytes       
[  5]  60.00-70.00  sec  15.3 GBytes  13.1 Gbits/sec  207   3.02 MBytes       
[  5]  70.00-80.00  sec  22.8 GBytes  19.6 Gbits/sec   63   3.02 MBytes       
[  5]  80.00-90.00  sec  25.3 GBytes  21.7 Gbits/sec    0   3.02 MBytes       
[  5]  90.00-100.00 sec  22.8 GBytes  19.6 Gbits/sec    0   3.02 MBytes       
[  5] 100.00-110.00 sec  15.4 GBytes  13.3 Gbits/sec  158   3.02 MBytes       
[  5] 110.00-120.00 sec  20.9 GBytes  18.0 Gbits/sec    0   3.02 MBytes       
- - - - - - - - - - - - - - - - - - - - - - - - -
[ ID] Interval           Transfer     Bitrate         Retr
[  5]   0.00-120.00 sec   233 GBytes  16.7 Gbits/sec  668             sender
[  5]   0.00-120.04 sec   233 GBytes  16.7 Gbits/sec                  receiver

iperf Done.
