Connecting to host 192.168.2.2, port 25001
[  5] local 192.168.2.3 port 58957 connected to 192.168.2.2 port 25001
[ ID] Interval           Transfer     Bitrate         Retr  Cwnd
[  5]   0.00-10.00  sec  12.7 GBytes  10.9 Gbits/sec    4   1.66 MBytes       
[  5]  10.00-20.00  sec  16.3 GBytes  14.0 Gbits/sec   93   2.13 MBytes       
[  5]  20.00-30.00  sec  21.1 GBytes  18.1 Gbits/sec  683   2.91 MBytes       
[  5]  30.00-40.00  sec  12.6 GBytes  10.8 Gbits/sec    0   2.91 MBytes       
[  5]  40.00-50.00  sec  13.3 GBytes  11.4 Gbits/sec  271   2.91 MBytes       
[  5]  50.00-60.00  sec  13.0 GBytes  11.2 Gbits/sec   99   3.05 MBytes       
[  5]  60.00-70.00  sec  17.7 GBytes  15.2 Gbits/sec   45   3.05 MBytes       
[  5]  70.00-80.00  sec  13.3 GBytes  11.4 Gbits/sec  200   3.05 MBytes       
[  5]  80.00-90.00  sec  20.8 GBytes  17.8 Gbits/sec   19   3.05 MBytes       
[  5]  90.00-100.00 sec  23.0 GBytes  19.7 Gbits/sec    0   3.05 MBytes       
[  5] 100.00-110.00 sec  15.4 GBytes  13.2 Gbits/sec  130   3.05 MBytes       
[  5] 110.00-120.00 sec  18.6 GBytes  16.0 Gbits/sec  135   3.05 MBytes       
- - - - - - - - - - - - - - - - - - - - - - - - -
[ ID] Interval           Transfer     Bitrate         Retr
[  5]   0.00-120.00 sec   198 GBytes  14.2 Gbits/sec  1679             sender
[  5]   0.00-120.04 sec   198 GBytes  14.2 Gbits/sec                  receiver

iperf Done.
