Connecting to host 192.168.2.3, port 25002
[  5] local 192.168.2.2 port 33285 connected to 192.168.2.3 port 25002
[ ID] Interval           Transfer     Bitrate         Retr  Cwnd
[  5]   0.00-10.00  sec  27.4 GBytes  23.5 Gbits/sec  122   3.00 MBytes       
[  5]  10.00-20.00  sec  18.5 GBytes  15.9 Gbits/sec  180   3.00 MBytes       
[  5]  20.00-30.00  sec  23.8 GBytes  20.5 Gbits/sec    0   3.00 MBytes       
[  5]  30.00-40.00  sec  22.7 GBytes  19.5 Gbits/sec    0   3.00 MBytes       
[  5]  40.00-50.00  sec  20.7 GBytes  17.8 Gbits/sec    1   3.00 MBytes       
[  5]  50.00-60.00  sec  23.9 GBytes  20.5 Gbits/sec    2   3.00 MBytes       
[  5]  60.00-70.00  sec  27.6 GBytes  23.7 Gbits/sec    0   3.00 MBytes       
[  5]  70.00-80.00  sec  26.7 GBytes  22.9 Gbits/sec    0   3.44 MBytes       
[  5]  80.00-90.00  sec  23.1 GBytes  19.8 Gbits/sec    0   3.44 MBytes       
[  5]  90.00-100.00 sec  18.1 GBytes  15.6 Gbits/sec    0   3.44 MBytes       
[  5] 100.00-110.00 sec  20.3 GBytes  17.5 Gbits/sec    0   3.44 MBytes       
[  5] 110.00-120.00 sec  22.4 GBytes  19.2 Gbits/sec    0   3.44 MBytes       
- - - - - - - - - - - - - - - - - - - - - - - - -
[ ID] Interval           Transfer     Bitrate         Retr
[  5]   0.00-120.00 sec   275 GBytes  19.7 Gbits/sec  305             sender
[  5]   0.00-120.05 sec   275 GBytes  19.7 Gbits/sec                  receiver

iperf Done.
