Connecting to host 192.168.4.3, port 25005
[  5] local 192.168.4.2 port 51397 connected to 192.168.4.3 port 25005
[ ID] Interval           Transfer     Bitrate         Retr  Cwnd
[  5]   0.00-10.00  sec  21.8 GBytes  18.7 Gbits/sec   15   3.48 MBytes       
[  5]  10.00-20.00  sec  23.2 GBytes  19.9 Gbits/sec   42   3.48 MBytes       
[  5]  20.00-30.00  sec  27.2 GBytes  23.4 Gbits/sec    0   3.48 MBytes       
[  5]  30.00-40.00  sec  29.9 GBytes  25.7 Gbits/sec    1   3.48 MBytes       
[  5]  40.00-50.00  sec  24.2 GBytes  20.8 Gbits/sec    0   3.48 MBytes       
[  5]  50.00-60.00  sec  23.4 GBytes  20.1 Gbits/sec  1893   3.48 MBytes       
[  5]  60.00-70.00  sec  26.8 GBytes  23.0 Gbits/sec    0   3.48 MBytes       
[  5]  70.00-80.00  sec  25.9 GBytes  22.3 Gbits/sec    0   3.48 MBytes       
[  5]  80.00-90.00  sec  26.4 GBytes  22.7 Gbits/sec    0   3.48 MBytes       
[  5]  90.00-100.00 sec  25.7 GBytes  22.1 Gbits/sec    0   3.48 MBytes       
[  5] 100.00-110.00 sec  31.4 GBytes  27.0 Gbits/sec    0   3.48 MBytes       
[  5] 110.00-120.00 sec  29.8 GBytes  25.6 Gbits/sec    0   3.48 MBytes       
- - - - - - - - - - - - - - - - - - - - - - - - -
[ ID] Interval           Transfer     Bitrate         Retr
[  5]   0.00-120.00 sec   316 GBytes  22.6 Gbits/sec  1951             sender
[  5]   0.00-120.05 sec   316 GBytes  22.6 Gbits/sec                  receiver

iperf Done.
