Connecting to host 192.168.2.3, port 25000
[  5] local 192.168.2.2 port 51857 connected to 192.168.2.3 port 25000
[ ID] Interval           Transfer     Bitrate         Retr  Cwnd
[  5]   0.00-10.00  sec  24.7 GBytes  21.2 Gbits/sec  1080   2.81 MBytes       
[  5]  10.00-20.00  sec  26.7 GBytes  22.9 Gbits/sec    0   2.83 MBytes       
[  5]  20.00-30.00  sec  23.1 GBytes  19.9 Gbits/sec    0   3.00 MBytes       
[  5]  30.00-40.00  sec  26.8 GBytes  23.0 Gbits/sec    0   3.00 MBytes       
[  5]  40.00-50.00  sec  27.5 GBytes  23.6 Gbits/sec    0   4.52 MBytes       
[  5]  50.00-60.00  sec  31.4 GBytes  27.0 Gbits/sec    0   4.52 MBytes       
[  5]  60.00-70.00  sec  25.5 GBytes  21.9 Gbits/sec    0   4.52 MBytes       
[  5]  70.00-80.00  sec  25.7 GBytes  22.1 Gbits/sec    0   4.52 MBytes       
[  5]  80.00-90.00  sec  29.4 GBytes  25.3 Gbits/sec    1   4.52 MBytes       
[  5]  90.00-100.00 sec  29.9 GBytes  25.7 Gbits/sec    0   4.52 MBytes       
[  5] 100.00-110.00 sec  29.3 GBytes  25.2 Gbits/sec    0   4.52 MBytes       
[  5] 110.00-120.00 sec  24.6 GBytes  21.1 Gbits/sec    1   4.52 MBytes       
- - - - - - - - - - - - - - - - - - - - - - - - -
[ ID] Interval           Transfer     Bitrate         Retr
[  5]   0.00-120.00 sec   325 GBytes  23.2 Gbits/sec  1082             sender
[  5]   0.00-120.05 sec   325 GBytes  23.2 Gbits/sec                  receiver

iperf Done.
