Connecting to host 192.168.2.3, port 25003
[  5] local 192.168.2.2 port 40073 connected to 192.168.2.3 port 25003
[ ID] Interval           Transfer     Bitrate         Retr  Cwnd
[  5]   0.00-10.00  sec  28.2 GBytes  24.2 Gbits/sec  808   1.45 MBytes       
[  5]  10.00-20.00  sec  32.8 GBytes  28.2 Gbits/sec  276   2.16 MBytes       
[  5]  20.00-30.00  sec  32.6 GBytes  28.0 Gbits/sec  643   3.02 MBytes       
[  5]  30.00-40.00  sec  26.4 GBytes  22.7 Gbits/sec    0   3.02 MBytes       
[  5]  40.00-50.00  sec  31.1 GBytes  26.7 Gbits/sec   44   3.02 MBytes       
[  5]  50.00-60.00  sec  23.2 GBytes  20.0 Gbits/sec   17   3.02 MBytes       
[  5]  60.00-70.00  sec  28.6 GBytes  24.6 Gbits/sec    0   3.02 MBytes       
[  5]  70.00-80.00  sec  24.9 GBytes  21.3 Gbits/sec    0   3.02 MBytes       
[  5]  80.00-90.00  sec  30.2 GBytes  26.0 Gbits/sec    0   3.02 MBytes       
[  5]  90.00-100.00 sec  36.3 GBytes  31.2 Gbits/sec    0   3.02 MBytes       
[  5] 100.00-110.00 sec  30.3 GBytes  26.0 Gbits/sec    0   3.02 MBytes       
[  5] 110.00-120.00 sec  26.4 GBytes  22.6 Gbits/sec    0   3.02 MBytes       
- - - - - - - - - - - - - - - - - - - - - - - - -
[ ID] Interval           Transfer     Bitrate         Retr
[  5]   0.00-120.00 sec   351 GBytes  25.1 Gbits/sec  1788             sender
[  5]   0.00-120.05 sec   351 GBytes  25.1 Gbits/sec                  receiver

iperf Done.
