Connecting to host 192.168.4.3, port 25006
[  5] local 192.168.4.2 port 43389 connected to 192.168.4.3 port 25006
[ ID] Interval           Transfer     Bitrate         Retr  Cwnd
[  5]   0.00-10.00  sec  24.3 GBytes  20.9 Gbits/sec  3194   1.49 MBytes       
[  5]  10.00-20.00  sec  28.9 GBytes  24.8 Gbits/sec  4252   1.20 MBytes       
[  5]  20.00-30.00  sec  30.3 GBytes  26.0 Gbits/sec  2457   1.42 MBytes       
[  5]  30.00-40.00  sec  25.4 GBytes  21.8 Gbits/sec  1446   2.24 MBytes       
[  5]  40.00-50.00  sec  21.1 GBytes  18.1 Gbits/sec    0   2.26 MBytes       
[  5]  50.00-60.00  sec  22.2 GBytes  19.0 Gbits/sec    0   3.63 MBytes       
[  5]  60.00-70.00  sec  26.8 GBytes  23.0 Gbits/sec    0   3.63 MBytes       
[  5]  70.00-80.00  sec  25.9 GBytes  22.3 Gbits/sec    0   3.63 MBytes       
[  5]  80.00-90.00  sec  26.5 GBytes  22.8 Gbits/sec    0   3.63 MBytes       
[  5]  90.00-100.00 sec  25.8 GBytes  22.2 Gbits/sec    0   3.63 MBytes       
[  5] 100.00-110.00 sec  30.7 GBytes  26.4 Gbits/sec    0   3.63 MBytes       
[  5] 110.00-120.00 sec  28.5 GBytes  24.5 Gbits/sec    0   3.63 MBytes       
- - - - - - - - - - - - - - - - - - - - - - - - -
[ ID] Interval           Transfer     Bitrate         Retr
[  5]   0.00-120.00 sec   316 GBytes  22.7 Gbits/sec  11349             sender
[  5]   0.00-120.04 sec   316 GBytes  22.6 Gbits/sec                  receiver

iperf Done.
