Connecting to host 192.168.4.3, port 25004
[  5] local 192.168.4.2 port 35373 connected to 192.168.4.3 port 25004
[ ID] Interval           Transfer     Bitrate         Retr  Cwnd
[  5]   0.00-10.00  sec  26.9 GBytes  23.1 Gbits/sec  451   2.96 MBytes       
[  5]  10.00-20.00  sec  25.0 GBytes  21.5 Gbits/sec    0   2.98 MBytes       
[  5]  20.00-30.00  sec  25.0 GBytes  21.5 Gbits/sec    0   3.00 MBytes       
[  5]  30.00-40.00  sec  27.2 GBytes  23.4 Gbits/sec    0   4.69 MBytes       
[  5]  40.00-50.00  sec  29.0 GBytes  24.9 Gbits/sec    0   4.69 MBytes       
[  5]  50.00-60.00  sec  32.2 GBytes  27.7 Gbits/sec    0   4.69 MBytes       
[  5]  60.00-70.00  sec  26.4 GBytes  22.7 Gbits/sec    0   4.69 MBytes       
[  5]  70.00-80.00  sec  25.6 GBytes  22.0 Gbits/sec    0   4.69 MBytes       
[  5]  80.00-90.00  sec  26.1 GBytes  22.4 Gbits/sec    0   4.69 MBytes       
[  5]  90.00-100.00 sec  25.5 GBytes  21.9 Gbits/sec  834   4.69 MBytes       
[  5] 100.00-110.00 sec  19.1 GBytes  16.4 Gbits/sec    0   4.69 MBytes       
[  5] 110.00-120.00 sec  22.4 GBytes  19.2 Gbits/sec    0   4.69 MBytes       
- - - - - - - - - - - - - - - - - - - - - - - - -
[ ID] Interval           Transfer     Bitrate         Retr
[  5]   0.00-120.00 sec   310 GBytes  22.2 Gbits/sec  1285             sender
[  5]   0.00-120.04 sec   310 GBytes  22.2 Gbits/sec                  receiver

iperf Done.
