Connecting to host 192.168.4.2, port 25006
[  5] local 192.168.4.3 port 47239 connected to 192.168.4.2 port 25006
[ ID] Interval           Transfer     Bitrate         Retr  Cwnd
[  5]   0.00-10.00  sec  15.4 GBytes  13.2 Gbits/sec  174   2.35 MBytes       
[  5]  10.00-20.00  sec  15.4 GBytes  13.2 Gbits/sec    0   2.58 MBytes       
[  5]  20.00-30.00  sec  16.8 GBytes  14.5 Gbits/sec    0   4.53 MBytes       
[  5]  30.00-40.00  sec  19.1 GBytes  16.4 Gbits/sec    0   4.53 MBytes       
[  5]  40.00-50.00  sec  18.4 GBytes  15.8 Gbits/sec    0   4.53 MBytes       
[  5]  50.00-60.00  sec  23.6 GBytes  20.3 Gbits/sec    0   4.53 MBytes       
[  5]  60.00-70.00  sec  25.1 GBytes  21.6 Gbits/sec    0   4.53 MBytes       
[  5]  70.00-80.00  sec  34.9 GBytes  30.0 Gbits/sec    0   4.53 MBytes       
[  5]  80.00-90.00  sec  21.1 GBytes  18.1 Gbits/sec    0   4.53 MBytes       
[  5]  90.00-100.00 sec  19.4 GBytes  16.7 Gbits/sec    0   4.53 MBytes       
[  5] 100.00-110.00 sec  22.3 GBytes  19.1 Gbits/sec    0   4.53 MBytes       
[  5] 110.00-120.00 sec  16.4 GBytes  14.1 Gbits/sec    0   4.53 MBytes       
- - - - - - - - - - - - - - - - - - - - - - - - -
[ ID] Interval           Transfer     Bitrate         Retr
[  5]   0.00-120.00 sec   248 GBytes  17.8 Gbits/sec  174             sender
[  5]   0.00-120.05 sec   248 GBytes  17.7 Gbits/sec                  receiver

iperf Done.
