Connecting to host 192.168.4.2, port 25007
[  5] local 192.168.4.3 port 58815 connected to 192.168.4.2 port 25007
[ ID] Interval           Transfer     Bitrate         Retr  Cwnd
[  5]   0.00-10.00  sec  15.6 GBytes  13.4 Gbits/sec   19   2.49 MBytes       
[  5]  10.00-20.00  sec  15.2 GBytes  13.0 Gbits/sec    0   2.58 MBytes       
[  5]  20.00-30.00  sec  16.3 GBytes  14.0 Gbits/sec    0   2.58 MBytes       
[  5]  30.00-40.00  sec  18.8 GBytes  16.2 Gbits/sec   20   2.58 MBytes       
[  5]  40.00-50.00  sec  18.9 GBytes  16.2 Gbits/sec    8   2.58 MBytes       
[  5]  50.00-60.00  sec  22.4 GBytes  19.2 Gbits/sec    0   3.00 MBytes       
[  5]  60.00-70.00  sec  25.1 GBytes  21.6 Gbits/sec    4   3.00 MBytes       
[  5]  70.00-80.00  sec  15.6 GBytes  13.4 Gbits/sec    0   3.00 MBytes       
[  5]  80.00-90.00  sec  16.6 GBytes  14.2 Gbits/sec    0   3.00 MBytes       
[  5]  90.00-100.00 sec  19.0 GBytes  16.4 Gbits/sec    0   3.00 MBytes       
[  5] 100.00-110.00 sec  22.4 GBytes  19.3 Gbits/sec  286   2.02 MBytes       
[  5] 110.00-120.00 sec  25.4 GBytes  21.9 Gbits/sec    0   3.01 MBytes       
- - - - - - - - - - - - - - - - - - - - - - - - -
[ ID] Interval           Transfer     Bitrate         Retr
[  5]   0.00-120.00 sec   231 GBytes  16.6 Gbits/sec  337             sender
[  5]   0.00-120.05 sec   231 GBytes  16.6 Gbits/sec                  receiver

iperf Done.
