Connecting to host 192.168.4.2, port 25005
[  5] local 192.168.4.3 port 57667 connected to 192.168.4.2 port 25005
[ ID] Interval           Transfer     Bitrate         Retr  Cwnd
[  5]   0.00-10.00  sec  10.4 GBytes  8.97 Gbits/sec   17   2.21 MBytes       
[  5]  10.00-20.00  sec  20.3 GBytes  17.4 Gbits/sec    6   2.22 MBytes       
[  5]  20.00-30.00  sec  16.5 GBytes  14.2 Gbits/sec    0   2.32 MBytes       
[  5]  30.00-40.00  sec  19.1 GBytes  16.4 Gbits/sec    0   2.99 MBytes       
[  5]  40.00-50.00  sec  18.9 GBytes  16.2 Gbits/sec    0   2.99 MBytes       
[  5]  50.00-60.00  sec  14.6 GBytes  12.6 Gbits/sec    0   3.01 MBytes       
[  5]  60.00-70.00  sec  12.6 GBytes  10.8 Gbits/sec    0   3.01 MBytes       
[  5]  70.00-80.00  sec  13.1 GBytes  11.3 Gbits/sec    0   3.01 MBytes       
[  5]  80.00-90.00  sec  17.7 GBytes  15.2 Gbits/sec    0   3.01 MBytes       
[  5]  90.00-100.00 sec  22.9 GBytes  19.7 Gbits/sec    8   3.01 MBytes       
[  5] 100.00-110.00 sec  20.5 GBytes  17.6 Gbits/sec    0   3.01 MBytes       
[  5] 110.00-120.00 sec  23.1 GBytes  19.8 Gbits/sec    0   3.01 MBytes       
- - - - - - - - - - - - - - - - - - - - - - - - -
[ ID] Interval           Transfer     Bitrate         Retr
[  5]   0.00-120.00 sec   210 GBytes  15.0 Gbits/sec   31             sender
[  5]   0.00-120.05 sec   210 GBytes  15.0 Gbits/sec                  receiver

iperf Done.
