Connecting to host 192.168.2.2, port 25002
[  5] local 192.168.2.3 port 37831 connected to 192.168.2.2 port 25002
[ ID] Interval           Transfer     Bitrate         Retr  Cwnd
[  5]   0.00-10.00  sec  13.0 GBytes  11.2 Gbits/sec    0   1.77 MBytes       
[  5]  10.00-20.00  sec  14.5 GBytes  12.4 Gbits/sec   12   3.15 MBytes       
[  5]  20.00-30.00  sec  13.3 GBytes  11.5 Gbits/sec   90   3.15 MBytes       
[  5]  30.00-40.00  sec  16.8 GBytes  14.5 Gbits/sec    0   3.15 MBytes       
[  5]  40.00-50.00  sec  33.6 GBytes  28.8 Gbits/sec    0   3.15 MBytes       
[  5]  50.00-60.00  sec  35.2 GBytes  30.2 Gbits/sec    0   3.15 MBytes       
[  5]  60.00-70.00  sec  24.1 GBytes  20.7 Gbits/sec    0   3.15 MBytes       
[  5]  70.00-80.00  sec  14.7 GBytes  12.6 Gbits/sec   45   3.15 MBytes       
[  5]  80.00-90.00  sec  14.5 GBytes  12.4 Gbits/sec    0   3.15 MBytes       
[  5]  90.00-100.00 sec  19.4 GBytes  16.7 Gbits/sec    0   3.15 MBytes       
[  5] 100.00-110.00 sec  28.0 GBytes  24.0 Gbits/sec    0   3.15 MBytes       
[  5] 110.00-120.00 sec  26.4 GBytes  22.6 Gbits/sec  267   3.15 MBytes       
- - - - - - - - - - - - - - - - - - - - - - - - -
[ ID] Interval           Transfer     Bitrate         Retr
[  5]   0.00-120.00 sec   253 GBytes  18.1 Gbits/sec  414             sender
[  5]   0.00-120.04 sec   253 GBytes  18.1 Gbits/sec                  receiver

iperf Done.
