Connecting to host 192.168.4.3, port 25007
[  5] local 192.168.4.2 port 52421 connected to 192.168.4.3 port 25007
[ ID] Interval           Transfer     Bitrate         Retr  Cwnd
[  5]   0.00-10.00  sec  30.9 GBytes  26.6 Gbits/sec    0   2.97 MBytes       
[  5]  10.00-20.00  sec  26.1 GBytes  22.4 Gbits/sec    0   3.01 MBytes       
[  5]  20.00-30.00  sec  25.0 GBytes  21.4 Gbits/sec    0   3.01 MBytes       
[  5]  30.00-40.00  sec  22.8 GBytes  19.6 Gbits/sec    0   3.01 MBytes       
[  5]  40.00-50.00  sec  32.2 GBytes  27.6 Gbits/sec    0   3.01 MBytes       
[  5]  50.00-60.00  sec  28.5 GBytes  24.5 Gbits/sec    0   3.01 MBytes       
[  5]  60.00-70.00  sec  26.8 GBytes  23.0 Gbits/sec    0   3.01 MBytes       
[  5]  70.00-80.00  sec  25.9 GBytes  22.3 Gbits/sec    0   3.01 MBytes       
[  5]  80.00-90.00  sec  26.5 GBytes  22.8 Gbits/sec    0   3.01 MBytes       
[  5]  90.00-100.00 sec  25.7 GBytes  22.1 Gbits/sec    0   3.01 MBytes       
[  5] 100.00-110.00 sec  18.9 GBytes  16.3 Gbits/sec    0   3.01 MBytes       
[  5] 110.00-120.00 sec  21.9 GBytes  18.8 Gbits/sec    0   3.01 MBytes       
- - - - - - - - - - - - - - - - - - - - - - - - -
[ ID] Interval           Transfer     Bitrate         Retr
[  5]   0.00-120.00 sec   311 GBytes  22.3 Gbits/sec    0             sender
[  5]   0.00-120.05 sec   311 GBytes  22.3 Gbits/sec                  receiver

iperf Done.
