Connecting to host 192.168.2.3, port 25003
[  5] local 192.168.2.2 port 45123 connected to 192.168.2.3 port 25003
[ ID] Interval           Transfer     Bitrate         Retr  Cwnd
[  5]   0.00-10.00  sec  17.6 GBytes  15.1 Gbits/sec  840   2.58 MBytes       
[  5]  10.00-20.00  sec  13.5 GBytes  11.6 Gbits/sec   17   2.63 MBytes       
[  5]  20.00-30.00  sec  18.5 GBytes  15.9 Gbits/sec  180   3.00 MBytes       
[  5]  30.00-40.00  sec  18.2 GBytes  15.6 Gbits/sec    0   3.08 MBytes       
[  5]  40.00-50.00  sec  13.2 GBytes  11.4 Gbits/sec    0   3.08 MBytes       
[  5]  50.00-60.00  sec  17.4 GBytes  15.0 Gbits/sec    1   3.08 MBytes       
[  5]  60.00-70.00  sec  19.1 GBytes  16.4 Gbits/sec  452   3.08 MBytes       
[  5]  70.00-80.00  sec  19.0 GBytes  16.3 Gbits/sec    0   3.08 MBytes       
[  5]  80.00-90.00  sec  16.2 GBytes  13.9 Gbits/sec  1097   3.08 MBytes       
[  5]  90.00-100.00 sec  19.6 GBytes  16.8 Gbits/sec    0   3.08 MBytes       
[  5] 100.00-110.00 sec  17.8 GBytes  15.3 Gbits/sec    0   3.08 MBytes       
[  5] 110.00-120.00 sec  20.1 GBytes  17.3 Gbits/sec    0   3.08 MBytes       
- - - - - - - - - - - - - - - - - - - - - - - - -
[ ID] Interval           Transfer     Bitrate         Retr
[  5]   0.00-120.00 sec   210 GBytes  15.1 Gbits/sec  2587             sender
[  5]   0.00-120.04 sec   210 GBytes  15.1 Gbits/sec                  receiver

iperf Done.
