Connecting to host 192.168.4.2, port 25005
[  5] local 192.168.4.3 port 35129 connected to 192.168.4.2 port 25005
[ ID] Interval           Transfer     Bitrate         Retr  Cwnd
[  5]   0.00-10.00  sec  9.34 GBytes  8.02 Gbits/sec    8   2.18 MBytes       
[  5]  10.00-20.00  sec  9.85 GBytes  8.46 Gbits/sec    2   3.02 MBytes       
[  5]  20.00-30.00  sec  9.96 GBytes  8.56 Gbits/sec    0   3.02 MBytes       
[  5]  30.00-40.00  sec  11.3 GBytes  9.69 Gbits/sec    0   3.02 MBytes       
[  5]  40.00-50.00  sec  10.0 GBytes  8.60 Gbits/sec    0   3.02 MBytes       
[  5]  50.00-60.00  sec  8.99 GBytes  7.72 Gbits/sec   45   3.02 MBytes       
[  5]  60.00-70.00  sec  9.63 GBytes  8.27 Gbits/sec    0   3.02 MBytes       
[  5]  70.00-80.00  sec  10.5 GBytes  9.02 Gbits/sec    0   3.02 MBytes       
[  5]  80.00-90.00  sec  13.0 GBytes  11.1 Gbits/sec    0   3.02 MBytes       
[  5]  90.00-100.00 sec  9.57 GBytes  8.22 Gbits/sec    0   3.02 MBytes       
[  5] 100.00-110.00 sec  10.9 GBytes  9.37 Gbits/sec    0   3.02 MBytes       
[  5] 110.00-120.00 sec  10.2 GBytes  8.73 Gbits/sec    0   3.02 MBytes       
- - - - - - - - - - - - - - - - - - - - - - - - -
[ ID] Interval           Transfer     Bitrate         Retr
[  5]   0.00-120.00 sec   123 GBytes  8.82 Gbits/sec   55             sender
[  5]   0.00-120.04 sec   123 GBytes  8.81 Gbits/sec                  receiver

iperf Done.
