-----------------------------------------------------------
Server listening on 25005
-----------------------------------------------------------
Accepted connection from 192.168.4.2, port 58337
[  5] local 192.168.4.3 port 25005 connected to 192.168.4.2 port 60399
[ ID] Interval           Transfer     Bitrate
[  5]   0.00-1.00   sec  2.56 GBytes  22.0 Gbits/sec                  
[  5]   1.00-2.00   sec  2.22 GBytes  19.1 Gbits/sec                  
[  5]   2.00-3.00   sec  2.17 GBytes  18.7 Gbits/sec                  
[  5]   3.00-4.00   sec  2.15 GBytes  18.5 Gbits/sec                  
[  5]   4.00-5.00   sec  2.25 GBytes  19.3 Gbits/sec                  
[  5]   5.00-6.00   sec  1.72 GBytes  14.8 Gbits/sec                  
[  5]   6.00-7.00   sec  1.95 GBytes  16.7 Gbits/sec                  
[  5]   7.00-8.00   sec  1.59 GBytes  13.7 Gbits/sec                  
[  5]   8.00-9.00   sec  1.39 GBytes  12.0 Gbits/sec                  
[  5]   9.00-10.00  sec  1.28 GBytes  11.0 Gbits/sec                  
[  5]  10.00-11.00  sec  1.23 GBytes  10.6 Gbits/sec                  
[  5]  11.00-12.00  sec  1.73 GBytes  14.9 Gbits/sec                  
[  5]  12.00-13.00  sec  2.16 GBytes  18.5 Gbits/sec                  
[  5]  13.00-14.00  sec  2.53 GBytes  21.8 Gbits/sec                  
[  5]  14.00-15.00  sec  3.62 GBytes  31.1 Gbits/sec                  
[  5]  15.00-16.00  sec  3.74 GBytes  32.1 Gbits/sec                  
[  5]  16.00-17.00  sec  3.67 GBytes  31.5 Gbits/sec                  
[  5]  17.00-18.00  sec  3.78 GBytes  32.5 Gbits/sec                  
[  5]  18.00-19.00  sec  3.73 GBytes  32.1 Gbits/sec                  
[  5]  19.00-20.00  sec  3.65 GBytes  31.3 Gbits/sec                  
[  5]  20.00-21.00  sec  3.14 GBytes  27.0 Gbits/sec                  
[  5]  21.00-22.00  sec  1.92 GBytes  16.5 Gbits/sec                  
[  5]  22.00-23.00  sec  1.28 GBytes  11.0 Gbits/sec                  
[  5]  23.00-24.00  sec  2.69 GBytes  23.1 Gbits/sec                  
[  5]  24.00-25.00  sec  2.52 GBytes  21.6 Gbits/sec                  
[  5]  25.00-26.00  sec  2.96 GBytes  25.4 Gbits/sec                  
[  5]  26.00-27.00  sec  1.86 GBytes  16.0 Gbits/sec                  
[  5]  27.00-28.00  sec  1.96 GBytes  16.8 Gbits/sec                  
[  5]  28.00-29.00  sec  2.19 GBytes  18.8 Gbits/sec                  
[  5]  29.00-30.00  sec  2.18 GBytes  18.7 Gbits/sec                  
[  5]  30.00-31.00  sec  2.14 GBytes  18.4 Gbits/sec                  
[  5]  31.00-32.00  sec  2.05 GBytes  17.6 Gbits/sec                  
[  5]  32.00-33.00  sec  1.75 GBytes  15.1 Gbits/sec                  
[  5]  33.00-34.00  sec  1.94 GBytes  16.7 Gbits/sec                  
[  5]  34.00-35.00  sec  2.29 GBytes  19.7 Gbits/sec                  
[  5]  35.00-36.00  sec  2.27 GBytes  19.5 Gbits/sec                  
[  5]  36.00-37.00  sec  1.96 GBytes  16.8 Gbits/sec                  
[  5]  37.00-38.00  sec  2.24 GBytes  19.3 Gbits/sec                  
[  5]  38.00-39.00  sec  2.25 GBytes  19.3 Gbits/sec                  
[  5]  39.00-40.00  sec  1.95 GBytes  16.8 Gbits/sec                  
[  5]  40.00-41.00  sec  1.72 GBytes  14.8 Gbits/sec                  
[  5]  41.00-42.00  sec  2.30 GBytes  19.7 Gbits/sec                  
[  5]  42.00-43.00  sec  2.36 GBytes  20.3 Gbits/sec                  
[  5]  43.00-44.00  sec  1.86 GBytes  16.0 Gbits/sec                  
[  5]  44.00-45.00  sec  2.32 GBytes  19.9 Gbits/sec                  
[  5]  45.00-46.00  sec  1.92 GBytes  16.5 Gbits/sec                  
[  5]  46.00-47.00  sec  1.68 GBytes  14.4 Gbits/sec                  
[  5]  47.00-48.00  sec  2.01 GBytes  17.3 Gbits/sec                  
[  5]  48.00-49.00  sec  2.17 GBytes  18.6 Gbits/sec                  
[  5]  49.00-50.00  sec  2.23 GBytes  19.2 Gbits/sec                  
[  5]  50.00-51.00  sec  2.45 GBytes  21.0 Gbits/sec                  
[  5]  51.00-52.00  sec  2.48 GBytes  21.3 Gbits/sec                  
[  5]  52.00-53.00  sec  2.79 GBytes  23.9 Gbits/sec                  
[  5]  53.00-54.00  sec  1.54 GBytes  13.2 Gbits/sec                  
[  5]  54.00-55.00  sec  1.21 GBytes  10.4 Gbits/sec                  
[  5]  55.00-56.00  sec  2.05 GBytes  17.6 Gbits/sec                  
[  5]  56.00-57.00  sec  2.07 GBytes  17.8 Gbits/sec                  
[  5]  57.00-58.00  sec  1.93 GBytes  16.6 Gbits/sec                  
[  5]  58.00-59.00  sec  1.91 GBytes  16.4 Gbits/sec                  
[  5]  59.00-60.00  sec  2.02 GBytes  17.4 Gbits/sec                  
[  5]  60.00-61.00  sec  2.36 GBytes  20.3 Gbits/sec                  
[  5]  61.00-62.00  sec  1.79 GBytes  15.4 Gbits/sec                  
[  5]  62.00-63.00  sec  1.69 GBytes  14.5 Gbits/sec                  
[  5]  63.00-64.00  sec  2.34 GBytes  20.1 Gbits/sec                  
[  5]  64.00-65.00  sec  2.57 GBytes  22.0 Gbits/sec                  
[  5]  65.00-66.00  sec  2.65 GBytes  22.8 Gbits/sec                  
[  5]  66.00-67.00  sec  2.55 GBytes  21.9 Gbits/sec                  
[  5]  67.00-68.00  sec  2.02 GBytes  17.4 Gbits/sec                  
[  5]  68.00-69.00  sec  1.34 GBytes  11.5 Gbits/sec                  
[  5]  69.00-70.00  sec  1.39 GBytes  11.9 Gbits/sec                  
[  5]  70.00-71.00  sec  1.34 GBytes  11.5 Gbits/sec                  
[  5]  71.00-72.00  sec  1.38 GBytes  11.9 Gbits/sec                  
[  5]  72.00-73.00  sec  2.12 GBytes  18.2 Gbits/sec                  
[  5]  73.00-74.00  sec  2.75 GBytes  23.7 Gbits/sec                  
[  5]  74.00-75.00  sec  3.39 GBytes  29.1 Gbits/sec                  
[  5]  75.00-76.00  sec  2.67 GBytes  23.0 Gbits/sec                  
[  5]  76.00-77.00  sec  1.98 GBytes  17.0 Gbits/sec                  
[  5]  77.00-78.00  sec  2.28 GBytes  19.5 Gbits/sec                  
[  5]  78.00-79.00  sec  2.73 GBytes  23.4 Gbits/sec                  
[  5]  79.00-80.00  sec  2.52 GBytes  21.7 Gbits/sec                  
[  5]  80.00-81.00  sec  2.36 GBytes  20.3 Gbits/sec                  
[  5]  81.00-82.00  sec  2.49 GBytes  21.4 Gbits/sec                  
[  5]  82.00-83.00  sec  2.43 GBytes  20.9 Gbits/sec                  
[  5]  83.00-84.00  sec  1.94 GBytes  16.7 Gbits/sec                  
[  5]  84.00-85.00  sec  2.10 GBytes  18.1 Gbits/sec                  
[  5]  85.00-86.00  sec  2.01 GBytes  17.3 Gbits/sec                  
[  5]  86.00-87.00  sec  1.84 GBytes  15.8 Gbits/sec                  
[  5]  87.00-88.00  sec  1.87 GBytes  16.0 Gbits/sec                  
[  5]  88.00-89.00  sec  1.92 GBytes  16.5 Gbits/sec                  
[  5]  89.00-90.00  sec  1.66 GBytes  14.3 Gbits/sec                  
[  5]  90.00-91.00  sec  1.20 GBytes  10.3 Gbits/sec                  
[  5]  91.00-92.00  sec  1.22 GBytes  10.4 Gbits/sec                  
[  5]  92.00-93.00  sec  1.20 GBytes  10.3 Gbits/sec                  
[  5]  93.00-94.00  sec  1.53 GBytes  13.1 Gbits/sec                  
[  5]  94.00-95.00  sec  1.30 GBytes  11.1 Gbits/sec                  
[  5]  95.00-96.00  sec  1.61 GBytes  13.8 Gbits/sec                  
[  5]  96.00-97.00  sec  2.00 GBytes  17.2 Gbits/sec                  
[  5]  97.00-98.00  sec  1.97 GBytes  17.0 Gbits/sec                  
[  5]  98.00-99.00  sec  1.30 GBytes  11.2 Gbits/sec                  
[  5]  99.00-100.00 sec  1.15 GBytes  9.85 Gbits/sec                  
[  5] 100.00-101.00 sec  1.19 GBytes  10.2 Gbits/sec                  
[  5] 101.00-102.00 sec  1.30 GBytes  11.1 Gbits/sec                  
[  5] 102.00-103.00 sec  1.43 GBytes  12.3 Gbits/sec                  
[  5] 103.00-104.00 sec  1.27 GBytes  10.9 Gbits/sec                  
[  5] 104.00-105.00 sec  1.30 GBytes  11.2 Gbits/sec                  
[  5] 105.00-106.00 sec  1.59 GBytes  13.7 Gbits/sec                  
[  5] 106.00-107.00 sec  2.14 GBytes  18.4 Gbits/sec                  
[  5] 107.00-108.00 sec  1.24 GBytes  10.6 Gbits/sec                  
[  5] 108.00-109.00 sec  2.10 GBytes  18.0 Gbits/sec                  
[  5] 109.00-110.00 sec  2.29 GBytes  19.7 Gbits/sec                  
[  5] 110.00-111.00 sec  2.38 GBytes  20.4 Gbits/sec                  
[  5] 111.00-112.00 sec  2.35 GBytes  20.2 Gbits/sec                  
[  5] 112.00-113.00 sec  2.74 GBytes  23.6 Gbits/sec                  
[  5] 113.00-114.00 sec  2.26 GBytes  19.4 Gbits/sec                  
[  5] 114.00-115.00 sec  2.59 GBytes  22.2 Gbits/sec                  
[  5] 115.00-116.00 sec  2.61 GBytes  22.4 Gbits/sec                  
[  5] 116.00-117.00 sec  2.52 GBytes  21.7 Gbits/sec                  
[  5] 117.00-118.00 sec  2.46 GBytes  21.1 Gbits/sec                  
[  5] 118.00-119.00 sec  1.94 GBytes  16.7 Gbits/sec                  
[  5] 119.00-120.00 sec  1.85 GBytes  15.9 Gbits/sec                  
[  5] 120.00-120.04 sec  82.8 MBytes  16.4 Gbits/sec                  
- - - - - - - - - - - - - - - - - - - - - - - - -
[ ID] Interval           Transfer     Bitrate
[  5]   0.00-120.04 sec   252 GBytes  18.1 Gbits/sec                  receiver
