Connecting to host 192.168.2.3, port 25000
[  5] local 192.168.2.2 port 46175 connected to 192.168.2.3 port 25000
[ ID] Interval           Transfer     Bitrate         Retr  Cwnd
[  5]   0.00-10.00  sec  22.3 GBytes  19.1 Gbits/sec  564   3.00 MBytes       
[  5]  10.00-20.00  sec  19.0 GBytes  16.3 Gbits/sec  225   3.00 MBytes       
[  5]  20.00-30.00  sec  14.3 GBytes  12.3 Gbits/sec    0   3.23 MBytes       
[  5]  30.00-40.00  sec  14.3 GBytes  12.3 Gbits/sec  200   3.23 MBytes       
[  5]  40.00-50.00  sec  28.2 GBytes  24.2 Gbits/sec    0   3.23 MBytes       
[  5]  50.00-60.00  sec  17.1 GBytes  14.7 Gbits/sec    0   3.23 MBytes       
[  5]  60.00-70.00  sec  15.0 GBytes  12.9 Gbits/sec    0   3.23 MBytes       
[  5]  70.00-80.00  sec  18.6 GBytes  16.0 Gbits/sec    1   3.23 MBytes       
[  5]  80.00-90.00  sec  17.5 GBytes  15.0 Gbits/sec  1011   3.23 MBytes       
[  5]  90.00-100.00 sec  14.5 GBytes  12.5 Gbits/sec   12   3.23 MBytes       
[  5] 100.00-110.00 sec  18.4 GBytes  15.8 Gbits/sec    0   3.23 MBytes       
[  5] 110.00-120.00 sec  18.3 GBytes  15.8 Gbits/sec    0   3.23 MBytes       
- - - - - - - - - - - - - - - - - - - - - - - - -
[ ID] Interval           Transfer     Bitrate         Retr
[  5]   0.00-120.00 sec   217 GBytes  15.6 Gbits/sec  2013             sender
[  5]   0.00-120.04 sec   217 GBytes  15.6 Gbits/sec                  receiver

iperf Done.
