-----------------------------------------------------------
Server listening on 25006
-----------------------------------------------------------
Accepted connection from 192.168.4.3, port 38677
[  5] local 192.168.4.2 port 25006 connected to 192.168.4.3 port 58973
[ ID] Interval           Transfer     Bitrate
[  5]   0.00-1.00   sec   839 MBytes  7.04 Gbits/sec                  
[  5]   1.00-2.00   sec   973 MBytes  8.16 Gbits/sec                  
[  5]   2.00-3.00   sec   897 MBytes  7.52 Gbits/sec                  
[  5]   3.00-4.00   sec   849 MBytes  7.12 Gbits/sec                  
[  5]   4.00-5.00   sec   786 MBytes  6.59 Gbits/sec                  
[  5]   5.00-6.00   sec  1.07 GBytes  9.23 Gbits/sec                  
[  5]   6.00-7.00   sec  1005 MBytes  8.43 Gbits/sec                  
[  5]   7.00-8.00   sec   923 MBytes  7.74 Gbits/sec                  
[  5]   8.00-9.00   sec   998 MBytes  8.37 Gbits/sec                  
[  5]   9.00-10.00  sec  1.16 GBytes  9.95 Gbits/sec                  
[  5]  10.00-11.00  sec  1.23 GBytes  10.6 Gbits/sec                  
[  5]  11.00-12.00  sec   838 MBytes  7.03 Gbits/sec                  
[  5]  12.00-13.00  sec   777 MBytes  6.52 Gbits/sec                  
[  5]  13.00-14.00  sec  1.01 GBytes  8.66 Gbits/sec                  
[  5]  14.00-15.00  sec  1.06 GBytes  9.10 Gbits/sec                  
[  5]  15.00-16.00  sec   982 MBytes  8.24 Gbits/sec                  
[  5]  16.00-17.00  sec  1.03 GBytes  8.81 Gbits/sec                  
[  5]  17.00-18.00  sec  1010 MBytes  8.47 Gbits/sec                  
[  5]  18.00-19.00  sec  1.01 GBytes  8.66 Gbits/sec                  
[  5]  19.00-20.00  sec  1.07 GBytes  9.20 Gbits/sec                  
[  5]  20.00-21.00  sec   932 MBytes  7.82 Gbits/sec                  
[  5]  21.00-22.00  sec   650 MBytes  5.45 Gbits/sec                  
[  5]  22.00-23.00  sec   756 MBytes  6.34 Gbits/sec                  
[  5]  23.00-24.00  sec  1.19 GBytes  10.3 Gbits/sec                  
[  5]  24.00-25.00  sec  1.18 GBytes  10.2 Gbits/sec                  
[  5]  25.00-26.00  sec  1.01 GBytes  8.68 Gbits/sec                  
[  5]  26.00-27.00  sec  1.04 GBytes  8.91 Gbits/sec                  
[  5]  27.00-28.00  sec  1.19 GBytes  10.2 Gbits/sec                  
[  5]  28.00-29.00  sec  1.19 GBytes  10.3 Gbits/sec                  
[  5]  29.00-30.00  sec  1.22 GBytes  10.5 Gbits/sec                  
[  5]  30.00-31.00  sec  1.24 GBytes  10.6 Gbits/sec                  
[  5]  31.00-32.00  sec  1.20 GBytes  10.3 Gbits/sec                  
[  5]  32.00-33.00  sec  1.35 GBytes  11.6 Gbits/sec                  
[  5]  33.00-34.00  sec  1.32 GBytes  11.4 Gbits/sec                  
[  5]  34.00-35.00  sec  1.04 GBytes  8.91 Gbits/sec                  
[  5]  35.00-36.00  sec  1.08 GBytes  9.29 Gbits/sec                  
[  5]  36.00-37.00  sec  1.03 GBytes  8.83 Gbits/sec                  
[  5]  37.00-38.00  sec   833 MBytes  6.99 Gbits/sec                  
[  5]  38.00-39.00  sec  1.24 GBytes  10.7 Gbits/sec                  
[  5]  39.00-40.00  sec  1.22 GBytes  10.4 Gbits/sec                  
[  5]  40.00-41.00  sec  1.14 GBytes  9.82 Gbits/sec                  
[  5]  41.00-42.00  sec  1014 MBytes  8.51 Gbits/sec                  
[  5]  42.00-43.00  sec  1.01 GBytes  8.69 Gbits/sec                  
[  5]  43.00-44.00  sec  1.07 GBytes  9.18 Gbits/sec                  
[  5]  44.00-45.00  sec  1.06 GBytes  9.09 Gbits/sec                  
[  5]  45.00-46.00  sec  1.03 GBytes  8.82 Gbits/sec                  
[  5]  46.00-47.00  sec  1.02 GBytes  8.77 Gbits/sec                  
[  5]  47.00-48.00  sec   912 MBytes  7.65 Gbits/sec                  
[  5]  48.00-49.00  sec   933 MBytes  7.83 Gbits/sec                  
[  5]  49.00-50.00  sec  1.00 GBytes  8.60 Gbits/sec                  
[  5]  50.00-51.00  sec   640 MBytes  5.37 Gbits/sec                  
[  5]  51.00-52.00  sec   618 MBytes  5.19 Gbits/sec                  
[  5]  52.00-53.00  sec   742 MBytes  6.23 Gbits/sec                  
[  5]  53.00-54.00  sec  1.05 GBytes  9.00 Gbits/sec                  
[  5]  54.00-55.00  sec  1.04 GBytes  8.93 Gbits/sec                  
[  5]  55.00-56.00  sec   999 MBytes  8.38 Gbits/sec                  
[  5]  56.00-57.00  sec   964 MBytes  8.09 Gbits/sec                  
[  5]  57.00-58.00  sec  1.21 GBytes  10.4 Gbits/sec                  
[  5]  58.00-59.00  sec   918 MBytes  7.70 Gbits/sec                  
[  5]  59.00-60.00  sec   866 MBytes  7.26 Gbits/sec                  
[  5]  60.00-61.00  sec   947 MBytes  7.95 Gbits/sec                  
[  5]  61.00-62.00  sec  1.34 GBytes  11.5 Gbits/sec                  
[  5]  62.00-63.00  sec   992 MBytes  8.32 Gbits/sec                  
[  5]  63.00-64.00  sec   818 MBytes  6.86 Gbits/sec                  
[  5]  64.00-65.00  sec   781 MBytes  6.55 Gbits/sec                  
[  5]  65.00-66.00  sec   750 MBytes  6.29 Gbits/sec                  
[  5]  66.00-67.00  sec   854 MBytes  7.17 Gbits/sec                  
[  5]  67.00-68.00  sec   779 MBytes  6.53 Gbits/sec                  
[  5]  68.00-69.00  sec   740 MBytes  6.21 Gbits/sec                  
[  5]  69.00-70.00  sec   746 MBytes  6.26 Gbits/sec                  
[  5]  70.00-71.00  sec   822 MBytes  6.90 Gbits/sec                  
[  5]  71.00-72.00  sec   707 MBytes  5.93 Gbits/sec                  
[  5]  72.00-73.00  sec   713 MBytes  5.98 Gbits/sec                  
[  5]  73.00-74.00  sec   791 MBytes  6.64 Gbits/sec                  
[  5]  74.00-75.00  sec   757 MBytes  6.35 Gbits/sec                  
[  5]  75.00-76.00  sec  1.48 GBytes  12.7 Gbits/sec                  
[  5]  76.00-77.00  sec  1.36 GBytes  11.7 Gbits/sec                  
[  5]  77.00-78.00  sec  1.01 GBytes  8.70 Gbits/sec                  
[  5]  78.00-79.00  sec   595 MBytes  4.99 Gbits/sec                  
[  5]  79.00-80.00  sec   676 MBytes  5.67 Gbits/sec                  
[  5]  80.00-81.00  sec   733 MBytes  6.14 Gbits/sec                  
[  5]  81.00-82.00  sec   649 MBytes  5.45 Gbits/sec                  
[  5]  82.00-83.00  sec   731 MBytes  6.13 Gbits/sec                  
[  5]  83.00-84.00  sec   774 MBytes  6.49 Gbits/sec                  
[  5]  84.00-85.00  sec   806 MBytes  6.76 Gbits/sec                  
[  5]  85.00-86.00  sec   993 MBytes  8.33 Gbits/sec                  
[  5]  86.00-87.00  sec  1.04 GBytes  8.94 Gbits/sec                  
[  5]  87.00-88.00  sec  1016 MBytes  8.52 Gbits/sec                  
[  5]  88.00-89.00  sec   963 MBytes  8.08 Gbits/sec                  
[  5]  89.00-90.00  sec   936 MBytes  7.85 Gbits/sec                  
[  5]  90.00-91.00  sec  1.01 GBytes  8.70 Gbits/sec                  
[  5]  91.00-92.00  sec  1.02 GBytes  8.74 Gbits/sec                  
[  5]  92.00-93.00  sec  1.04 GBytes  8.93 Gbits/sec                  
[  5]  93.00-94.00  sec   934 MBytes  7.83 Gbits/sec                  
[  5]  94.00-95.00  sec  1.01 GBytes  8.67 Gbits/sec                  
[  5]  95.00-96.00  sec  1017 MBytes  8.53 Gbits/sec                  
[  5]  96.00-97.00  sec   796 MBytes  6.68 Gbits/sec                  
[  5]  97.00-98.00  sec   835 MBytes  7.01 Gbits/sec                  
[  5]  98.00-99.00  sec   989 MBytes  8.30 Gbits/sec                  
[  5]  99.00-100.00 sec  1011 MBytes  8.48 Gbits/sec                  
[  5] 100.00-101.00 sec   976 MBytes  8.19 Gbits/sec                  
[  5] 101.00-102.00 sec   892 MBytes  7.48 Gbits/sec                  
[  5] 102.00-103.00 sec  1.07 GBytes  9.23 Gbits/sec                  
[  5] 103.00-104.00 sec  1.12 GBytes  9.61 Gbits/sec                  
[  5] 104.00-105.00 sec  1.02 GBytes  8.80 Gbits/sec                  
[  5] 105.00-106.00 sec  1.01 GBytes  8.70 Gbits/sec                  
[  5] 106.00-107.00 sec  1.14 GBytes  9.75 Gbits/sec                  
[  5] 107.00-108.00 sec  1.33 GBytes  11.4 Gbits/sec                  
[  5] 108.00-109.00 sec  1.39 GBytes  12.0 Gbits/sec                  
[  5] 109.00-110.00 sec  1.00 GBytes  8.59 Gbits/sec                  
[  5] 110.00-111.00 sec  1.05 GBytes  9.00 Gbits/sec                  
[  5] 111.00-112.00 sec  1.08 GBytes  9.24 Gbits/sec                  
[  5] 112.00-113.00 sec  1.07 GBytes  9.18 Gbits/sec                  
[  5] 113.00-114.00 sec  1.02 GBytes  8.78 Gbits/sec                  
[  5] 114.00-115.00 sec   943 MBytes  7.91 Gbits/sec                  
[  5] 115.00-116.00 sec  1007 MBytes  8.44 Gbits/sec                  
[  5] 116.00-117.00 sec   931 MBytes  7.81 Gbits/sec                  
[  5] 117.00-118.00 sec   983 MBytes  8.24 Gbits/sec                  
[  5] 118.00-119.00 sec  1.08 GBytes  9.24 Gbits/sec                  
[  5] 119.00-120.00 sec  1.06 GBytes  9.07 Gbits/sec                  
[  5] 120.00-120.04 sec  99.6 MBytes  18.9 Gbits/sec                  
- - - - - - - - - - - - - - - - - - - - - - - - -
[ ID] Interval           Transfer     Bitrate
[  5]   0.00-120.04 sec   117 GBytes  8.34 Gbits/sec                  receiver
