Connecting to host 192.168.4.3, port 25004
[  5] local 192.168.4.2 port 39865 connected to 192.168.4.3 port 25004
[ ID] Interval           Transfer     Bitrate         Retr  Cwnd
[  5]   0.00-10.00  sec  21.9 GBytes  18.8 Gbits/sec  2269   1.77 MBytes       
[  5]  10.00-20.00  sec  14.4 GBytes  12.4 Gbits/sec  779   1.86 MBytes       
[  5]  20.00-30.00  sec  13.5 GBytes  11.6 Gbits/sec  858   1.42 MBytes       
[  5]  30.00-40.00  sec  13.1 GBytes  11.2 Gbits/sec  1733   2.49 MBytes       
[  5]  40.00-50.00  sec  16.2 GBytes  13.9 Gbits/sec  971   3.01 MBytes       
[  5]  50.00-60.00  sec  15.9 GBytes  13.7 Gbits/sec    0   3.01 MBytes       
[  5]  60.00-70.00  sec  20.1 GBytes  17.2 Gbits/sec    0   3.01 MBytes       
[  5]  70.00-80.00  sec  17.8 GBytes  15.3 Gbits/sec    0   3.01 MBytes       
[  5]  80.00-90.00  sec  20.9 GBytes  18.0 Gbits/sec    0   3.01 MBytes       
[  5]  90.00-100.00 sec  18.1 GBytes  15.6 Gbits/sec  405   3.01 MBytes       
[  5] 100.00-110.00 sec  13.3 GBytes  11.4 Gbits/sec  315   3.01 MBytes       
[  5] 110.00-120.00 sec  14.2 GBytes  12.2 Gbits/sec  139   3.01 MBytes       
- - - - - - - - - - - - - - - - - - - - - - - - -
[ ID] Interval           Transfer     Bitrate         Retr
[  5]   0.00-120.00 sec   199 GBytes  14.3 Gbits/sec  7469             sender
[  5]   0.00-120.04 sec   199 GBytes  14.3 Gbits/sec                  receiver

iperf Done.
