-----------------------------------------------------------
Server listening on 25007
-----------------------------------------------------------
Accepted connection from 192.168.4.3, port 54691
[  5] local 192.168.4.2 port 25007 connected to 192.168.4.3 port 42721
[ ID] Interval           Transfer     Bitrate
[  5]   0.00-1.00   sec   844 MBytes  7.08 Gbits/sec                  
[  5]   1.00-2.00   sec  1001 MBytes  8.40 Gbits/sec                  
[  5]   2.00-3.00   sec   929 MBytes  7.79 Gbits/sec                  
[  5]   3.00-4.00   sec   885 MBytes  7.42 Gbits/sec                  
[  5]   4.00-5.00   sec   666 MBytes  5.58 Gbits/sec                  
[  5]   5.00-6.00   sec   549 MBytes  4.61 Gbits/sec                  
[  5]   6.00-7.00   sec   501 MBytes  4.21 Gbits/sec                  
[  5]   7.00-8.00   sec   464 MBytes  3.89 Gbits/sec                  
[  5]   8.00-9.00   sec   499 MBytes  4.18 Gbits/sec                  
[  5]   9.00-10.00  sec   593 MBytes  4.98 Gbits/sec                  
[  5]  10.00-11.00  sec   630 MBytes  5.28 Gbits/sec                  
[  5]  11.00-12.00  sec   830 MBytes  6.97 Gbits/sec                  
[  5]  12.00-13.00  sec   777 MBytes  6.51 Gbits/sec                  
[  5]  13.00-14.00  sec  1.01 GBytes  8.65 Gbits/sec                  
[  5]  14.00-15.00  sec  1.06 GBytes  9.09 Gbits/sec                  
[  5]  15.00-16.00  sec   984 MBytes  8.25 Gbits/sec                  
[  5]  16.00-17.00  sec  1.03 GBytes  8.82 Gbits/sec                  
[  5]  17.00-18.00  sec  1009 MBytes  8.47 Gbits/sec                  
[  5]  18.00-19.00  sec  1.01 GBytes  8.67 Gbits/sec                  
[  5]  19.00-20.00  sec  1.07 GBytes  9.17 Gbits/sec                  
[  5]  20.00-21.00  sec   900 MBytes  7.55 Gbits/sec                  
[  5]  21.00-22.00  sec  1.16 GBytes  9.94 Gbits/sec                  
[  5]  22.00-23.00  sec  1.23 GBytes  10.5 Gbits/sec                  
[  5]  23.00-24.00  sec  1.19 GBytes  10.3 Gbits/sec                  
[  5]  24.00-25.00  sec  1.18 GBytes  10.1 Gbits/sec                  
[  5]  25.00-26.00  sec  1021 MBytes  8.57 Gbits/sec                  
[  5]  26.00-27.00  sec  1.04 GBytes  8.95 Gbits/sec                  
[  5]  27.00-28.00  sec  1.19 GBytes  10.2 Gbits/sec                  
[  5]  28.00-29.00  sec  1.19 GBytes  10.2 Gbits/sec                  
[  5]  29.00-30.00  sec  1.22 GBytes  10.5 Gbits/sec                  
[  5]  30.00-31.00  sec  1.19 GBytes  10.2 Gbits/sec                  
[  5]  31.00-32.00  sec  1.19 GBytes  10.2 Gbits/sec                  
[  5]  32.00-33.00  sec  1.03 GBytes  8.84 Gbits/sec                  
[  5]  33.00-34.00  sec   683 MBytes  5.73 Gbits/sec                  
[  5]  34.00-35.00  sec   867 MBytes  7.28 Gbits/sec                  
[  5]  35.00-36.00  sec  1.10 GBytes  9.42 Gbits/sec                  
[  5]  36.00-37.00  sec  1.03 GBytes  8.84 Gbits/sec                  
[  5]  37.00-38.00  sec  1.39 GBytes  11.9 Gbits/sec                  
[  5]  38.00-39.00  sec  1.25 GBytes  10.7 Gbits/sec                  
[  5]  39.00-40.00  sec  1.24 GBytes  10.7 Gbits/sec                  
[  5]  40.00-41.00  sec  1.18 GBytes  10.1 Gbits/sec                  
[  5]  41.00-42.00  sec  1.02 GBytes  8.76 Gbits/sec                  
[  5]  42.00-43.00  sec  1.04 GBytes  8.96 Gbits/sec                  
[  5]  43.00-44.00  sec  1.09 GBytes  9.39 Gbits/sec                  
[  5]  44.00-45.00  sec  1.06 GBytes  9.08 Gbits/sec                  
[  5]  45.00-46.00  sec   996 MBytes  8.35 Gbits/sec                  
[  5]  46.00-47.00  sec   997 MBytes  8.36 Gbits/sec                  
[  5]  47.00-48.00  sec   872 MBytes  7.31 Gbits/sec                  
[  5]  48.00-49.00  sec   905 MBytes  7.59 Gbits/sec                  
[  5]  49.00-50.00  sec  1.08 GBytes  9.29 Gbits/sec                  
[  5]  50.00-51.00  sec   653 MBytes  5.48 Gbits/sec                  
[  5]  51.00-52.00  sec   619 MBytes  5.19 Gbits/sec                  
[  5]  52.00-53.00  sec   725 MBytes  6.08 Gbits/sec                  
[  5]  53.00-54.00  sec  1.02 GBytes  8.80 Gbits/sec                  
[  5]  54.00-55.00  sec  1.02 GBytes  8.80 Gbits/sec                  
[  5]  55.00-56.00  sec   984 MBytes  8.25 Gbits/sec                  
[  5]  56.00-57.00  sec   963 MBytes  8.08 Gbits/sec                  
[  5]  57.00-58.00  sec   780 MBytes  6.54 Gbits/sec                  
[  5]  58.00-59.00  sec   842 MBytes  7.06 Gbits/sec                  
[  5]  59.00-60.00  sec   866 MBytes  7.26 Gbits/sec                  
[  5]  60.00-61.00  sec   664 MBytes  5.57 Gbits/sec                  
[  5]  61.00-62.00  sec   683 MBytes  5.73 Gbits/sec                  
[  5]  62.00-63.00  sec   877 MBytes  7.36 Gbits/sec                  
[  5]  63.00-64.00  sec   845 MBytes  7.09 Gbits/sec                  
[  5]  64.00-65.00  sec   793 MBytes  6.65 Gbits/sec                  
[  5]  65.00-66.00  sec   774 MBytes  6.49 Gbits/sec                  
[  5]  66.00-67.00  sec   847 MBytes  7.11 Gbits/sec                  
[  5]  67.00-68.00  sec   770 MBytes  6.46 Gbits/sec                  
[  5]  68.00-69.00  sec   746 MBytes  6.26 Gbits/sec                  
[  5]  69.00-70.00  sec   778 MBytes  6.52 Gbits/sec                  
[  5]  70.00-71.00  sec   790 MBytes  6.63 Gbits/sec                  
[  5]  71.00-72.00  sec   695 MBytes  5.83 Gbits/sec                  
[  5]  72.00-73.00  sec   699 MBytes  5.86 Gbits/sec                  
[  5]  73.00-74.00  sec   769 MBytes  6.46 Gbits/sec                  
[  5]  74.00-75.00  sec   753 MBytes  6.31 Gbits/sec                  
[  5]  75.00-76.00  sec   698 MBytes  5.85 Gbits/sec                  
[  5]  76.00-77.00  sec   618 MBytes  5.18 Gbits/sec                  
[  5]  77.00-78.00  sec   627 MBytes  5.26 Gbits/sec                  
[  5]  78.00-79.00  sec   597 MBytes  5.01 Gbits/sec                  
[  5]  79.00-80.00  sec   679 MBytes  5.69 Gbits/sec                  
[  5]  80.00-81.00  sec   732 MBytes  6.14 Gbits/sec                  
[  5]  81.00-82.00  sec   646 MBytes  5.42 Gbits/sec                  
[  5]  82.00-83.00  sec   705 MBytes  5.92 Gbits/sec                  
[  5]  83.00-84.00  sec   760 MBytes  6.38 Gbits/sec                  
[  5]  84.00-85.00  sec   805 MBytes  6.75 Gbits/sec                  
[  5]  85.00-86.00  sec   992 MBytes  8.32 Gbits/sec                  
[  5]  86.00-87.00  sec  1.04 GBytes  8.94 Gbits/sec                  
[  5]  87.00-88.00  sec  1016 MBytes  8.52 Gbits/sec                  
[  5]  88.00-89.00  sec   960 MBytes  8.05 Gbits/sec                  
[  5]  89.00-90.00  sec   942 MBytes  7.90 Gbits/sec                  
[  5]  90.00-91.00  sec  1.03 GBytes  8.83 Gbits/sec                  
[  5]  91.00-92.00  sec  1.03 GBytes  8.84 Gbits/sec                  
[  5]  92.00-93.00  sec  1.04 GBytes  8.95 Gbits/sec                  
[  5]  93.00-94.00  sec   936 MBytes  7.85 Gbits/sec                  
[  5]  94.00-95.00  sec  1.01 GBytes  8.67 Gbits/sec                  
[  5]  95.00-96.00  sec  1019 MBytes  8.55 Gbits/sec                  
[  5]  96.00-97.00  sec   794 MBytes  6.66 Gbits/sec                  
[  5]  97.00-98.00  sec   834 MBytes  7.00 Gbits/sec                  
[  5]  98.00-99.00  sec   991 MBytes  8.31 Gbits/sec                  
[  5]  99.00-100.00 sec  1009 MBytes  8.47 Gbits/sec                  
[  5] 100.00-101.00 sec   976 MBytes  8.19 Gbits/sec                  
[  5] 101.00-102.00 sec   883 MBytes  7.41 Gbits/sec                  
[  5] 102.00-103.00 sec  1.05 GBytes  9.03 Gbits/sec                  
[  5] 103.00-104.00 sec  1.10 GBytes  9.44 Gbits/sec                  
[  5] 104.00-105.00 sec  1.01 GBytes  8.66 Gbits/sec                  
[  5] 105.00-106.00 sec  1.01 GBytes  8.65 Gbits/sec                  
[  5] 106.00-107.00 sec  1.14 GBytes  9.76 Gbits/sec                  
[  5] 107.00-108.00 sec   915 MBytes  7.67 Gbits/sec                  
[  5] 108.00-109.00 sec   721 MBytes  6.05 Gbits/sec                  
[  5] 109.00-110.00 sec   925 MBytes  7.76 Gbits/sec                  
[  5] 110.00-111.00 sec  1.05 GBytes  9.01 Gbits/sec                  
[  5] 111.00-112.00 sec  1.08 GBytes  9.25 Gbits/sec                  
[  5] 112.00-113.00 sec  1.07 GBytes  9.19 Gbits/sec                  
[  5] 113.00-114.00 sec  1.02 GBytes  8.77 Gbits/sec                  
[  5] 114.00-115.00 sec   943 MBytes  7.91 Gbits/sec                  
[  5] 115.00-116.00 sec  1001 MBytes  8.40 Gbits/sec                  
[  5] 116.00-117.00 sec   949 MBytes  7.96 Gbits/sec                  
[  5] 117.00-118.00 sec   978 MBytes  8.20 Gbits/sec                  
[  5] 118.00-119.00 sec  1.08 GBytes  9.24 Gbits/sec                  
[  5] 119.00-120.00 sec  2.30 GBytes  19.8 Gbits/sec                  
[  5] 120.00-120.04 sec   105 MBytes  20.0 Gbits/sec                  
- - - - - - - - - - - - - - - - - - - - - - - - -
[ ID] Interval           Transfer     Bitrate
[  5]   0.00-120.04 sec   110 GBytes  7.89 Gbits/sec                  receiver
