Connecting to host 192.168.4.3, port 25006
[  5] local 192.168.4.2 port 33685 connected to 192.168.4.3 port 25006
[ ID] Interval           Transfer     Bitrate         Retr  Cwnd
[  5]   0.00-10.00  sec  18.0 GBytes  15.4 Gbits/sec  110   3.00 MBytes       
[  5]  10.00-20.00  sec  14.5 GBytes  12.4 Gbits/sec    0   3.00 MBytes       
[  5]  20.00-30.00  sec  19.0 GBytes  16.3 Gbits/sec    0   4.04 MBytes       
[  5]  30.00-40.00  sec  17.6 GBytes  15.2 Gbits/sec    0   4.04 MBytes       
[  5]  40.00-50.00  sec  15.7 GBytes  13.5 Gbits/sec  405   4.04 MBytes       
[  5]  50.00-60.00  sec  16.2 GBytes  13.9 Gbits/sec    0   4.04 MBytes       
[  5]  60.00-70.00  sec  18.1 GBytes  15.5 Gbits/sec   13   4.04 MBytes       
[  5]  70.00-80.00  sec  19.3 GBytes  16.6 Gbits/sec    1   4.04 MBytes       
[  5]  80.00-90.00  sec  16.2 GBytes  13.9 Gbits/sec    0   4.04 MBytes       
[  5]  90.00-100.00 sec  17.4 GBytes  14.9 Gbits/sec    0   4.04 MBytes       
[  5] 100.00-110.00 sec  22.8 GBytes  19.6 Gbits/sec   90   4.04 MBytes       
[  5] 110.00-120.00 sec  16.5 GBytes  14.2 Gbits/sec    0   4.04 MBytes       
- - - - - - - - - - - - - - - - - - - - - - - - -
[ ID] Interval           Transfer     Bitrate         Retr
[  5]   0.00-120.00 sec   211 GBytes  15.1 Gbits/sec  619             sender
[  5]   0.00-120.04 sec   211 GBytes  15.1 Gbits/sec                  receiver

iperf Done.
