Connecting to host 192.168.4.3, port 25005
[  5] local 192.168.4.2 port 60399 connected to 192.168.4.3 port 25005
[ ID] Interval           Transfer     Bitrate         Retr  Cwnd
[  5]   0.00-10.00  sec  19.3 GBytes  16.6 Gbits/sec  977   2.39 MBytes       
[  5]  10.00-20.00  sec  29.9 GBytes  25.7 Gbits/sec    0   2.95 MBytes       
[  5]  20.00-30.00  sec  22.6 GBytes  19.4 Gbits/sec    0   4.43 MBytes       
[  5]  30.00-40.00  sec  20.8 GBytes  17.9 Gbits/sec    0   4.43 MBytes       
[  5]  40.00-50.00  sec  20.6 GBytes  17.7 Gbits/sec    0   4.43 MBytes       
[  5]  50.00-60.00  sec  20.4 GBytes  17.6 Gbits/sec    0   4.43 MBytes       
[  5]  60.00-70.00  sec  20.7 GBytes  17.8 Gbits/sec    0   4.43 MBytes       
[  5]  70.00-80.00  sec  23.2 GBytes  19.9 Gbits/sec    0   4.43 MBytes       
[  5]  80.00-90.00  sec  20.6 GBytes  17.7 Gbits/sec    0   4.43 MBytes       
[  5]  90.00-100.00 sec  14.5 GBytes  12.4 Gbits/sec    0   4.43 MBytes       
[  5] 100.00-110.00 sec  15.9 GBytes  13.6 Gbits/sec   20   4.43 MBytes       
[  5] 110.00-120.00 sec  23.7 GBytes  20.4 Gbits/sec  154   4.43 MBytes       
- - - - - - - - - - - - - - - - - - - - - - - - -
[ ID] Interval           Transfer     Bitrate         Retr
[  5]   0.00-120.00 sec   252 GBytes  18.1 Gbits/sec  1151             sender
[  5]   0.00-120.04 sec   252 GBytes  18.1 Gbits/sec                  receiver

iperf Done.
