Connecting to host 192.168.4.3, port 25007
[  5] local 192.168.4.2 port 38791 connected to 192.168.4.3 port 25007
[ ID] Interval           Transfer     Bitrate         Retr  Cwnd
[  5]   0.00-10.00  sec  24.2 GBytes  20.8 Gbits/sec   82   3.01 MBytes       
[  5]  10.00-20.00  sec  17.6 GBytes  15.1 Gbits/sec  135   3.01 MBytes       
[  5]  20.00-30.00  sec  18.4 GBytes  15.8 Gbits/sec    0   3.01 MBytes       
[  5]  30.00-40.00  sec  16.6 GBytes  14.2 Gbits/sec    0   3.01 MBytes       
[  5]  40.00-50.00  sec  21.7 GBytes  18.6 Gbits/sec    0   3.01 MBytes       
[  5]  50.00-60.00  sec  23.1 GBytes  19.8 Gbits/sec   51   3.01 MBytes       
[  5]  60.00-70.00  sec  18.3 GBytes  15.7 Gbits/sec  182   3.01 MBytes       
[  5]  70.00-80.00  sec  18.7 GBytes  16.0 Gbits/sec    0   3.01 MBytes       
[  5]  80.00-90.00  sec  17.5 GBytes  15.0 Gbits/sec    0   3.01 MBytes       
[  5]  90.00-100.00 sec  21.6 GBytes  18.5 Gbits/sec    0   3.01 MBytes       
[  5] 100.00-110.00 sec  19.8 GBytes  17.0 Gbits/sec    0   3.01 MBytes       
[  5] 110.00-120.00 sec  18.9 GBytes  16.3 Gbits/sec   34   3.01 MBytes       
- - - - - - - - - - - - - - - - - - - - - - - - -
[ ID] Interval           Transfer     Bitrate         Retr
[  5]   0.00-120.00 sec   236 GBytes  16.9 Gbits/sec  484             sender
[  5]   0.00-120.04 sec   236 GBytes  16.9 Gbits/sec                  receiver

iperf Done.
