Connecting to host 192.168.2.2, port 25000
[  5] local 192.168.2.3 port 45255 connected to 192.168.2.2 port 25000
[ ID] Interval           Transfer     Bitrate         Retr  Cwnd
[  5]   0.00-10.00  sec  7.52 GBytes  6.46 Gbits/sec   58   2.11 MBytes       
[  5]  10.00-20.00  sec  10.7 GBytes  9.22 Gbits/sec    0   3.05 MBytes       
[  5]  20.00-30.00  sec  9.88 GBytes  8.49 Gbits/sec    0   3.05 MBytes       
[  5]  30.00-40.00  sec  13.0 GBytes  11.1 Gbits/sec    0   3.05 MBytes       
[  5]  40.00-50.00  sec  8.15 GBytes  7.00 Gbits/sec  315   2.13 MBytes       
[  5]  50.00-60.00  sec  7.45 GBytes  6.40 Gbits/sec  403   2.24 MBytes       
[  5]  60.00-70.00  sec  8.62 GBytes  7.40 Gbits/sec   54   1.99 MBytes       
[  5]  70.00-80.00  sec  9.12 GBytes  7.83 Gbits/sec    0   2.86 MBytes       
[  5]  80.00-90.00  sec  9.69 GBytes  8.33 Gbits/sec    0   4.87 MBytes       
[  5]  90.00-100.00 sec  9.62 GBytes  8.26 Gbits/sec  180   4.87 MBytes       
[  5] 100.00-110.00 sec  10.9 GBytes  9.37 Gbits/sec    0   4.87 MBytes       
[  5] 110.00-120.00 sec  9.19 GBytes  7.90 Gbits/sec    0   4.87 MBytes       
- - - - - - - - - - - - - - - - - - - - - - - - -
[ ID] Interval           Transfer     Bitrate         Retr
[  5]   0.00-120.00 sec   114 GBytes  8.15 Gbits/sec  1010             sender
[  5]   0.00-120.04 sec   114 GBytes  8.15 Gbits/sec                  receiver

iperf Done.
