Connecting to host 192.168.2.2, port 25002
[  5] local 192.168.2.3 port 51891 connected to 192.168.2.2 port 25002
[ ID] Interval           Transfer     Bitrate         Retr  Cwnd
[  5]   0.00-10.00  sec  8.59 GBytes  7.38 Gbits/sec   97   2.92 MBytes       
[  5]  10.00-20.00  sec  8.41 GBytes  7.22 Gbits/sec  189   3.01 MBytes       
[  5]  20.00-30.00  sec  9.53 GBytes  8.19 Gbits/sec    0   3.01 MBytes       
[  5]  30.00-40.00  sec  11.7 GBytes  10.1 Gbits/sec    0   3.01 MBytes       
[  5]  40.00-50.00  sec  7.68 GBytes  6.60 Gbits/sec    0   3.01 MBytes       
[  5]  50.00-60.00  sec  10.7 GBytes  9.23 Gbits/sec  212   3.01 MBytes       
[  5]  60.00-70.00  sec  8.49 GBytes  7.30 Gbits/sec    0   3.01 MBytes       
[  5]  70.00-80.00  sec  8.99 GBytes  7.73 Gbits/sec    0   3.01 MBytes       
[  5]  80.00-90.00  sec  9.67 GBytes  8.30 Gbits/sec    0   3.01 MBytes       
[  5]  90.00-100.00 sec  10.6 GBytes  9.14 Gbits/sec    3   3.01 MBytes       
[  5] 100.00-110.00 sec  8.15 GBytes  7.00 Gbits/sec   45   3.01 MBytes       
[  5] 110.00-120.00 sec  12.0 GBytes  10.3 Gbits/sec    0   3.01 MBytes       
- - - - - - - - - - - - - - - - - - - - - - - - -
[ ID] Interval           Transfer     Bitrate         Retr
[  5]   0.00-120.00 sec   115 GBytes  8.21 Gbits/sec  546             sender
[  5]   0.00-120.05 sec   115 GBytes  8.20 Gbits/sec                  receiver

iperf Done.
