-----------------------------------------------------------
Server listening on 25000
-----------------------------------------------------------
Accepted connection from 192.168.2.3, port 42303
[  5] local 192.168.2.2 port 25000 connected to 192.168.2.3 port 45255
[ ID] Interval           Transfer     Bitrate
[  5]   0.00-1.00   sec   867 MBytes  7.27 Gbits/sec                  
[  5]   1.00-2.00   sec   789 MBytes  6.62 Gbits/sec                  
[  5]   2.00-3.00   sec   601 MBytes  5.04 Gbits/sec                  
[  5]   3.00-4.00   sec   626 MBytes  5.25 Gbits/sec                  
[  5]   4.00-5.00   sec   691 MBytes  5.80 Gbits/sec                  
[  5]   5.00-6.00   sec   795 MBytes  6.67 Gbits/sec                  
[  5]   6.00-7.00   sec   938 MBytes  7.87 Gbits/sec                  
[  5]   7.00-8.00   sec   681 MBytes  5.72 Gbits/sec                  
[  5]   8.00-9.00   sec   759 MBytes  6.36 Gbits/sec                  
[  5]   9.00-10.00  sec   900 MBytes  7.55 Gbits/sec                  
[  5]  10.00-11.00  sec  1.19 GBytes  10.3 Gbits/sec                  
[  5]  11.00-12.00  sec  1.09 GBytes  9.34 Gbits/sec                  
[  5]  12.00-13.00  sec  1.26 GBytes  10.8 Gbits/sec                  
[  5]  13.00-14.00  sec  1.54 GBytes  13.2 Gbits/sec                  
[  5]  14.00-15.00  sec  1.03 GBytes  8.85 Gbits/sec                  
[  5]  15.00-16.00  sec   657 MBytes  5.51 Gbits/sec                  
[  5]  16.00-17.00  sec  1.02 GBytes  8.79 Gbits/sec                  
[  5]  17.00-18.00  sec  1007 MBytes  8.45 Gbits/sec                  
[  5]  18.00-19.00  sec  1003 MBytes  8.41 Gbits/sec                  
[  5]  19.00-20.00  sec  1.03 GBytes  8.81 Gbits/sec                  
[  5]  20.00-21.00  sec   598 MBytes  5.01 Gbits/sec                  
[  5]  21.00-22.00  sec   967 MBytes  8.11 Gbits/sec                  
[  5]  22.00-23.00  sec   882 MBytes  7.40 Gbits/sec                  
[  5]  23.00-24.00  sec   924 MBytes  7.75 Gbits/sec                  
[  5]  24.00-25.00  sec   925 MBytes  7.76 Gbits/sec                  
[  5]  25.00-26.00  sec  1.06 GBytes  9.11 Gbits/sec                  
[  5]  26.00-27.00  sec  1.01 GBytes  8.68 Gbits/sec                  
[  5]  27.00-28.00  sec  1.18 GBytes  10.2 Gbits/sec                  
[  5]  28.00-29.00  sec  1.19 GBytes  10.2 Gbits/sec                  
[  5]  29.00-30.00  sec  1.22 GBytes  10.5 Gbits/sec                  
[  5]  30.00-31.00  sec  1.41 GBytes  12.1 Gbits/sec                  
[  5]  31.00-32.00  sec  1.47 GBytes  12.6 Gbits/sec                  
[  5]  32.00-33.00  sec  1.19 GBytes  10.2 Gbits/sec                  
[  5]  33.00-34.00  sec   971 MBytes  8.15 Gbits/sec                  
[  5]  34.00-35.00  sec   678 MBytes  5.69 Gbits/sec                  
[  5]  35.00-36.00  sec  1.57 GBytes  13.5 Gbits/sec                  
[  5]  36.00-37.00  sec  1.92 GBytes  16.5 Gbits/sec                  
[  5]  37.00-38.00  sec  1.32 GBytes  11.4 Gbits/sec                  
[  5]  38.00-39.00  sec  1.24 GBytes  10.7 Gbits/sec                  
[  5]  39.00-40.00  sec  1.23 GBytes  10.5 Gbits/sec                  
[  5]  40.00-41.00  sec  1.52 GBytes  13.0 Gbits/sec                  
[  5]  41.00-42.00  sec  1.26 GBytes  10.9 Gbits/sec                  
[  5]  42.00-43.00  sec   776 MBytes  6.51 Gbits/sec                  
[  5]  43.00-44.00  sec   727 MBytes  6.10 Gbits/sec                  
[  5]  44.00-45.00  sec   704 MBytes  5.90 Gbits/sec                  
[  5]  45.00-46.00  sec   685 MBytes  5.75 Gbits/sec                  
[  5]  46.00-47.00  sec   672 MBytes  5.64 Gbits/sec                  
[  5]  47.00-48.00  sec   564 MBytes  4.73 Gbits/sec                  
[  5]  48.00-49.00  sec   587 MBytes  4.93 Gbits/sec                  
[  5]  49.00-50.00  sec   784 MBytes  6.58 Gbits/sec                  
[  5]  50.00-51.00  sec   782 MBytes  6.56 Gbits/sec                  
[  5]  51.00-52.00  sec   718 MBytes  6.02 Gbits/sec                  
[  5]  52.00-53.00  sec   910 MBytes  7.63 Gbits/sec                  
[  5]  53.00-54.00  sec   793 MBytes  6.65 Gbits/sec                  
[  5]  54.00-55.00  sec   808 MBytes  6.78 Gbits/sec                  
[  5]  55.00-56.00  sec   663 MBytes  5.56 Gbits/sec                  
[  5]  56.00-57.00  sec   642 MBytes  5.38 Gbits/sec                  
[  5]  57.00-58.00  sec   647 MBytes  5.43 Gbits/sec                  
[  5]  58.00-59.00  sec   809 MBytes  6.79 Gbits/sec                  
[  5]  59.00-60.00  sec   858 MBytes  7.20 Gbits/sec                  
[  5]  60.00-61.00  sec   837 MBytes  7.02 Gbits/sec                  
[  5]  61.00-62.00  sec  1022 MBytes  8.57 Gbits/sec                  
[  5]  62.00-63.00  sec  1.20 GBytes  10.3 Gbits/sec                  
[  5]  63.00-64.00  sec   853 MBytes  7.16 Gbits/sec                  
[  5]  64.00-65.00  sec   576 MBytes  4.83 Gbits/sec                  
[  5]  65.00-66.00  sec   534 MBytes  4.48 Gbits/sec                  
[  5]  66.00-67.00  sec  1015 MBytes  8.51 Gbits/sec                  
[  5]  67.00-68.00  sec   997 MBytes  8.36 Gbits/sec                  
[  5]  68.00-69.00  sec   874 MBytes  7.33 Gbits/sec                  
[  5]  69.00-70.00  sec   887 MBytes  7.44 Gbits/sec                  
[  5]  70.00-71.00  sec   925 MBytes  7.76 Gbits/sec                  
[  5]  71.00-72.00  sec   830 MBytes  6.96 Gbits/sec                  
[  5]  72.00-73.00  sec   844 MBytes  7.08 Gbits/sec                  
[  5]  73.00-74.00  sec   914 MBytes  7.66 Gbits/sec                  
[  5]  74.00-75.00  sec   891 MBytes  7.47 Gbits/sec                  
[  5]  75.00-76.00  sec   959 MBytes  8.04 Gbits/sec                  
[  5]  76.00-77.00  sec  1014 MBytes  8.51 Gbits/sec                  
[  5]  77.00-78.00  sec   964 MBytes  8.09 Gbits/sec                  
[  5]  78.00-79.00  sec   940 MBytes  7.89 Gbits/sec                  
[  5]  79.00-80.00  sec  1.02 GBytes  8.75 Gbits/sec                  
[  5]  80.00-81.00  sec  1.08 GBytes  9.31 Gbits/sec                  
[  5]  81.00-82.00  sec   998 MBytes  8.37 Gbits/sec                  
[  5]  82.00-83.00  sec  1.09 GBytes  9.35 Gbits/sec                  
[  5]  83.00-84.00  sec   955 MBytes  8.01 Gbits/sec                  
[  5]  84.00-85.00  sec   806 MBytes  6.76 Gbits/sec                  
[  5]  85.00-86.00  sec   992 MBytes  8.33 Gbits/sec                  
[  5]  86.00-87.00  sec  1.05 GBytes  8.99 Gbits/sec                  
[  5]  87.00-88.00  sec   980 MBytes  8.22 Gbits/sec                  
[  5]  88.00-89.00  sec   966 MBytes  8.11 Gbits/sec                  
[  5]  89.00-90.00  sec   942 MBytes  7.91 Gbits/sec                  
[  5]  90.00-91.00  sec  1.02 GBytes  8.77 Gbits/sec                  
[  5]  91.00-92.00  sec  1.03 GBytes  8.81 Gbits/sec                  
[  5]  92.00-93.00  sec  1.04 GBytes  8.97 Gbits/sec                  
[  5]  93.00-94.00  sec   638 MBytes  5.35 Gbits/sec                  
[  5]  94.00-95.00  sec   777 MBytes  6.52 Gbits/sec                  
[  5]  95.00-96.00  sec  1.02 GBytes  8.77 Gbits/sec                  
[  5]  96.00-97.00  sec   797 MBytes  6.69 Gbits/sec                  
[  5]  97.00-98.00  sec   833 MBytes  6.99 Gbits/sec                  
[  5]  98.00-99.00  sec  1.22 GBytes  10.5 Gbits/sec                  
[  5]  99.00-100.00 sec  1.30 GBytes  11.2 Gbits/sec                  
[  5] 100.00-101.00 sec  1.24 GBytes  10.7 Gbits/sec                  
[  5] 101.00-102.00 sec  1.21 GBytes  10.4 Gbits/sec                  
[  5] 102.00-103.00 sec  1.13 GBytes  9.69 Gbits/sec                  
[  5] 103.00-104.00 sec  1.13 GBytes  9.68 Gbits/sec                  
[  5] 104.00-105.00 sec   741 MBytes  6.22 Gbits/sec                  
[  5] 105.00-106.00 sec   673 MBytes  5.65 Gbits/sec                  
[  5] 106.00-107.00 sec  1.26 GBytes  10.9 Gbits/sec                  
[  5] 107.00-108.00 sec  1.49 GBytes  12.8 Gbits/sec                  
[  5] 108.00-109.00 sec  1.10 GBytes  9.41 Gbits/sec                  
[  5] 109.00-110.00 sec  1001 MBytes  8.40 Gbits/sec                  
[  5] 110.00-111.00 sec  1.04 GBytes  8.92 Gbits/sec                  
[  5] 111.00-112.00 sec  1.08 GBytes  9.24 Gbits/sec                  
[  5] 112.00-113.00 sec  1.05 GBytes  9.00 Gbits/sec                  
[  5] 113.00-114.00 sec   691 MBytes  5.80 Gbits/sec                  
[  5] 114.00-115.00 sec   617 MBytes  5.17 Gbits/sec                  
[  5] 115.00-116.00 sec   661 MBytes  5.54 Gbits/sec                  
[  5] 116.00-117.00 sec   617 MBytes  5.18 Gbits/sec                  
[  5] 117.00-118.00 sec   938 MBytes  7.87 Gbits/sec                  
[  5] 118.00-119.00 sec  1.07 GBytes  9.16 Gbits/sec                  
[  5] 119.00-120.00 sec  1.47 GBytes  12.6 Gbits/sec                  
[  5] 120.00-120.04 sec  96.4 MBytes  20.2 Gbits/sec                  
- - - - - - - - - - - - - - - - - - - - - - - - -
[ ID] Interval           Transfer     Bitrate
[  5]   0.00-120.04 sec   114 GBytes  8.15 Gbits/sec                  receiver
