Connecting to host 192.168.2.2, port 25003
[  5] local 192.168.2.3 port 35469 connected to 192.168.2.2 port 25003
[ ID] Interval           Transfer     Bitrate         Retr  Cwnd
[  5]   0.00-10.00  sec  8.49 GBytes  7.29 Gbits/sec   61   1.61 MBytes       
[  5]  10.00-20.00  sec  7.88 GBytes  6.77 Gbits/sec    0   2.99 MBytes       
[  5]  20.00-30.00  sec  9.84 GBytes  8.46 Gbits/sec   65   3.04 MBytes       
[  5]  30.00-40.00  sec  10.5 GBytes  8.98 Gbits/sec  180   3.04 MBytes       
[  5]  40.00-50.00  sec  7.21 GBytes  6.19 Gbits/sec    0   3.04 MBytes       
[  5]  50.00-60.00  sec  8.06 GBytes  6.92 Gbits/sec  344   3.04 MBytes       
[  5]  60.00-70.00  sec  10.7 GBytes  9.18 Gbits/sec    0   3.04 MBytes       
[  5]  70.00-80.00  sec  8.92 GBytes  7.66 Gbits/sec    0   3.04 MBytes       
[  5]  80.00-90.00  sec  9.65 GBytes  8.29 Gbits/sec    0   3.04 MBytes       
[  5]  90.00-100.00 sec  8.39 GBytes  7.21 Gbits/sec  121   2.46 MBytes       
[  5] 100.00-110.00 sec  11.0 GBytes  9.41 Gbits/sec    2   2.53 MBytes       
[  5] 110.00-120.00 sec  9.18 GBytes  7.89 Gbits/sec    0   3.03 MBytes       
- - - - - - - - - - - - - - - - - - - - - - - - -
[ ID] Interval           Transfer     Bitrate         Retr
[  5]   0.00-120.00 sec   110 GBytes  7.85 Gbits/sec  773             sender
[  5]   0.00-120.05 sec   110 GBytes  7.85 Gbits/sec                  receiver

iperf Done.
