Connecting to host 192.168.2.3, port 25002
[  5] local 192.168.2.2 port 54349 connected to 192.168.2.3 port 25002
[ ID] Interval           Transfer     Bitrate         Retr  Cwnd
[  5]   0.00-10.00  sec  20.4 GBytes  17.5 Gbits/sec    3   3.06 MBytes       
[  5]  10.00-20.00  sec  25.9 GBytes  22.2 Gbits/sec    0   3.06 MBytes       
[  5]  20.00-30.00  sec  22.8 GBytes  19.6 Gbits/sec    0   3.06 MBytes       
[  5]  30.00-40.00  sec  20.7 GBytes  17.8 Gbits/sec    0   3.06 MBytes       
[  5]  40.00-50.00  sec  16.7 GBytes  14.3 Gbits/sec    9   3.06 MBytes       
[  5]  50.00-60.00  sec  22.3 GBytes  19.2 Gbits/sec    0   3.06 MBytes       
[  5]  60.00-70.00  sec  22.1 GBytes  19.0 Gbits/sec    1   3.06 MBytes       
[  5]  70.00-80.00  sec  19.5 GBytes  16.8 Gbits/sec    0   3.06 MBytes       
[  5]  80.00-90.00  sec  20.7 GBytes  17.8 Gbits/sec    0   3.06 MBytes       
[  5]  90.00-100.00 sec  19.3 GBytes  16.5 Gbits/sec    0   3.06 MBytes       
[  5] 100.00-110.00 sec  18.9 GBytes  16.3 Gbits/sec    0   3.06 MBytes       
[  5] 110.00-120.00 sec  17.3 GBytes  14.9 Gbits/sec    0   3.06 MBytes       
- - - - - - - - - - - - - - - - - - - - - - - - -
[ ID] Interval           Transfer     Bitrate         Retr
[  5]   0.00-120.00 sec   247 GBytes  17.7 Gbits/sec   13             sender
[  5]   0.00-120.05 sec   247 GBytes  17.6 Gbits/sec                  receiver

iperf Done.
