Connecting to host 192.168.2.2, port 25001
[  5] local 192.168.2.3 port 49221 connected to 192.168.2.2 port 25001
[ ID] Interval           Transfer     Bitrate         Retr  Cwnd
[  5]   0.00-10.00  sec  7.48 GBytes  6.42 Gbits/sec   11   2.24 MBytes       
[  5]  10.00-20.00  sec  10.9 GBytes  9.34 Gbits/sec  742   2.22 MBytes       
[  5]  20.00-30.00  sec  11.4 GBytes  9.75 Gbits/sec    0   3.00 MBytes       
[  5]  30.00-40.00  sec  9.23 GBytes  7.93 Gbits/sec   40   3.00 MBytes       
[  5]  40.00-50.00  sec  16.1 GBytes  13.8 Gbits/sec    0   3.00 MBytes       
[  5]  50.00-60.00  sec  11.3 GBytes  9.68 Gbits/sec    0   3.00 MBytes       
[  5]  60.00-70.00  sec  8.64 GBytes  7.42 Gbits/sec    1   3.00 MBytes       
[  5]  70.00-80.00  sec  9.03 GBytes  7.76 Gbits/sec    0   3.00 MBytes       
[  5]  80.00-90.00  sec  9.68 GBytes  8.32 Gbits/sec    0   3.00 MBytes       
[  5]  90.00-100.00 sec  9.46 GBytes  8.13 Gbits/sec    0   3.00 MBytes       
[  5] 100.00-110.00 sec  10.8 GBytes  9.24 Gbits/sec    0   3.00 MBytes       
[  5] 110.00-120.00 sec  12.0 GBytes  10.3 Gbits/sec    0   3.00 MBytes       
- - - - - - - - - - - - - - - - - - - - - - - - -
[ ID] Interval           Transfer     Bitrate         Retr
[  5]   0.00-120.00 sec   126 GBytes  9.01 Gbits/sec  794             sender
[  5]   0.00-120.04 sec   126 GBytes  9.01 Gbits/sec                  receiver

iperf Done.
