Connecting to host 192.168.2.2, port 25003
[  5] local 192.168.2.3 port 60383 connected to 192.168.2.2 port 25003
[ ID] Interval           Transfer     Bitrate         Retr  Cwnd
[  5]   0.00-10.00  sec  19.2 GBytes  16.5 Gbits/sec  571   1.86 MBytes       
[  5]  10.00-20.00  sec  21.4 GBytes  18.4 Gbits/sec    2   1.84 MBytes       
[  5]  20.00-30.00  sec  25.5 GBytes  21.9 Gbits/sec    0   2.93 MBytes       
[  5]  30.00-40.00  sec  22.3 GBytes  19.1 Gbits/sec    0   3.66 MBytes       
[  5]  40.00-50.00  sec  23.5 GBytes  20.2 Gbits/sec    0   3.66 MBytes       
[  5]  50.00-60.00  sec  29.1 GBytes  25.0 Gbits/sec    0   3.66 MBytes       
[  5]  60.00-70.00  sec  23.1 GBytes  19.8 Gbits/sec    0   3.66 MBytes       
[  5]  70.00-80.00  sec  22.1 GBytes  19.0 Gbits/sec    0   3.66 MBytes       
[  5]  80.00-90.00  sec  24.3 GBytes  20.8 Gbits/sec    0   3.66 MBytes       
[  5]  90.00-100.00 sec  19.6 GBytes  16.9 Gbits/sec    0   3.66 MBytes       
[  5] 100.00-110.00 sec  16.7 GBytes  14.4 Gbits/sec    0   3.66 MBytes       
[  5] 110.00-120.00 sec  19.2 GBytes  16.5 Gbits/sec    0   3.66 MBytes       
- - - - - - - - - - - - - - - - - - - - - - - - -
[ ID] Interval           Transfer     Bitrate         Retr
[  5]   0.00-120.00 sec   266 GBytes  19.0 Gbits/sec  573             sender
[  5]   0.00-120.05 sec   266 GBytes  19.0 Gbits/sec                  receiver

iperf Done.
