Connecting to host 192.168.4.3, port 25006
[  5] local 192.168.4.2 port 48717 connected to 192.168.4.3 port 25006
[ ID] Interval           Transfer     Bitrate         Retr  Cwnd
[  5]   0.00-10.00  sec  22.1 GBytes  19.0 Gbits/sec  1203   1.25 MBytes       
[  5]  10.00-20.00  sec  18.8 GBytes  16.1 Gbits/sec    0   1.43 MBytes       
[  5]  20.00-30.00  sec  24.6 GBytes  21.1 Gbits/sec    0   2.27 MBytes       
[  5]  30.00-40.00  sec  25.1 GBytes  21.5 Gbits/sec    2   2.27 MBytes       
[  5]  40.00-50.00  sec  20.2 GBytes  17.3 Gbits/sec   22   2.27 MBytes       
[  5]  50.00-60.00  sec  23.6 GBytes  20.2 Gbits/sec    0   2.42 MBytes       
[  5]  60.00-70.00  sec  23.9 GBytes  20.5 Gbits/sec    1   1.66 MBytes       
[  5]  70.00-80.00  sec  22.6 GBytes  19.4 Gbits/sec    0   1.66 MBytes       
[  5]  80.00-90.00  sec  20.0 GBytes  17.2 Gbits/sec    1   1.22 MBytes       
[  5]  90.00-100.00 sec  20.2 GBytes  17.3 Gbits/sec    0   1.23 MBytes       
[  5] 100.00-110.00 sec  19.1 GBytes  16.4 Gbits/sec    1   2.44 MBytes       
[  5] 110.00-120.00 sec  20.5 GBytes  17.6 Gbits/sec  681   2.55 MBytes       
- - - - - - - - - - - - - - - - - - - - - - - - -
[ ID] Interval           Transfer     Bitrate         Retr
[  5]   0.00-120.00 sec   261 GBytes  18.7 Gbits/sec  1911             sender
[  5]   0.00-120.04 sec   261 GBytes  18.6 Gbits/sec                  receiver

iperf Done.
