Connecting to host 192.168.4.3, port 25007
[  5] local 192.168.4.2 port 47025 connected to 192.168.4.3 port 25007
[ ID] Interval           Transfer     Bitrate         Retr  Cwnd
[  5]   0.00-10.00  sec  18.6 GBytes  15.9 Gbits/sec  181   2.35 MBytes       
[  5]  10.00-20.00  sec  18.8 GBytes  16.2 Gbits/sec    0   2.36 MBytes       
[  5]  20.00-30.00  sec  24.2 GBytes  20.8 Gbits/sec    0   2.36 MBytes       
[  5]  30.00-40.00  sec  24.6 GBytes  21.1 Gbits/sec    0   2.36 MBytes       
[  5]  40.00-50.00  sec  29.9 GBytes  25.7 Gbits/sec   12   2.84 MBytes       
[  5]  50.00-60.00  sec  25.3 GBytes  21.7 Gbits/sec    0   2.84 MBytes       
[  5]  60.00-70.00  sec  23.7 GBytes  20.4 Gbits/sec    0   2.84 MBytes       
[  5]  70.00-80.00  sec  22.6 GBytes  19.4 Gbits/sec    0   4.53 MBytes       
[  5]  80.00-90.00  sec  20.0 GBytes  17.2 Gbits/sec    0   4.53 MBytes       
[  5]  90.00-100.00 sec  20.1 GBytes  17.3 Gbits/sec    0   4.53 MBytes       
[  5] 100.00-110.00 sec  26.6 GBytes  22.8 Gbits/sec    0   4.53 MBytes       
[  5] 110.00-120.00 sec  25.5 GBytes  21.9 Gbits/sec   41   4.53 MBytes       
- - - - - - - - - - - - - - - - - - - - - - - - -
[ ID] Interval           Transfer     Bitrate         Retr
[  5]   0.00-120.00 sec   280 GBytes  20.0 Gbits/sec  234             sender
[  5]   0.00-120.04 sec   280 GBytes  20.0 Gbits/sec                  receiver

iperf Done.
