Connecting to host 192.168.4.3, port 25005
[  5] local 192.168.4.2 port 57949 connected to 192.168.4.3 port 25005
[ ID] Interval           Transfer     Bitrate         Retr  Cwnd
[  5]   0.00-10.00  sec  25.4 GBytes  21.9 Gbits/sec  603   1.82 MBytes       
[  5]  10.00-20.00  sec  30.0 GBytes  25.8 Gbits/sec   18   2.95 MBytes       
[  5]  20.00-30.00  sec  24.0 GBytes  20.6 Gbits/sec    0   2.95 MBytes       
[  5]  30.00-40.00  sec  24.9 GBytes  21.4 Gbits/sec    0   3.13 MBytes       
[  5]  40.00-50.00  sec  30.4 GBytes  26.1 Gbits/sec   30   3.13 MBytes       
[  5]  50.00-60.00  sec  25.8 GBytes  22.1 Gbits/sec    0   3.13 MBytes       
[  5]  60.00-70.00  sec  23.9 GBytes  20.5 Gbits/sec    0   3.13 MBytes       
[  5]  70.00-80.00  sec  22.6 GBytes  19.4 Gbits/sec    0   3.13 MBytes       
[  5]  80.00-90.00  sec  20.0 GBytes  17.2 Gbits/sec    0   3.13 MBytes       
[  5]  90.00-100.00 sec  19.8 GBytes  17.0 Gbits/sec    0   3.13 MBytes       
[  5] 100.00-110.00 sec  18.3 GBytes  15.7 Gbits/sec    0   3.13 MBytes       
[  5] 110.00-120.00 sec  17.6 GBytes  15.1 Gbits/sec   45   3.13 MBytes       
- - - - - - - - - - - - - - - - - - - - - - - - -
[ ID] Interval           Transfer     Bitrate         Retr
[  5]   0.00-120.00 sec   283 GBytes  20.2 Gbits/sec  696             sender
[  5]   0.00-120.04 sec   283 GBytes  20.2 Gbits/sec                  receiver

iperf Done.
