Connecting to host 192.168.2.3, port 25001
[  5] local 192.168.2.2 port 39007 connected to 192.168.2.3 port 25001
[ ID] Interval           Transfer     Bitrate         Retr  Cwnd
[  5]   0.00-10.00  sec  25.2 GBytes  21.7 Gbits/sec  622   2.26 MBytes       
[  5]  10.00-20.00  sec  26.7 GBytes  22.9 Gbits/sec   47   2.57 MBytes       
[  5]  20.00-30.00  sec  17.3 GBytes  14.8 Gbits/sec    0   4.23 MBytes       
[  5]  30.00-40.00  sec  24.9 GBytes  21.4 Gbits/sec    0   4.23 MBytes       
[  5]  40.00-50.00  sec  25.3 GBytes  21.7 Gbits/sec    0   4.23 MBytes       
[  5]  50.00-60.00  sec  24.6 GBytes  21.2 Gbits/sec    8   4.23 MBytes       
[  5]  60.00-70.00  sec  23.9 GBytes  20.5 Gbits/sec    0   4.23 MBytes       
[  5]  70.00-80.00  sec  23.1 GBytes  19.9 Gbits/sec    0   4.23 MBytes       
[  5]  80.00-90.00  sec  26.7 GBytes  23.0 Gbits/sec    0   4.23 MBytes       
[  5]  90.00-100.00 sec  22.0 GBytes  18.9 Gbits/sec    0   4.23 MBytes       
[  5] 100.00-110.00 sec  20.6 GBytes  17.7 Gbits/sec    0   4.23 MBytes       
[  5] 110.00-120.00 sec  18.8 GBytes  16.1 Gbits/sec    0   4.23 MBytes       
- - - - - - - - - - - - - - - - - - - - - - - - -
[ ID] Interval           Transfer     Bitrate         Retr
[  5]   0.00-120.00 sec   279 GBytes  20.0 Gbits/sec  677             sender
[  5]   0.00-120.04 sec   279 GBytes  20.0 Gbits/sec                  receiver

iperf Done.
