Connecting to host 192.168.2.3, port 25000
[  5] local 192.168.2.2 port 56263 connected to 192.168.2.3 port 25000
[ ID] Interval           Transfer     Bitrate         Retr  Cwnd
[  5]   0.00-10.00  sec  26.0 GBytes  22.3 Gbits/sec  963   1.67 MBytes       
[  5]  10.00-20.00  sec  32.7 GBytes  28.1 Gbits/sec  1673   1.56 MBytes       
[  5]  20.00-30.00  sec  32.3 GBytes  27.7 Gbits/sec  1141   2.15 MBytes       
[  5]  30.00-40.00  sec  24.9 GBytes  21.4 Gbits/sec    0   4.28 MBytes       
[  5]  40.00-50.00  sec  25.3 GBytes  21.7 Gbits/sec   89   4.28 MBytes       
[  5]  50.00-60.00  sec  24.6 GBytes  21.2 Gbits/sec    0   4.28 MBytes       
[  5]  60.00-70.00  sec  23.7 GBytes  20.3 Gbits/sec    0   4.28 MBytes       
[  5]  70.00-80.00  sec  21.8 GBytes  18.8 Gbits/sec    0   4.28 MBytes       
[  5]  80.00-90.00  sec  13.4 GBytes  11.5 Gbits/sec   78   4.28 MBytes       
[  5]  90.00-100.00 sec  17.9 GBytes  15.4 Gbits/sec    0   4.28 MBytes       
[  5] 100.00-110.00 sec  20.3 GBytes  17.4 Gbits/sec    1   4.28 MBytes       
[  5] 110.00-120.00 sec  31.0 GBytes  26.7 Gbits/sec  180   4.28 MBytes       
- - - - - - - - - - - - - - - - - - - - - - - - -
[ ID] Interval           Transfer     Bitrate         Retr
[  5]   0.00-120.00 sec   294 GBytes  21.0 Gbits/sec  4125             sender
[  5]   0.00-120.04 sec   294 GBytes  21.0 Gbits/sec                  receiver

iperf Done.
