Connecting to host 192.168.4.2, port 25007
[  5] local 192.168.4.3 port 55329 connected to 192.168.4.2 port 25007
[ ID] Interval           Transfer     Bitrate         Retr  Cwnd
[  5]   0.00-10.00  sec  21.4 GBytes  18.4 Gbits/sec   13   2.42 MBytes       
[  5]  10.00-20.00  sec  24.3 GBytes  20.9 Gbits/sec    0   4.34 MBytes       
[  5]  20.00-30.00  sec  19.6 GBytes  16.8 Gbits/sec    0   4.34 MBytes       
[  5]  30.00-40.00  sec  22.6 GBytes  19.4 Gbits/sec    0   4.34 MBytes       
[  5]  40.00-50.00  sec  21.0 GBytes  18.1 Gbits/sec    0   4.34 MBytes       
[  5]  50.00-60.00  sec  22.0 GBytes  18.9 Gbits/sec    0   4.34 MBytes       
[  5]  60.00-70.00  sec  21.8 GBytes  18.7 Gbits/sec    0   4.34 MBytes       
[  5]  70.00-80.00  sec  28.8 GBytes  24.8 Gbits/sec    0   4.34 MBytes       
[  5]  80.00-90.00  sec  27.9 GBytes  24.0 Gbits/sec    0   4.34 MBytes       
[  5]  90.00-100.00 sec  19.3 GBytes  16.6 Gbits/sec    0   4.34 MBytes       
[  5] 100.00-110.00 sec  25.2 GBytes  21.7 Gbits/sec    0   4.34 MBytes       
[  5] 110.00-120.00 sec  21.0 GBytes  18.0 Gbits/sec    0   4.34 MBytes       
- - - - - - - - - - - - - - - - - - - - - - - - -
[ ID] Interval           Transfer     Bitrate         Retr
[  5]   0.00-120.00 sec   275 GBytes  19.7 Gbits/sec   13             sender
[  5]   0.00-120.04 sec   275 GBytes  19.7 Gbits/sec                  receiver

iperf Done.
