Connecting to host 192.168.2.3, port 25002
[  5] local 192.168.2.2 port 42819 connected to 192.168.2.3 port 25002
[ ID] Interval           Transfer     Bitrate         Retr  Cwnd
[  5]   0.00-10.00  sec  21.4 GBytes  18.4 Gbits/sec  397   1.50 MBytes       
[  5]  10.00-20.00  sec  19.2 GBytes  16.5 Gbits/sec  516   2.50 MBytes       
[  5]  20.00-30.00  sec  21.3 GBytes  18.3 Gbits/sec    0   3.39 MBytes       
[  5]  30.00-40.00  sec  24.9 GBytes  21.4 Gbits/sec    0   3.39 MBytes       
[  5]  40.00-50.00  sec  24.8 GBytes  21.3 Gbits/sec    0   3.39 MBytes       
[  5]  50.00-60.00  sec  24.3 GBytes  20.9 Gbits/sec    0   3.39 MBytes       
[  5]  60.00-70.00  sec  24.1 GBytes  20.7 Gbits/sec    0   3.39 MBytes       
[  5]  70.00-80.00  sec  22.1 GBytes  19.0 Gbits/sec    0   3.39 MBytes       
[  5]  80.00-90.00  sec  13.4 GBytes  11.5 Gbits/sec    0   3.39 MBytes       
[  5]  90.00-100.00 sec  18.2 GBytes  15.7 Gbits/sec    0   3.39 MBytes       
[  5] 100.00-110.00 sec  21.0 GBytes  18.1 Gbits/sec    0   3.39 MBytes       
[  5] 110.00-120.00 sec  20.5 GBytes  17.6 Gbits/sec    0   3.39 MBytes       
- - - - - - - - - - - - - - - - - - - - - - - - -
[ ID] Interval           Transfer     Bitrate         Retr
[  5]   0.00-120.00 sec   255 GBytes  18.3 Gbits/sec  913             sender
[  5]   0.00-120.04 sec   255 GBytes  18.3 Gbits/sec                  receiver

iperf Done.
