Connecting to host 192.168.4.2, port 25006
[  5] local 192.168.4.3 port 51863 connected to 192.168.4.2 port 25006
[ ID] Interval           Transfer     Bitrate         Retr  Cwnd
[  5]   0.00-10.00  sec  22.4 GBytes  19.3 Gbits/sec   19   3.08 MBytes       
[  5]  10.00-20.00  sec  24.2 GBytes  20.8 Gbits/sec  576   1.83 MBytes       
[  5]  20.00-30.00  sec  19.6 GBytes  16.8 Gbits/sec    0   2.34 MBytes       
[  5]  30.00-40.00  sec  22.6 GBytes  19.4 Gbits/sec    1   3.37 MBytes       
[  5]  40.00-50.00  sec  23.5 GBytes  20.2 Gbits/sec   45   3.37 MBytes       
[  5]  50.00-60.00  sec  23.3 GBytes  20.0 Gbits/sec    1   3.37 MBytes       
[  5]  60.00-70.00  sec  21.0 GBytes  18.1 Gbits/sec    0   3.37 MBytes       
[  5]  70.00-80.00  sec  18.4 GBytes  15.8 Gbits/sec    0   3.37 MBytes       
[  5]  80.00-90.00  sec  22.5 GBytes  19.3 Gbits/sec    0   3.37 MBytes       
[  5]  90.00-100.00 sec  29.5 GBytes  25.4 Gbits/sec    0   3.37 MBytes       
[  5] 100.00-110.00 sec  25.1 GBytes  21.5 Gbits/sec    0   3.37 MBytes       
[  5] 110.00-120.00 sec  25.4 GBytes  21.8 Gbits/sec    0   3.37 MBytes       
- - - - - - - - - - - - - - - - - - - - - - - - -
[ ID] Interval           Transfer     Bitrate         Retr
[  5]   0.00-120.00 sec   278 GBytes  19.9 Gbits/sec  642             sender
[  5]   0.00-120.04 sec   278 GBytes  19.9 Gbits/sec                  receiver

iperf Done.
