Connecting to host 192.168.4.3, port 25004
[  5] local 192.168.4.2 port 36663 connected to 192.168.4.3 port 25004
[ ID] Interval           Transfer     Bitrate         Retr  Cwnd
[  5]   0.00-10.00  sec  28.3 GBytes  24.3 Gbits/sec  816   1.40 MBytes       
[  5]  10.00-20.00  sec  30.1 GBytes  25.8 Gbits/sec   26   2.63 MBytes       
[  5]  20.00-30.00  sec  24.6 GBytes  21.1 Gbits/sec    1   2.63 MBytes       
[  5]  30.00-40.00  sec  25.1 GBytes  21.5 Gbits/sec  549   1.54 MBytes       
[  5]  40.00-50.00  sec  20.2 GBytes  17.3 Gbits/sec    0   1.62 MBytes       
[  5]  50.00-60.00  sec  23.6 GBytes  20.2 Gbits/sec    0   2.09 MBytes       
[  5]  60.00-70.00  sec  23.9 GBytes  20.5 Gbits/sec    2   3.70 MBytes       
[  5]  70.00-80.00  sec  22.6 GBytes  19.4 Gbits/sec    0   3.70 MBytes       
[  5]  80.00-90.00  sec  20.0 GBytes  17.2 Gbits/sec    1   3.70 MBytes       
[  5]  90.00-100.00 sec  20.2 GBytes  17.3 Gbits/sec    1   3.15 MBytes       
[  5] 100.00-110.00 sec  18.5 GBytes  15.9 Gbits/sec    0   3.15 MBytes       
[  5] 110.00-120.00 sec  26.1 GBytes  22.5 Gbits/sec    0   3.15 MBytes       
- - - - - - - - - - - - - - - - - - - - - - - - -
[ ID] Interval           Transfer     Bitrate         Retr
[  5]   0.00-120.00 sec   283 GBytes  20.3 Gbits/sec  1396             sender
[  5]   0.00-120.04 sec   283 GBytes  20.3 Gbits/sec                  receiver

iperf Done.
