Connecting to host 192.168.2.3, port 25003
[  5] local 192.168.2.2 port 35307 connected to 192.168.2.3 port 25003
[ ID] Interval           Transfer     Bitrate         Retr  Cwnd
[  5]   0.00-10.00  sec  21.8 GBytes  18.7 Gbits/sec  642   2.19 MBytes       
[  5]  10.00-20.00  sec  18.7 GBytes  16.0 Gbits/sec    0   2.19 MBytes       
[  5]  20.00-30.00  sec  26.2 GBytes  22.5 Gbits/sec    0   2.83 MBytes       
[  5]  30.00-40.00  sec  24.9 GBytes  21.4 Gbits/sec    0   4.24 MBytes       
[  5]  40.00-50.00  sec  25.3 GBytes  21.7 Gbits/sec    0   4.24 MBytes       
[  5]  50.00-60.00  sec  24.6 GBytes  21.2 Gbits/sec    0   4.24 MBytes       
[  5]  60.00-70.00  sec  23.7 GBytes  20.4 Gbits/sec    0   4.24 MBytes       
[  5]  70.00-80.00  sec  23.4 GBytes  20.1 Gbits/sec    0   4.24 MBytes       
[  5]  80.00-90.00  sec  26.3 GBytes  22.6 Gbits/sec    0   4.24 MBytes       
[  5]  90.00-100.00 sec  22.0 GBytes  18.9 Gbits/sec    0   4.24 MBytes       
[  5] 100.00-110.00 sec  21.0 GBytes  18.0 Gbits/sec    0   4.24 MBytes       
[  5] 110.00-120.00 sec  20.2 GBytes  17.4 Gbits/sec    0   4.24 MBytes       
- - - - - - - - - - - - - - - - - - - - - - - - -
[ ID] Interval           Transfer     Bitrate         Retr
[  5]   0.00-120.00 sec   278 GBytes  19.9 Gbits/sec  642             sender
[  5]   0.00-120.04 sec   278 GBytes  19.9 Gbits/sec                  receiver

iperf Done.
