Connecting to host 192.168.2.2, port 25002
[  5] local 192.168.2.3 port 48321 connected to 192.168.2.2 port 25002
[ ID] Interval           Transfer     Bitrate         Retr  Cwnd
[  5]   0.00-10.00  sec  19.9 GBytes  17.1 Gbits/sec   13   2.36 MBytes       
[  5]  10.00-20.00  sec  21.3 GBytes  18.3 Gbits/sec    0   3.10 MBytes       
[  5]  20.00-30.00  sec  19.6 GBytes  16.8 Gbits/sec    0   3.10 MBytes       
[  5]  30.00-40.00  sec  20.4 GBytes  17.6 Gbits/sec    0   3.10 MBytes       
[  5]  40.00-50.00  sec  21.1 GBytes  18.1 Gbits/sec    0   3.10 MBytes       
[  5]  50.00-60.00  sec  14.9 GBytes  12.8 Gbits/sec    0   3.10 MBytes       
[  5]  60.00-70.00  sec  18.2 GBytes  15.7 Gbits/sec    0   3.10 MBytes       
[  5]  70.00-80.00  sec  23.3 GBytes  20.0 Gbits/sec    0   3.10 MBytes       
[  5]  80.00-90.00  sec  24.4 GBytes  21.0 Gbits/sec    0   3.10 MBytes       
[  5]  90.00-100.00 sec  29.8 GBytes  25.6 Gbits/sec    0   3.10 MBytes       
[  5] 100.00-110.00 sec  33.5 GBytes  28.8 Gbits/sec    0   3.10 MBytes       
[  5] 110.00-120.00 sec  28.8 GBytes  24.7 Gbits/sec    0   3.10 MBytes       
- - - - - - - - - - - - - - - - - - - - - - - - -
[ ID] Interval           Transfer     Bitrate         Retr
[  5]   0.00-120.00 sec   275 GBytes  19.7 Gbits/sec   13             sender
[  5]   0.00-120.04 sec   275 GBytes  19.7 Gbits/sec                  receiver

iperf Done.
