Connecting to host 192.168.2.2, port 25000
[  5] local 192.168.2.3 port 34323 connected to 192.168.2.2 port 25000
[ ID] Interval           Transfer     Bitrate         Retr  Cwnd
[  5]   0.00-10.00  sec  24.3 GBytes  20.8 Gbits/sec    2   2.06 MBytes       
[  5]  10.00-20.00  sec  21.9 GBytes  18.8 Gbits/sec   20   1.98 MBytes       
[  5]  20.00-30.00  sec  21.7 GBytes  18.6 Gbits/sec    2   2.02 MBytes       
[  5]  30.00-40.00  sec  22.4 GBytes  19.2 Gbits/sec  498   1.17 MBytes       
[  5]  40.00-50.00  sec  19.9 GBytes  17.1 Gbits/sec  1657   1.27 MBytes       
[  5]  50.00-60.00  sec  14.9 GBytes  12.8 Gbits/sec    2   1.43 MBytes       
[  5]  60.00-70.00  sec  26.7 GBytes  22.9 Gbits/sec  210   2.60 MBytes       
[  5]  70.00-80.00  sec  25.2 GBytes  21.7 Gbits/sec    0   3.00 MBytes       
[  5]  80.00-90.00  sec  25.9 GBytes  22.2 Gbits/sec    0   3.00 MBytes       
[  5]  90.00-100.00 sec  25.1 GBytes  21.5 Gbits/sec    0   3.00 MBytes       
[  5] 100.00-110.00 sec  33.5 GBytes  28.8 Gbits/sec    0   3.00 MBytes       
[  5] 110.00-120.00 sec  28.7 GBytes  24.7 Gbits/sec    0   3.00 MBytes       
- - - - - - - - - - - - - - - - - - - - - - - - -
[ ID] Interval           Transfer     Bitrate         Retr
[  5]   0.00-120.00 sec   290 GBytes  20.8 Gbits/sec  2391             sender
[  5]   0.00-120.04 sec   290 GBytes  20.8 Gbits/sec                  receiver

iperf Done.
