Connecting to host 192.168.4.2, port 25004
[  5] local 192.168.4.3 port 40547 connected to 192.168.4.2 port 25004
[ ID] Interval           Transfer     Bitrate         Retr  Cwnd
[  5]   0.00-10.00  sec  21.3 GBytes  18.3 Gbits/sec   53   3.01 MBytes       
[  5]  10.00-20.00  sec  19.0 GBytes  16.3 Gbits/sec    1   3.01 MBytes       
[  5]  20.00-30.00  sec  24.4 GBytes  21.0 Gbits/sec    0   3.01 MBytes       
[  5]  30.00-40.00  sec  20.8 GBytes  17.9 Gbits/sec    0   3.01 MBytes       
[  5]  40.00-50.00  sec  21.9 GBytes  18.8 Gbits/sec    0   3.01 MBytes       
[  5]  50.00-60.00  sec  21.2 GBytes  18.2 Gbits/sec    0   3.01 MBytes       
[  5]  60.00-70.00  sec  22.0 GBytes  18.9 Gbits/sec    0   3.01 MBytes       
[  5]  70.00-80.00  sec  22.3 GBytes  19.2 Gbits/sec    0   3.01 MBytes       
[  5]  80.00-90.00  sec  27.9 GBytes  24.0 Gbits/sec    0   3.01 MBytes       
[  5]  90.00-100.00 sec  27.9 GBytes  24.0 Gbits/sec    0   3.01 MBytes       
[  5] 100.00-110.00 sec  25.3 GBytes  21.7 Gbits/sec   14   3.01 MBytes       
[  5] 110.00-120.00 sec  27.0 GBytes  23.2 Gbits/sec    0   3.01 MBytes       
- - - - - - - - - - - - - - - - - - - - - - - - -
[ ID] Interval           Transfer     Bitrate         Retr
[  5]   0.00-120.00 sec   281 GBytes  20.1 Gbits/sec   68             sender
[  5]   0.00-120.04 sec   281 GBytes  20.1 Gbits/sec                  receiver

iperf Done.
