Connecting to host 192.168.4.3, port 25002
[  5] local 192.168.4.2 port 43773 connected to 192.168.4.3 port 25002
[ ID] Interval           Transfer     Bitrate         Retr  Cwnd
[  5]   0.00-10.00  sec  24.2 GBytes  20.8 Gbits/sec  699   1.68 MBytes       
[  5]  10.00-20.00  sec  22.4 GBytes  19.3 Gbits/sec    0   3.52 MBytes       
[  5]  20.00-30.00  sec  24.9 GBytes  21.4 Gbits/sec    0   3.52 MBytes       
[  5]  30.00-40.00  sec  23.1 GBytes  19.8 Gbits/sec    0   3.52 MBytes       
[  5]  40.00-50.00  sec  24.3 GBytes  20.8 Gbits/sec    0   3.52 MBytes       
[  5]  50.00-60.00  sec  23.5 GBytes  20.2 Gbits/sec    0   3.52 MBytes       
[  5]  60.00-70.00  sec  22.7 GBytes  19.5 Gbits/sec  554   3.52 MBytes       
[  5]  70.00-80.00  sec  24.1 GBytes  20.7 Gbits/sec    0   3.52 MBytes       
[  5]  80.00-90.00  sec  20.2 GBytes  17.4 Gbits/sec    0   3.52 MBytes       
[  5]  90.00-100.00 sec  21.3 GBytes  18.3 Gbits/sec    0   3.52 MBytes       
[  5] 100.00-110.00 sec  23.7 GBytes  20.4 Gbits/sec    0   3.52 MBytes       
[  5] 110.00-120.00 sec  23.2 GBytes  20.0 Gbits/sec    0   3.52 MBytes       
- - - - - - - - - - - - - - - - - - - - - - - - -
[ ID] Interval           Transfer     Bitrate         Retr
[  5]   0.00-120.00 sec   278 GBytes  19.9 Gbits/sec  1253             sender
[  5]   0.00-120.05 sec   278 GBytes  19.9 Gbits/sec                  receiver

iperf Done.
