Connecting to host 192.168.4.2, port 25000
[  5] local 192.168.4.3 port 44283 connected to 192.168.4.2 port 25000
[ ID] Interval           Transfer     Bitrate         Retr  Cwnd
[  5]   0.00-10.00  sec  14.4 GBytes  12.4 Gbits/sec  143   2.01 MBytes       
[  5]  10.00-20.00  sec  16.4 GBytes  14.1 Gbits/sec   33   2.00 MBytes       
[  5]  20.00-30.00  sec  14.2 GBytes  12.2 Gbits/sec    0   2.02 MBytes       
[  5]  30.00-40.00  sec  16.1 GBytes  13.8 Gbits/sec    0   2.69 MBytes       
[  5]  40.00-50.00  sec  23.5 GBytes  20.2 Gbits/sec    0   2.69 MBytes       
[  5]  50.00-60.00  sec  13.9 GBytes  12.0 Gbits/sec    0   4.03 MBytes       
[  5]  60.00-70.00  sec  14.7 GBytes  12.6 Gbits/sec    0   4.03 MBytes       
[  5]  70.00-80.00  sec  15.0 GBytes  12.9 Gbits/sec    0   4.03 MBytes       
[  5]  80.00-90.00  sec  16.1 GBytes  13.8 Gbits/sec    0   4.03 MBytes       
[  5]  90.00-100.00 sec  13.7 GBytes  11.8 Gbits/sec    0   4.03 MBytes       
[  5] 100.00-110.00 sec  15.0 GBytes  12.9 Gbits/sec    0   4.03 MBytes       
[  5] 110.00-120.00 sec  16.0 GBytes  13.7 Gbits/sec    0   4.03 MBytes       
- - - - - - - - - - - - - - - - - - - - - - - - -
[ ID] Interval           Transfer     Bitrate         Retr
[  5]   0.00-120.00 sec   189 GBytes  13.5 Gbits/sec  176             sender
[  5]   0.00-120.04 sec   189 GBytes  13.5 Gbits/sec                  receiver

iperf Done.
