Connecting to host 192.168.2.2, port 25001
[  5] local 192.168.2.3 port 40551 connected to 192.168.2.2 port 25001
[ ID] Interval           Transfer     Bitrate         Retr  Cwnd
[  5]   0.00-10.00  sec  10.7 GBytes  9.18 Gbits/sec  444   3.13 MBytes       
[  5]  10.00-20.00  sec  18.4 GBytes  15.8 Gbits/sec    2   3.13 MBytes       
[  5]  20.00-30.00  sec  10.5 GBytes  9.02 Gbits/sec   19   3.13 MBytes       
[  5]  30.00-40.00  sec  11.4 GBytes  9.79 Gbits/sec    0   3.13 MBytes       
[  5]  40.00-50.00  sec  10.7 GBytes  9.17 Gbits/sec    0   3.13 MBytes       
[  5]  50.00-60.00  sec  10.7 GBytes  9.23 Gbits/sec    0   3.13 MBytes       
[  5]  60.00-70.00  sec  12.1 GBytes  10.4 Gbits/sec    0   3.13 MBytes       
[  5]  70.00-80.00  sec  10.9 GBytes  9.38 Gbits/sec    0   3.13 MBytes       
[  5]  80.00-90.00  sec  17.0 GBytes  14.6 Gbits/sec    0   3.13 MBytes       
[  5]  90.00-100.00 sec  13.5 GBytes  11.6 Gbits/sec    0   3.13 MBytes       
[  5] 100.00-110.00 sec  16.9 GBytes  14.5 Gbits/sec    0   3.13 MBytes       
[  5] 110.00-120.00 sec  18.3 GBytes  15.7 Gbits/sec   90   2.38 MBytes       
- - - - - - - - - - - - - - - - - - - - - - - - -
[ ID] Interval           Transfer     Bitrate         Retr
[  5]   0.00-120.00 sec   161 GBytes  11.5 Gbits/sec  555             sender
[  5]   0.00-120.04 sec   161 GBytes  11.5 Gbits/sec                  receiver

iperf Done.
