Connecting to host 192.168.2.3, port 25000
[  5] local 192.168.2.2 port 57619 connected to 192.168.2.3 port 25000
[ ID] Interval           Transfer     Bitrate         Retr  Cwnd
[  5]   0.00-10.00  sec  24.0 GBytes  20.6 Gbits/sec  1999   2.49 MBytes       
[  5]  10.00-20.00  sec  23.9 GBytes  20.6 Gbits/sec  288   3.01 MBytes       
[  5]  20.00-30.00  sec  19.0 GBytes  16.3 Gbits/sec    0   3.01 MBytes       
[  5]  30.00-40.00  sec  19.9 GBytes  17.1 Gbits/sec  978   3.01 MBytes       
[  5]  40.00-50.00  sec  18.6 GBytes  16.0 Gbits/sec  226   3.01 MBytes       
[  5]  50.00-60.00  sec  19.7 GBytes  17.0 Gbits/sec  164   3.01 MBytes       
[  5]  60.00-70.00  sec  20.0 GBytes  17.1 Gbits/sec  708   3.01 MBytes       
[  5]  70.00-80.00  sec  23.4 GBytes  20.1 Gbits/sec  1300   3.01 MBytes       
[  5]  80.00-90.00  sec  21.1 GBytes  18.1 Gbits/sec  593   3.01 MBytes       
[  5]  90.00-100.00 sec  19.1 GBytes  16.4 Gbits/sec    0   3.01 MBytes       
[  5] 100.00-110.00 sec  27.7 GBytes  23.8 Gbits/sec    0   3.01 MBytes       
[  5] 110.00-120.00 sec  26.5 GBytes  22.8 Gbits/sec    0   3.01 MBytes       
- - - - - - - - - - - - - - - - - - - - - - - - -
[ ID] Interval           Transfer     Bitrate         Retr
[  5]   0.00-120.00 sec   263 GBytes  18.8 Gbits/sec  6256             sender
[  5]   0.00-120.05 sec   263 GBytes  18.8 Gbits/sec                  receiver

iperf Done.
