Connecting to host 192.168.4.2, port 25003
[  5] local 192.168.4.3 port 43189 connected to 192.168.4.2 port 25003
[ ID] Interval           Transfer     Bitrate         Retr  Cwnd
[  5]   0.00-10.00  sec  14.4 GBytes  12.4 Gbits/sec   43   1.81 MBytes       
[  5]  10.00-20.00  sec  17.6 GBytes  15.1 Gbits/sec    2   1.50 MBytes       
[  5]  20.00-30.00  sec  14.2 GBytes  12.2 Gbits/sec    0   2.01 MBytes       
[  5]  30.00-40.00  sec  15.8 GBytes  13.6 Gbits/sec    1   3.04 MBytes       
[  5]  40.00-50.00  sec  9.77 GBytes  8.39 Gbits/sec    3   2.85 MBytes       
[  5]  50.00-60.00  sec  13.9 GBytes  12.0 Gbits/sec    0   2.85 MBytes       
[  5]  60.00-70.00  sec  14.7 GBytes  12.6 Gbits/sec    0   3.05 MBytes       
[  5]  70.00-80.00  sec  15.0 GBytes  12.9 Gbits/sec    0   3.05 MBytes       
[  5]  80.00-90.00  sec  16.1 GBytes  13.8 Gbits/sec    0   3.05 MBytes       
[  5]  90.00-100.00 sec  13.7 GBytes  11.8 Gbits/sec    0   3.05 MBytes       
[  5] 100.00-110.00 sec  15.0 GBytes  12.9 Gbits/sec    0   3.05 MBytes       
[  5] 110.00-120.00 sec  15.9 GBytes  13.6 Gbits/sec    0   3.05 MBytes       
- - - - - - - - - - - - - - - - - - - - - - - - -
[ ID] Interval           Transfer     Bitrate         Retr
[  5]   0.00-120.00 sec   176 GBytes  12.6 Gbits/sec   49             sender
[  5]   0.00-120.04 sec   176 GBytes  12.6 Gbits/sec                  receiver

iperf Done.
