Connecting to host 192.168.2.2, port 25002
[  5] local 192.168.2.3 port 39457 connected to 192.168.2.2 port 25002
[ ID] Interval           Transfer     Bitrate         Retr  Cwnd
[  5]   0.00-10.00  sec  12.9 GBytes  11.1 Gbits/sec  757   3.15 MBytes       
[  5]  10.00-20.00  sec  17.0 GBytes  14.6 Gbits/sec    0   3.15 MBytes       
[  5]  20.00-30.00  sec  10.3 GBytes  8.84 Gbits/sec  193   3.15 MBytes       
[  5]  30.00-40.00  sec  12.6 GBytes  10.8 Gbits/sec  337   3.15 MBytes       
[  5]  40.00-50.00  sec  9.47 GBytes  8.13 Gbits/sec   82   3.15 MBytes       
[  5]  50.00-60.00  sec  9.93 GBytes  8.53 Gbits/sec  504   3.15 MBytes       
[  5]  60.00-70.00  sec  13.3 GBytes  11.5 Gbits/sec    0   3.15 MBytes       
[  5]  70.00-80.00  sec  24.5 GBytes  21.1 Gbits/sec    0   3.15 MBytes       
[  5]  80.00-90.00  sec  20.5 GBytes  17.6 Gbits/sec    2   3.15 MBytes       
[  5]  90.00-100.00 sec  15.5 GBytes  13.3 Gbits/sec    0   3.15 MBytes       
[  5] 100.00-110.00 sec  20.7 GBytes  17.8 Gbits/sec    0   3.15 MBytes       
[  5] 110.00-120.00 sec  13.8 GBytes  11.9 Gbits/sec    0   3.15 MBytes       
- - - - - - - - - - - - - - - - - - - - - - - - -
[ ID] Interval           Transfer     Bitrate         Retr
[  5]   0.00-120.00 sec   181 GBytes  12.9 Gbits/sec  1875             sender
[  5]   0.00-120.04 sec   181 GBytes  12.9 Gbits/sec                  receiver

iperf Done.
