Connecting to host 192.168.2.3, port 25001
[  5] local 192.168.2.2 port 38367 connected to 192.168.2.3 port 25001
[ ID] Interval           Transfer     Bitrate         Retr  Cwnd
[  5]   0.00-10.00  sec  24.5 GBytes  21.0 Gbits/sec  1813   3.00 MBytes       
[  5]  10.00-20.00  sec  24.6 GBytes  21.1 Gbits/sec    0   3.00 MBytes       
[  5]  20.00-30.00  sec  28.4 GBytes  24.4 Gbits/sec    2   3.00 MBytes       
[  5]  30.00-40.00  sec  21.5 GBytes  18.5 Gbits/sec  1696   1.48 MBytes       
[  5]  40.00-50.00  sec  18.8 GBytes  16.1 Gbits/sec  329   3.01 MBytes       
[  5]  50.00-60.00  sec  24.2 GBytes  20.8 Gbits/sec    0   3.01 MBytes       
[  5]  60.00-70.00  sec  27.1 GBytes  23.3 Gbits/sec    0   3.01 MBytes       
[  5]  70.00-80.00  sec  28.3 GBytes  24.3 Gbits/sec  1274   3.01 MBytes       
[  5]  80.00-90.00  sec  35.0 GBytes  30.1 Gbits/sec   15   3.01 MBytes       
[  5]  90.00-100.00 sec  38.2 GBytes  32.8 Gbits/sec  212   3.01 MBytes       
[  5] 100.00-110.00 sec  19.4 GBytes  16.6 Gbits/sec  493   3.01 MBytes       
[  5] 110.00-120.00 sec  25.0 GBytes  21.5 Gbits/sec    0   3.01 MBytes       
- - - - - - - - - - - - - - - - - - - - - - - - -
[ ID] Interval           Transfer     Bitrate         Retr
[  5]   0.00-120.00 sec   315 GBytes  22.5 Gbits/sec  5834             sender
[  5]   0.00-120.04 sec   315 GBytes  22.5 Gbits/sec                  receiver

iperf Done.
