Connecting to host 192.168.4.2, port 25001
[  5] local 192.168.4.3 port 51249 connected to 192.168.4.2 port 25001
[ ID] Interval           Transfer     Bitrate         Retr  Cwnd
[  5]   0.00-10.00  sec  15.2 GBytes  13.0 Gbits/sec  728   1.74 MBytes       
[  5]  10.00-20.00  sec  18.8 GBytes  16.2 Gbits/sec  1635   1.77 MBytes       
[  5]  20.00-30.00  sec  14.0 GBytes  12.0 Gbits/sec  1607   1.48 MBytes       
[  5]  30.00-40.00  sec  14.2 GBytes  12.2 Gbits/sec  522   1.97 MBytes       
[  5]  40.00-50.00  sec  11.1 GBytes  9.57 Gbits/sec  721   2.13 MBytes       
[  5]  50.00-60.00  sec  13.9 GBytes  11.9 Gbits/sec    0   2.85 MBytes       
[  5]  60.00-70.00  sec  14.6 GBytes  12.5 Gbits/sec    0   4.41 MBytes       
[  5]  70.00-80.00  sec  14.9 GBytes  12.8 Gbits/sec    0   4.41 MBytes       
[  5]  80.00-90.00  sec  16.1 GBytes  13.8 Gbits/sec    0   4.41 MBytes       
[  5]  90.00-100.00 sec  18.5 GBytes  15.9 Gbits/sec    0   4.41 MBytes       
[  5] 100.00-110.00 sec  16.6 GBytes  14.3 Gbits/sec    0   4.41 MBytes       
[  5] 110.00-120.00 sec  16.0 GBytes  13.7 Gbits/sec    0   4.41 MBytes       
- - - - - - - - - - - - - - - - - - - - - - - - -
[ ID] Interval           Transfer     Bitrate         Retr
[  5]   0.00-120.00 sec   184 GBytes  13.2 Gbits/sec  5213             sender
[  5]   0.00-120.04 sec   184 GBytes  13.2 Gbits/sec                  receiver

iperf Done.
