Connecting to host 192.168.4.3, port 25000
[  5] local 192.168.4.2 port 34893 connected to 192.168.4.3 port 25000
[ ID] Interval           Transfer     Bitrate         Retr  Cwnd
[  5]   0.00-10.00  sec  24.2 GBytes  20.8 Gbits/sec  139   1.82 MBytes       
[  5]  10.00-20.00  sec  22.5 GBytes  19.3 Gbits/sec  393   2.09 MBytes       
[  5]  20.00-30.00  sec  24.5 GBytes  21.1 Gbits/sec    0   2.35 MBytes       
[  5]  30.00-40.00  sec  23.2 GBytes  20.0 Gbits/sec    0   4.09 MBytes       
[  5]  40.00-50.00  sec  26.3 GBytes  22.6 Gbits/sec    0   4.09 MBytes       
[  5]  50.00-60.00  sec  23.6 GBytes  20.3 Gbits/sec    0   4.09 MBytes       
[  5]  60.00-70.00  sec  23.9 GBytes  20.5 Gbits/sec    0   4.09 MBytes       
[  5]  70.00-80.00  sec  23.4 GBytes  20.1 Gbits/sec    0   4.09 MBytes       
[  5]  80.00-90.00  sec  20.3 GBytes  17.4 Gbits/sec    0   4.09 MBytes       
[  5]  90.00-100.00 sec  21.4 GBytes  18.3 Gbits/sec    0   4.09 MBytes       
[  5] 100.00-110.00 sec  23.1 GBytes  19.8 Gbits/sec    0   4.09 MBytes       
[  5] 110.00-120.00 sec  23.2 GBytes  19.9 Gbits/sec    0   4.09 MBytes       
- - - - - - - - - - - - - - - - - - - - - - - - -
[ ID] Interval           Transfer     Bitrate         Retr
[  5]   0.00-120.00 sec   280 GBytes  20.0 Gbits/sec  532             sender
[  5]   0.00-120.04 sec   280 GBytes  20.0 Gbits/sec                  receiver

iperf Done.
