Connecting to host 192.168.4.3, port 25001
[  5] local 192.168.4.2 port 33131 connected to 192.168.4.3 port 25001
[ ID] Interval           Transfer     Bitrate         Retr  Cwnd
[  5]   0.00-10.00  sec  24.2 GBytes  20.8 Gbits/sec  1028   1.50 MBytes       
[  5]  10.00-20.00  sec  22.3 GBytes  19.1 Gbits/sec    8   1.61 MBytes       
[  5]  20.00-30.00  sec  24.7 GBytes  21.2 Gbits/sec  184   1.44 MBytes       
[  5]  30.00-40.00  sec  23.0 GBytes  19.8 Gbits/sec  611   1.88 MBytes       
[  5]  40.00-50.00  sec  22.2 GBytes  19.1 Gbits/sec  617   1.91 MBytes       
[  5]  50.00-60.00  sec  23.4 GBytes  20.1 Gbits/sec   51   1.53 MBytes       
[  5]  60.00-70.00  sec  23.6 GBytes  20.3 Gbits/sec  122   2.10 MBytes       
[  5]  70.00-80.00  sec  23.7 GBytes  20.4 Gbits/sec    0   3.04 MBytes       
[  5]  80.00-90.00  sec  26.3 GBytes  22.6 Gbits/sec    0   3.04 MBytes       
[  5]  90.00-100.00 sec  25.7 GBytes  22.0 Gbits/sec    0   3.04 MBytes       
[  5] 100.00-110.00 sec  23.1 GBytes  19.8 Gbits/sec    0   3.04 MBytes       
[  5] 110.00-120.00 sec  23.2 GBytes  19.9 Gbits/sec    0   3.04 MBytes       
- - - - - - - - - - - - - - - - - - - - - - - - -
[ ID] Interval           Transfer     Bitrate         Retr
[  5]   0.00-120.00 sec   285 GBytes  20.4 Gbits/sec  2621             sender
[  5]   0.00-120.04 sec   285 GBytes  20.4 Gbits/sec                  receiver

iperf Done.
