Connecting to host 192.168.2.2, port 25003
[  5] local 192.168.2.3 port 45959 connected to 192.168.2.2 port 25003
[ ID] Interval           Transfer     Bitrate         Retr  Cwnd
[  5]   0.00-10.00  sec  10.4 GBytes  8.95 Gbits/sec  180   2.96 MBytes       
[  5]  10.00-20.00  sec  17.5 GBytes  15.0 Gbits/sec   19   3.00 MBytes       
[  5]  20.00-30.00  sec  17.8 GBytes  15.3 Gbits/sec    0   3.00 MBytes       
[  5]  30.00-40.00  sec  24.4 GBytes  21.0 Gbits/sec    0   3.00 MBytes       
[  5]  40.00-50.00  sec  27.3 GBytes  23.4 Gbits/sec    0   3.00 MBytes       
[  5]  50.00-60.00  sec  23.1 GBytes  19.9 Gbits/sec    0   3.00 MBytes       
[  5]  60.00-70.00  sec  13.6 GBytes  11.7 Gbits/sec    0   3.00 MBytes       
[  5]  70.00-80.00  sec  11.9 GBytes  10.2 Gbits/sec    0   3.00 MBytes       
[  5]  80.00-90.00  sec  11.3 GBytes  9.75 Gbits/sec    0   3.00 MBytes       
[  5]  90.00-100.00 sec  19.0 GBytes  16.3 Gbits/sec    0   3.00 MBytes       
[  5] 100.00-110.00 sec  13.5 GBytes  11.6 Gbits/sec    0   3.00 MBytes       
[  5] 110.00-120.00 sec  16.8 GBytes  14.4 Gbits/sec  180   3.00 MBytes       
- - - - - - - - - - - - - - - - - - - - - - - - -
[ ID] Interval           Transfer     Bitrate         Retr
[  5]   0.00-120.00 sec   207 GBytes  14.8 Gbits/sec  379             sender
[  5]   0.00-120.05 sec   207 GBytes  14.8 Gbits/sec                  receiver

iperf Done.
