Connecting to host 192.168.4.2, port 25006
[  5] local 192.168.4.3 port 42149 connected to 192.168.4.2 port 25006
[ ID] Interval           Transfer     Bitrate         Retr  Cwnd
[  5]   0.00-10.00  sec  13.6 GBytes  11.7 Gbits/sec   12   2.15 MBytes       
[  5]  10.00-20.00  sec  19.1 GBytes  16.4 Gbits/sec    0   3.71 MBytes       
[  5]  20.00-30.00  sec  20.8 GBytes  17.9 Gbits/sec    1   3.71 MBytes       
[  5]  30.00-40.00  sec  21.0 GBytes  18.1 Gbits/sec    0   3.71 MBytes       
[  5]  40.00-50.00  sec  19.4 GBytes  16.7 Gbits/sec    0   3.71 MBytes       
[  5]  50.00-60.00  sec  26.1 GBytes  22.4 Gbits/sec    0   3.71 MBytes       
[  5]  60.00-70.00  sec  25.8 GBytes  22.1 Gbits/sec    0   3.71 MBytes       
[  5]  70.00-80.00  sec  19.5 GBytes  16.7 Gbits/sec    0   3.71 MBytes       
[  5]  80.00-90.00  sec  17.5 GBytes  15.1 Gbits/sec    0   3.71 MBytes       
[  5]  90.00-100.00 sec  19.8 GBytes  17.0 Gbits/sec    0   3.71 MBytes       
[  5] 100.00-110.00 sec  20.7 GBytes  17.8 Gbits/sec    0   3.71 MBytes       
[  5] 110.00-120.00 sec  16.1 GBytes  13.9 Gbits/sec    0   3.71 MBytes       
- - - - - - - - - - - - - - - - - - - - - - - - -
[ ID] Interval           Transfer     Bitrate         Retr
[  5]   0.00-120.00 sec   239 GBytes  17.1 Gbits/sec   13             sender
[  5]   0.00-120.04 sec   239 GBytes  17.1 Gbits/sec                  receiver

iperf Done.
