Connecting to host 192.168.4.3, port 25007
[  5] local 192.168.4.2 port 57189 connected to 192.168.4.3 port 25007
[ ID] Interval           Transfer     Bitrate         Retr  Cwnd
[  5]   0.00-10.00  sec  27.0 GBytes  23.2 Gbits/sec    2   3.00 MBytes       
[  5]  10.00-20.00  sec  27.0 GBytes  23.2 Gbits/sec    1   3.00 MBytes       
[  5]  20.00-30.00  sec  28.8 GBytes  24.8 Gbits/sec  129   2.10 MBytes       
[  5]  30.00-40.00  sec  31.9 GBytes  27.4 Gbits/sec    5   2.63 MBytes       
[  5]  40.00-50.00  sec  24.4 GBytes  21.0 Gbits/sec    0   3.60 MBytes       
[  5]  50.00-60.00  sec  24.5 GBytes  21.1 Gbits/sec   29   3.01 MBytes       
[  5]  60.00-70.00  sec  21.2 GBytes  18.2 Gbits/sec    1   3.01 MBytes       
[  5]  70.00-80.00  sec  18.4 GBytes  15.8 Gbits/sec   31   3.01 MBytes       
[  5]  80.00-90.00  sec  26.9 GBytes  23.1 Gbits/sec   17   3.01 MBytes       
[  5]  90.00-100.00 sec  26.1 GBytes  22.4 Gbits/sec    0   3.01 MBytes       
[  5] 100.00-110.00 sec  23.0 GBytes  19.7 Gbits/sec    0   3.01 MBytes       
[  5] 110.00-120.00 sec  26.4 GBytes  22.7 Gbits/sec    0   3.01 MBytes       
- - - - - - - - - - - - - - - - - - - - - - - - -
[ ID] Interval           Transfer     Bitrate         Retr
[  5]   0.00-120.00 sec   306 GBytes  21.9 Gbits/sec  215             sender
[  5]   0.00-120.04 sec   306 GBytes  21.9 Gbits/sec                  receiver

iperf Done.
