Connecting to host 192.168.2.2, port 25003
[  5] local 192.168.2.3 port 49669 connected to 192.168.2.2 port 25003
[ ID] Interval           Transfer     Bitrate         Retr  Cwnd
[  5]   0.00-10.00  sec  13.4 GBytes  11.5 Gbits/sec   11   1.71 MBytes       
[  5]  10.00-20.00  sec  15.3 GBytes  13.2 Gbits/sec    1   1.97 MBytes       
[  5]  20.00-30.00  sec  21.4 GBytes  18.4 Gbits/sec  157   2.63 MBytes       
[  5]  30.00-40.00  sec  20.5 GBytes  17.6 Gbits/sec    2   3.00 MBytes       
[  5]  40.00-50.00  sec  21.5 GBytes  18.5 Gbits/sec    0   3.00 MBytes       
[  5]  50.00-60.00  sec  21.0 GBytes  18.0 Gbits/sec    0   3.00 MBytes       
[  5]  60.00-70.00  sec  25.9 GBytes  22.2 Gbits/sec    0   3.00 MBytes       
[  5]  70.00-80.00  sec  27.0 GBytes  23.2 Gbits/sec   15   3.00 MBytes       
[  5]  80.00-90.00  sec  25.9 GBytes  22.3 Gbits/sec    0   3.00 MBytes       
[  5]  90.00-100.00 sec  19.1 GBytes  16.4 Gbits/sec  101   3.00 MBytes       
[  5] 100.00-110.00 sec  26.3 GBytes  22.6 Gbits/sec    0   3.00 MBytes       
[  5] 110.00-120.00 sec  22.6 GBytes  19.4 Gbits/sec    0   3.00 MBytes       
- - - - - - - - - - - - - - - - - - - - - - - - -
[ ID] Interval           Transfer     Bitrate         Retr
[  5]   0.00-120.00 sec   260 GBytes  18.6 Gbits/sec  287             sender
[  5]   0.00-120.05 sec   260 GBytes  18.6 Gbits/sec                  receiver

iperf Done.
