Connecting to host 192.168.4.2, port 25007
[  5] local 192.168.4.3 port 33057 connected to 192.168.4.2 port 25007
[ ID] Interval           Transfer     Bitrate         Retr  Cwnd
[  5]   0.00-10.00  sec  20.0 GBytes  17.2 Gbits/sec    1   3.05 MBytes       
[  5]  10.00-20.00  sec  19.3 GBytes  16.6 Gbits/sec   16   3.05 MBytes       
[  5]  20.00-30.00  sec  20.7 GBytes  17.8 Gbits/sec    1   3.05 MBytes       
[  5]  30.00-40.00  sec  20.7 GBytes  17.8 Gbits/sec    0   3.05 MBytes       
[  5]  40.00-50.00  sec  31.9 GBytes  27.4 Gbits/sec   90   3.05 MBytes       
[  5]  50.00-60.00  sec  26.1 GBytes  22.4 Gbits/sec    0   3.05 MBytes       
[  5]  60.00-70.00  sec  26.0 GBytes  22.3 Gbits/sec    0   3.05 MBytes       
[  5]  70.00-80.00  sec  20.4 GBytes  17.6 Gbits/sec    0   3.05 MBytes       
[  5]  80.00-90.00  sec  20.9 GBytes  17.9 Gbits/sec    0   3.05 MBytes       
[  5]  90.00-100.00 sec  24.9 GBytes  21.4 Gbits/sec    0   3.05 MBytes       
[  5] 100.00-110.00 sec  20.5 GBytes  17.6 Gbits/sec    0   3.05 MBytes       
[  5] 110.00-120.00 sec  21.3 GBytes  18.3 Gbits/sec    0   3.05 MBytes       
- - - - - - - - - - - - - - - - - - - - - - - - -
[ ID] Interval           Transfer     Bitrate         Retr
[  5]   0.00-120.00 sec   273 GBytes  19.5 Gbits/sec  108             sender
[  5]   0.00-120.04 sec   273 GBytes  19.5 Gbits/sec                  receiver

iperf Done.
