Connecting to host 192.168.4.2, port 25004
[  5] local 192.168.4.3 port 40799 connected to 192.168.4.2 port 25004
[ ID] Interval           Transfer     Bitrate         Retr  Cwnd
[  5]   0.00-10.00  sec  20.2 GBytes  17.4 Gbits/sec    4   1.75 MBytes       
[  5]  10.00-20.00  sec  16.8 GBytes  14.5 Gbits/sec    0   2.05 MBytes       
[  5]  20.00-30.00  sec  19.4 GBytes  16.7 Gbits/sec    1   2.04 MBytes       
[  5]  30.00-40.00  sec  19.0 GBytes  16.4 Gbits/sec    0   2.24 MBytes       
[  5]  40.00-50.00  sec  15.1 GBytes  13.0 Gbits/sec   72   3.03 MBytes       
[  5]  50.00-60.00  sec  13.1 GBytes  11.2 Gbits/sec    0   3.03 MBytes       
[  5]  60.00-70.00  sec  14.2 GBytes  12.2 Gbits/sec    0   3.03 MBytes       
[  5]  70.00-80.00  sec  22.2 GBytes  19.1 Gbits/sec    0   3.03 MBytes       
[  5]  80.00-90.00  sec  21.9 GBytes  18.8 Gbits/sec    0   3.03 MBytes       
[  5]  90.00-100.00 sec  18.5 GBytes  15.9 Gbits/sec    0   3.03 MBytes       
[  5] 100.00-110.00 sec  20.7 GBytes  17.8 Gbits/sec    9   3.03 MBytes       
[  5] 110.00-120.00 sec  22.0 GBytes  18.9 Gbits/sec    0   3.03 MBytes       
- - - - - - - - - - - - - - - - - - - - - - - - -
[ ID] Interval           Transfer     Bitrate         Retr
[  5]   0.00-120.00 sec   223 GBytes  16.0 Gbits/sec   86             sender
[  5]   0.00-120.04 sec   223 GBytes  16.0 Gbits/sec                  receiver

iperf Done.
