Connecting to host 192.168.4.3, port 25006
[  5] local 192.168.4.2 port 60377 connected to 192.168.4.3 port 25006
[ ID] Interval           Transfer     Bitrate         Retr  Cwnd
[  5]   0.00-10.00  sec  26.8 GBytes  23.0 Gbits/sec   24   2.52 MBytes       
[  5]  10.00-20.00  sec  26.9 GBytes  23.1 Gbits/sec  589   1.97 MBytes       
[  5]  20.00-30.00  sec  25.2 GBytes  21.7 Gbits/sec  493   2.07 MBytes       
[  5]  30.00-40.00  sec  17.3 GBytes  14.9 Gbits/sec    0   2.21 MBytes       
[  5]  40.00-50.00  sec  27.1 GBytes  23.3 Gbits/sec    1   2.68 MBytes       
[  5]  50.00-60.00  sec  26.4 GBytes  22.7 Gbits/sec    0   3.01 MBytes       
[  5]  60.00-70.00  sec  21.1 GBytes  18.1 Gbits/sec    0   3.01 MBytes       
[  5]  70.00-80.00  sec  19.3 GBytes  16.6 Gbits/sec  650   2.49 MBytes       
[  5]  80.00-90.00  sec  24.7 GBytes  21.2 Gbits/sec  157   2.85 MBytes       
[  5]  90.00-100.00 sec  26.5 GBytes  22.8 Gbits/sec    0   3.28 MBytes       
[  5] 100.00-110.00 sec  22.9 GBytes  19.7 Gbits/sec    0   3.28 MBytes       
[  5] 110.00-120.00 sec  26.3 GBytes  22.6 Gbits/sec    0   3.28 MBytes       
- - - - - - - - - - - - - - - - - - - - - - - - -
[ ID] Interval           Transfer     Bitrate         Retr
[  5]   0.00-120.00 sec   291 GBytes  20.8 Gbits/sec  1914             sender
[  5]   0.00-120.05 sec   291 GBytes  20.8 Gbits/sec                  receiver

iperf Done.
