Connecting to host 192.168.2.3, port 25001
[  5] local 192.168.2.2 port 42189 connected to 192.168.2.3 port 25001
[ ID] Interval           Transfer     Bitrate         Retr  Cwnd
[  5]   0.00-10.00  sec  24.2 GBytes  20.8 Gbits/sec    5   2.72 MBytes       
[  5]  10.00-20.00  sec  26.2 GBytes  22.5 Gbits/sec  922   3.00 MBytes       
[  5]  20.00-30.00  sec  30.7 GBytes  26.4 Gbits/sec    0   3.00 MBytes       
[  5]  30.00-40.00  sec  18.7 GBytes  16.0 Gbits/sec    0   3.00 MBytes       
[  5]  40.00-50.00  sec  23.4 GBytes  20.1 Gbits/sec  1222   3.00 MBytes       
[  5]  50.00-60.00  sec  19.8 GBytes  17.0 Gbits/sec   36   3.00 MBytes       
[  5]  60.00-70.00  sec  35.8 GBytes  30.7 Gbits/sec    0   3.00 MBytes       
[  5]  70.00-80.00  sec  24.5 GBytes  21.0 Gbits/sec    3   3.00 MBytes       
[  5]  80.00-90.00  sec  22.5 GBytes  19.3 Gbits/sec    6   3.00 MBytes       
[  5]  90.00-100.00 sec  27.7 GBytes  23.8 Gbits/sec   45   3.52 MBytes       
[  5] 100.00-110.00 sec  20.3 GBytes  17.4 Gbits/sec    0   3.52 MBytes       
[  5] 110.00-120.00 sec  26.2 GBytes  22.5 Gbits/sec    2   3.52 MBytes       
- - - - - - - - - - - - - - - - - - - - - - - - -
[ ID] Interval           Transfer     Bitrate         Retr
[  5]   0.00-120.00 sec   300 GBytes  21.5 Gbits/sec  2241             sender
[  5]   0.00-120.04 sec   300 GBytes  21.5 Gbits/sec                  receiver

iperf Done.
