Connecting to host 192.168.2.2, port 25001
[  5] local 192.168.2.3 port 34505 connected to 192.168.2.2 port 25001
[ ID] Interval           Transfer     Bitrate         Retr  Cwnd
[  5]   0.00-10.00  sec  19.6 GBytes  16.8 Gbits/sec  1666   1.64 MBytes       
[  5]  10.00-20.00  sec  21.3 GBytes  18.3 Gbits/sec  5250   1.77 MBytes       
[  5]  20.00-30.00  sec  18.6 GBytes  16.0 Gbits/sec   46   2.17 MBytes       
[  5]  30.00-40.00  sec  22.6 GBytes  19.4 Gbits/sec    0   3.10 MBytes       
[  5]  40.00-50.00  sec  24.5 GBytes  21.0 Gbits/sec  777   3.01 MBytes       
[  5]  50.00-60.00  sec  21.3 GBytes  18.3 Gbits/sec    0   3.01 MBytes       
[  5]  60.00-70.00  sec  17.7 GBytes  15.2 Gbits/sec   28   3.01 MBytes       
[  5]  70.00-80.00  sec  15.1 GBytes  12.9 Gbits/sec   18   3.01 MBytes       
[  5]  80.00-90.00  sec  20.7 GBytes  17.8 Gbits/sec    0   3.01 MBytes       
[  5]  90.00-100.00 sec  14.5 GBytes  12.4 Gbits/sec  376   3.01 MBytes       
[  5] 100.00-110.00 sec  16.1 GBytes  13.8 Gbits/sec    0   3.01 MBytes       
[  5] 110.00-120.00 sec  17.7 GBytes  15.2 Gbits/sec    0   3.01 MBytes       
- - - - - - - - - - - - - - - - - - - - - - - - -
[ ID] Interval           Transfer     Bitrate         Retr
[  5]   0.00-120.00 sec   230 GBytes  16.4 Gbits/sec  8161             sender
[  5]   0.00-120.05 sec   230 GBytes  16.4 Gbits/sec                  receiver

iperf Done.
