Connecting to host 192.168.2.2, port 25002
[  5] local 192.168.2.3 port 57275 connected to 192.168.2.2 port 25002
[ ID] Interval           Transfer     Bitrate         Retr  Cwnd
[  5]   0.00-10.00  sec  20.9 GBytes  17.9 Gbits/sec  619   3.13 MBytes       
[  5]  10.00-20.00  sec  15.2 GBytes  13.0 Gbits/sec  244   3.00 MBytes       
[  5]  20.00-30.00  sec  18.5 GBytes  15.9 Gbits/sec  546   3.00 MBytes       
[  5]  30.00-40.00  sec  16.9 GBytes  14.6 Gbits/sec    0   3.27 MBytes       
[  5]  40.00-50.00  sec  17.4 GBytes  15.0 Gbits/sec   45   3.27 MBytes       
[  5]  50.00-60.00  sec  18.2 GBytes  15.6 Gbits/sec    0   3.27 MBytes       
[  5]  60.00-70.00  sec  15.4 GBytes  13.2 Gbits/sec   45   3.27 MBytes       
[  5]  70.00-80.00  sec  14.5 GBytes  12.5 Gbits/sec  138   3.27 MBytes       
[  5]  80.00-90.00  sec  17.6 GBytes  15.1 Gbits/sec    0   3.27 MBytes       
[  5]  90.00-100.00 sec  21.7 GBytes  18.6 Gbits/sec    0   3.27 MBytes       
[  5] 100.00-110.00 sec  14.6 GBytes  12.5 Gbits/sec  171   1.99 MBytes       
[  5] 110.00-120.00 sec  16.9 GBytes  14.5 Gbits/sec    0   2.25 MBytes       
- - - - - - - - - - - - - - - - - - - - - - - - -
[ ID] Interval           Transfer     Bitrate         Retr
[  5]   0.00-120.00 sec   208 GBytes  14.9 Gbits/sec  1808             sender
[  5]   0.00-120.04 sec   208 GBytes  14.9 Gbits/sec                  receiver

iperf Done.
