Connecting to host 192.168.2.3, port 25002
[  5] local 192.168.2.2 port 35091 connected to 192.168.2.3 port 25002
[ ID] Interval           Transfer     Bitrate         Retr  Cwnd
[  5]   0.00-10.00  sec  28.5 GBytes  24.5 Gbits/sec  177   3.16 MBytes       
[  5]  10.00-20.00  sec  26.9 GBytes  23.1 Gbits/sec   58   3.16 MBytes       
[  5]  20.00-30.00  sec  22.6 GBytes  19.4 Gbits/sec  147   3.16 MBytes       
[  5]  30.00-40.00  sec  30.9 GBytes  26.6 Gbits/sec    0   3.16 MBytes       
[  5]  40.00-50.00  sec  27.2 GBytes  23.4 Gbits/sec    0   3.16 MBytes       
[  5]  50.00-60.00  sec  33.1 GBytes  28.5 Gbits/sec    0   3.16 MBytes       
[  5]  60.00-70.00  sec  21.0 GBytes  18.0 Gbits/sec    0   3.16 MBytes       
[  5]  70.00-80.00  sec  31.0 GBytes  26.7 Gbits/sec    0   3.16 MBytes       
[  5]  80.00-90.00  sec  32.2 GBytes  27.6 Gbits/sec    0   3.16 MBytes       
[  5]  90.00-100.00 sec  25.2 GBytes  21.6 Gbits/sec    0   3.16 MBytes       
[  5] 100.00-110.00 sec  24.5 GBytes  21.1 Gbits/sec    0   3.16 MBytes       
[  5] 110.00-120.00 sec  25.9 GBytes  22.3 Gbits/sec   28   3.16 MBytes       
- - - - - - - - - - - - - - - - - - - - - - - - -
[ ID] Interval           Transfer     Bitrate         Retr
[  5]   0.00-120.00 sec   329 GBytes  23.6 Gbits/sec  410             sender
[  5]   0.00-120.05 sec   329 GBytes  23.6 Gbits/sec                  receiver

iperf Done.
