Connecting to host 192.168.2.2, port 25000
[  5] local 192.168.2.3 port 34273 connected to 192.168.2.2 port 25000
[ ID] Interval           Transfer     Bitrate         Retr  Cwnd
[  5]   0.00-10.00  sec  13.7 GBytes  11.7 Gbits/sec   47   2.72 MBytes       
[  5]  10.00-20.00  sec  20.1 GBytes  17.3 Gbits/sec  117   3.01 MBytes       
[  5]  20.00-30.00  sec  21.8 GBytes  18.7 Gbits/sec    1   2.10 MBytes       
[  5]  30.00-40.00  sec  19.3 GBytes  16.6 Gbits/sec  315   3.35 MBytes       
[  5]  40.00-50.00  sec  19.0 GBytes  16.3 Gbits/sec    0   3.35 MBytes       
[  5]  50.00-60.00  sec  18.2 GBytes  15.6 Gbits/sec    0   3.35 MBytes       
[  5]  60.00-70.00  sec  21.1 GBytes  18.1 Gbits/sec    0   3.35 MBytes       
[  5]  70.00-80.00  sec  27.4 GBytes  23.6 Gbits/sec    0   3.35 MBytes       
[  5]  80.00-90.00  sec  19.1 GBytes  16.4 Gbits/sec  237   3.35 MBytes       
[  5]  90.00-100.00 sec  26.9 GBytes  23.1 Gbits/sec    0   3.35 MBytes       
[  5] 100.00-110.00 sec  25.2 GBytes  21.7 Gbits/sec    0   3.35 MBytes       
[  5] 110.00-120.00 sec  23.5 GBytes  20.2 Gbits/sec    0   3.35 MBytes       
- - - - - - - - - - - - - - - - - - - - - - - - -
[ ID] Interval           Transfer     Bitrate         Retr
[  5]   0.00-120.00 sec   255 GBytes  18.3 Gbits/sec  717             sender
[  5]   0.00-120.04 sec   255 GBytes  18.3 Gbits/sec                  receiver

iperf Done.
