Connecting to host 192.168.4.3, port 25005
[  5] local 192.168.4.2 port 51333 connected to 192.168.4.3 port 25005
[ ID] Interval           Transfer     Bitrate         Retr  Cwnd
[  5]   0.00-10.00  sec  27.0 GBytes  23.2 Gbits/sec    1   2.69 MBytes       
[  5]  10.00-20.00  sec  26.4 GBytes  22.7 Gbits/sec    0   3.48 MBytes       
[  5]  20.00-30.00  sec  23.7 GBytes  20.4 Gbits/sec    0   3.48 MBytes       
[  5]  30.00-40.00  sec  17.4 GBytes  14.9 Gbits/sec    0   3.48 MBytes       
[  5]  40.00-50.00  sec  27.0 GBytes  23.2 Gbits/sec    0   3.48 MBytes       
[  5]  50.00-60.00  sec  28.4 GBytes  24.4 Gbits/sec    0   3.48 MBytes       
[  5]  60.00-70.00  sec  31.5 GBytes  27.1 Gbits/sec    0   3.48 MBytes       
[  5]  70.00-80.00  sec  36.8 GBytes  31.6 Gbits/sec    0   3.48 MBytes       
[  5]  80.00-90.00  sec  24.7 GBytes  21.3 Gbits/sec    0   3.48 MBytes       
[  5]  90.00-100.00 sec  26.6 GBytes  22.8 Gbits/sec    0   3.48 MBytes       
[  5] 100.00-110.00 sec  28.9 GBytes  24.8 Gbits/sec    0   3.48 MBytes       
[  5] 110.00-120.00 sec  26.3 GBytes  22.6 Gbits/sec    0   3.48 MBytes       
- - - - - - - - - - - - - - - - - - - - - - - - -
[ ID] Interval           Transfer     Bitrate         Retr
[  5]   0.00-120.00 sec   325 GBytes  23.2 Gbits/sec    1             sender
[  5]   0.00-120.05 sec   325 GBytes  23.2 Gbits/sec                  receiver

iperf Done.
