Connecting to host 192.168.4.3, port 25004
[  5] local 192.168.4.2 port 39643 connected to 192.168.4.3 port 25004
[ ID] Interval           Transfer     Bitrate         Retr  Cwnd
[  5]   0.00-10.00  sec  27.1 GBytes  23.3 Gbits/sec    4   1.52 MBytes       
[  5]  10.00-20.00  sec  26.4 GBytes  22.7 Gbits/sec  680   1.60 MBytes       
[  5]  20.00-30.00  sec  24.2 GBytes  20.8 Gbits/sec    7   1.83 MBytes       
[  5]  30.00-40.00  sec  35.5 GBytes  30.5 Gbits/sec    0   3.17 MBytes       
[  5]  40.00-50.00  sec  24.1 GBytes  20.7 Gbits/sec  297   2.01 MBytes       
[  5]  50.00-60.00  sec  26.4 GBytes  22.6 Gbits/sec   20   3.85 MBytes       
[  5]  60.00-70.00  sec  31.7 GBytes  27.2 Gbits/sec    0   3.85 MBytes       
[  5]  70.00-80.00  sec  27.3 GBytes  23.5 Gbits/sec    0   3.85 MBytes       
[  5]  80.00-90.00  sec  26.7 GBytes  23.0 Gbits/sec    1   3.85 MBytes       
[  5]  90.00-100.00 sec  26.2 GBytes  22.5 Gbits/sec    1   3.85 MBytes       
[  5] 100.00-110.00 sec  29.3 GBytes  25.1 Gbits/sec    0   3.85 MBytes       
[  5] 110.00-120.00 sec  26.4 GBytes  22.7 Gbits/sec   19   3.85 MBytes       
- - - - - - - - - - - - - - - - - - - - - - - - -
[ ID] Interval           Transfer     Bitrate         Retr
[  5]   0.00-120.00 sec   331 GBytes  23.7 Gbits/sec  1029             sender
[  5]   0.00-120.04 sec   331 GBytes  23.7 Gbits/sec                  receiver

iperf Done.
