Connecting to host 192.168.2.2, port 25002
[  5] local 192.168.2.3 port 46087 connected to 192.168.2.2 port 25002
[ ID] Interval           Transfer     Bitrate         Retr  Cwnd
[  5]   0.00-10.00  sec  11.2 GBytes  9.65 Gbits/sec  139   1.91 MBytes       
[  5]  10.00-20.00  sec  10.7 GBytes  9.20 Gbits/sec   74   2.44 MBytes       
[  5]  20.00-30.00  sec  9.75 GBytes  8.37 Gbits/sec    0   3.56 MBytes       
[  5]  30.00-40.00  sec  9.07 GBytes  7.79 Gbits/sec    0   3.56 MBytes       
[  5]  40.00-50.00  sec  7.23 GBytes  6.21 Gbits/sec    0   3.56 MBytes       
[  5]  50.00-60.00  sec  10.9 GBytes  9.34 Gbits/sec    0   3.56 MBytes       
[  5]  60.00-70.00  sec  11.3 GBytes  9.75 Gbits/sec  1208   3.33 MBytes       
[  5]  70.00-80.00  sec  12.6 GBytes  10.9 Gbits/sec    0   3.33 MBytes       
[  5]  80.00-90.00  sec  13.2 GBytes  11.3 Gbits/sec    0   3.33 MBytes       
[  5]  90.00-100.00 sec  11.8 GBytes  10.1 Gbits/sec    0   3.33 MBytes       
[  5] 100.00-110.00 sec  9.83 GBytes  8.44 Gbits/sec    0   3.33 MBytes       
[  5] 110.00-120.00 sec  9.48 GBytes  8.14 Gbits/sec    0   3.33 MBytes       
- - - - - - - - - - - - - - - - - - - - - - - - -
[ ID] Interval           Transfer     Bitrate         Retr
[  5]   0.00-120.00 sec   127 GBytes  9.10 Gbits/sec  1421             sender
[  5]   0.00-120.04 sec   127 GBytes  9.10 Gbits/sec                  receiver

iperf Done.
