Connecting to host 192.168.4.3, port 25005
[  5] local 192.168.4.2 port 45649 connected to 192.168.4.3 port 25005
[ ID] Interval           Transfer     Bitrate         Retr  Cwnd
[  5]   0.00-10.00  sec  21.1 GBytes  18.2 Gbits/sec    1   3.13 MBytes       
[  5]  10.00-20.00  sec  19.3 GBytes  16.6 Gbits/sec  314   3.13 MBytes       
[  5]  20.00-30.00  sec  18.7 GBytes  16.1 Gbits/sec  115   3.13 MBytes       
[  5]  30.00-40.00  sec  16.6 GBytes  14.3 Gbits/sec    0   3.13 MBytes       
[  5]  40.00-50.00  sec  20.4 GBytes  17.6 Gbits/sec    1   3.13 MBytes       
[  5]  50.00-60.00  sec  18.9 GBytes  16.3 Gbits/sec  495   3.13 MBytes       
[  5]  60.00-70.00  sec  17.8 GBytes  15.3 Gbits/sec   33   3.13 MBytes       
[  5]  70.00-80.00  sec  15.9 GBytes  13.6 Gbits/sec    0   3.13 MBytes       
[  5]  80.00-90.00  sec  16.9 GBytes  14.5 Gbits/sec    0   3.13 MBytes       
[  5]  90.00-100.00 sec  22.8 GBytes  19.5 Gbits/sec    6   3.13 MBytes       
[  5] 100.00-110.00 sec  15.5 GBytes  13.3 Gbits/sec   58   3.13 MBytes       
[  5] 110.00-120.00 sec  21.0 GBytes  18.0 Gbits/sec    0   3.13 MBytes       
- - - - - - - - - - - - - - - - - - - - - - - - -
[ ID] Interval           Transfer     Bitrate         Retr
[  5]   0.00-120.00 sec   225 GBytes  16.1 Gbits/sec  1023             sender
[  5]   0.00-120.05 sec   225 GBytes  16.1 Gbits/sec                  receiver

iperf Done.
