-----------------------------------------------------------
Server listening on 25000
-----------------------------------------------------------
Accepted connection from 192.168.2.3, port 56731
[  5] local 192.168.2.2 port 25000 connected to 192.168.2.3 port 53919
[ ID] Interval           Transfer     Bitrate
[  5]   0.00-1.00   sec   972 MBytes  8.15 Gbits/sec                  
[  5]   1.00-2.00   sec   967 MBytes  8.11 Gbits/sec                  
[  5]   2.00-3.00   sec   930 MBytes  7.80 Gbits/sec                  
[  5]   3.00-4.00   sec   997 MBytes  8.36 Gbits/sec                  
[  5]   4.00-5.00   sec  1.76 GBytes  15.1 Gbits/sec                  
[  5]   5.00-6.00   sec  1.41 GBytes  12.1 Gbits/sec                  
[  5]   6.00-7.00   sec  1.36 GBytes  11.7 Gbits/sec                  
[  5]   7.00-8.00   sec  1.32 GBytes  11.3 Gbits/sec                  
[  5]   8.00-9.00   sec  1.00 GBytes  8.59 Gbits/sec                  
[  5]   9.00-10.00  sec  1.47 GBytes  12.6 Gbits/sec                  
[  5]  10.00-11.00  sec  1.19 GBytes  10.2 Gbits/sec                  
[  5]  11.00-12.00  sec   732 MBytes  6.14 Gbits/sec                  
[  5]  12.00-13.00  sec   851 MBytes  7.14 Gbits/sec                  
[  5]  13.00-14.00  sec  1.24 GBytes  10.6 Gbits/sec                  
[  5]  14.00-15.00  sec  1006 MBytes  8.43 Gbits/sec                  
[  5]  15.00-16.00  sec   803 MBytes  6.74 Gbits/sec                  
[  5]  16.00-17.00  sec  1.02 GBytes  8.76 Gbits/sec                  
[  5]  17.00-18.00  sec  1.30 GBytes  11.1 Gbits/sec                  
[  5]  18.00-19.00  sec  1.24 GBytes  10.6 Gbits/sec                  
[  5]  19.00-20.00  sec  1.18 GBytes  10.1 Gbits/sec                  
[  5]  20.00-21.00  sec  1013 MBytes  8.49 Gbits/sec                  
[  5]  21.00-22.00  sec   921 MBytes  7.73 Gbits/sec                  
[  5]  22.00-23.00  sec   828 MBytes  6.95 Gbits/sec                  
[  5]  23.00-24.00  sec   961 MBytes  8.06 Gbits/sec                  
[  5]  24.00-25.00  sec   830 MBytes  6.97 Gbits/sec                  
[  5]  25.00-26.00  sec   956 MBytes  8.02 Gbits/sec                  
[  5]  26.00-27.00  sec  1.05 GBytes  8.98 Gbits/sec                  
[  5]  27.00-28.00  sec  1006 MBytes  8.44 Gbits/sec                  
[  5]  28.00-29.00  sec  1.03 GBytes  8.89 Gbits/sec                  
[  5]  29.00-30.00  sec  1.10 GBytes  9.46 Gbits/sec                  
[  5]  30.00-31.00  sec   714 MBytes  5.99 Gbits/sec                  
[  5]  31.00-32.00  sec   779 MBytes  6.53 Gbits/sec                  
[  5]  32.00-33.00  sec   769 MBytes  6.45 Gbits/sec                  
[  5]  33.00-34.00  sec   715 MBytes  6.00 Gbits/sec                  
[  5]  34.00-35.00  sec   590 MBytes  4.95 Gbits/sec                  
[  5]  35.00-36.00  sec   631 MBytes  5.30 Gbits/sec                  
[  5]  36.00-37.00  sec   614 MBytes  5.15 Gbits/sec                  
[  5]  37.00-38.00  sec   624 MBytes  5.24 Gbits/sec                  
[  5]  38.00-39.00  sec   716 MBytes  6.01 Gbits/sec                  
[  5]  39.00-40.00  sec   665 MBytes  5.58 Gbits/sec                  
[  5]  40.00-41.00  sec   561 MBytes  4.71 Gbits/sec                  
[  5]  41.00-42.00  sec   572 MBytes  4.80 Gbits/sec                  
[  5]  42.00-43.00  sec   575 MBytes  4.83 Gbits/sec                  
[  5]  43.00-44.00  sec   604 MBytes  5.06 Gbits/sec                  
[  5]  44.00-45.00  sec   654 MBytes  5.49 Gbits/sec                  
[  5]  45.00-46.00  sec   669 MBytes  5.61 Gbits/sec                  
[  5]  46.00-47.00  sec   658 MBytes  5.52 Gbits/sec                  
[  5]  47.00-48.00  sec   857 MBytes  7.19 Gbits/sec                  
[  5]  48.00-49.00  sec   909 MBytes  7.62 Gbits/sec                  
[  5]  49.00-50.00  sec  1.33 GBytes  11.4 Gbits/sec                  
[  5]  50.00-51.00  sec  1.25 GBytes  10.7 Gbits/sec                  
[  5]  51.00-52.00  sec  1.23 GBytes  10.5 Gbits/sec                  
[  5]  52.00-53.00  sec  1.38 GBytes  11.8 Gbits/sec                  
[  5]  53.00-54.00  sec  1.11 GBytes  9.55 Gbits/sec                  
[  5]  54.00-55.00  sec  1.39 GBytes  11.9 Gbits/sec                  
[  5]  55.00-56.00  sec  1.03 GBytes  8.89 Gbits/sec                  
[  5]  56.00-57.00  sec   910 MBytes  7.64 Gbits/sec                  
[  5]  57.00-58.00  sec   889 MBytes  7.46 Gbits/sec                  
[  5]  58.00-59.00  sec   954 MBytes  8.00 Gbits/sec                  
[  5]  59.00-60.00  sec   926 MBytes  7.77 Gbits/sec                  
[  5]  60.00-61.00  sec   997 MBytes  8.36 Gbits/sec                  
[  5]  61.00-62.00  sec  1.23 GBytes  10.6 Gbits/sec                  
[  5]  62.00-63.00  sec   994 MBytes  8.34 Gbits/sec                  
[  5]  63.00-64.00  sec  1.00 GBytes  8.62 Gbits/sec                  
[  5]  64.00-65.00  sec  1.05 GBytes  8.99 Gbits/sec                  
[  5]  65.00-66.00  sec  1.18 GBytes  10.2 Gbits/sec                  
[  5]  66.00-67.00  sec  1.26 GBytes  10.8 Gbits/sec                  
[  5]  67.00-68.00  sec  1.45 GBytes  12.4 Gbits/sec                  
[  5]  68.00-69.00  sec  1.34 GBytes  11.5 Gbits/sec                  
[  5]  69.00-70.00  sec  1.40 GBytes  12.0 Gbits/sec                  
[  5]  70.00-71.00  sec  1.49 GBytes  12.8 Gbits/sec                  
[  5]  71.00-72.00  sec  1002 MBytes  8.41 Gbits/sec                  
[  5]  72.00-73.00  sec   708 MBytes  5.94 Gbits/sec                  
[  5]  73.00-74.00  sec   904 MBytes  7.58 Gbits/sec                  
[  5]  74.00-75.00  sec  1.10 GBytes  9.47 Gbits/sec                  
[  5]  75.00-76.00  sec  1.15 GBytes  9.89 Gbits/sec                  
[  5]  76.00-77.00  sec  1.18 GBytes  10.1 Gbits/sec                  
[  5]  77.00-78.00  sec   860 MBytes  7.22 Gbits/sec                  
[  5]  78.00-79.00  sec   714 MBytes  5.99 Gbits/sec                  
[  5]  79.00-80.00  sec   594 MBytes  4.98 Gbits/sec                  
[  5]  80.00-81.00  sec   747 MBytes  6.27 Gbits/sec                  
[  5]  81.00-82.00  sec  1.10 GBytes  9.47 Gbits/sec                  
[  5]  82.00-83.00  sec  1.40 GBytes  12.0 Gbits/sec                  
[  5]  83.00-84.00  sec  1.30 GBytes  11.1 Gbits/sec                  
[  5]  84.00-85.00  sec  1.44 GBytes  12.3 Gbits/sec                  
[  5]  85.00-86.00  sec  1.49 GBytes  12.8 Gbits/sec                  
[  5]  86.00-87.00  sec  1.41 GBytes  12.1 Gbits/sec                  
[  5]  87.00-88.00  sec  1.11 GBytes  9.57 Gbits/sec                  
[  5]  88.00-89.00  sec   922 MBytes  7.74 Gbits/sec                  
[  5]  89.00-90.00  sec   755 MBytes  6.33 Gbits/sec                  
[  5]  90.00-91.00  sec   690 MBytes  5.79 Gbits/sec                  
[  5]  91.00-92.00  sec   552 MBytes  4.63 Gbits/sec                  
[  5]  92.00-93.00  sec   678 MBytes  5.68 Gbits/sec                  
[  5]  93.00-94.00  sec   726 MBytes  6.09 Gbits/sec                  
[  5]  94.00-95.00  sec   632 MBytes  5.30 Gbits/sec                  
[  5]  95.00-96.00  sec   690 MBytes  5.79 Gbits/sec                  
[  5]  96.00-97.00  sec   665 MBytes  5.58 Gbits/sec                  
[  5]  97.00-98.00  sec   886 MBytes  7.44 Gbits/sec                  
[  5]  98.00-99.00  sec   924 MBytes  7.75 Gbits/sec                  
[  5]  99.00-100.00 sec   937 MBytes  7.86 Gbits/sec                  
[  5] 100.00-101.00 sec  1.10 GBytes  9.44 Gbits/sec                  
[  5] 101.00-102.00 sec  1.02 GBytes  8.73 Gbits/sec                  
[  5] 102.00-103.00 sec   603 MBytes  5.06 Gbits/sec                  
[  5] 103.00-104.00 sec   571 MBytes  4.79 Gbits/sec                  
[  5] 104.00-105.00 sec   801 MBytes  6.72 Gbits/sec                  
[  5] 105.00-106.00 sec   759 MBytes  6.37 Gbits/sec                  
[  5] 106.00-107.00 sec   734 MBytes  6.16 Gbits/sec                  
[  5] 107.00-108.00 sec   744 MBytes  6.24 Gbits/sec                  
[  5] 108.00-109.00 sec  1.13 GBytes  9.66 Gbits/sec                  
[  5] 109.00-110.00 sec  1.26 GBytes  10.8 Gbits/sec                  
[  5] 110.00-111.00 sec  1.02 GBytes  8.75 Gbits/sec                  
[  5] 111.00-112.00 sec   824 MBytes  6.92 Gbits/sec                  
[  5] 112.00-113.00 sec   695 MBytes  5.83 Gbits/sec                  
[  5] 113.00-114.00 sec   692 MBytes  5.81 Gbits/sec                  
[  5] 114.00-115.00 sec   664 MBytes  5.57 Gbits/sec                  
[  5] 115.00-116.00 sec   917 MBytes  7.70 Gbits/sec                  
[  5] 116.00-117.00 sec   950 MBytes  7.97 Gbits/sec                  
[  5] 117.00-118.00 sec   999 MBytes  8.38 Gbits/sec                  
[  5] 118.00-119.00 sec  1.11 GBytes  9.56 Gbits/sec                  
[  5] 119.00-120.00 sec  1.09 GBytes  9.34 Gbits/sec                  
[  5] 120.00-120.04 sec  68.8 MBytes  13.2 Gbits/sec                  
- - - - - - - - - - - - - - - - - - - - - - - - -
[ ID] Interval           Transfer     Bitrate
[  5]   0.00-120.04 sec   115 GBytes  8.21 Gbits/sec                  receiver
