Connecting to host 192.168.4.3, port 25006
[  5] local 192.168.4.2 port 59135 connected to 192.168.4.3 port 25006
[ ID] Interval           Transfer     Bitrate         Retr  Cwnd
[  5]   0.00-10.00  sec  15.0 GBytes  12.9 Gbits/sec  1013   2.10 MBytes       
[  5]  10.00-20.00  sec  14.4 GBytes  12.3 Gbits/sec    0   3.00 MBytes       
[  5]  20.00-30.00  sec  18.7 GBytes  16.0 Gbits/sec   35   3.00 MBytes       
[  5]  30.00-40.00  sec  19.3 GBytes  16.6 Gbits/sec    0   3.00 MBytes       
[  5]  40.00-50.00  sec  18.2 GBytes  15.6 Gbits/sec    0   3.00 MBytes       
[  5]  50.00-60.00  sec  23.1 GBytes  19.9 Gbits/sec    0   3.00 MBytes       
[  5]  60.00-70.00  sec  19.6 GBytes  16.8 Gbits/sec    0   3.00 MBytes       
[  5]  70.00-80.00  sec  18.4 GBytes  15.8 Gbits/sec    0   3.00 MBytes       
[  5]  80.00-90.00  sec  16.7 GBytes  14.3 Gbits/sec    1   3.00 MBytes       
[  5]  90.00-100.00 sec  17.7 GBytes  15.2 Gbits/sec    0   3.00 MBytes       
[  5] 100.00-110.00 sec  20.6 GBytes  17.7 Gbits/sec    4   4.51 MBytes       
[  5] 110.00-120.00 sec  19.0 GBytes  16.3 Gbits/sec    0   4.51 MBytes       
- - - - - - - - - - - - - - - - - - - - - - - - -
[ ID] Interval           Transfer     Bitrate         Retr
[  5]   0.00-120.00 sec   220 GBytes  15.8 Gbits/sec  1053             sender
[  5]   0.00-120.04 sec   220 GBytes  15.8 Gbits/sec                  receiver

iperf Done.
