Connecting to host 192.168.2.2, port 25001
[  5] local 192.168.2.3 port 56155 connected to 192.168.2.2 port 25001
[ ID] Interval           Transfer     Bitrate         Retr  Cwnd
[  5]   0.00-10.00  sec  8.58 GBytes  7.37 Gbits/sec   50   1.90 MBytes       
[  5]  10.00-20.00  sec  8.98 GBytes  7.72 Gbits/sec   19   2.30 MBytes       
[  5]  20.00-30.00  sec  8.53 GBytes  7.33 Gbits/sec    0   3.09 MBytes       
[  5]  30.00-40.00  sec  7.56 GBytes  6.50 Gbits/sec    0   3.09 MBytes       
[  5]  40.00-50.00  sec  7.08 GBytes  6.08 Gbits/sec   15   3.09 MBytes       
[  5]  50.00-60.00  sec  8.27 GBytes  7.10 Gbits/sec  226   3.09 MBytes       
[  5]  60.00-70.00  sec  8.23 GBytes  7.07 Gbits/sec    0   3.09 MBytes       
[  5]  70.00-80.00  sec  9.67 GBytes  8.31 Gbits/sec   30   3.09 MBytes       
[  5]  80.00-90.00  sec  8.67 GBytes  7.45 Gbits/sec  331   3.09 MBytes       
[  5]  90.00-100.00 sec  11.7 GBytes  10.1 Gbits/sec    0   3.09 MBytes       
[  5] 100.00-110.00 sec  9.76 GBytes  8.39 Gbits/sec    0   3.09 MBytes       
[  5] 110.00-120.00 sec  11.4 GBytes  9.80 Gbits/sec    0   3.09 MBytes       
- - - - - - - - - - - - - - - - - - - - - - - - -
[ ID] Interval           Transfer     Bitrate         Retr
[  5]   0.00-120.00 sec   108 GBytes  7.76 Gbits/sec  671             sender
[  5]   0.00-120.04 sec   108 GBytes  7.76 Gbits/sec                  receiver

iperf Done.
