-----------------------------------------------------------
Server listening on 25005
-----------------------------------------------------------
Accepted connection from 192.168.4.3, port 45309
[  5] local 192.168.4.2 port 25005 connected to 192.168.4.3 port 60835
[ ID] Interval           Transfer     Bitrate
[  5]   0.00-1.00   sec  1.08 GBytes  9.30 Gbits/sec                  
[  5]   1.00-2.00   sec  1000 MBytes  8.39 Gbits/sec                  
[  5]   2.00-3.00   sec   966 MBytes  8.10 Gbits/sec                  
[  5]   3.00-4.00   sec  1.35 GBytes  11.6 Gbits/sec                  
[  5]   4.00-5.00   sec  1.89 GBytes  16.3 Gbits/sec                  
[  5]   5.00-6.00   sec  1.95 GBytes  16.8 Gbits/sec                  
[  5]   6.00-7.00   sec  2.00 GBytes  17.2 Gbits/sec                  
[  5]   7.00-8.00   sec  1.93 GBytes  16.6 Gbits/sec                  
[  5]   8.00-9.00   sec  1.31 GBytes  11.3 Gbits/sec                  
[  5]   9.00-10.00  sec  1.19 GBytes  10.2 Gbits/sec                  
[  5]  10.00-11.00  sec  1.07 GBytes  9.23 Gbits/sec                  
[  5]  11.00-12.00  sec   702 MBytes  5.89 Gbits/sec                  
[  5]  12.00-13.00  sec   599 MBytes  5.03 Gbits/sec                  
[  5]  13.00-14.00  sec   659 MBytes  5.53 Gbits/sec                  
[  5]  14.00-15.00  sec   722 MBytes  6.06 Gbits/sec                  
[  5]  15.00-16.00  sec   742 MBytes  6.23 Gbits/sec                  
[  5]  16.00-17.00  sec   625 MBytes  5.24 Gbits/sec                  
[  5]  17.00-18.00  sec   735 MBytes  6.17 Gbits/sec                  
[  5]  18.00-19.00  sec   863 MBytes  7.24 Gbits/sec                  
[  5]  19.00-20.00  sec   810 MBytes  6.79 Gbits/sec                  
[  5]  20.00-21.00  sec   647 MBytes  5.42 Gbits/sec                  
[  5]  21.00-22.00  sec   654 MBytes  5.48 Gbits/sec                  
[  5]  22.00-23.00  sec   710 MBytes  5.96 Gbits/sec                  
[  5]  23.00-24.00  sec   857 MBytes  7.19 Gbits/sec                  
[  5]  24.00-25.00  sec   767 MBytes  6.43 Gbits/sec                  
[  5]  25.00-26.00  sec   962 MBytes  8.07 Gbits/sec                  
[  5]  26.00-27.00  sec  1.42 GBytes  12.2 Gbits/sec                  
[  5]  27.00-28.00  sec   762 MBytes  6.40 Gbits/sec                  
[  5]  28.00-29.00  sec   684 MBytes  5.73 Gbits/sec                  
[  5]  29.00-30.00  sec   760 MBytes  6.38 Gbits/sec                  
[  5]  30.00-31.00  sec   822 MBytes  6.90 Gbits/sec                  
[  5]  31.00-32.00  sec   829 MBytes  6.95 Gbits/sec                  
[  5]  32.00-33.00  sec   807 MBytes  6.77 Gbits/sec                  
[  5]  33.00-34.00  sec   741 MBytes  6.21 Gbits/sec                  
[  5]  34.00-35.00  sec   591 MBytes  4.96 Gbits/sec                  
[  5]  35.00-36.00  sec   650 MBytes  5.45 Gbits/sec                  
[  5]  36.00-37.00  sec   702 MBytes  5.89 Gbits/sec                  
[  5]  37.00-38.00  sec   639 MBytes  5.36 Gbits/sec                  
[  5]  38.00-39.00  sec  1.01 GBytes  8.66 Gbits/sec                  
[  5]  39.00-40.00  sec   987 MBytes  8.28 Gbits/sec                  
[  5]  40.00-41.00  sec   515 MBytes  4.32 Gbits/sec                  
[  5]  41.00-42.00  sec   583 MBytes  4.89 Gbits/sec                  
[  5]  42.00-43.00  sec   630 MBytes  5.28 Gbits/sec                  
[  5]  43.00-44.00  sec   637 MBytes  5.34 Gbits/sec                  
[  5]  44.00-45.00  sec   681 MBytes  5.72 Gbits/sec                  
[  5]  45.00-46.00  sec   688 MBytes  5.77 Gbits/sec                  
[  5]  46.00-47.00  sec   829 MBytes  6.96 Gbits/sec                  
[  5]  47.00-48.00  sec   838 MBytes  7.03 Gbits/sec                  
[  5]  48.00-49.00  sec   909 MBytes  7.62 Gbits/sec                  
[  5]  49.00-50.00  sec  1.05 GBytes  9.00 Gbits/sec                  
[  5]  50.00-51.00  sec   928 MBytes  7.78 Gbits/sec                  
[  5]  51.00-52.00  sec   959 MBytes  8.04 Gbits/sec                  
[  5]  52.00-53.00  sec  1.08 GBytes  9.24 Gbits/sec                  
[  5]  53.00-54.00  sec  1.14 GBytes  9.76 Gbits/sec                  
[  5]  54.00-55.00  sec  1.09 GBytes  9.33 Gbits/sec                  
[  5]  55.00-56.00  sec   918 MBytes  7.70 Gbits/sec                  
[  5]  56.00-57.00  sec   598 MBytes  5.02 Gbits/sec                  
[  5]  57.00-58.00  sec   804 MBytes  6.74 Gbits/sec                  
[  5]  58.00-59.00  sec   872 MBytes  7.32 Gbits/sec                  
[  5]  59.00-60.00  sec   802 MBytes  6.72 Gbits/sec                  
[  5]  60.00-61.00  sec   668 MBytes  5.60 Gbits/sec                  
[  5]  61.00-62.00  sec   679 MBytes  5.69 Gbits/sec                  
[  5]  62.00-63.00  sec  1.63 GBytes  14.0 Gbits/sec                  
[  5]  63.00-64.00  sec  1.83 GBytes  15.8 Gbits/sec                  
[  5]  64.00-65.00  sec  1.91 GBytes  16.4 Gbits/sec                  
[  5]  65.00-66.00  sec  1.08 GBytes  9.32 Gbits/sec                  
[  5]  66.00-67.00  sec   975 MBytes  8.18 Gbits/sec                  
[  5]  67.00-68.00  sec  1.23 GBytes  10.6 Gbits/sec                  
[  5]  68.00-69.00  sec  1.08 GBytes  9.30 Gbits/sec                  
[  5]  69.00-70.00  sec  1.39 GBytes  11.9 Gbits/sec                  
[  5]  70.00-71.00  sec  1.55 GBytes  13.3 Gbits/sec                  
[  5]  71.00-72.00  sec   835 MBytes  7.00 Gbits/sec                  
[  5]  72.00-73.00  sec   851 MBytes  7.14 Gbits/sec                  
[  5]  73.00-74.00  sec   757 MBytes  6.35 Gbits/sec                  
[  5]  74.00-75.00  sec   743 MBytes  6.23 Gbits/sec                  
[  5]  75.00-76.00  sec   955 MBytes  8.01 Gbits/sec                  
[  5]  76.00-77.00  sec  1.18 GBytes  10.1 Gbits/sec                  
[  5]  77.00-78.00  sec  1.13 GBytes  9.67 Gbits/sec                  
[  5]  78.00-79.00  sec   999 MBytes  8.38 Gbits/sec                  
[  5]  79.00-80.00  sec   573 MBytes  4.81 Gbits/sec                  
[  5]  80.00-81.00  sec   565 MBytes  4.74 Gbits/sec                  
[  5]  81.00-82.00  sec   629 MBytes  5.28 Gbits/sec                  
[  5]  82.00-83.00  sec   697 MBytes  5.85 Gbits/sec                  
[  5]  83.00-84.00  sec   678 MBytes  5.69 Gbits/sec                  
[  5]  84.00-85.00  sec  1.09 GBytes  9.33 Gbits/sec                  
[  5]  85.00-86.00  sec  1.08 GBytes  9.25 Gbits/sec                  
[  5]  86.00-87.00  sec  1.09 GBytes  9.40 Gbits/sec                  
[  5]  87.00-88.00  sec  1.12 GBytes  9.64 Gbits/sec                  
[  5]  88.00-89.00  sec  1.07 GBytes  9.18 Gbits/sec                  
[  5]  89.00-90.00  sec  1.09 GBytes  9.41 Gbits/sec                  
[  5]  90.00-91.00  sec  1.01 GBytes  8.71 Gbits/sec                  
[  5]  91.00-92.00  sec   840 MBytes  7.05 Gbits/sec                  
[  5]  92.00-93.00  sec  1008 MBytes  8.45 Gbits/sec                  
[  5]  93.00-94.00  sec  1.05 GBytes  9.04 Gbits/sec                  
[  5]  94.00-95.00  sec   637 MBytes  5.34 Gbits/sec                  
[  5]  95.00-96.00  sec   711 MBytes  5.96 Gbits/sec                  
[  5]  96.00-97.00  sec   664 MBytes  5.57 Gbits/sec                  
[  5]  97.00-98.00  sec   621 MBytes  5.21 Gbits/sec                  
[  5]  98.00-99.00  sec   811 MBytes  6.80 Gbits/sec                  
[  5]  99.00-100.00 sec   827 MBytes  6.94 Gbits/sec                  
[  5] 100.00-101.00 sec   660 MBytes  5.53 Gbits/sec                  
[  5] 101.00-102.00 sec   623 MBytes  5.22 Gbits/sec                  
[  5] 102.00-103.00 sec   817 MBytes  6.85 Gbits/sec                  
[  5] 103.00-104.00 sec   756 MBytes  6.34 Gbits/sec                  
[  5] 104.00-105.00 sec   699 MBytes  5.86 Gbits/sec                  
[  5] 105.00-106.00 sec  1.05 GBytes  9.04 Gbits/sec                  
[  5] 106.00-107.00 sec  1.09 GBytes  9.34 Gbits/sec                  
[  5] 107.00-108.00 sec  1.22 GBytes  10.5 Gbits/sec                  
[  5] 108.00-109.00 sec  1.25 GBytes  10.8 Gbits/sec                  
[  5] 109.00-110.00 sec  1.27 GBytes  10.9 Gbits/sec                  
[  5] 110.00-111.00 sec  1.52 GBytes  13.1 Gbits/sec                  
[  5] 111.00-112.00 sec  1.38 GBytes  11.8 Gbits/sec                  
[  5] 112.00-113.00 sec  1.24 GBytes  10.6 Gbits/sec                  
[  5] 113.00-114.00 sec   677 MBytes  5.68 Gbits/sec                  
[  5] 114.00-115.00 sec   651 MBytes  5.46 Gbits/sec                  
[  5] 115.00-116.00 sec   677 MBytes  5.68 Gbits/sec                  
[  5] 116.00-117.00 sec   640 MBytes  5.37 Gbits/sec                  
[  5] 117.00-118.00 sec   963 MBytes  8.08 Gbits/sec                  
[  5] 118.00-119.00 sec  1.70 GBytes  14.6 Gbits/sec                  
[  5] 119.00-120.00 sec  1.24 GBytes  10.6 Gbits/sec                  
[  5] 120.00-120.05 sec  93.0 MBytes  16.3 Gbits/sec                  
- - - - - - - - - - - - - - - - - - - - - - - - -
[ ID] Interval           Transfer     Bitrate
[  5]   0.00-120.05 sec   113 GBytes  8.08 Gbits/sec                  receiver
