Connecting to host 192.168.2.2, port 25003
[  5] local 192.168.2.3 port 43891 connected to 192.168.2.2 port 25003
[ ID] Interval           Transfer     Bitrate         Retr  Cwnd
[  5]   0.00-10.00  sec  8.48 GBytes  7.29 Gbits/sec  674   3.11 MBytes       
[  5]  10.00-20.00  sec  7.77 GBytes  6.68 Gbits/sec    0   3.11 MBytes       
[  5]  20.00-30.00  sec  8.70 GBytes  7.47 Gbits/sec    0   3.11 MBytes       
[  5]  30.00-40.00  sec  15.6 GBytes  13.4 Gbits/sec    0   3.11 MBytes       
[  5]  40.00-50.00  sec  14.0 GBytes  12.0 Gbits/sec    0   3.11 MBytes       
[  5]  50.00-60.00  sec  8.34 GBytes  7.16 Gbits/sec   90   3.11 MBytes       
[  5]  60.00-70.00  sec  8.69 GBytes  7.47 Gbits/sec  236   3.11 MBytes       
[  5]  70.00-80.00  sec  10.5 GBytes  8.98 Gbits/sec    0   3.11 MBytes       
[  5]  80.00-90.00  sec  7.89 GBytes  6.78 Gbits/sec    0   3.11 MBytes       
[  5]  90.00-100.00 sec  7.20 GBytes  6.19 Gbits/sec    0   3.11 MBytes       
[  5] 100.00-110.00 sec  11.2 GBytes  9.62 Gbits/sec    0   3.11 MBytes       
[  5] 110.00-120.00 sec  12.0 GBytes  10.3 Gbits/sec    0   3.11 MBytes       
- - - - - - - - - - - - - - - - - - - - - - - - -
[ ID] Interval           Transfer     Bitrate         Retr
[  5]   0.00-120.00 sec   120 GBytes  8.62 Gbits/sec  1000             sender
[  5]   0.00-120.04 sec   120 GBytes  8.61 Gbits/sec                  receiver

iperf Done.
