Connecting to host 192.168.2.3, port 25000
[  5] local 192.168.2.2 port 43463 connected to 192.168.2.3 port 25000
[ ID] Interval           Transfer     Bitrate         Retr  Cwnd
[  5]   0.00-10.00  sec  17.4 GBytes  14.9 Gbits/sec    1   3.04 MBytes       
[  5]  10.00-20.00  sec  16.6 GBytes  14.3 Gbits/sec    0   3.04 MBytes       
[  5]  20.00-30.00  sec  17.9 GBytes  15.4 Gbits/sec    1   3.04 MBytes       
[  5]  30.00-40.00  sec  18.4 GBytes  15.8 Gbits/sec    0   3.04 MBytes       
[  5]  40.00-50.00  sec  15.4 GBytes  13.2 Gbits/sec  558   2.65 MBytes       
[  5]  50.00-60.00  sec  21.8 GBytes  18.7 Gbits/sec    0   3.03 MBytes       
[  5]  60.00-70.00  sec  18.3 GBytes  15.7 Gbits/sec    0   3.03 MBytes       
[  5]  70.00-80.00  sec  23.4 GBytes  20.1 Gbits/sec    0   3.03 MBytes       
[  5]  80.00-90.00  sec  17.4 GBytes  14.9 Gbits/sec   80   2.64 MBytes       
[  5]  90.00-100.00 sec  15.5 GBytes  13.3 Gbits/sec    0   3.01 MBytes       
[  5] 100.00-110.00 sec  18.7 GBytes  16.0 Gbits/sec    0   3.01 MBytes       
[  5] 110.00-120.00 sec  17.0 GBytes  14.6 Gbits/sec    0   3.01 MBytes       
- - - - - - - - - - - - - - - - - - - - - - - - -
[ ID] Interval           Transfer     Bitrate         Retr
[  5]   0.00-120.00 sec   218 GBytes  15.6 Gbits/sec  640             sender
[  5]   0.00-120.04 sec   218 GBytes  15.6 Gbits/sec                  receiver

iperf Done.
