Connecting to host 192.168.2.3, port 25003
[  5] local 192.168.2.2 port 57559 connected to 192.168.2.3 port 25003
[ ID] Interval           Transfer     Bitrate         Retr  Cwnd
[  5]   0.00-10.00  sec  18.4 GBytes  15.8 Gbits/sec   45   3.08 MBytes       
[  5]  10.00-20.00  sec  20.1 GBytes  17.3 Gbits/sec   84   3.08 MBytes       
[  5]  20.00-30.00  sec  24.2 GBytes  20.8 Gbits/sec    0   3.08 MBytes       
[  5]  30.00-40.00  sec  20.0 GBytes  17.2 Gbits/sec  252   3.08 MBytes       
[  5]  40.00-50.00  sec  18.7 GBytes  16.1 Gbits/sec   11   3.08 MBytes       
[  5]  50.00-60.00  sec  19.0 GBytes  16.3 Gbits/sec    0   3.08 MBytes       
[  5]  60.00-70.00  sec  18.0 GBytes  15.4 Gbits/sec   15   2.33 MBytes       
[  5]  70.00-80.00  sec  14.7 GBytes  12.6 Gbits/sec    1   3.01 MBytes       
[  5]  80.00-90.00  sec  21.7 GBytes  18.7 Gbits/sec   13   3.01 MBytes       
[  5]  90.00-100.00 sec  26.2 GBytes  22.5 Gbits/sec    0   3.01 MBytes       
[  5] 100.00-110.00 sec  19.9 GBytes  17.1 Gbits/sec   45   3.01 MBytes       
[  5] 110.00-120.00 sec  18.2 GBytes  15.6 Gbits/sec    0   3.01 MBytes       
- - - - - - - - - - - - - - - - - - - - - - - - -
[ ID] Interval           Transfer     Bitrate         Retr
[  5]   0.00-120.00 sec   239 GBytes  17.1 Gbits/sec  466             sender
[  5]   0.00-120.05 sec   239 GBytes  17.1 Gbits/sec                  receiver

iperf Done.
