Connecting to host 192.168.4.3, port 25004
[  5] local 192.168.4.2 port 55349 connected to 192.168.4.3 port 25004
[ ID] Interval           Transfer     Bitrate         Retr  Cwnd
[  5]   0.00-10.00  sec  19.6 GBytes  16.8 Gbits/sec   11   2.62 MBytes       
[  5]  10.00-20.00  sec  23.7 GBytes  20.3 Gbits/sec    0   3.00 MBytes       
[  5]  20.00-30.00  sec  19.9 GBytes  17.1 Gbits/sec    0   3.00 MBytes       
[  5]  30.00-40.00  sec  20.5 GBytes  17.6 Gbits/sec  313   3.00 MBytes       
[  5]  40.00-50.00  sec  19.7 GBytes  16.9 Gbits/sec    0   3.00 MBytes       
[  5]  50.00-60.00  sec  15.8 GBytes  13.6 Gbits/sec    0   3.00 MBytes       
[  5]  60.00-70.00  sec  18.3 GBytes  15.7 Gbits/sec   76   3.00 MBytes       
[  5]  70.00-80.00  sec  20.9 GBytes  17.9 Gbits/sec    0   3.00 MBytes       
[  5]  80.00-90.00  sec  20.1 GBytes  17.3 Gbits/sec    0   3.00 MBytes       
[  5]  90.00-100.00 sec  17.3 GBytes  14.9 Gbits/sec  380   3.00 MBytes       
[  5] 100.00-110.00 sec  18.0 GBytes  15.4 Gbits/sec  360   3.00 MBytes       
[  5] 110.00-120.00 sec  17.0 GBytes  14.6 Gbits/sec  133   3.00 MBytes       
- - - - - - - - - - - - - - - - - - - - - - - - -
[ ID] Interval           Transfer     Bitrate         Retr
[  5]   0.00-120.00 sec   231 GBytes  16.5 Gbits/sec  1273             sender
[  5]   0.00-120.04 sec   231 GBytes  16.5 Gbits/sec                  receiver

iperf Done.
