Connecting to host 192.168.2.2, port 25000
[  5] local 192.168.2.3 port 53919 connected to 192.168.2.2 port 25000
[ ID] Interval           Transfer     Bitrate         Retr  Cwnd
[  5]   0.00-10.00  sec  12.2 GBytes  10.4 Gbits/sec  570   2.42 MBytes       
[  5]  10.00-20.00  sec  10.5 GBytes  8.99 Gbits/sec  287   2.97 MBytes       
[  5]  20.00-30.00  sec  9.54 GBytes  8.19 Gbits/sec    0   3.00 MBytes       
[  5]  30.00-40.00  sec  6.63 GBytes  5.69 Gbits/sec  115   3.00 MBytes       
[  5]  40.00-50.00  sec  7.29 GBytes  6.26 Gbits/sec    0   3.00 MBytes       
[  5]  50.00-60.00  sec  11.0 GBytes  9.42 Gbits/sec   20   3.00 MBytes       
[  5]  60.00-70.00  sec  11.9 GBytes  10.2 Gbits/sec    0   3.00 MBytes       
[  5]  70.00-80.00  sec  9.55 GBytes  8.20 Gbits/sec    0   3.00 MBytes       
[  5]  80.00-90.00  sec  11.6 GBytes  9.98 Gbits/sec    0   3.00 MBytes       
[  5]  90.00-100.00 sec  7.22 GBytes  6.20 Gbits/sec  211   3.00 MBytes       
[  5] 100.00-110.00 sec  8.63 GBytes  7.41 Gbits/sec  180   3.00 MBytes       
[  5] 110.00-120.00 sec  8.84 GBytes  7.59 Gbits/sec    0   3.00 MBytes       
- - - - - - - - - - - - - - - - - - - - - - - - -
[ ID] Interval           Transfer     Bitrate         Retr
[  5]   0.00-120.00 sec   115 GBytes  8.22 Gbits/sec  1383             sender
[  5]   0.00-120.04 sec   115 GBytes  8.21 Gbits/sec                  receiver

iperf Done.
