-----------------------------------------------------------
Server listening on 25003
-----------------------------------------------------------
Accepted connection from 192.168.2.3, port 50831
[  5] local 192.168.2.2 port 25003 connected to 192.168.2.3 port 43891
[ ID] Interval           Transfer     Bitrate
[  5]   0.00-1.00   sec  1.16 GBytes  9.97 Gbits/sec                  
[  5]   1.00-2.00   sec  1.06 GBytes  9.12 Gbits/sec                  
[  5]   2.00-3.00   sec   980 MBytes  8.22 Gbits/sec                  
[  5]   3.00-4.00   sec   995 MBytes  8.35 Gbits/sec                  
[  5]   4.00-5.00   sec   648 MBytes  5.43 Gbits/sec                  
[  5]   5.00-6.00   sec   681 MBytes  5.71 Gbits/sec                  
[  5]   6.00-7.00   sec   697 MBytes  5.85 Gbits/sec                  
[  5]   7.00-8.00   sec   675 MBytes  5.66 Gbits/sec                  
[  5]   8.00-9.00   sec   869 MBytes  7.29 Gbits/sec                  
[  5]   9.00-10.00  sec   826 MBytes  6.93 Gbits/sec                  
[  5]  10.00-11.00  sec   965 MBytes  8.09 Gbits/sec                  
[  5]  11.00-12.00  sec   700 MBytes  5.88 Gbits/sec                  
[  5]  12.00-13.00  sec   617 MBytes  5.18 Gbits/sec                  
[  5]  13.00-14.00  sec   634 MBytes  5.32 Gbits/sec                  
[  5]  14.00-15.00  sec   984 MBytes  8.25 Gbits/sec                  
[  5]  15.00-16.00  sec  1.28 GBytes  11.0 Gbits/sec                  
[  5]  16.00-17.00  sec   843 MBytes  7.07 Gbits/sec                  
[  5]  17.00-18.00  sec   672 MBytes  5.63 Gbits/sec                  
[  5]  18.00-19.00  sec   637 MBytes  5.35 Gbits/sec                  
[  5]  19.00-20.00  sec   600 MBytes  5.03 Gbits/sec                  
[  5]  20.00-21.00  sec   514 MBytes  4.31 Gbits/sec                  
[  5]  21.00-22.00  sec   631 MBytes  5.29 Gbits/sec                  
[  5]  22.00-23.00  sec   832 MBytes  6.98 Gbits/sec                  
[  5]  23.00-24.00  sec   858 MBytes  7.19 Gbits/sec                  
[  5]  24.00-25.00  sec   828 MBytes  6.94 Gbits/sec                  
[  5]  25.00-26.00  sec   962 MBytes  8.07 Gbits/sec                  
[  5]  26.00-27.00  sec  1.06 GBytes  9.10 Gbits/sec                  
[  5]  27.00-28.00  sec  1011 MBytes  8.48 Gbits/sec                  
[  5]  28.00-29.00  sec  1.03 GBytes  8.88 Gbits/sec                  
[  5]  29.00-30.00  sec  1.09 GBytes  9.34 Gbits/sec                  
[  5]  30.00-31.00  sec   715 MBytes  6.00 Gbits/sec                  
[  5]  31.00-32.00  sec   783 MBytes  6.57 Gbits/sec                  
[  5]  32.00-33.00  sec  1.49 GBytes  12.8 Gbits/sec                  
[  5]  33.00-34.00  sec  1.56 GBytes  13.4 Gbits/sec                  
[  5]  34.00-35.00  sec  1.47 GBytes  12.6 Gbits/sec                  
[  5]  35.00-36.00  sec  1.86 GBytes  16.0 Gbits/sec                  
[  5]  36.00-37.00  sec  1.83 GBytes  15.7 Gbits/sec                  
[  5]  37.00-38.00  sec  1.85 GBytes  15.9 Gbits/sec                  
[  5]  38.00-39.00  sec  2.10 GBytes  18.1 Gbits/sec                  
[  5]  39.00-40.00  sec  1.96 GBytes  16.8 Gbits/sec                  
[  5]  40.00-41.00  sec  1.26 GBytes  10.9 Gbits/sec                  
[  5]  41.00-42.00  sec  1.57 GBytes  13.5 Gbits/sec                  
[  5]  42.00-43.00  sec  1.70 GBytes  14.6 Gbits/sec                  
[  5]  43.00-44.00  sec  1.75 GBytes  15.0 Gbits/sec                  
[  5]  44.00-45.00  sec  1.93 GBytes  16.6 Gbits/sec                  
[  5]  45.00-46.00  sec  1.96 GBytes  16.9 Gbits/sec                  
[  5]  46.00-47.00  sec  1.55 GBytes  13.3 Gbits/sec                  
[  5]  47.00-48.00  sec   862 MBytes  7.23 Gbits/sec                  
[  5]  48.00-49.00  sec   822 MBytes  6.90 Gbits/sec                  
[  5]  49.00-50.00  sec   685 MBytes  5.75 Gbits/sec                  
[  5]  50.00-51.00  sec   649 MBytes  5.44 Gbits/sec                  
[  5]  51.00-52.00  sec   624 MBytes  5.23 Gbits/sec                  
[  5]  52.00-53.00  sec   746 MBytes  6.26 Gbits/sec                  
[  5]  53.00-54.00  sec  1.12 GBytes  9.59 Gbits/sec                  
[  5]  54.00-55.00  sec   730 MBytes  6.13 Gbits/sec                  
[  5]  55.00-56.00  sec   961 MBytes  8.06 Gbits/sec                  
[  5]  56.00-57.00  sec   907 MBytes  7.61 Gbits/sec                  
[  5]  57.00-58.00  sec   888 MBytes  7.45 Gbits/sec                  
[  5]  58.00-59.00  sec   949 MBytes  7.96 Gbits/sec                  
[  5]  59.00-60.00  sec   926 MBytes  7.77 Gbits/sec                  
[  5]  60.00-61.00  sec  1000 MBytes  8.39 Gbits/sec                  
[  5]  61.00-62.00  sec  1.21 GBytes  10.4 Gbits/sec                  
[  5]  62.00-63.00  sec   992 MBytes  8.32 Gbits/sec                  
[  5]  63.00-64.00  sec  1.00 GBytes  8.63 Gbits/sec                  
[  5]  64.00-65.00  sec  1.03 GBytes  8.81 Gbits/sec                  
[  5]  65.00-66.00  sec   790 MBytes  6.63 Gbits/sec                  
[  5]  66.00-67.00  sec   642 MBytes  5.38 Gbits/sec                  
[  5]  67.00-68.00  sec   748 MBytes  6.28 Gbits/sec                  
[  5]  68.00-69.00  sec   688 MBytes  5.77 Gbits/sec                  
[  5]  69.00-70.00  sec   734 MBytes  6.16 Gbits/sec                  
[  5]  70.00-71.00  sec   885 MBytes  7.42 Gbits/sec                  
[  5]  71.00-72.00  sec  1015 MBytes  8.51 Gbits/sec                  
[  5]  72.00-73.00  sec  1.23 GBytes  10.5 Gbits/sec                  
[  5]  73.00-74.00  sec  1.05 GBytes  9.00 Gbits/sec                  
[  5]  74.00-75.00  sec  1.11 GBytes  9.50 Gbits/sec                  
[  5]  75.00-76.00  sec  1.17 GBytes  10.0 Gbits/sec                  
[  5]  76.00-77.00  sec  1.19 GBytes  10.2 Gbits/sec                  
[  5]  77.00-78.00  sec  1.46 GBytes  12.5 Gbits/sec                  
[  5]  78.00-79.00  sec   862 MBytes  7.23 Gbits/sec                  
[  5]  79.00-80.00  sec   594 MBytes  4.98 Gbits/sec                  
[  5]  80.00-81.00  sec   573 MBytes  4.80 Gbits/sec                  
[  5]  81.00-82.00  sec   813 MBytes  6.82 Gbits/sec                  
[  5]  82.00-83.00  sec   726 MBytes  6.09 Gbits/sec                  
[  5]  83.00-84.00  sec   912 MBytes  7.65 Gbits/sec                  
[  5]  84.00-85.00  sec   740 MBytes  6.21 Gbits/sec                  
[  5]  85.00-86.00  sec   769 MBytes  6.45 Gbits/sec                  
[  5]  86.00-87.00  sec   741 MBytes  6.22 Gbits/sec                  
[  5]  87.00-88.00  sec  1.12 GBytes  9.59 Gbits/sec                  
[  5]  88.00-89.00  sec   915 MBytes  7.67 Gbits/sec                  
[  5]  89.00-90.00  sec   743 MBytes  6.23 Gbits/sec                  
[  5]  90.00-91.00  sec   683 MBytes  5.73 Gbits/sec                  
[  5]  91.00-92.00  sec   552 MBytes  4.63 Gbits/sec                  
[  5]  92.00-93.00  sec   677 MBytes  5.68 Gbits/sec                  
[  5]  93.00-94.00  sec   722 MBytes  6.06 Gbits/sec                  
[  5]  94.00-95.00  sec   626 MBytes  5.25 Gbits/sec                  
[  5]  95.00-96.00  sec   686 MBytes  5.75 Gbits/sec                  
[  5]  96.00-97.00  sec   664 MBytes  5.57 Gbits/sec                  
[  5]  97.00-98.00  sec   889 MBytes  7.45 Gbits/sec                  
[  5]  98.00-99.00  sec   930 MBytes  7.80 Gbits/sec                  
[  5]  99.00-100.00 sec   938 MBytes  7.87 Gbits/sec                  
[  5] 100.00-101.00 sec  1.09 GBytes  9.39 Gbits/sec                  
[  5] 101.00-102.00 sec  1.38 GBytes  11.9 Gbits/sec                  
[  5] 102.00-103.00 sec  1.77 GBytes  15.2 Gbits/sec                  
[  5] 103.00-104.00 sec  1.25 GBytes  10.7 Gbits/sec                  
[  5] 104.00-105.00 sec   806 MBytes  6.76 Gbits/sec                  
[  5] 105.00-106.00 sec   778 MBytes  6.53 Gbits/sec                  
[  5] 106.00-107.00 sec   740 MBytes  6.21 Gbits/sec                  
[  5] 107.00-108.00 sec  1.01 GBytes  8.71 Gbits/sec                  
[  5] 108.00-109.00 sec  1.13 GBytes  9.73 Gbits/sec                  
[  5] 109.00-110.00 sec  1.27 GBytes  10.9 Gbits/sec                  
[  5] 110.00-111.00 sec  1.27 GBytes  10.9 Gbits/sec                  
[  5] 111.00-112.00 sec  1.28 GBytes  11.0 Gbits/sec                  
[  5] 112.00-113.00 sec  1.36 GBytes  11.7 Gbits/sec                  
[  5] 113.00-114.00 sec  1.35 GBytes  11.6 Gbits/sec                  
[  5] 114.00-115.00 sec  1.31 GBytes  11.2 Gbits/sec                  
[  5] 115.00-116.00 sec  1.08 GBytes  9.29 Gbits/sec                  
[  5] 116.00-117.00 sec   958 MBytes  8.04 Gbits/sec                  
[  5] 117.00-118.00 sec  1002 MBytes  8.41 Gbits/sec                  
[  5] 118.00-119.00 sec   915 MBytes  7.68 Gbits/sec                  
[  5] 119.00-120.00 sec  1.47 GBytes  12.6 Gbits/sec                  
[  5] 120.00-120.04 sec   139 MBytes  26.3 Gbits/sec                  
- - - - - - - - - - - - - - - - - - - - - - - - -
[ ID] Interval           Transfer     Bitrate
[  5]   0.00-120.04 sec   120 GBytes  8.61 Gbits/sec                  receiver
