Connecting to host 192.168.4.3, port 25007
[  5] local 192.168.4.2 port 48833 connected to 192.168.4.3 port 25007
[ ID] Interval           Transfer     Bitrate         Retr  Cwnd
[  5]   0.00-10.00  sec  15.7 GBytes  13.5 Gbits/sec   26   2.84 MBytes       
[  5]  10.00-20.00  sec  15.9 GBytes  13.6 Gbits/sec  270   3.00 MBytes       
[  5]  20.00-30.00  sec  18.7 GBytes  16.1 Gbits/sec    0   3.00 MBytes       
[  5]  30.00-40.00  sec  15.8 GBytes  13.5 Gbits/sec    0   3.00 MBytes       
[  5]  40.00-50.00  sec  18.7 GBytes  16.1 Gbits/sec    0   4.50 MBytes       
[  5]  50.00-60.00  sec  15.1 GBytes  12.9 Gbits/sec    1   4.50 MBytes       
[  5]  60.00-70.00  sec  17.8 GBytes  15.3 Gbits/sec    0   4.50 MBytes       
[  5]  70.00-80.00  sec  15.5 GBytes  13.3 Gbits/sec  476   4.50 MBytes       
[  5]  80.00-90.00  sec  17.7 GBytes  15.2 Gbits/sec    0   4.50 MBytes       
[  5]  90.00-100.00 sec  16.3 GBytes  14.0 Gbits/sec   45   4.50 MBytes       
[  5] 100.00-110.00 sec  19.0 GBytes  16.4 Gbits/sec    0   4.50 MBytes       
[  5] 110.00-120.00 sec  15.2 GBytes  13.0 Gbits/sec    0   4.50 MBytes       
- - - - - - - - - - - - - - - - - - - - - - - - -
[ ID] Interval           Transfer     Bitrate         Retr
[  5]   0.00-120.00 sec   201 GBytes  14.4 Gbits/sec  818             sender
[  5]   0.00-120.05 sec   201 GBytes  14.4 Gbits/sec                  receiver

iperf Done.
