Connecting to host 192.168.2.3, port 25000
[  5] local 192.168.2.2 port 34229 connected to 192.168.2.3 port 25000
[ ID] Interval           Transfer     Bitrate         Retr  Cwnd
[  5]   0.00-10.00  sec  25.0 GBytes  21.4 Gbits/sec  574   3.11 MBytes       
[  5]  10.00-20.00  sec  24.1 GBytes  20.7 Gbits/sec    1   3.11 MBytes       
[  5]  20.00-30.00  sec  24.3 GBytes  20.8 Gbits/sec  1134   3.11 MBytes       
[  5]  30.00-40.00  sec  24.5 GBytes  21.0 Gbits/sec   90   3.11 MBytes       
[  5]  40.00-50.00  sec  28.5 GBytes  24.4 Gbits/sec  1160   3.11 MBytes       
[  5]  50.00-60.00  sec  22.9 GBytes  19.6 Gbits/sec  136   3.11 MBytes       
[  5]  60.00-70.00  sec  19.3 GBytes  16.6 Gbits/sec  609   3.11 MBytes       
[  5]  70.00-80.00  sec  14.7 GBytes  12.6 Gbits/sec  233   3.11 MBytes       
[  5]  80.00-90.00  sec  25.7 GBytes  22.1 Gbits/sec  405   3.11 MBytes       
[  5]  90.00-100.00 sec  22.4 GBytes  19.2 Gbits/sec    0   3.11 MBytes       
[  5] 100.00-110.00 sec  29.6 GBytes  25.4 Gbits/sec    0   3.11 MBytes       
[  5] 110.00-120.00 sec  36.8 GBytes  31.6 Gbits/sec    0   3.11 MBytes       
- - - - - - - - - - - - - - - - - - - - - - - - -
[ ID] Interval           Transfer     Bitrate         Retr
[  5]   0.00-120.00 sec   298 GBytes  21.3 Gbits/sec  4342             sender
[  5]   0.00-120.04 sec   298 GBytes  21.3 Gbits/sec                  receiver

iperf Done.
