Connecting to host 192.168.2.2, port 25003
[  5] local 192.168.2.3 port 40843 connected to 192.168.2.2 port 25003
[ ID] Interval           Transfer     Bitrate         Retr  Cwnd
[  5]   0.00-10.00  sec  16.7 GBytes  14.3 Gbits/sec  732   2.48 MBytes       
[  5]  10.00-20.00  sec  10.3 GBytes  8.85 Gbits/sec   19   2.71 MBytes       
[  5]  20.00-30.00  sec  11.1 GBytes  9.54 Gbits/sec    0   3.01 MBytes       
[  5]  30.00-40.00  sec  13.3 GBytes  11.4 Gbits/sec    0   3.01 MBytes       
[  5]  40.00-50.00  sec  15.3 GBytes  13.1 Gbits/sec    0   3.01 MBytes       
[  5]  50.00-60.00  sec  11.6 GBytes  10.0 Gbits/sec   18   3.01 MBytes       
[  5]  60.00-70.00  sec  13.4 GBytes  11.5 Gbits/sec  1000   2.61 MBytes       
[  5]  70.00-80.00  sec  14.9 GBytes  12.8 Gbits/sec  1167   2.10 MBytes       
[  5]  80.00-90.00  sec  13.4 GBytes  11.5 Gbits/sec  239   2.42 MBytes       
[  5]  90.00-100.00 sec  10.6 GBytes  9.12 Gbits/sec    0   2.59 MBytes       
[  5] 100.00-110.00 sec  10.0 GBytes  8.60 Gbits/sec   42   3.08 MBytes       
[  5] 110.00-120.00 sec  10.3 GBytes  8.88 Gbits/sec  429   3.08 MBytes       
- - - - - - - - - - - - - - - - - - - - - - - - -
[ ID] Interval           Transfer     Bitrate         Retr
[  5]   0.00-120.00 sec   151 GBytes  10.8 Gbits/sec  3646             sender
[  5]   0.00-120.04 sec   151 GBytes  10.8 Gbits/sec                  receiver

iperf Done.
