Connecting to host 192.168.4.3, port 25002
[  5] local 192.168.4.2 port 59345 connected to 192.168.4.3 port 25002
[ ID] Interval           Transfer     Bitrate         Retr  Cwnd
[  5]   0.00-10.00  sec  22.6 GBytes  19.4 Gbits/sec  153   1.94 MBytes       
[  5]  10.00-20.00  sec  24.6 GBytes  21.1 Gbits/sec   46   2.27 MBytes       
[  5]  20.00-30.00  sec  26.9 GBytes  23.1 Gbits/sec    0   2.27 MBytes       
[  5]  30.00-40.00  sec  23.2 GBytes  19.9 Gbits/sec    0   2.77 MBytes       
[  5]  40.00-50.00  sec  24.0 GBytes  20.6 Gbits/sec    0   3.04 MBytes       
[  5]  50.00-60.00  sec  22.6 GBytes  19.4 Gbits/sec    0   3.04 MBytes       
[  5]  60.00-70.00  sec  23.4 GBytes  20.1 Gbits/sec    1   3.04 MBytes       
[  5]  70.00-80.00  sec  21.4 GBytes  18.4 Gbits/sec    0   3.04 MBytes       
[  5]  80.00-90.00  sec  22.5 GBytes  19.3 Gbits/sec    0   3.04 MBytes       
[  5]  90.00-100.00 sec  26.4 GBytes  22.7 Gbits/sec    0   3.04 MBytes       
[  5] 100.00-110.00 sec  22.9 GBytes  19.7 Gbits/sec    0   3.04 MBytes       
[  5] 110.00-120.00 sec  23.8 GBytes  20.4 Gbits/sec    0   3.04 MBytes       
- - - - - - - - - - - - - - - - - - - - - - - - -
[ ID] Interval           Transfer     Bitrate         Retr
[  5]   0.00-120.00 sec   284 GBytes  20.3 Gbits/sec  200             sender
[  5]   0.00-120.04 sec   284 GBytes  20.3 Gbits/sec                  receiver

iperf Done.
