Connecting to host 192.168.4.3, port 25001
[  5] local 192.168.4.2 port 35409 connected to 192.168.4.3 port 25001
[ ID] Interval           Transfer     Bitrate         Retr  Cwnd
[  5]   0.00-10.00  sec  23.9 GBytes  20.5 Gbits/sec  1010   1.69 MBytes       
[  5]  10.00-20.00  sec  24.5 GBytes  21.0 Gbits/sec    0   3.09 MBytes       
[  5]  20.00-30.00  sec  28.4 GBytes  24.4 Gbits/sec  638   1.74 MBytes       
[  5]  30.00-40.00  sec  24.9 GBytes  21.4 Gbits/sec    0   2.66 MBytes       
[  5]  40.00-50.00  sec  24.0 GBytes  20.6 Gbits/sec    0   3.38 MBytes       
[  5]  50.00-60.00  sec  22.6 GBytes  19.4 Gbits/sec  585   3.38 MBytes       
[  5]  60.00-70.00  sec  23.4 GBytes  20.1 Gbits/sec    0   3.38 MBytes       
[  5]  70.00-80.00  sec  21.4 GBytes  18.4 Gbits/sec    0   3.38 MBytes       
[  5]  80.00-90.00  sec  22.5 GBytes  19.3 Gbits/sec    0   3.38 MBytes       
[  5]  90.00-100.00 sec  24.0 GBytes  20.6 Gbits/sec    0   3.38 MBytes       
[  5] 100.00-110.00 sec  26.4 GBytes  22.7 Gbits/sec    0   3.38 MBytes       
[  5] 110.00-120.00 sec  23.8 GBytes  20.5 Gbits/sec    0   3.38 MBytes       
- - - - - - - - - - - - - - - - - - - - - - - - -
[ ID] Interval           Transfer     Bitrate         Retr
[  5]   0.00-120.00 sec   290 GBytes  20.7 Gbits/sec  2233             sender
[  5]   0.00-120.04 sec   290 GBytes  20.7 Gbits/sec                  receiver

iperf Done.
