Connecting to host 192.168.2.3, port 25003
[  5] local 192.168.2.2 port 55571 connected to 192.168.2.3 port 25003
[ ID] Interval           Transfer     Bitrate         Retr  Cwnd
[  5]   0.00-10.00  sec  19.9 GBytes  17.1 Gbits/sec  428   2.54 MBytes       
[  5]  10.00-20.00  sec  24.0 GBytes  20.6 Gbits/sec    0   3.00 MBytes       
[  5]  20.00-30.00  sec  20.3 GBytes  17.4 Gbits/sec    0   3.00 MBytes       
[  5]  30.00-40.00  sec  21.9 GBytes  18.8 Gbits/sec  878   4.50 MBytes       
[  5]  40.00-50.00  sec  20.4 GBytes  17.5 Gbits/sec  650   4.50 MBytes       
[  5]  50.00-60.00  sec  25.2 GBytes  21.6 Gbits/sec    0   4.50 MBytes       
[  5]  60.00-70.00  sec  20.9 GBytes  18.0 Gbits/sec  594   4.50 MBytes       
[  5]  70.00-80.00  sec  16.5 GBytes  14.1 Gbits/sec  213   4.50 MBytes       
[  5]  80.00-90.00  sec  19.0 GBytes  16.3 Gbits/sec    0   4.50 MBytes       
[  5]  90.00-100.00 sec  35.4 GBytes  30.4 Gbits/sec    0   4.50 MBytes       
[  5] 100.00-110.00 sec  25.2 GBytes  21.7 Gbits/sec    0   4.50 MBytes       
[  5] 110.00-120.00 sec  20.4 GBytes  17.5 Gbits/sec   90   4.50 MBytes       
- - - - - - - - - - - - - - - - - - - - - - - - -
[ ID] Interval           Transfer     Bitrate         Retr
[  5]   0.00-120.00 sec   269 GBytes  19.3 Gbits/sec  2853             sender
[  5]   0.00-120.04 sec   269 GBytes  19.2 Gbits/sec                  receiver

iperf Done.
