Connecting to host 192.168.4.3, port 25000
[  5] local 192.168.4.2 port 37109 connected to 192.168.4.3 port 25000
[ ID] Interval           Transfer     Bitrate         Retr  Cwnd
[  5]   0.00-10.00  sec  22.1 GBytes  19.0 Gbits/sec   46   2.20 MBytes       
[  5]  10.00-20.00  sec  24.5 GBytes  21.0 Gbits/sec    9   2.09 MBytes       
[  5]  20.00-30.00  sec  22.9 GBytes  19.6 Gbits/sec  1468   2.18 MBytes       
[  5]  30.00-40.00  sec  24.0 GBytes  20.6 Gbits/sec    0   2.97 MBytes       
[  5]  40.00-50.00  sec  23.9 GBytes  20.5 Gbits/sec    0   3.00 MBytes       
[  5]  50.00-60.00  sec  25.4 GBytes  21.8 Gbits/sec    0   3.00 MBytes       
[  5]  60.00-70.00  sec  23.2 GBytes  19.9 Gbits/sec    0   3.00 MBytes       
[  5]  70.00-80.00  sec  21.3 GBytes  18.3 Gbits/sec    0   4.52 MBytes       
[  5]  80.00-90.00  sec  22.4 GBytes  19.3 Gbits/sec    0   4.52 MBytes       
[  5]  90.00-100.00 sec  25.6 GBytes  22.0 Gbits/sec    0   4.52 MBytes       
[  5] 100.00-110.00 sec  24.1 GBytes  20.7 Gbits/sec    0   4.52 MBytes       
[  5] 110.00-120.00 sec  23.7 GBytes  20.4 Gbits/sec    0   4.52 MBytes       
- - - - - - - - - - - - - - - - - - - - - - - - -
[ ID] Interval           Transfer     Bitrate         Retr
[  5]   0.00-120.00 sec   283 GBytes  20.3 Gbits/sec  1523             sender
[  5]   0.00-120.04 sec   283 GBytes  20.3 Gbits/sec                  receiver

iperf Done.
