Connecting to host 192.168.2.3, port 25001
[  5] local 192.168.2.2 port 52943 connected to 192.168.2.3 port 25001
[ ID] Interval           Transfer     Bitrate         Retr  Cwnd
[  5]   0.00-10.00  sec  20.3 GBytes  17.4 Gbits/sec  2117   3.12 MBytes       
[  5]  10.00-20.00  sec  23.9 GBytes  20.5 Gbits/sec    0   3.12 MBytes       
[  5]  20.00-30.00  sec  20.9 GBytes  18.0 Gbits/sec    1   3.12 MBytes       
[  5]  30.00-40.00  sec  23.6 GBytes  20.3 Gbits/sec  315   3.12 MBytes       
[  5]  40.00-50.00  sec  26.7 GBytes  22.9 Gbits/sec  1115   3.00 MBytes       
[  5]  50.00-60.00  sec  22.1 GBytes  19.0 Gbits/sec    0   3.00 MBytes       
[  5]  60.00-70.00  sec  32.5 GBytes  27.9 Gbits/sec    0   3.00 MBytes       
[  5]  70.00-80.00  sec  39.1 GBytes  33.6 Gbits/sec    0   3.00 MBytes       
[  5]  80.00-90.00  sec  28.1 GBytes  24.1 Gbits/sec    0   3.00 MBytes       
[  5]  90.00-100.00 sec  21.3 GBytes  18.3 Gbits/sec    0   3.00 MBytes       
[  5] 100.00-110.00 sec  22.2 GBytes  19.0 Gbits/sec    0   3.00 MBytes       
[  5] 110.00-120.00 sec  21.4 GBytes  18.4 Gbits/sec  140   3.00 MBytes       
- - - - - - - - - - - - - - - - - - - - - - - - -
[ ID] Interval           Transfer     Bitrate         Retr
[  5]   0.00-120.00 sec   302 GBytes  21.6 Gbits/sec  3688             sender
[  5]   0.00-120.04 sec   302 GBytes  21.6 Gbits/sec                  receiver

iperf Done.
