Connecting to host 192.168.4.2, port 25001
[  5] local 192.168.4.3 port 41659 connected to 192.168.4.2 port 25001
[ ID] Interval           Transfer     Bitrate         Retr  Cwnd
[  5]   0.00-10.00  sec  15.4 GBytes  13.2 Gbits/sec   15   2.17 MBytes       
[  5]  10.00-20.00  sec  13.0 GBytes  11.2 Gbits/sec    0   2.17 MBytes       
[  5]  20.00-30.00  sec  12.3 GBytes  10.6 Gbits/sec    0   3.90 MBytes       
[  5]  30.00-40.00  sec  15.9 GBytes  13.7 Gbits/sec   57   3.90 MBytes       
[  5]  40.00-50.00  sec  14.8 GBytes  12.7 Gbits/sec    0   3.90 MBytes       
[  5]  50.00-60.00  sec  15.2 GBytes  13.0 Gbits/sec    0   3.90 MBytes       
[  5]  60.00-70.00  sec  15.4 GBytes  13.2 Gbits/sec    0   3.90 MBytes       
[  5]  70.00-80.00  sec  18.0 GBytes  15.4 Gbits/sec    0   3.90 MBytes       
[  5]  80.00-90.00  sec  16.3 GBytes  14.0 Gbits/sec    0   3.90 MBytes       
[  5]  90.00-100.00 sec  12.1 GBytes  10.4 Gbits/sec    0   3.90 MBytes       
[  5] 100.00-110.00 sec  16.5 GBytes  14.2 Gbits/sec    0   3.90 MBytes       
[  5] 110.00-120.00 sec  14.6 GBytes  12.5 Gbits/sec    0   3.90 MBytes       
- - - - - - - - - - - - - - - - - - - - - - - - -
[ ID] Interval           Transfer     Bitrate         Retr
[  5]   0.00-120.00 sec   179 GBytes  12.8 Gbits/sec   72             sender
[  5]   0.00-120.04 sec   179 GBytes  12.8 Gbits/sec                  receiver

iperf Done.
