Connecting to host 192.168.2.2, port 25002
[  5] local 192.168.2.3 port 51627 connected to 192.168.2.2 port 25002
[ ID] Interval           Transfer     Bitrate         Retr  Cwnd
[  5]   0.00-10.00  sec  16.0 GBytes  13.7 Gbits/sec  2242   2.52 MBytes       
[  5]  10.00-20.00  sec  9.95 GBytes  8.55 Gbits/sec  1308   2.97 MBytes       
[  5]  20.00-30.00  sec  10.4 GBytes  8.97 Gbits/sec   93   3.00 MBytes       
[  5]  30.00-40.00  sec  13.9 GBytes  11.9 Gbits/sec    0   3.00 MBytes       
[  5]  40.00-50.00  sec  14.3 GBytes  12.2 Gbits/sec    0   3.00 MBytes       
[  5]  50.00-60.00  sec  11.4 GBytes  9.81 Gbits/sec  188   3.00 MBytes       
[  5]  60.00-70.00  sec  14.7 GBytes  12.6 Gbits/sec    0   3.00 MBytes       
[  5]  70.00-80.00  sec  17.1 GBytes  14.7 Gbits/sec    0   3.00 MBytes       
[  5]  80.00-90.00  sec  16.0 GBytes  13.8 Gbits/sec  355   2.13 MBytes       
[  5]  90.00-100.00 sec  13.7 GBytes  11.7 Gbits/sec    0   2.66 MBytes       
[  5] 100.00-110.00 sec  20.0 GBytes  17.2 Gbits/sec    0   3.87 MBytes       
[  5] 110.00-120.00 sec  19.4 GBytes  16.6 Gbits/sec    1   3.87 MBytes       
- - - - - - - - - - - - - - - - - - - - - - - - -
[ ID] Interval           Transfer     Bitrate         Retr
[  5]   0.00-120.00 sec   177 GBytes  12.7 Gbits/sec  4187             sender
[  5]   0.00-120.05 sec   177 GBytes  12.6 Gbits/sec                  receiver

iperf Done.
