Connecting to host 192.168.2.2, port 25000
[  5] local 192.168.2.3 port 35955 connected to 192.168.2.2 port 25000
[ ID] Interval           Transfer     Bitrate         Retr  Cwnd
[  5]   0.00-10.00  sec  14.4 GBytes  12.4 Gbits/sec  848   2.98 MBytes       
[  5]  10.00-20.00  sec  18.6 GBytes  16.0 Gbits/sec    0   3.00 MBytes       
[  5]  20.00-30.00  sec  15.4 GBytes  13.2 Gbits/sec    0   3.00 MBytes       
[  5]  30.00-40.00  sec  14.0 GBytes  12.0 Gbits/sec   25   3.00 MBytes       
[  5]  40.00-50.00  sec  16.4 GBytes  14.1 Gbits/sec  154   3.00 MBytes       
[  5]  50.00-60.00  sec  24.8 GBytes  21.3 Gbits/sec   17   3.00 MBytes       
[  5]  60.00-70.00  sec  16.8 GBytes  14.4 Gbits/sec    0   3.00 MBytes       
[  5]  70.00-80.00  sec  12.6 GBytes  10.8 Gbits/sec    0   3.00 MBytes       
[  5]  80.00-90.00  sec  16.7 GBytes  14.3 Gbits/sec  349   3.00 MBytes       
[  5]  90.00-100.00 sec  13.4 GBytes  11.5 Gbits/sec    0   3.00 MBytes       
[  5] 100.00-110.00 sec  19.5 GBytes  16.7 Gbits/sec    0   3.00 MBytes       
[  5] 110.00-120.00 sec  18.4 GBytes  15.8 Gbits/sec    0   3.00 MBytes       
- - - - - - - - - - - - - - - - - - - - - - - - -
[ ID] Interval           Transfer     Bitrate         Retr
[  5]   0.00-120.00 sec   201 GBytes  14.4 Gbits/sec  1393             sender
[  5]   0.00-120.05 sec   201 GBytes  14.4 Gbits/sec                  receiver

iperf Done.
