Connecting to host 192.168.4.2, port 25003
[  5] local 192.168.4.3 port 53221 connected to 192.168.4.2 port 25003
[ ID] Interval           Transfer     Bitrate         Retr  Cwnd
[  5]   0.00-10.00  sec  15.4 GBytes  13.2 Gbits/sec    0   3.05 MBytes       
[  5]  10.00-20.00  sec  13.0 GBytes  11.2 Gbits/sec    0   3.05 MBytes       
[  5]  20.00-30.00  sec  12.4 GBytes  10.6 Gbits/sec    0   3.05 MBytes       
[  5]  30.00-40.00  sec  15.5 GBytes  13.3 Gbits/sec    0   3.05 MBytes       
[  5]  40.00-50.00  sec  14.3 GBytes  12.2 Gbits/sec    0   3.05 MBytes       
[  5]  50.00-60.00  sec  14.9 GBytes  12.8 Gbits/sec    0   3.05 MBytes       
[  5]  60.00-70.00  sec  15.4 GBytes  13.2 Gbits/sec    0   3.05 MBytes       
[  5]  70.00-80.00  sec  18.0 GBytes  15.5 Gbits/sec    0   3.05 MBytes       
[  5]  80.00-90.00  sec  16.3 GBytes  14.0 Gbits/sec    0   3.05 MBytes       
[  5]  90.00-100.00 sec  12.1 GBytes  10.4 Gbits/sec    0   3.05 MBytes       
[  5] 100.00-110.00 sec  13.3 GBytes  11.5 Gbits/sec    0   3.05 MBytes       
[  5] 110.00-120.00 sec  14.7 GBytes  12.6 Gbits/sec    0   3.05 MBytes       
- - - - - - - - - - - - - - - - - - - - - - - - -
[ ID] Interval           Transfer     Bitrate         Retr
[  5]   0.00-120.00 sec   175 GBytes  12.5 Gbits/sec    0             sender
[  5]   0.00-120.04 sec   175 GBytes  12.5 Gbits/sec                  receiver

iperf Done.
