Connecting to host 192.168.2.2, port 25001
[  5] local 192.168.2.3 port 37895 connected to 192.168.2.2 port 25001
[ ID] Interval           Transfer     Bitrate         Retr  Cwnd
[  5]   0.00-10.00  sec  15.5 GBytes  13.3 Gbits/sec    0   1.63 MBytes       
[  5]  10.00-20.00  sec  12.3 GBytes  10.5 Gbits/sec   22   2.59 MBytes       
[  5]  20.00-30.00  sec  10.4 GBytes  8.90 Gbits/sec    0   3.00 MBytes       
[  5]  30.00-40.00  sec  21.6 GBytes  18.6 Gbits/sec  160   3.00 MBytes       
[  5]  40.00-50.00  sec  11.8 GBytes  10.1 Gbits/sec  403   3.00 MBytes       
[  5]  50.00-60.00  sec  11.4 GBytes  9.77 Gbits/sec  225   3.00 MBytes       
[  5]  60.00-70.00  sec  16.3 GBytes  14.0 Gbits/sec    2   3.00 MBytes       
[  5]  70.00-80.00  sec  27.2 GBytes  23.3 Gbits/sec    0   3.00 MBytes       
[  5]  80.00-90.00  sec  19.2 GBytes  16.5 Gbits/sec    0   3.00 MBytes       
[  5]  90.00-100.00 sec  10.7 GBytes  9.15 Gbits/sec    0   3.00 MBytes       
[  5] 100.00-110.00 sec  10.0 GBytes  8.60 Gbits/sec    0   3.00 MBytes       
[  5] 110.00-120.00 sec  10.2 GBytes  8.78 Gbits/sec  196   2.02 MBytes       
- - - - - - - - - - - - - - - - - - - - - - - - -
[ ID] Interval           Transfer     Bitrate         Retr
[  5]   0.00-120.00 sec   176 GBytes  12.6 Gbits/sec  1008             sender
[  5]   0.00-120.05 sec   176 GBytes  12.6 Gbits/sec                  receiver

iperf Done.
