Connecting to host 192.168.4.3, port 25003
[  5] local 192.168.4.2 port 49433 connected to 192.168.4.3 port 25003
[ ID] Interval           Transfer     Bitrate         Retr  Cwnd
[  5]   0.00-10.00  sec  23.8 GBytes  20.5 Gbits/sec  546   1.85 MBytes       
[  5]  10.00-20.00  sec  24.5 GBytes  21.1 Gbits/sec    0   3.06 MBytes       
[  5]  20.00-30.00  sec  21.8 GBytes  18.7 Gbits/sec    0   3.06 MBytes       
[  5]  30.00-40.00  sec  22.7 GBytes  19.5 Gbits/sec    0   3.06 MBytes       
[  5]  40.00-50.00  sec  23.9 GBytes  20.5 Gbits/sec    0   3.06 MBytes       
[  5]  50.00-60.00  sec  25.4 GBytes  21.8 Gbits/sec    0   3.06 MBytes       
[  5]  60.00-70.00  sec  23.2 GBytes  19.9 Gbits/sec    0   3.06 MBytes       
[  5]  70.00-80.00  sec  21.3 GBytes  18.3 Gbits/sec    0   3.06 MBytes       
[  5]  80.00-90.00  sec  22.5 GBytes  19.4 Gbits/sec    0   3.06 MBytes       
[  5]  90.00-100.00 sec  24.9 GBytes  21.4 Gbits/sec    0   3.06 MBytes       
[  5] 100.00-110.00 sec  20.7 GBytes  17.8 Gbits/sec    0   3.06 MBytes       
[  5] 110.00-120.00 sec  23.8 GBytes  20.4 Gbits/sec    0   3.06 MBytes       
- - - - - - - - - - - - - - - - - - - - - - - - -
[ ID] Interval           Transfer     Bitrate         Retr
[  5]   0.00-120.00 sec   278 GBytes  19.9 Gbits/sec  546             sender
[  5]   0.00-120.04 sec   278 GBytes  19.9 Gbits/sec                  receiver

iperf Done.
