Connecting to host 192.168.4.3, port 25000
[  5] local 192.168.4.2 port 34163 connected to 192.168.4.3 port 25000
[ ID] Interval           Transfer     Bitrate         Retr  Cwnd
[  5]   0.00-10.00  sec  3.70 GBytes  3.18 Gbits/sec    0   3.01 MBytes       
[  5]  10.00-20.00  sec  3.66 GBytes  3.14 Gbits/sec    0   3.01 MBytes       
[  5]  20.00-30.00  sec  3.63 GBytes  3.12 Gbits/sec    0   3.01 MBytes       
[  5]  30.00-40.00  sec  3.53 GBytes  3.03 Gbits/sec    0   3.01 MBytes       
[  5]  40.00-50.00  sec  3.53 GBytes  3.03 Gbits/sec    0   3.01 MBytes       
[  5]  50.00-60.00  sec  3.57 GBytes  3.07 Gbits/sec    0   3.01 MBytes       
[  5]  60.00-70.00  sec  3.64 GBytes  3.13 Gbits/sec    0   3.01 MBytes       
[  5]  70.00-80.00  sec  3.60 GBytes  3.10 Gbits/sec    0   3.01 MBytes       
[  5]  80.00-90.00  sec  3.61 GBytes  3.10 Gbits/sec    0   3.01 MBytes       
[  5]  90.00-100.00 sec  3.58 GBytes  3.08 Gbits/sec    0   3.01 MBytes       
[  5] 100.00-110.00 sec  3.57 GBytes  3.06 Gbits/sec    0   3.01 MBytes       
[  5] 110.00-120.00 sec  3.60 GBytes  3.10 Gbits/sec    0   3.01 MBytes       
- - - - - - - - - - - - - - - - - - - - - - - - -
[ ID] Interval           Transfer     Bitrate         Retr
[  5]   0.00-120.00 sec  43.2 GBytes  3.09 Gbits/sec    0             sender
[  5]   0.00-120.05 sec  43.2 GBytes  3.09 Gbits/sec                  receiver

iperf Done.
