Connecting to host 192.168.2.2, port 25000
[  5] local 192.168.2.3 port 49573 connected to 192.168.2.2 port 25000
[ ID] Interval           Transfer     Bitrate         Retr  Cwnd
[  5]   0.00-10.00  sec  23.6 GBytes  20.2 Gbits/sec    1   3.00 MBytes       
[  5]  10.00-20.00  sec  24.3 GBytes  20.8 Gbits/sec    0   3.00 MBytes       
[  5]  20.00-30.00  sec  19.5 GBytes  16.7 Gbits/sec    0   3.00 MBytes       
[  5]  30.00-40.00  sec  23.2 GBytes  20.0 Gbits/sec    0   3.00 MBytes       
[  5]  40.00-50.00  sec  32.0 GBytes  27.5 Gbits/sec    0   3.00 MBytes       
[  5]  50.00-60.00  sec  23.6 GBytes  20.3 Gbits/sec  924   3.00 MBytes       
[  5]  60.00-70.00  sec  21.4 GBytes  18.4 Gbits/sec    0   3.00 MBytes       
[  5]  70.00-80.00  sec  21.1 GBytes  18.2 Gbits/sec    0   3.00 MBytes       
[  5]  80.00-90.00  sec  25.4 GBytes  21.8 Gbits/sec    0   3.00 MBytes       
[  5]  90.00-100.00 sec  25.0 GBytes  21.5 Gbits/sec    0   3.00 MBytes       
[  5] 100.00-110.00 sec  21.5 GBytes  18.4 Gbits/sec    0   3.00 MBytes       
[  5] 110.00-120.00 sec  29.5 GBytes  25.3 Gbits/sec    0   3.00 MBytes       
- - - - - - - - - - - - - - - - - - - - - - - - -
[ ID] Interval           Transfer     Bitrate         Retr
[  5]   0.00-120.00 sec   290 GBytes  20.8 Gbits/sec  925             sender
[  5]   0.00-120.05 sec   290 GBytes  20.8 Gbits/sec                  receiver

iperf Done.
