Connecting to host 192.168.2.3, port 25001
[  5] local 192.168.2.2 port 56957 connected to 192.168.2.3 port 25001
[ ID] Interval           Transfer     Bitrate         Retr  Cwnd
[  5]   0.00-10.00  sec  32.7 GBytes  28.1 Gbits/sec    6   3.09 MBytes       
[  5]  10.00-20.00  sec  31.1 GBytes  26.7 Gbits/sec   12   3.09 MBytes       
[  5]  20.00-30.00  sec  24.2 GBytes  20.8 Gbits/sec    0   3.09 MBytes       
[  5]  30.00-40.00  sec  26.1 GBytes  22.5 Gbits/sec    2   3.09 MBytes       
[  5]  40.00-50.00  sec  25.7 GBytes  22.1 Gbits/sec    0   3.09 MBytes       
[  5]  50.00-60.00  sec  27.6 GBytes  23.7 Gbits/sec   70   3.04 MBytes       
[  5]  60.00-70.00  sec  30.5 GBytes  26.2 Gbits/sec    0   3.04 MBytes       
[  5]  70.00-80.00  sec  23.0 GBytes  19.8 Gbits/sec    0   3.04 MBytes       
[  5]  80.00-90.00  sec  30.2 GBytes  26.0 Gbits/sec    0   3.04 MBytes       
[  5]  90.00-100.00 sec  24.0 GBytes  20.6 Gbits/sec  167   3.04 MBytes       
[  5] 100.00-110.00 sec  24.1 GBytes  20.7 Gbits/sec    0   3.04 MBytes       
[  5] 110.00-120.00 sec  21.1 GBytes  18.1 Gbits/sec    0   3.04 MBytes       
- - - - - - - - - - - - - - - - - - - - - - - - -
[ ID] Interval           Transfer     Bitrate         Retr
[  5]   0.00-120.00 sec   320 GBytes  22.9 Gbits/sec  257             sender
[  5]   0.00-120.04 sec   320 GBytes  22.9 Gbits/sec                  receiver

iperf Done.
