Connecting to host 192.168.2.3, port 25002
[  5] local 192.168.2.2 port 35079 connected to 192.168.2.3 port 25002
[ ID] Interval           Transfer     Bitrate         Retr  Cwnd
[  5]   0.00-10.00  sec  17.9 GBytes  15.4 Gbits/sec  333   2.75 MBytes       
[  5]  10.00-20.00  sec  23.7 GBytes  20.3 Gbits/sec   17   2.50 MBytes       
[  5]  20.00-30.00  sec  25.6 GBytes  22.0 Gbits/sec    0   3.00 MBytes       
[  5]  30.00-40.00  sec  24.3 GBytes  20.8 Gbits/sec  619   2.80 MBytes       
[  5]  40.00-50.00  sec  24.4 GBytes  21.0 Gbits/sec    0   3.01 MBytes       
[  5]  50.00-60.00  sec  26.4 GBytes  22.7 Gbits/sec    0   3.01 MBytes       
[  5]  60.00-70.00  sec  23.2 GBytes  20.0 Gbits/sec  544   2.95 MBytes       
[  5]  70.00-80.00  sec  22.0 GBytes  18.9 Gbits/sec  503   3.00 MBytes       
[  5]  80.00-90.00  sec  24.5 GBytes  21.0 Gbits/sec    0   3.00 MBytes       
[  5]  90.00-100.00 sec  30.3 GBytes  26.0 Gbits/sec  298   3.00 MBytes       
[  5] 100.00-110.00 sec  21.5 GBytes  18.4 Gbits/sec   12   3.00 MBytes       
[  5] 110.00-120.00 sec  21.2 GBytes  18.2 Gbits/sec    0   3.00 MBytes       
- - - - - - - - - - - - - - - - - - - - - - - - -
[ ID] Interval           Transfer     Bitrate         Retr
[  5]   0.00-120.00 sec   285 GBytes  20.4 Gbits/sec  2326             sender
[  5]   0.00-120.04 sec   285 GBytes  20.4 Gbits/sec                  receiver

iperf Done.
