Connecting to host 192.168.2.2, port 25001
[  5] local 192.168.2.3 port 36439 connected to 192.168.2.2 port 25001
[ ID] Interval           Transfer     Bitrate         Retr  Cwnd
[  5]   0.00-10.00  sec  24.9 GBytes  21.4 Gbits/sec  638   1.74 MBytes       
[  5]  10.00-20.00  sec  23.0 GBytes  19.8 Gbits/sec  1056   2.94 MBytes       
[  5]  20.00-30.00  sec  23.7 GBytes  20.4 Gbits/sec    0   2.99 MBytes       
[  5]  30.00-40.00  sec  23.5 GBytes  20.2 Gbits/sec    0   3.01 MBytes       
[  5]  40.00-50.00  sec  17.1 GBytes  14.7 Gbits/sec  692   1.98 MBytes       
[  5]  50.00-60.00  sec  23.8 GBytes  20.5 Gbits/sec    2   3.01 MBytes       
[  5]  60.00-70.00  sec  25.5 GBytes  21.9 Gbits/sec    0   3.01 MBytes       
[  5]  70.00-80.00  sec  26.6 GBytes  22.9 Gbits/sec   14   3.01 MBytes       
[  5]  80.00-90.00  sec  22.7 GBytes  19.5 Gbits/sec    0   3.01 MBytes       
[  5]  90.00-100.00 sec  23.0 GBytes  19.8 Gbits/sec   14   3.01 MBytes       
[  5] 100.00-110.00 sec  28.7 GBytes  24.6 Gbits/sec    0   3.01 MBytes       
[  5] 110.00-120.00 sec  19.6 GBytes  16.8 Gbits/sec  930   3.01 MBytes       
- - - - - - - - - - - - - - - - - - - - - - - - -
[ ID] Interval           Transfer     Bitrate         Retr
[  5]   0.00-120.00 sec   282 GBytes  20.2 Gbits/sec  3346             sender
[  5]   0.00-120.05 sec   282 GBytes  20.2 Gbits/sec                  receiver

iperf Done.
