Connecting to host 192.168.2.2, port 25003
[  5] local 192.168.2.3 port 59421 connected to 192.168.2.2 port 25003
[ ID] Interval           Transfer     Bitrate         Retr  Cwnd
[  5]   0.00-10.00  sec  21.9 GBytes  18.8 Gbits/sec  493   3.09 MBytes       
[  5]  10.00-20.00  sec  22.8 GBytes  19.6 Gbits/sec    0   3.01 MBytes       
[  5]  20.00-30.00  sec  22.9 GBytes  19.6 Gbits/sec    0   3.01 MBytes       
[  5]  30.00-40.00  sec  27.0 GBytes  23.2 Gbits/sec  1004   3.01 MBytes       
[  5]  40.00-50.00  sec  28.3 GBytes  24.3 Gbits/sec    0   3.01 MBytes       
[  5]  50.00-60.00  sec  26.6 GBytes  22.8 Gbits/sec    0   3.01 MBytes       
[  5]  60.00-70.00  sec  22.2 GBytes  19.1 Gbits/sec  219   3.01 MBytes       
[  5]  70.00-80.00  sec  22.5 GBytes  19.3 Gbits/sec    2   3.01 MBytes       
[  5]  80.00-90.00  sec  22.1 GBytes  18.9 Gbits/sec    2   3.01 MBytes       
[  5]  90.00-100.00 sec  22.6 GBytes  19.4 Gbits/sec    0   3.01 MBytes       
[  5] 100.00-110.00 sec  18.9 GBytes  16.2 Gbits/sec    0   3.01 MBytes       
[  5] 110.00-120.00 sec  19.3 GBytes  16.6 Gbits/sec    0   3.01 MBytes       
- - - - - - - - - - - - - - - - - - - - - - - - -
[ ID] Interval           Transfer     Bitrate         Retr
[  5]   0.00-120.00 sec   277 GBytes  19.8 Gbits/sec  1720             sender
[  5]   0.00-120.05 sec   277 GBytes  19.8 Gbits/sec                  receiver

iperf Done.
