Connecting to host 192.168.2.3, port 25003
[  5] local 192.168.2.2 port 44689 connected to 192.168.2.3 port 25003
[ ID] Interval           Transfer     Bitrate         Retr  Cwnd
[  5]   0.00-10.00  sec  19.3 GBytes  16.6 Gbits/sec  705   2.26 MBytes       
[  5]  10.00-20.00  sec  21.2 GBytes  18.2 Gbits/sec    0   2.50 MBytes       
[  5]  20.00-30.00  sec  27.4 GBytes  23.5 Gbits/sec    0   2.69 MBytes       
[  5]  30.00-40.00  sec  32.8 GBytes  28.1 Gbits/sec    0   3.01 MBytes       
[  5]  40.00-50.00  sec  27.5 GBytes  23.6 Gbits/sec   24   3.01 MBytes       
[  5]  50.00-60.00  sec  25.7 GBytes  22.1 Gbits/sec  990   3.01 MBytes       
[  5]  60.00-70.00  sec  25.1 GBytes  21.6 Gbits/sec   50   3.01 MBytes       
[  5]  70.00-80.00  sec  27.9 GBytes  24.0 Gbits/sec    6   3.01 MBytes       
[  5]  80.00-90.00  sec  23.3 GBytes  20.0 Gbits/sec    0   3.01 MBytes       
[  5]  90.00-100.00 sec  22.4 GBytes  19.3 Gbits/sec  406   3.01 MBytes       
[  5] 100.00-110.00 sec  27.7 GBytes  23.8 Gbits/sec    0   3.01 MBytes       
[  5] 110.00-120.00 sec  30.4 GBytes  26.1 Gbits/sec    0   3.01 MBytes       
- - - - - - - - - - - - - - - - - - - - - - - - -
[ ID] Interval           Transfer     Bitrate         Retr
[  5]   0.00-120.00 sec   311 GBytes  22.2 Gbits/sec  2181             sender
[  5]   0.00-120.04 sec   311 GBytes  22.2 Gbits/sec                  receiver

iperf Done.
