Connecting to host 192.168.2.2, port 25002
[  5] local 192.168.2.3 port 57189 connected to 192.168.2.2 port 25002
[ ID] Interval           Transfer     Bitrate         Retr  Cwnd
[  5]   0.00-10.00  sec  24.6 GBytes  21.2 Gbits/sec    0   3.02 MBytes       
[  5]  10.00-20.00  sec  24.4 GBytes  20.9 Gbits/sec  1183   2.17 MBytes       
[  5]  20.00-30.00  sec  28.3 GBytes  24.3 Gbits/sec   58   2.24 MBytes       
[  5]  30.00-40.00  sec  21.1 GBytes  18.1 Gbits/sec  493   2.19 MBytes       
[  5]  40.00-50.00  sec  17.9 GBytes  15.4 Gbits/sec  628   2.49 MBytes       
[  5]  50.00-60.00  sec  21.0 GBytes  18.1 Gbits/sec  135   3.00 MBytes       
[  5]  60.00-70.00  sec  25.5 GBytes  21.9 Gbits/sec    0   3.00 MBytes       
[  5]  70.00-80.00  sec  24.7 GBytes  21.2 Gbits/sec    2   3.00 MBytes       
[  5]  80.00-90.00  sec  24.8 GBytes  21.3 Gbits/sec    0   3.00 MBytes       
[  5]  90.00-100.00 sec  24.1 GBytes  20.7 Gbits/sec    0   3.00 MBytes       
[  5] 100.00-110.00 sec  26.2 GBytes  22.5 Gbits/sec  793   2.86 MBytes       
[  5] 110.00-120.00 sec  26.9 GBytes  23.1 Gbits/sec   34   3.00 MBytes       
- - - - - - - - - - - - - - - - - - - - - - - - -
[ ID] Interval           Transfer     Bitrate         Retr
[  5]   0.00-120.00 sec   290 GBytes  20.7 Gbits/sec  3326             sender
[  5]   0.00-120.05 sec   290 GBytes  20.7 Gbits/sec                  receiver

iperf Done.
