Connecting to host 192.168.2.2, port 25000
[  5] local 192.168.2.3 port 48655 connected to 192.168.2.2 port 25000
[ ID] Interval           Transfer     Bitrate         Retr  Cwnd
[  5]   0.00-10.00  sec  24.2 GBytes  20.8 Gbits/sec  937   3.00 MBytes       
[  5]  10.00-20.00  sec  24.4 GBytes  21.0 Gbits/sec    0   3.00 MBytes       
[  5]  20.00-30.00  sec  19.8 GBytes  17.0 Gbits/sec    0   3.00 MBytes       
[  5]  30.00-40.00  sec  19.3 GBytes  16.6 Gbits/sec    0   3.00 MBytes       
[  5]  40.00-50.00  sec  18.1 GBytes  15.5 Gbits/sec    0   3.00 MBytes       
[  5]  50.00-60.00  sec  19.5 GBytes  16.7 Gbits/sec   30   3.00 MBytes       
[  5]  60.00-70.00  sec  23.0 GBytes  19.8 Gbits/sec    0   3.00 MBytes       
[  5]  70.00-80.00  sec  16.9 GBytes  14.5 Gbits/sec    0   3.00 MBytes       
[  5]  80.00-90.00  sec  24.5 GBytes  21.0 Gbits/sec    0   3.00 MBytes       
[  5]  90.00-100.00 sec  24.7 GBytes  21.2 Gbits/sec    0   3.00 MBytes       
[  5] 100.00-110.00 sec  26.9 GBytes  23.1 Gbits/sec    2   3.00 MBytes       
[  5] 110.00-120.00 sec  18.0 GBytes  15.4 Gbits/sec  114   3.05 MBytes       
- - - - - - - - - - - - - - - - - - - - - - - - -
[ ID] Interval           Transfer     Bitrate         Retr
[  5]   0.00-120.00 sec   259 GBytes  18.6 Gbits/sec  1083             sender
[  5]   0.00-120.04 sec   259 GBytes  18.5 Gbits/sec                  receiver

iperf Done.
