Connecting to host 192.168.2.2, port 25003
[  5] local 192.168.2.3 port 60453 connected to 192.168.2.2 port 25003
[ ID] Interval           Transfer     Bitrate         Retr  Cwnd
[  5]   0.00-10.00  sec  23.1 GBytes  19.8 Gbits/sec  817   2.32 MBytes       
[  5]  10.00-20.00  sec  20.0 GBytes  17.2 Gbits/sec    0   3.00 MBytes       
[  5]  20.00-30.00  sec  16.7 GBytes  14.3 Gbits/sec  182   3.00 MBytes       
[  5]  30.00-40.00  sec  19.1 GBytes  16.4 Gbits/sec  695   3.00 MBytes       
[  5]  40.00-50.00  sec  19.6 GBytes  16.8 Gbits/sec    0   3.00 MBytes       
[  5]  50.00-60.00  sec  24.9 GBytes  21.4 Gbits/sec    0   3.00 MBytes       
[  5]  60.00-70.00  sec  19.0 GBytes  16.3 Gbits/sec  812   2.30 MBytes       
[  5]  70.00-80.00  sec  18.1 GBytes  15.5 Gbits/sec  975   2.93 MBytes       
[  5]  80.00-90.00  sec  21.3 GBytes  18.3 Gbits/sec  813   3.00 MBytes       
[  5]  90.00-100.00 sec  22.9 GBytes  19.6 Gbits/sec    0   3.00 MBytes       
[  5] 100.00-110.00 sec  19.6 GBytes  16.8 Gbits/sec   37   2.68 MBytes       
[  5] 110.00-120.00 sec  31.5 GBytes  27.0 Gbits/sec   11   3.00 MBytes       
- - - - - - - - - - - - - - - - - - - - - - - - -
[ ID] Interval           Transfer     Bitrate         Retr
[  5]   0.00-120.00 sec   256 GBytes  18.3 Gbits/sec  4342             sender
[  5]   0.00-120.05 sec   256 GBytes  18.3 Gbits/sec                  receiver

iperf Done.
