Connecting to host 192.168.2.3, port 25003
[  5] local 192.168.2.2 port 33711 connected to 192.168.2.3 port 25003
[ ID] Interval           Transfer     Bitrate         Retr  Cwnd
[  5]   0.00-10.00  sec  24.8 GBytes  21.3 Gbits/sec  1021   2.71 MBytes       
[  5]  10.00-20.00  sec  26.4 GBytes  22.6 Gbits/sec    2   3.00 MBytes       
[  5]  20.00-30.00  sec  19.2 GBytes  16.5 Gbits/sec  1469   2.40 MBytes       
[  5]  30.00-40.00  sec  27.3 GBytes  23.4 Gbits/sec    0   2.41 MBytes       
[  5]  40.00-50.00  sec  26.6 GBytes  22.8 Gbits/sec  157   2.49 MBytes       
[  5]  50.00-60.00  sec  26.2 GBytes  22.5 Gbits/sec    0   3.00 MBytes       
[  5]  60.00-70.00  sec  26.4 GBytes  22.7 Gbits/sec  107   4.00 MBytes       
[  5]  70.00-80.00  sec  25.4 GBytes  21.8 Gbits/sec    0   4.00 MBytes       
[  5]  80.00-90.00  sec  22.0 GBytes  18.9 Gbits/sec  427   4.00 MBytes       
[  5]  90.00-100.00 sec  28.3 GBytes  24.3 Gbits/sec    0   4.00 MBytes       
[  5] 100.00-110.00 sec  25.3 GBytes  21.7 Gbits/sec  776   3.00 MBytes       
[  5] 110.00-120.00 sec  25.9 GBytes  22.3 Gbits/sec    0   3.00 MBytes       
- - - - - - - - - - - - - - - - - - - - - - - - -
[ ID] Interval           Transfer     Bitrate         Retr
[  5]   0.00-120.00 sec   304 GBytes  21.8 Gbits/sec  3959             sender
[  5]   0.00-120.04 sec   304 GBytes  21.7 Gbits/sec                  receiver

iperf Done.
