Connecting to host 192.168.2.3, port 25001
[  5] local 192.168.2.2 port 53039 connected to 192.168.2.3 port 25001
[ ID] Interval           Transfer     Bitrate         Retr  Cwnd
[  5]   0.00-10.00  sec  24.6 GBytes  21.1 Gbits/sec   13   3.07 MBytes       
[  5]  10.00-20.00  sec  24.8 GBytes  21.3 Gbits/sec    0   3.07 MBytes       
[  5]  20.00-30.00  sec  35.7 GBytes  30.7 Gbits/sec    0   3.07 MBytes       
[  5]  30.00-40.00  sec  27.4 GBytes  23.5 Gbits/sec    0   3.07 MBytes       
[  5]  40.00-50.00  sec  29.7 GBytes  25.5 Gbits/sec    0   3.07 MBytes       
[  5]  50.00-60.00  sec  26.2 GBytes  22.5 Gbits/sec    0   3.07 MBytes       
[  5]  60.00-70.00  sec  26.2 GBytes  22.5 Gbits/sec    0   3.07 MBytes       
[  5]  70.00-80.00  sec  27.8 GBytes  23.9 Gbits/sec    0   3.07 MBytes       
[  5]  80.00-90.00  sec  24.4 GBytes  21.0 Gbits/sec    0   3.07 MBytes       
[  5]  90.00-100.00 sec  22.8 GBytes  19.6 Gbits/sec    0   3.07 MBytes       
[  5] 100.00-110.00 sec  22.5 GBytes  19.3 Gbits/sec    5   3.07 MBytes       
[  5] 110.00-120.00 sec  27.5 GBytes  23.6 Gbits/sec    0   3.07 MBytes       
- - - - - - - - - - - - - - - - - - - - - - - - -
[ ID] Interval           Transfer     Bitrate         Retr
[  5]   0.00-120.00 sec   320 GBytes  22.9 Gbits/sec   18             sender
[  5]   0.00-120.04 sec   320 GBytes  22.9 Gbits/sec                  receiver

iperf Done.
