Connecting to host 192.168.2.3, port 25002
[  5] local 192.168.2.2 port 42209 connected to 192.168.2.3 port 25002
[ ID] Interval           Transfer     Bitrate         Retr  Cwnd
[  5]   0.00-10.00  sec  27.8 GBytes  23.9 Gbits/sec  1011   3.09 MBytes       
[  5]  10.00-20.00  sec  26.1 GBytes  22.4 Gbits/sec    0   3.09 MBytes       
[  5]  20.00-30.00  sec  31.4 GBytes  27.0 Gbits/sec   16   3.09 MBytes       
[  5]  30.00-40.00  sec  24.5 GBytes  21.1 Gbits/sec    0   3.09 MBytes       
[  5]  40.00-50.00  sec  26.9 GBytes  23.1 Gbits/sec    0   3.09 MBytes       
[  5]  50.00-60.00  sec  27.3 GBytes  23.5 Gbits/sec    0   3.09 MBytes       
[  5]  60.00-70.00  sec  25.6 GBytes  22.0 Gbits/sec    0   3.09 MBytes       
[  5]  70.00-80.00  sec  26.1 GBytes  22.4 Gbits/sec    0   3.09 MBytes       
[  5]  80.00-90.00  sec  25.4 GBytes  21.8 Gbits/sec  281   3.09 MBytes       
[  5]  90.00-100.00 sec  30.5 GBytes  26.2 Gbits/sec   24   3.09 MBytes       
[  5] 100.00-110.00 sec  29.4 GBytes  25.3 Gbits/sec  575   2.47 MBytes       
[  5] 110.00-120.00 sec  26.4 GBytes  22.7 Gbits/sec    0   3.00 MBytes       
- - - - - - - - - - - - - - - - - - - - - - - - -
[ ID] Interval           Transfer     Bitrate         Retr
[  5]   0.00-120.00 sec   327 GBytes  23.4 Gbits/sec  1907             sender
[  5]   0.00-120.04 sec   327 GBytes  23.4 Gbits/sec                  receiver

iperf Done.
