Connecting to host 192.168.2.2, port 25002
[  5] local 192.168.2.3 port 60275 connected to 192.168.2.2 port 25002
[ ID] Interval           Transfer     Bitrate         Retr  Cwnd
[  5]   0.00-10.00  sec  22.3 GBytes  19.1 Gbits/sec   78   3.01 MBytes       
[  5]  10.00-20.00  sec  24.5 GBytes  21.1 Gbits/sec    0   3.01 MBytes       
[  5]  20.00-30.00  sec  20.7 GBytes  17.8 Gbits/sec    4   3.01 MBytes       
[  5]  30.00-40.00  sec  17.9 GBytes  15.4 Gbits/sec  709   3.01 MBytes       
[  5]  40.00-50.00  sec  17.7 GBytes  15.2 Gbits/sec    3   3.01 MBytes       
[  5]  50.00-60.00  sec  21.8 GBytes  18.7 Gbits/sec  300   3.00 MBytes       
[  5]  60.00-70.00  sec  17.7 GBytes  15.2 Gbits/sec    0   3.00 MBytes       
[  5]  70.00-80.00  sec  16.8 GBytes  14.4 Gbits/sec  359   3.00 MBytes       
[  5]  80.00-90.00  sec  19.5 GBytes  16.7 Gbits/sec  2067   3.00 MBytes       
[  5]  90.00-100.00 sec  22.6 GBytes  19.4 Gbits/sec    0   3.00 MBytes       
[  5] 100.00-110.00 sec  26.5 GBytes  22.7 Gbits/sec  562   4.71 MBytes       
[  5] 110.00-120.00 sec  29.5 GBytes  25.4 Gbits/sec    0   4.71 MBytes       
- - - - - - - - - - - - - - - - - - - - - - - - -
[ ID] Interval           Transfer     Bitrate         Retr
[  5]   0.00-120.00 sec   257 GBytes  18.4 Gbits/sec  4082             sender
[  5]   0.00-120.04 sec   257 GBytes  18.4 Gbits/sec                  receiver

iperf Done.
