Connecting to host 192.168.2.2, port 25001
[  5] local 192.168.2.3 port 35245 connected to 192.168.2.2 port 25001
[ ID] Interval           Transfer     Bitrate         Retr  Cwnd
[  5]   0.00-10.00  sec  25.6 GBytes  22.0 Gbits/sec  2496   4.21 MBytes       
[  5]  10.00-20.00  sec  26.5 GBytes  22.8 Gbits/sec    0   4.21 MBytes       
[  5]  20.00-30.00  sec  38.6 GBytes  33.2 Gbits/sec    0   4.21 MBytes       
[  5]  30.00-40.00  sec  39.5 GBytes  34.0 Gbits/sec    0   4.21 MBytes       
[  5]  40.00-50.00  sec  40.5 GBytes  34.8 Gbits/sec    0   4.21 MBytes       
[  5]  50.00-60.00  sec  29.4 GBytes  25.3 Gbits/sec    0   4.21 MBytes       
[  5]  60.00-70.00  sec  36.0 GBytes  30.9 Gbits/sec    0   4.21 MBytes       
[  5]  70.00-80.00  sec  43.9 GBytes  37.7 Gbits/sec    0   4.21 MBytes       
[  5]  80.00-90.00  sec  29.7 GBytes  25.5 Gbits/sec    0   4.21 MBytes       
[  5]  90.00-100.00 sec  25.1 GBytes  21.6 Gbits/sec    0   4.21 MBytes       
[  5] 100.00-110.00 sec  21.8 GBytes  18.7 Gbits/sec    0   4.21 MBytes       
[  5] 110.00-120.00 sec  17.8 GBytes  15.3 Gbits/sec    0   4.21 MBytes       
- - - - - - - - - - - - - - - - - - - - - - - - -
[ ID] Interval           Transfer     Bitrate         Retr
[  5]   0.00-120.00 sec   374 GBytes  26.8 Gbits/sec  2496             sender
[  5]   0.00-120.04 sec   374 GBytes  26.8 Gbits/sec                  receiver

iperf Done.
