Connecting to host 192.168.2.2, port 25005
[  5] local 192.168.2.3 port 48919 connected to 192.168.2.2 port 25005
[ ID] Interval           Transfer     Bitrate         Retr  Cwnd
[  5]   0.00-10.00  sec  14.9 GBytes  12.8 Gbits/sec    0   1.82 MBytes       
[  5]  10.00-20.00  sec  9.60 GBytes  8.25 Gbits/sec    0   2.25 MBytes       
[  5]  20.00-30.00  sec  6.22 GBytes  5.34 Gbits/sec   89   2.25 MBytes       
[  5]  30.00-40.00  sec  6.90 GBytes  5.93 Gbits/sec    0   2.25 MBytes       
[  5]  40.00-50.00  sec  6.35 GBytes  5.46 Gbits/sec  172   2.25 MBytes       
[  5]  50.00-60.00  sec  6.88 GBytes  5.91 Gbits/sec  227   1.58 MBytes       
[  5]  60.00-70.00  sec  6.12 GBytes  5.26 Gbits/sec  306   1.87 MBytes       
[  5]  70.00-80.00  sec  5.65 GBytes  4.85 Gbits/sec   19   1.87 MBytes       
[  5]  80.00-90.00  sec  5.43 GBytes  4.66 Gbits/sec  118   1.87 MBytes       
[  5]  90.00-100.00 sec  6.01 GBytes  5.17 Gbits/sec  475   1.96 MBytes       
[  5] 100.00-110.00 sec  6.06 GBytes  5.21 Gbits/sec  179   2.05 MBytes       
[  5] 110.00-120.00 sec  6.05 GBytes  5.20 Gbits/sec   45   2.05 MBytes       
- - - - - - - - - - - - - - - - - - - - - - - - -
[ ID] Interval           Transfer     Bitrate         Retr
[  5]   0.00-120.00 sec  86.2 GBytes  6.17 Gbits/sec  1630             sender
[  5]   0.00-120.03 sec  86.2 GBytes  6.17 Gbits/sec                  receiver

iperf Done.
