Connecting to host 192.168.2.3, port 25000
[  5] local 192.168.2.2 port 51631 connected to 192.168.2.3 port 25000
[ ID] Interval           Transfer     Bitrate         Retr  Cwnd
[  5]   0.00-10.00  sec  13.1 GBytes  11.2 Gbits/sec    0   2.37 MBytes       
[  5]  10.00-20.00  sec  6.28 GBytes  5.39 Gbits/sec  360   1.66 MBytes       
[  5]  20.00-30.00  sec  5.44 GBytes  4.67 Gbits/sec    0   1.69 MBytes       
[  5]  30.00-40.00  sec  5.48 GBytes  4.70 Gbits/sec    0   2.36 MBytes       
[  5]  40.00-50.00  sec  5.47 GBytes  4.70 Gbits/sec    0   3.57 MBytes       
[  5]  50.00-60.00  sec  5.64 GBytes  4.84 Gbits/sec    0   2.50 MBytes       
[  5]  60.00-70.00  sec  5.64 GBytes  4.84 Gbits/sec   38   1.65 MBytes       
[  5]  70.00-80.00  sec  5.48 GBytes  4.71 Gbits/sec    0   2.01 MBytes       
[  5]  80.00-90.00  sec  5.58 GBytes  4.80 Gbits/sec    0   2.01 MBytes       
[  5]  90.00-100.00 sec  5.54 GBytes  4.76 Gbits/sec    0   3.16 MBytes       
[  5] 100.00-110.00 sec  5.48 GBytes  4.71 Gbits/sec    0   3.16 MBytes       
[  5] 110.00-120.00 sec  6.12 GBytes  5.26 Gbits/sec    0   3.16 MBytes       
- - - - - - - - - - - - - - - - - - - - - - - - -
[ ID] Interval           Transfer     Bitrate         Retr
[  5]   0.00-120.00 sec  75.2 GBytes  5.38 Gbits/sec  398             sender
[  5]   0.00-120.04 sec  75.2 GBytes  5.38 Gbits/sec                  receiver

iperf Done.
