Connecting to host 192.168.2.3, port 25001
[  5] local 192.168.2.2 port 59633 connected to 192.168.2.3 port 25001
[ ID] Interval           Transfer     Bitrate         Retr  Cwnd
[  5]   0.00-10.00  sec  13.1 GBytes  11.3 Gbits/sec   14   1.57 MBytes       
[  5]  10.00-20.00  sec  6.27 GBytes  5.39 Gbits/sec  840   1.62 MBytes       
[  5]  20.00-30.00  sec  5.43 GBytes  4.67 Gbits/sec    0   1.80 MBytes       
[  5]  30.00-40.00  sec  5.48 GBytes  4.70 Gbits/sec   45   1.81 MBytes       
[  5]  40.00-50.00  sec  5.47 GBytes  4.70 Gbits/sec    0   2.84 MBytes       
[  5]  50.00-60.00  sec  5.65 GBytes  4.85 Gbits/sec   51   1.98 MBytes       
[  5]  60.00-70.00  sec  5.57 GBytes  4.78 Gbits/sec    2   1.17 MBytes       
[  5]  70.00-80.00  sec  5.45 GBytes  4.68 Gbits/sec    0   1.36 MBytes       
[  5]  80.00-90.00  sec  5.58 GBytes  4.80 Gbits/sec    0   1.84 MBytes       
[  5]  90.00-100.00 sec  5.50 GBytes  4.72 Gbits/sec   44   2.03 MBytes       
[  5] 100.00-110.00 sec  5.47 GBytes  4.70 Gbits/sec    0   2.03 MBytes       
[  5] 110.00-120.00 sec  10.2 GBytes  8.80 Gbits/sec    0   3.55 MBytes       
- - - - - - - - - - - - - - - - - - - - - - - - -
[ ID] Interval           Transfer     Bitrate         Retr
[  5]   0.00-120.00 sec  79.3 GBytes  5.67 Gbits/sec  996             sender
[  5]   0.00-120.04 sec  79.3 GBytes  5.67 Gbits/sec                  receiver

iperf Done.
