Connecting to host 192.168.2.3, port 25006
[  5] local 192.168.2.2 port 37413 connected to 192.168.2.3 port 25006
[ ID] Interval           Transfer     Bitrate         Retr  Cwnd
[  5]   0.00-10.00  sec  17.6 GBytes  15.2 Gbits/sec  116   3.02 MBytes       
[  5]  10.00-20.00  sec  31.6 GBytes  27.2 Gbits/sec    0   3.02 MBytes       
[  5]  20.00-30.00  sec  27.3 GBytes  23.5 Gbits/sec    0   3.02 MBytes       
[  5]  30.00-40.00  sec  27.4 GBytes  23.5 Gbits/sec    0   3.02 MBytes       
[  5]  40.00-50.00  sec  27.4 GBytes  23.5 Gbits/sec    0   3.02 MBytes       
[  5]  50.00-60.00  sec  28.2 GBytes  24.2 Gbits/sec    0   3.02 MBytes       
[  5]  60.00-70.00  sec  28.1 GBytes  24.1 Gbits/sec    0   3.02 MBytes       
[  5]  70.00-80.00  sec  27.4 GBytes  23.5 Gbits/sec    1   3.02 MBytes       
[  5]  80.00-90.00  sec  28.0 GBytes  24.1 Gbits/sec    0   3.02 MBytes       
[  5]  90.00-100.00 sec  27.7 GBytes  23.8 Gbits/sec    0   3.02 MBytes       
[  5] 100.00-110.00 sec  27.3 GBytes  23.5 Gbits/sec    0   3.02 MBytes       
[  5] 110.00-120.00 sec  13.6 GBytes  11.7 Gbits/sec    0   3.02 MBytes       
- - - - - - - - - - - - - - - - - - - - - - - - -
[ ID] Interval           Transfer     Bitrate         Retr
[  5]   0.00-120.00 sec   312 GBytes  22.3 Gbits/sec  117             sender
[  5]   0.00-120.04 sec   312 GBytes  22.3 Gbits/sec                  receiver

iperf Done.
