Connecting to host 192.168.2.3, port 25007
[  5] local 192.168.2.2 port 60425 connected to 192.168.2.3 port 25007
[ ID] Interval           Transfer     Bitrate         Retr  Cwnd
[  5]   0.00-10.00  sec  14.7 GBytes  12.7 Gbits/sec   22   1.89 MBytes       
[  5]  10.00-20.00  sec  23.1 GBytes  19.9 Gbits/sec  521   2.90 MBytes       
[  5]  20.00-30.00  sec  27.5 GBytes  23.6 Gbits/sec    0   2.90 MBytes       
[  5]  30.00-40.00  sec  27.3 GBytes  23.4 Gbits/sec    0   4.35 MBytes       
[  5]  40.00-50.00  sec  27.3 GBytes  23.5 Gbits/sec   11   4.35 MBytes       
[  5]  50.00-60.00  sec  27.9 GBytes  24.0 Gbits/sec   46   4.35 MBytes       
[  5]  60.00-70.00  sec  26.2 GBytes  22.5 Gbits/sec   16   4.35 MBytes       
[  5]  70.00-80.00  sec  27.4 GBytes  23.5 Gbits/sec    0   4.35 MBytes       
[  5]  80.00-90.00  sec  25.5 GBytes  21.9 Gbits/sec    0   4.35 MBytes       
[  5]  90.00-100.00 sec  26.5 GBytes  22.7 Gbits/sec    0   4.35 MBytes       
[  5] 100.00-110.00 sec  27.4 GBytes  23.5 Gbits/sec    0   4.35 MBytes       
[  5] 110.00-120.00 sec  30.3 GBytes  26.0 Gbits/sec    0   4.35 MBytes       
- - - - - - - - - - - - - - - - - - - - - - - - -
[ ID] Interval           Transfer     Bitrate         Retr
[  5]   0.00-120.00 sec   311 GBytes  22.3 Gbits/sec  616             sender
[  5]   0.00-120.04 sec   311 GBytes  22.3 Gbits/sec                  receiver

iperf Done.
