Connecting to host 192.168.2.2, port 25007
[  5] local 192.168.2.3 port 40513 connected to 192.168.2.2 port 25007
[ ID] Interval           Transfer     Bitrate         Retr  Cwnd
[  5]   0.00-10.00  sec  16.1 GBytes  13.9 Gbits/sec   17   1.53 MBytes       
[  5]  10.00-20.00  sec  12.2 GBytes  10.5 Gbits/sec    0   2.65 MBytes       
[  5]  20.00-30.00  sec  22.4 GBytes  19.2 Gbits/sec    3   3.02 MBytes       
[  5]  30.00-40.00  sec  22.4 GBytes  19.2 Gbits/sec   79   3.02 MBytes       
[  5]  40.00-50.00  sec  25.9 GBytes  22.3 Gbits/sec   25   3.02 MBytes       
[  5]  50.00-60.00  sec  34.5 GBytes  29.6 Gbits/sec  4221   1.48 MBytes       
[  5]  60.00-70.00  sec  30.8 GBytes  26.5 Gbits/sec  2885   1.53 MBytes       
[  5]  70.00-80.00  sec  28.8 GBytes  24.8 Gbits/sec  1221   1.54 MBytes       
[  5]  80.00-90.00  sec  27.6 GBytes  23.7 Gbits/sec    0   1.78 MBytes       
[  5]  90.00-100.00 sec  35.7 GBytes  30.7 Gbits/sec    0   2.58 MBytes       
[  5] 100.00-110.00 sec  36.5 GBytes  31.3 Gbits/sec   30   3.35 MBytes       
[  5] 110.00-120.00 sec  36.5 GBytes  31.4 Gbits/sec  365   3.35 MBytes       
- - - - - - - - - - - - - - - - - - - - - - - - -
[ ID] Interval           Transfer     Bitrate         Retr
[  5]   0.00-120.00 sec   329 GBytes  23.6 Gbits/sec  8846             sender
[  5]   0.00-120.05 sec   329 GBytes  23.6 Gbits/sec                  receiver

iperf Done.
