Connecting to host 192.168.2.3, port 25003
[  5] local 192.168.2.2 port 36931 connected to 192.168.2.3 port 25003
[ ID] Interval           Transfer     Bitrate         Retr  Cwnd
[  5]   0.00-10.00  sec  11.6 GBytes  9.95 Gbits/sec    0   2.35 MBytes       
[  5]  10.00-20.00  sec  6.28 GBytes  5.39 Gbits/sec  425   1.58 MBytes       
[  5]  20.00-30.00  sec  5.43 GBytes  4.67 Gbits/sec    0   1.69 MBytes       
[  5]  30.00-40.00  sec  5.48 GBytes  4.70 Gbits/sec    0   2.00 MBytes       
[  5]  40.00-50.00  sec  5.47 GBytes  4.69 Gbits/sec    1   2.03 MBytes       
[  5]  50.00-60.00  sec  5.65 GBytes  4.85 Gbits/sec    0   2.03 MBytes       
[  5]  60.00-70.00  sec  5.65 GBytes  4.85 Gbits/sec    0   3.06 MBytes       
[  5]  70.00-80.00  sec  5.47 GBytes  4.69 Gbits/sec    0   3.06 MBytes       
[  5]  80.00-90.00  sec  5.58 GBytes  4.79 Gbits/sec   25   3.06 MBytes       
[  5]  90.00-100.00 sec  5.54 GBytes  4.76 Gbits/sec    1   3.06 MBytes       
[  5] 100.00-110.00 sec  5.47 GBytes  4.69 Gbits/sec   46   2.14 MBytes       
[  5] 110.00-120.00 sec  6.10 GBytes  5.24 Gbits/sec   45   2.17 MBytes       
- - - - - - - - - - - - - - - - - - - - - - - - -
[ ID] Interval           Transfer     Bitrate         Retr
[  5]   0.00-120.00 sec  73.7 GBytes  5.27 Gbits/sec  543             sender
[  5]   0.00-120.04 sec  73.7 GBytes  5.27 Gbits/sec                  receiver

iperf Done.
