Connecting to host 192.168.2.3, port 25005
[  5] local 192.168.2.2 port 49843 connected to 192.168.2.3 port 25005
[ ID] Interval           Transfer     Bitrate         Retr  Cwnd
[  5]   0.00-10.00  sec  15.2 GBytes  13.0 Gbits/sec   37   1.25 MBytes       
[  5]  10.00-20.00  sec  6.27 GBytes  5.39 Gbits/sec  180   1.66 MBytes       
[  5]  20.00-30.00  sec  5.39 GBytes  4.63 Gbits/sec    0   1.77 MBytes       
[  5]  30.00-40.00  sec  5.48 GBytes  4.70 Gbits/sec    0   2.83 MBytes       
[  5]  40.00-50.00  sec  5.47 GBytes  4.70 Gbits/sec    0   2.83 MBytes       
[  5]  50.00-60.00  sec  5.64 GBytes  4.84 Gbits/sec    6   2.83 MBytes       
[  5]  60.00-70.00  sec  5.60 GBytes  4.81 Gbits/sec   54   1.74 MBytes       
[  5]  70.00-80.00  sec  5.47 GBytes  4.70 Gbits/sec    0   1.74 MBytes       
[  5]  80.00-90.00  sec  5.58 GBytes  4.79 Gbits/sec  150   1.74 MBytes       
[  5]  90.00-100.00 sec  5.53 GBytes  4.75 Gbits/sec    0   2.03 MBytes       
[  5] 100.00-110.00 sec  5.47 GBytes  4.70 Gbits/sec    0   2.30 MBytes       
[  5] 110.00-120.00 sec  6.12 GBytes  5.25 Gbits/sec    0   2.89 MBytes       
- - - - - - - - - - - - - - - - - - - - - - - - -
[ ID] Interval           Transfer     Bitrate         Retr
[  5]   0.00-120.00 sec  77.2 GBytes  5.52 Gbits/sec  427             sender
[  5]   0.00-120.04 sec  77.2 GBytes  5.52 Gbits/sec                  receiver

iperf Done.
