Connecting to host 192.168.2.2, port 25001
[  5] local 192.168.2.3 port 45467 connected to 192.168.2.2 port 25001
[ ID] Interval           Transfer     Bitrate         Retr  Cwnd
[  5]   0.00-10.00  sec  16.1 GBytes  13.8 Gbits/sec    0   2.84 MBytes       
[  5]  10.00-20.00  sec  14.0 GBytes  12.0 Gbits/sec    0   3.03 MBytes       
[  5]  20.00-30.00  sec  18.0 GBytes  15.5 Gbits/sec    0   3.03 MBytes       
[  5]  30.00-40.00  sec  18.5 GBytes  15.9 Gbits/sec    0   3.03 MBytes       
[  5]  40.00-50.00  sec  23.2 GBytes  20.0 Gbits/sec   34   3.03 MBytes       
[  5]  50.00-60.00  sec  6.88 GBytes  5.91 Gbits/sec  254   3.03 MBytes       
[  5]  60.00-70.00  sec  6.15 GBytes  5.28 Gbits/sec  655   2.12 MBytes       
[  5]  70.00-80.00  sec  5.65 GBytes  4.85 Gbits/sec    0   2.12 MBytes       
[  5]  80.00-90.00  sec  5.43 GBytes  4.66 Gbits/sec    0   2.12 MBytes       
[  5]  90.00-100.00 sec  6.05 GBytes  5.19 Gbits/sec    0   2.12 MBytes       
[  5] 100.00-110.00 sec  6.10 GBytes  5.24 Gbits/sec    0   2.12 MBytes       
[  5] 110.00-120.00 sec  6.09 GBytes  5.23 Gbits/sec    0   2.12 MBytes       
- - - - - - - - - - - - - - - - - - - - - - - - -
[ ID] Interval           Transfer     Bitrate         Retr
[  5]   0.00-120.00 sec   132 GBytes  9.46 Gbits/sec  943             sender
[  5]   0.00-120.04 sec   132 GBytes  9.46 Gbits/sec                  receiver

iperf Done.
