-----------------------------------------------------------
Server listening on 25002
-----------------------------------------------------------
Accepted connection from 192.168.2.2, port 33585
[  5] local 192.168.2.3 port 25002 connected to 192.168.2.2 port 43009
[ ID] Interval           Transfer     Bitrate
[  5]   0.00-1.00   sec   931 MBytes  7.81 Gbits/sec                  
[  5]   1.00-2.00   sec   789 MBytes  6.62 Gbits/sec                  
[  5]   2.00-3.00   sec  1.33 GBytes  11.5 Gbits/sec                  
[  5]   3.00-4.00   sec  1.14 GBytes  9.78 Gbits/sec                  
[  5]   4.00-5.00   sec   804 MBytes  6.74 Gbits/sec                  
[  5]   5.00-6.00   sec   804 MBytes  6.74 Gbits/sec                  
[  5]   6.00-7.00   sec  1.15 GBytes  9.92 Gbits/sec                  
[  5]   7.00-8.00   sec   983 MBytes  8.25 Gbits/sec                  
[  5]   8.00-9.00   sec   724 MBytes  6.07 Gbits/sec                  
[  5]   9.00-10.00  sec   746 MBytes  6.25 Gbits/sec                  
[  5]  10.00-11.00  sec   747 MBytes  6.27 Gbits/sec                  
[  5]  11.00-12.00  sec   747 MBytes  6.27 Gbits/sec                  
[  5]  12.00-13.00  sec   753 MBytes  6.32 Gbits/sec                  
[  5]  13.00-14.00  sec   742 MBytes  6.22 Gbits/sec                  
[  5]  14.00-15.00  sec   683 MBytes  5.73 Gbits/sec                  
[  5]  15.00-16.00  sec   554 MBytes  4.64 Gbits/sec                  
[  5]  16.00-17.00  sec   554 MBytes  4.65 Gbits/sec                  
[  5]  17.00-18.00  sec   555 MBytes  4.66 Gbits/sec                  
[  5]  18.00-19.00  sec   554 MBytes  4.64 Gbits/sec                  
[  5]  19.00-20.00  sec   553 MBytes  4.64 Gbits/sec                  
[  5]  20.00-21.00  sec   564 MBytes  4.73 Gbits/sec                  
[  5]  21.00-22.00  sec   552 MBytes  4.63 Gbits/sec                  
[  5]  22.00-23.00  sec   552 MBytes  4.63 Gbits/sec                  
[  5]  23.00-24.00  sec   554 MBytes  4.64 Gbits/sec                  
[  5]  24.00-25.00  sec   555 MBytes  4.65 Gbits/sec                  
[  5]  25.00-26.00  sec   552 MBytes  4.63 Gbits/sec                  
[  5]  26.00-27.00  sec   553 MBytes  4.64 Gbits/sec                  
[  5]  27.00-28.00  sec   556 MBytes  4.66 Gbits/sec                  
[  5]  28.00-29.00  sec   562 MBytes  4.72 Gbits/sec                  
[  5]  29.00-30.00  sec   562 MBytes  4.72 Gbits/sec                  
[  5]  30.00-31.00  sec   559 MBytes  4.69 Gbits/sec                  
[  5]  31.00-32.00  sec   558 MBytes  4.68 Gbits/sec                  
[  5]  32.00-33.00  sec   559 MBytes  4.69 Gbits/sec                  
[  5]  33.00-34.00  sec   558 MBytes  4.68 Gbits/sec                  
[  5]  34.00-35.00  sec   563 MBytes  4.72 Gbits/sec                  
[  5]  35.00-36.00  sec   563 MBytes  4.72 Gbits/sec                  
[  5]  36.00-37.00  sec   561 MBytes  4.71 Gbits/sec                  
[  5]  37.00-38.00  sec   564 MBytes  4.73 Gbits/sec                  
[  5]  38.00-39.00  sec   560 MBytes  4.69 Gbits/sec                  
[  5]  39.00-40.00  sec   564 MBytes  4.73 Gbits/sec                  
[  5]  40.00-41.00  sec   563 MBytes  4.73 Gbits/sec                  
[  5]  41.00-42.00  sec   559 MBytes  4.69 Gbits/sec                  
[  5]  42.00-43.00  sec   557 MBytes  4.67 Gbits/sec                  
[  5]  43.00-44.00  sec   557 MBytes  4.68 Gbits/sec                  
[  5]  44.00-45.00  sec   559 MBytes  4.69 Gbits/sec                  
[  5]  45.00-46.00  sec   559 MBytes  4.69 Gbits/sec                  
[  5]  46.00-47.00  sec   560 MBytes  4.70 Gbits/sec                  
[  5]  47.00-48.00  sec   561 MBytes  4.71 Gbits/sec                  
[  5]  48.00-49.00  sec   561 MBytes  4.70 Gbits/sec                  
[  5]  49.00-50.00  sec   561 MBytes  4.70 Gbits/sec                  
[  5]  50.00-51.00  sec   561 MBytes  4.70 Gbits/sec                  
[  5]  51.00-52.00  sec   560 MBytes  4.70 Gbits/sec                  
[  5]  52.00-53.00  sec   588 MBytes  4.93 Gbits/sec                  
[  5]  53.00-54.00  sec   582 MBytes  4.88 Gbits/sec                  
[  5]  54.00-55.00  sec   586 MBytes  4.91 Gbits/sec                  
[  5]  55.00-56.00  sec   588 MBytes  4.93 Gbits/sec                  
[  5]  56.00-57.00  sec   587 MBytes  4.92 Gbits/sec                  
[  5]  57.00-58.00  sec   585 MBytes  4.91 Gbits/sec                  
[  5]  58.00-59.00  sec   582 MBytes  4.88 Gbits/sec                  
[  5]  59.00-60.00  sec   583 MBytes  4.89 Gbits/sec                  
[  5]  60.00-61.00  sec   581 MBytes  4.87 Gbits/sec                  
[  5]  61.00-62.00  sec   575 MBytes  4.82 Gbits/sec                  
[  5]  62.00-63.00  sec   574 MBytes  4.82 Gbits/sec                  
[  5]  63.00-64.00  sec   599 MBytes  5.03 Gbits/sec                  
[  5]  64.00-65.00  sec   609 MBytes  5.11 Gbits/sec                  
[  5]  65.00-66.00  sec   601 MBytes  5.04 Gbits/sec                  
[  5]  66.00-67.00  sec   561 MBytes  4.71 Gbits/sec                  
[  5]  67.00-68.00  sec   559 MBytes  4.69 Gbits/sec                  
[  5]  68.00-69.00  sec   561 MBytes  4.71 Gbits/sec                  
[  5]  69.00-70.00  sec   568 MBytes  4.77 Gbits/sec                  
[  5]  70.00-71.00  sec   564 MBytes  4.73 Gbits/sec                  
[  5]  71.00-72.00  sec   563 MBytes  4.72 Gbits/sec                  
[  5]  72.00-73.00  sec   562 MBytes  4.71 Gbits/sec                  
[  5]  73.00-74.00  sec   559 MBytes  4.69 Gbits/sec                  
[  5]  74.00-75.00  sec   561 MBytes  4.70 Gbits/sec                  
[  5]  75.00-76.00  sec   560 MBytes  4.70 Gbits/sec                  
[  5]  76.00-77.00  sec   561 MBytes  4.71 Gbits/sec                  
[  5]  77.00-78.00  sec   560 MBytes  4.70 Gbits/sec                  
[  5]  78.00-79.00  sec   561 MBytes  4.70 Gbits/sec                  
[  5]  79.00-80.00  sec   562 MBytes  4.71 Gbits/sec                  
[  5]  80.00-81.00  sec   560 MBytes  4.70 Gbits/sec                  
[  5]  81.00-82.00  sec   562 MBytes  4.71 Gbits/sec                  
[  5]  82.00-83.00  sec   560 MBytes  4.70 Gbits/sec                  
[  5]  83.00-84.00  sec   559 MBytes  4.69 Gbits/sec                  
[  5]  84.00-85.00  sec   558 MBytes  4.68 Gbits/sec                  
[  5]  85.00-86.00  sec   559 MBytes  4.69 Gbits/sec                  
[  5]  86.00-87.00  sec   558 MBytes  4.68 Gbits/sec                  
[  5]  87.00-88.00  sec   559 MBytes  4.69 Gbits/sec                  
[  5]  88.00-89.00  sec   605 MBytes  5.07 Gbits/sec                  
[  5]  89.00-90.00  sec   629 MBytes  5.28 Gbits/sec                  
[  5]  90.00-91.00  sec   596 MBytes  5.00 Gbits/sec                  
[  5]  91.00-92.00  sec   558 MBytes  4.68 Gbits/sec                  
[  5]  92.00-93.00  sec   557 MBytes  4.68 Gbits/sec                  
[  5]  93.00-94.00  sec   560 MBytes  4.70 Gbits/sec                  
[  5]  94.00-95.00  sec   559 MBytes  4.69 Gbits/sec                  
[  5]  95.00-96.00  sec   554 MBytes  4.64 Gbits/sec                  
[  5]  96.00-97.00  sec   561 MBytes  4.71 Gbits/sec                  
[  5]  97.00-98.00  sec   572 MBytes  4.79 Gbits/sec                  
[  5]  98.00-99.00  sec   573 MBytes  4.80 Gbits/sec                  
[  5]  99.00-100.00 sec   563 MBytes  4.72 Gbits/sec                  
[  5] 100.00-101.00 sec   563 MBytes  4.72 Gbits/sec                  
[  5] 101.00-102.00 sec   562 MBytes  4.72 Gbits/sec                  
[  5] 102.00-103.00 sec   562 MBytes  4.72 Gbits/sec                  
[  5] 103.00-104.00 sec   561 MBytes  4.71 Gbits/sec                  
[  5] 104.00-105.00 sec   562 MBytes  4.72 Gbits/sec                  
[  5] 105.00-106.00 sec   561 MBytes  4.71 Gbits/sec                  
[  5] 106.00-107.00 sec   564 MBytes  4.73 Gbits/sec                  
[  5] 107.00-108.00 sec   557 MBytes  4.67 Gbits/sec                  
[  5] 108.00-109.00 sec   560 MBytes  4.70 Gbits/sec                  
[  5] 109.00-110.00 sec   558 MBytes  4.68 Gbits/sec                  
[  5] 110.00-111.00 sec   556 MBytes  4.67 Gbits/sec                  
[  5] 111.00-112.00 sec   559 MBytes  4.69 Gbits/sec                  
[  5] 112.00-113.00 sec   561 MBytes  4.71 Gbits/sec                  
[  5] 113.00-114.00 sec   600 MBytes  5.04 Gbits/sec                  
[  5] 114.00-115.00 sec   625 MBytes  5.25 Gbits/sec                  
[  5] 115.00-116.00 sec   623 MBytes  5.23 Gbits/sec                  
[  5] 116.00-117.00 sec   623 MBytes  5.22 Gbits/sec                  
[  5] 117.00-118.00 sec   642 MBytes  5.38 Gbits/sec                  
[  5] 118.00-119.00 sec   709 MBytes  5.94 Gbits/sec                  
[  5] 119.00-120.00 sec   746 MBytes  6.26 Gbits/sec                  
[  5] 120.00-120.04 sec  35.0 MBytes  6.61 Gbits/sec                  
- - - - - - - - - - - - - - - - - - - - - - - - -
[ ID] Interval           Transfer     Bitrate
[  5]   0.00-120.04 sec  71.4 GBytes  5.11 Gbits/sec                  receiver
