Connecting to host 192.168.2.2, port 25000
[  5] local 192.168.2.3 port 50813 connected to 192.168.2.2 port 25000
[ ID] Interval           Transfer     Bitrate         Retr  Cwnd
[  5]   0.00-10.00  sec  11.6 GBytes  9.93 Gbits/sec    1   1.28 MBytes       
[  5]  10.00-20.00  sec  18.4 GBytes  15.8 Gbits/sec    0   3.18 MBytes       
[  5]  20.00-30.00  sec  19.3 GBytes  16.5 Gbits/sec  136   1.85 MBytes       
[  5]  30.00-40.00  sec  22.5 GBytes  19.3 Gbits/sec  679   1.30 MBytes       
[  5]  40.00-50.00  sec  17.4 GBytes  15.0 Gbits/sec  750   1.53 MBytes       
[  5]  50.00-60.00  sec  20.3 GBytes  17.4 Gbits/sec    0   2.10 MBytes       
[  5]  60.00-70.00  sec  24.1 GBytes  20.7 Gbits/sec    0   2.40 MBytes       
[  5]  70.00-80.00  sec  26.2 GBytes  22.5 Gbits/sec    0   3.07 MBytes       
[  5]  80.00-90.00  sec  27.1 GBytes  23.3 Gbits/sec    0   3.07 MBytes       
[  5]  90.00-100.00 sec  7.91 GBytes  6.79 Gbits/sec  315   3.07 MBytes       
[  5] 100.00-110.00 sec  6.06 GBytes  5.21 Gbits/sec    0   3.07 MBytes       
[  5] 110.00-120.00 sec  6.07 GBytes  5.21 Gbits/sec    1   3.07 MBytes       
- - - - - - - - - - - - - - - - - - - - - - - - -
[ ID] Interval           Transfer     Bitrate         Retr
[  5]   0.00-120.00 sec   207 GBytes  14.8 Gbits/sec  1882             sender
[  5]   0.00-120.05 sec   207 GBytes  14.8 Gbits/sec                  receiver

iperf Done.
