Connecting to host 192.168.2.3, port 25002
[  5] local 192.168.2.2 port 43009 connected to 192.168.2.3 port 25002
[ ID] Interval           Transfer     Bitrate         Retr  Cwnd
[  5]   0.00-10.00  sec  9.31 GBytes  8.00 Gbits/sec  293   1.18 MBytes       
[  5]  10.00-20.00  sec  6.28 GBytes  5.40 Gbits/sec   63   1.38 MBytes       
[  5]  20.00-30.00  sec  5.43 GBytes  4.67 Gbits/sec   84   1.47 MBytes       
[  5]  30.00-40.00  sec  5.48 GBytes  4.70 Gbits/sec    0   1.57 MBytes       
[  5]  40.00-50.00  sec  5.47 GBytes  4.70 Gbits/sec    0   3.78 MBytes       
[  5]  50.00-60.00  sec  5.67 GBytes  4.87 Gbits/sec    0   3.78 MBytes       
[  5]  60.00-70.00  sec  5.65 GBytes  4.85 Gbits/sec   46   2.64 MBytes       
[  5]  70.00-80.00  sec  5.48 GBytes  4.71 Gbits/sec   81   1.96 MBytes       
[  5]  80.00-90.00  sec  5.58 GBytes  4.79 Gbits/sec   48   1.96 MBytes       
[  5]  90.00-100.00 sec  5.52 GBytes  4.74 Gbits/sec  114   1.80 MBytes       
[  5] 100.00-110.00 sec  5.48 GBytes  4.71 Gbits/sec    0   1.96 MBytes       
[  5] 110.00-120.00 sec  6.11 GBytes  5.25 Gbits/sec    0   3.08 MBytes       
- - - - - - - - - - - - - - - - - - - - - - - - -
[ ID] Interval           Transfer     Bitrate         Retr
[  5]   0.00-120.00 sec  71.4 GBytes  5.11 Gbits/sec  729             sender
[  5]   0.00-120.04 sec  71.4 GBytes  5.11 Gbits/sec                  receiver

iperf Done.
