Connecting to host 192.168.2.3, port 25002
[  5] local 192.168.2.2 port 46485 connected to 192.168.2.3 port 25002
[ ID] Interval           Transfer     Bitrate         Retr  Cwnd
[  5]   0.00-10.00  sec  29.4 GBytes  25.3 Gbits/sec    0   3.06 MBytes       
[  5]  10.00-20.00  sec  42.5 GBytes  36.5 Gbits/sec    0   3.06 MBytes       
[  5]  20.00-30.00  sec  46.8 GBytes  40.2 Gbits/sec    0   3.06 MBytes       
[  5]  30.00-40.00  sec  47.6 GBytes  40.9 Gbits/sec    0   3.06 MBytes       
[  5]  40.00-50.00  sec  48.5 GBytes  41.6 Gbits/sec    0   3.06 MBytes       
[  5]  50.00-60.00  sec  53.7 GBytes  46.1 Gbits/sec    0   3.06 MBytes       
[  5]  60.00-70.00  sec  53.4 GBytes  45.8 Gbits/sec    0   3.06 MBytes       
[  5]  70.00-80.00  sec  53.0 GBytes  45.5 Gbits/sec    0   3.06 MBytes       
[  5]  80.00-90.00  sec  53.6 GBytes  46.0 Gbits/sec    0   3.06 MBytes       
[  5]  90.00-100.00 sec  51.9 GBytes  44.6 Gbits/sec    0   3.06 MBytes       
[  5] 100.00-110.00 sec  52.7 GBytes  45.3 Gbits/sec    0   3.06 MBytes       
[  5] 110.00-120.00 sec  50.8 GBytes  43.6 Gbits/sec    0   3.06 MBytes       
- - - - - - - - - - - - - - - - - - - - - - - - -
[ ID] Interval           Transfer     Bitrate         Retr
[  5]   0.00-120.00 sec   584 GBytes  41.8 Gbits/sec    0             sender
[  5]   0.00-120.05 sec   584 GBytes  41.8 Gbits/sec                  receiver

iperf Done.
