Connecting to host 192.168.4.2, port 25005
[  5] local 192.168.4.3 port 55305 connected to 192.168.4.2 port 25005
[ ID] Interval           Transfer     Bitrate         Retr  Cwnd
[  5]   0.00-10.00  sec  14.1 GBytes  12.1 Gbits/sec    0   2.02 MBytes       
[  5]  10.00-20.00  sec  13.1 GBytes  11.3 Gbits/sec   22   2.16 MBytes       
[  5]  20.00-30.00  sec  14.5 GBytes  12.5 Gbits/sec    0   2.28 MBytes       
[  5]  30.00-40.00  sec  16.3 GBytes  14.0 Gbits/sec    0   3.40 MBytes       
[  5]  40.00-50.00  sec  16.4 GBytes  14.1 Gbits/sec    2   3.40 MBytes       
[  5]  50.00-60.00  sec  14.3 GBytes  12.3 Gbits/sec    0   3.40 MBytes       
[  5]  60.00-70.00  sec  14.3 GBytes  12.3 Gbits/sec    0   3.40 MBytes       
[  5]  70.00-80.00  sec  14.6 GBytes  12.5 Gbits/sec    0   3.40 MBytes       
[  5]  80.00-90.00  sec  20.1 GBytes  17.3 Gbits/sec    0   3.40 MBytes       
[  5]  90.00-100.00 sec  21.4 GBytes  18.3 Gbits/sec    0   3.40 MBytes       
[  5] 100.00-110.00 sec  25.1 GBytes  21.6 Gbits/sec    0   3.40 MBytes       
[  5] 110.00-120.00 sec  23.5 GBytes  20.2 Gbits/sec    0   3.40 MBytes       
- - - - - - - - - - - - - - - - - - - - - - - - -
[ ID] Interval           Transfer     Bitrate         Retr
[  5]   0.00-120.00 sec   208 GBytes  14.9 Gbits/sec   24             sender
[  5]   0.00-120.05 sec   208 GBytes  14.9 Gbits/sec                  receiver

iperf Done.
