Connecting to host 192.168.2.3, port 25000
[  5] local 192.168.2.2 port 37723 connected to 192.168.2.3 port 25000
[ ID] Interval           Transfer     Bitrate         Retr  Cwnd
[  5]   0.00-10.00  sec  29.6 GBytes  25.4 Gbits/sec   36   1.95 MBytes       
[  5]  10.00-20.00  sec  23.3 GBytes  20.0 Gbits/sec   31   2.55 MBytes       
[  5]  20.00-30.00  sec  27.9 GBytes  24.0 Gbits/sec    0   2.57 MBytes       
[  5]  30.00-40.00  sec  26.9 GBytes  23.1 Gbits/sec  270   3.00 MBytes       
[  5]  40.00-50.00  sec  21.4 GBytes  18.4 Gbits/sec    1   3.00 MBytes       
[  5]  50.00-60.00  sec  23.0 GBytes  19.8 Gbits/sec    0   3.00 MBytes       
[  5]  60.00-70.00  sec  22.9 GBytes  19.6 Gbits/sec    0   3.06 MBytes       
[  5]  70.00-80.00  sec  27.7 GBytes  23.8 Gbits/sec  135   3.06 MBytes       
[  5]  80.00-90.00  sec  31.8 GBytes  27.4 Gbits/sec    0   3.06 MBytes       
[  5]  90.00-100.00 sec  28.1 GBytes  24.1 Gbits/sec   25   3.06 MBytes       
[  5] 100.00-110.00 sec  25.0 GBytes  21.5 Gbits/sec    0   3.06 MBytes       
[  5] 110.00-120.00 sec  18.6 GBytes  16.0 Gbits/sec    0   3.06 MBytes       
- - - - - - - - - - - - - - - - - - - - - - - - -
[ ID] Interval           Transfer     Bitrate         Retr
[  5]   0.00-120.00 sec   306 GBytes  21.9 Gbits/sec  498             sender
[  5]   0.00-120.05 sec   306 GBytes  21.9 Gbits/sec                  receiver

iperf Done.
