Connecting to host 192.168.2.2, port 25000
[  5] local 192.168.2.3 port 57281 connected to 192.168.2.2 port 25000
[ ID] Interval           Transfer     Bitrate         Retr  Cwnd
[  5]   0.00-10.00  sec  14.2 GBytes  12.2 Gbits/sec    0   2.43 MBytes       
[  5]  10.00-20.00  sec  17.2 GBytes  14.8 Gbits/sec    4   3.26 MBytes       
[  5]  20.00-30.00  sec  21.4 GBytes  18.3 Gbits/sec    1   1.87 MBytes       
[  5]  30.00-40.00  sec  15.8 GBytes  13.6 Gbits/sec    0   2.36 MBytes       
[  5]  40.00-50.00  sec  14.3 GBytes  12.3 Gbits/sec   39   2.88 MBytes       
[  5]  50.00-60.00  sec  24.5 GBytes  21.0 Gbits/sec   92   3.00 MBytes       
[  5]  60.00-70.00  sec  20.5 GBytes  17.6 Gbits/sec    2   3.00 MBytes       
[  5]  70.00-80.00  sec  16.7 GBytes  14.4 Gbits/sec  214   3.00 MBytes       
[  5]  80.00-90.00  sec  16.7 GBytes  14.4 Gbits/sec    0   3.00 MBytes       
[  5]  90.00-100.00 sec  14.6 GBytes  12.5 Gbits/sec  634   2.60 MBytes       
[  5] 100.00-110.00 sec  25.3 GBytes  21.8 Gbits/sec    0   3.00 MBytes       
[  5] 110.00-120.00 sec  29.9 GBytes  25.7 Gbits/sec    0   3.01 MBytes       
- - - - - - - - - - - - - - - - - - - - - - - - -
[ ID] Interval           Transfer     Bitrate         Retr
[  5]   0.00-120.00 sec   231 GBytes  16.5 Gbits/sec  986             sender
[  5]   0.00-120.05 sec   231 GBytes  16.5 Gbits/sec                  receiver

iperf Done.
