Connecting to host 192.168.4.2, port 25006
[  5] local 192.168.4.3 port 60421 connected to 192.168.4.2 port 25006
[ ID] Interval           Transfer     Bitrate         Retr  Cwnd
[  5]   0.00-10.00  sec  16.2 GBytes  13.9 Gbits/sec   26   1.65 MBytes       
[  5]  10.00-20.00  sec  26.3 GBytes  22.6 Gbits/sec  236   1.64 MBytes       
[  5]  20.00-30.00  sec  29.2 GBytes  25.1 Gbits/sec    2   1.60 MBytes       
[  5]  30.00-40.00  sec  30.4 GBytes  26.1 Gbits/sec  645   1.44 MBytes       
[  5]  40.00-50.00  sec  25.8 GBytes  22.1 Gbits/sec    2   1.65 MBytes       
[  5]  50.00-60.00  sec  28.9 GBytes  24.8 Gbits/sec    0   2.21 MBytes       
[  5]  60.00-70.00  sec  29.1 GBytes  25.0 Gbits/sec    0   3.21 MBytes       
[  5]  70.00-80.00  sec  26.0 GBytes  22.4 Gbits/sec    7   3.21 MBytes       
[  5]  80.00-90.00  sec  19.8 GBytes  17.0 Gbits/sec   83   3.21 MBytes       
[  5]  90.00-100.00 sec  21.2 GBytes  18.2 Gbits/sec    0   3.21 MBytes       
[  5] 100.00-110.00 sec  18.1 GBytes  15.5 Gbits/sec    0   3.21 MBytes       
[  5] 110.00-120.00 sec  23.7 GBytes  20.3 Gbits/sec    0   3.21 MBytes       
- - - - - - - - - - - - - - - - - - - - - - - - -
[ ID] Interval           Transfer     Bitrate         Retr
[  5]   0.00-120.00 sec   295 GBytes  21.1 Gbits/sec  1001             sender
[  5]   0.00-120.05 sec   295 GBytes  21.1 Gbits/sec                  receiver

iperf Done.
