Connecting to host 192.168.2.2, port 25002
[  5] local 192.168.2.3 port 39553 connected to 192.168.2.2 port 25002
[ ID] Interval           Transfer     Bitrate         Retr  Cwnd
[  5]   0.00-10.00  sec  13.8 GBytes  11.9 Gbits/sec    3   1.70 MBytes       
[  5]  10.00-20.00  sec  17.2 GBytes  14.8 Gbits/sec   22   2.28 MBytes       
[  5]  20.00-30.00  sec  24.5 GBytes  21.1 Gbits/sec   12   3.00 MBytes       
[  5]  30.00-40.00  sec  22.9 GBytes  19.7 Gbits/sec  1442   3.00 MBytes       
[  5]  40.00-50.00  sec  14.5 GBytes  12.4 Gbits/sec  320   3.00 MBytes       
[  5]  50.00-60.00  sec  19.7 GBytes  16.9 Gbits/sec    0   3.00 MBytes       
[  5]  60.00-70.00  sec  16.6 GBytes  14.3 Gbits/sec  504   2.68 MBytes       
[  5]  70.00-80.00  sec  16.7 GBytes  14.4 Gbits/sec    0   3.28 MBytes       
[  5]  80.00-90.00  sec  25.7 GBytes  22.0 Gbits/sec    0   3.28 MBytes       
[  5]  90.00-100.00 sec  21.9 GBytes  18.8 Gbits/sec    0   3.28 MBytes       
[  5] 100.00-110.00 sec  20.1 GBytes  17.3 Gbits/sec    0   3.28 MBytes       
[  5] 110.00-120.00 sec  21.6 GBytes  18.5 Gbits/sec    0   3.28 MBytes       
- - - - - - - - - - - - - - - - - - - - - - - - -
[ ID] Interval           Transfer     Bitrate         Retr
[  5]   0.00-120.00 sec   235 GBytes  16.8 Gbits/sec  2303             sender
[  5]   0.00-120.05 sec   235 GBytes  16.8 Gbits/sec                  receiver

iperf Done.
