Connecting to host 192.168.4.3, port 25006
[  5] local 192.168.4.2 port 40633 connected to 192.168.4.3 port 25006
[ ID] Interval           Transfer     Bitrate         Retr  Cwnd
[  5]   0.00-10.00  sec  20.7 GBytes  17.7 Gbits/sec  193   2.70 MBytes       
[  5]  10.00-20.00  sec  25.6 GBytes  22.0 Gbits/sec    0   2.73 MBytes       
[  5]  20.00-30.00  sec  23.0 GBytes  19.8 Gbits/sec    0   3.44 MBytes       
[  5]  30.00-40.00  sec  15.8 GBytes  13.6 Gbits/sec    0   3.44 MBytes       
[  5]  40.00-50.00  sec  17.5 GBytes  15.0 Gbits/sec    0   3.44 MBytes       
[  5]  50.00-60.00  sec  26.4 GBytes  22.7 Gbits/sec    0   3.44 MBytes       
[  5]  60.00-70.00  sec  25.9 GBytes  22.3 Gbits/sec    0   3.44 MBytes       
[  5]  70.00-80.00  sec  22.5 GBytes  19.4 Gbits/sec    0   3.44 MBytes       
[  5]  80.00-90.00  sec  24.7 GBytes  21.2 Gbits/sec    0   3.44 MBytes       
[  5]  90.00-100.00 sec  30.0 GBytes  25.8 Gbits/sec   24   3.44 MBytes       
[  5] 100.00-110.00 sec  34.0 GBytes  29.2 Gbits/sec    0   3.44 MBytes       
[  5] 110.00-120.00 sec  30.9 GBytes  26.6 Gbits/sec    0   3.44 MBytes       
- - - - - - - - - - - - - - - - - - - - - - - - -
[ ID] Interval           Transfer     Bitrate         Retr
[  5]   0.00-120.00 sec   297 GBytes  21.3 Gbits/sec  217             sender
[  5]   0.00-120.04 sec   297 GBytes  21.3 Gbits/sec                  receiver

iperf Done.
