Connecting to host 192.168.2.3, port 25003
[  5] local 192.168.2.2 port 52469 connected to 192.168.2.3 port 25003
[ ID] Interval           Transfer     Bitrate         Retr  Cwnd
[  5]   0.00-10.00  sec  21.2 GBytes  18.2 Gbits/sec  1070   1.45 MBytes       
[  5]  10.00-20.00  sec  25.0 GBytes  21.5 Gbits/sec    0   2.78 MBytes       
[  5]  20.00-30.00  sec  18.5 GBytes  15.9 Gbits/sec    0   3.82 MBytes       
[  5]  30.00-40.00  sec  18.6 GBytes  16.0 Gbits/sec    0   3.82 MBytes       
[  5]  40.00-50.00  sec  29.5 GBytes  25.4 Gbits/sec    0   3.82 MBytes       
[  5]  50.00-60.00  sec  26.3 GBytes  22.6 Gbits/sec    0   3.82 MBytes       
[  5]  60.00-70.00  sec  25.2 GBytes  21.6 Gbits/sec    0   3.82 MBytes       
[  5]  70.00-80.00  sec  25.0 GBytes  21.5 Gbits/sec  641   3.17 MBytes       
[  5]  80.00-90.00  sec  26.7 GBytes  22.9 Gbits/sec  2714   3.17 MBytes       
[  5]  90.00-100.00 sec  22.5 GBytes  19.3 Gbits/sec    0   3.17 MBytes       
[  5] 100.00-110.00 sec  27.8 GBytes  23.9 Gbits/sec    0   3.17 MBytes       
[  5] 110.00-120.00 sec  25.0 GBytes  21.5 Gbits/sec    0   3.17 MBytes       
- - - - - - - - - - - - - - - - - - - - - - - - -
[ ID] Interval           Transfer     Bitrate         Retr
[  5]   0.00-120.00 sec   291 GBytes  20.9 Gbits/sec  4425             sender
[  5]   0.00-120.04 sec   291 GBytes  20.9 Gbits/sec                  receiver

iperf Done.
