Connecting to host 192.168.2.3, port 25001
[  5] local 192.168.2.2 port 36539 connected to 192.168.2.3 port 25001
[ ID] Interval           Transfer     Bitrate         Retr  Cwnd
[  5]   0.00-10.00  sec  29.5 GBytes  25.4 Gbits/sec   73   2.15 MBytes       
[  5]  10.00-20.00  sec  26.6 GBytes  22.8 Gbits/sec  127   2.21 MBytes       
[  5]  20.00-30.00  sec  20.1 GBytes  17.2 Gbits/sec  566   2.29 MBytes       
[  5]  30.00-40.00  sec  29.3 GBytes  25.1 Gbits/sec    0   3.29 MBytes       
[  5]  40.00-50.00  sec  29.7 GBytes  25.5 Gbits/sec    0   3.29 MBytes       
[  5]  50.00-60.00  sec  30.8 GBytes  26.4 Gbits/sec    0   3.29 MBytes       
[  5]  60.00-70.00  sec  27.7 GBytes  23.8 Gbits/sec   24   3.29 MBytes       
[  5]  70.00-80.00  sec  26.1 GBytes  22.4 Gbits/sec    0   3.29 MBytes       
[  5]  80.00-90.00  sec  21.3 GBytes  18.3 Gbits/sec    0   3.29 MBytes       
[  5]  90.00-100.00 sec  22.4 GBytes  19.2 Gbits/sec    0   3.29 MBytes       
[  5] 100.00-110.00 sec  29.3 GBytes  25.2 Gbits/sec  215   3.05 MBytes       
[  5] 110.00-120.00 sec  30.7 GBytes  26.4 Gbits/sec    0   2.72 MBytes       
- - - - - - - - - - - - - - - - - - - - - - - - -
[ ID] Interval           Transfer     Bitrate         Retr
[  5]   0.00-120.00 sec   323 GBytes  23.2 Gbits/sec  1005             sender
[  5]   0.00-120.04 sec   323 GBytes  23.1 Gbits/sec                  receiver

iperf Done.
