Connecting to host 192.168.4.2, port 25007
[  5] local 192.168.4.3 port 42045 connected to 192.168.4.2 port 25007
[ ID] Interval           Transfer     Bitrate         Retr  Cwnd
[  5]   0.00-10.00  sec  14.4 GBytes  12.3 Gbits/sec  182   1.80 MBytes       
[  5]  10.00-20.00  sec  13.1 GBytes  11.3 Gbits/sec    0   3.35 MBytes       
[  5]  20.00-30.00  sec  14.5 GBytes  12.5 Gbits/sec    0   3.35 MBytes       
[  5]  30.00-40.00  sec  16.3 GBytes  14.0 Gbits/sec    2   3.35 MBytes       
[  5]  40.00-50.00  sec  26.3 GBytes  22.6 Gbits/sec  580   1.64 MBytes       
[  5]  50.00-60.00  sec  29.0 GBytes  24.9 Gbits/sec    0   2.77 MBytes       
[  5]  60.00-70.00  sec  29.1 GBytes  25.0 Gbits/sec    0   3.15 MBytes       
[  5]  70.00-80.00  sec  27.4 GBytes  23.6 Gbits/sec    0   3.15 MBytes       
[  5]  80.00-90.00  sec  20.1 GBytes  17.3 Gbits/sec    0   3.15 MBytes       
[  5]  90.00-100.00 sec  20.7 GBytes  17.8 Gbits/sec    0   3.15 MBytes       
[  5] 100.00-110.00 sec  17.9 GBytes  15.4 Gbits/sec    0   3.15 MBytes       
[  5] 110.00-120.00 sec  21.6 GBytes  18.5 Gbits/sec    0   3.15 MBytes       
- - - - - - - - - - - - - - - - - - - - - - - - -
[ ID] Interval           Transfer     Bitrate         Retr
[  5]   0.00-120.00 sec   250 GBytes  17.9 Gbits/sec  764             sender
[  5]   0.00-120.05 sec   250 GBytes  17.9 Gbits/sec                  receiver

iperf Done.
