Connecting to host 192.168.2.3, port 25002
[  5] local 192.168.2.2 port 52347 connected to 192.168.2.3 port 25002
[ ID] Interval           Transfer     Bitrate         Retr  Cwnd
[  5]   0.00-10.00  sec  21.5 GBytes  18.5 Gbits/sec    2   3.01 MBytes       
[  5]  10.00-20.00  sec  22.9 GBytes  19.7 Gbits/sec    0   3.01 MBytes       
[  5]  20.00-30.00  sec  26.5 GBytes  22.8 Gbits/sec    0   3.01 MBytes       
[  5]  30.00-40.00  sec  19.2 GBytes  16.5 Gbits/sec   14   3.01 MBytes       
[  5]  40.00-50.00  sec  21.4 GBytes  18.4 Gbits/sec    0   3.01 MBytes       
[  5]  50.00-60.00  sec  21.2 GBytes  18.2 Gbits/sec    9   3.01 MBytes       
[  5]  60.00-70.00  sec  23.8 GBytes  20.4 Gbits/sec    0   3.01 MBytes       
[  5]  70.00-80.00  sec  21.2 GBytes  18.2 Gbits/sec  270   3.01 MBytes       
[  5]  80.00-90.00  sec  21.7 GBytes  18.7 Gbits/sec  138   3.01 MBytes       
[  5]  90.00-100.00 sec  30.6 GBytes  26.3 Gbits/sec   45   3.01 MBytes       
[  5] 100.00-110.00 sec  21.3 GBytes  18.3 Gbits/sec    0   3.01 MBytes       
[  5] 110.00-120.00 sec  25.3 GBytes  21.7 Gbits/sec    0   3.01 MBytes       
- - - - - - - - - - - - - - - - - - - - - - - - -
[ ID] Interval           Transfer     Bitrate         Retr
[  5]   0.00-120.00 sec   277 GBytes  19.8 Gbits/sec  478             sender
[  5]   0.00-120.04 sec   277 GBytes  19.8 Gbits/sec                  receiver

iperf Done.
