Connecting to host 192.168.4.3, port 25004
[  5] local 192.168.4.2 port 43991 connected to 192.168.4.3 port 25004
[ ID] Interval           Transfer     Bitrate         Retr  Cwnd
[  5]   0.00-10.00  sec  30.3 GBytes  26.0 Gbits/sec   82   2.65 MBytes       
[  5]  10.00-20.00  sec  23.5 GBytes  20.2 Gbits/sec  848   1.91 MBytes       
[  5]  20.00-30.00  sec  23.6 GBytes  20.2 Gbits/sec  522   2.46 MBytes       
[  5]  30.00-40.00  sec  36.6 GBytes  31.5 Gbits/sec    0   2.46 MBytes       
[  5]  40.00-50.00  sec  37.5 GBytes  32.2 Gbits/sec    0   2.71 MBytes       
[  5]  50.00-60.00  sec  24.0 GBytes  20.6 Gbits/sec    0   3.19 MBytes       
[  5]  60.00-70.00  sec  23.6 GBytes  20.3 Gbits/sec    0   3.19 MBytes       
[  5]  70.00-80.00  sec  25.7 GBytes  22.1 Gbits/sec    0   3.19 MBytes       
[  5]  80.00-90.00  sec  25.0 GBytes  21.4 Gbits/sec    0   3.19 MBytes       
[  5]  90.00-100.00 sec  30.2 GBytes  26.0 Gbits/sec    0   3.19 MBytes       
[  5] 100.00-110.00 sec  34.0 GBytes  29.2 Gbits/sec    0   3.19 MBytes       
[  5] 110.00-120.00 sec  19.0 GBytes  16.3 Gbits/sec    0   3.19 MBytes       
- - - - - - - - - - - - - - - - - - - - - - - - -
[ ID] Interval           Transfer     Bitrate         Retr
[  5]   0.00-120.00 sec   333 GBytes  23.8 Gbits/sec  1452             sender
[  5]   0.00-120.04 sec   333 GBytes  23.8 Gbits/sec                  receiver

iperf Done.
