Connecting to host 192.168.2.3, port 25000
[  5] local 192.168.2.2 port 54611 connected to 192.168.2.3 port 25000
[ ID] Interval           Transfer     Bitrate         Retr  Cwnd
[  5]   0.00-10.00  sec  24.2 GBytes  20.8 Gbits/sec   49   2.48 MBytes       
[  5]  10.00-20.00  sec  30.7 GBytes  26.3 Gbits/sec    0   2.81 MBytes       
[  5]  20.00-30.00  sec  25.1 GBytes  21.5 Gbits/sec    0   4.43 MBytes       
[  5]  30.00-40.00  sec  28.5 GBytes  24.5 Gbits/sec    1   4.43 MBytes       
[  5]  40.00-50.00  sec  20.5 GBytes  17.6 Gbits/sec   59   4.43 MBytes       
[  5]  50.00-60.00  sec  17.1 GBytes  14.7 Gbits/sec  156   4.43 MBytes       
[  5]  60.00-70.00  sec  23.7 GBytes  20.4 Gbits/sec    0   4.43 MBytes       
[  5]  70.00-80.00  sec  37.8 GBytes  32.5 Gbits/sec    0   4.43 MBytes       
[  5]  80.00-90.00  sec  25.8 GBytes  22.2 Gbits/sec    0   4.43 MBytes       
[  5]  90.00-100.00 sec  22.4 GBytes  19.3 Gbits/sec    0   4.43 MBytes       
[  5] 100.00-110.00 sec  28.9 GBytes  24.8 Gbits/sec    0   4.43 MBytes       
[  5] 110.00-120.00 sec  25.5 GBytes  21.9 Gbits/sec  579   4.43 MBytes       
- - - - - - - - - - - - - - - - - - - - - - - - -
[ ID] Interval           Transfer     Bitrate         Retr
[  5]   0.00-120.00 sec   310 GBytes  22.2 Gbits/sec  844             sender
[  5]   0.00-120.04 sec   310 GBytes  22.2 Gbits/sec                  receiver

iperf Done.
