Connecting to host 192.168.4.2, port 25004
[  5] local 192.168.4.3 port 36465 connected to 192.168.4.2 port 25004
[ ID] Interval           Transfer     Bitrate         Retr  Cwnd
[  5]   0.00-10.00  sec  10.3 GBytes  8.82 Gbits/sec   13   1.51 MBytes       
[  5]  10.00-20.00  sec  17.3 GBytes  14.9 Gbits/sec    1   1.63 MBytes       
[  5]  20.00-30.00  sec  20.1 GBytes  17.3 Gbits/sec    1   1.83 MBytes       
[  5]  30.00-40.00  sec  24.9 GBytes  21.4 Gbits/sec    0   2.16 MBytes       
[  5]  40.00-50.00  sec  31.4 GBytes  27.0 Gbits/sec    0   3.00 MBytes       
[  5]  50.00-60.00  sec  20.9 GBytes  17.9 Gbits/sec   24   3.00 MBytes       
[  5]  60.00-70.00  sec  27.0 GBytes  23.2 Gbits/sec    0   3.00 MBytes       
[  5]  70.00-80.00  sec  28.5 GBytes  24.5 Gbits/sec    0   3.00 MBytes       
[  5]  80.00-90.00  sec  19.0 GBytes  16.3 Gbits/sec  406   3.00 MBytes       
[  5]  90.00-100.00 sec  21.1 GBytes  18.1 Gbits/sec  220   3.00 MBytes       
[  5] 100.00-110.00 sec  22.5 GBytes  19.4 Gbits/sec    0   3.00 MBytes       
[  5] 110.00-120.00 sec  22.4 GBytes  19.3 Gbits/sec    0   3.00 MBytes       
- - - - - - - - - - - - - - - - - - - - - - - - -
[ ID] Interval           Transfer     Bitrate         Retr
[  5]   0.00-120.00 sec   265 GBytes  19.0 Gbits/sec  665             sender
[  5]   0.00-120.04 sec   265 GBytes  19.0 Gbits/sec                  receiver

iperf Done.
