Connecting to host 192.168.2.2, port 25001
[  5] local 192.168.2.3 port 52067 connected to 192.168.2.2 port 25001
[ ID] Interval           Transfer     Bitrate         Retr  Cwnd
[  5]   0.00-10.00  sec  14.2 GBytes  12.2 Gbits/sec  514   2.23 MBytes       
[  5]  10.00-20.00  sec  15.2 GBytes  13.1 Gbits/sec    0   2.75 MBytes       
[  5]  20.00-30.00  sec  18.4 GBytes  15.8 Gbits/sec    7   3.02 MBytes       
[  5]  30.00-40.00  sec  23.3 GBytes  20.0 Gbits/sec   90   3.02 MBytes       
[  5]  40.00-50.00  sec  23.3 GBytes  20.0 Gbits/sec   93   3.02 MBytes       
[  5]  50.00-60.00  sec  19.3 GBytes  16.6 Gbits/sec    0   3.02 MBytes       
[  5]  60.00-70.00  sec  15.1 GBytes  13.0 Gbits/sec    0   3.02 MBytes       
[  5]  70.00-80.00  sec  21.0 GBytes  18.1 Gbits/sec    0   3.02 MBytes       
[  5]  80.00-90.00  sec  18.0 GBytes  15.5 Gbits/sec    0   3.02 MBytes       
[  5]  90.00-100.00 sec  19.7 GBytes  16.9 Gbits/sec  1197   2.60 MBytes       
[  5] 100.00-110.00 sec  24.6 GBytes  21.1 Gbits/sec    0   2.81 MBytes       
[  5] 110.00-120.00 sec  20.0 GBytes  17.2 Gbits/sec    0   3.76 MBytes       
- - - - - - - - - - - - - - - - - - - - - - - - -
[ ID] Interval           Transfer     Bitrate         Retr
[  5]   0.00-120.00 sec   232 GBytes  16.6 Gbits/sec  1901             sender
[  5]   0.00-120.05 sec   232 GBytes  16.6 Gbits/sec                  receiver

iperf Done.
