Connecting to host 192.168.4.3, port 25004
[  5] local 192.168.4.2 port 38007 connected to 192.168.4.3 port 25004
[ ID] Interval           Transfer     Bitrate         Retr  Cwnd
[  5]   0.00-10.00  sec  26.3 GBytes  22.6 Gbits/sec  671   2.69 MBytes       
[  5]  10.00-20.00  sec  22.3 GBytes  19.1 Gbits/sec    0   3.62 MBytes       
[  5]  20.00-30.00  sec  19.1 GBytes  16.4 Gbits/sec  196   3.62 MBytes       
[  5]  30.00-40.00  sec  18.1 GBytes  15.5 Gbits/sec    0   3.62 MBytes       
[  5]  40.00-50.00  sec  27.2 GBytes  23.4 Gbits/sec    0   3.62 MBytes       
[  5]  50.00-60.00  sec  26.7 GBytes  22.9 Gbits/sec    0   3.62 MBytes       
[  5]  60.00-70.00  sec  19.7 GBytes  16.9 Gbits/sec    0   3.62 MBytes       
[  5]  70.00-80.00  sec  25.1 GBytes  21.6 Gbits/sec   89   3.62 MBytes       
[  5]  80.00-90.00  sec  22.2 GBytes  19.1 Gbits/sec    0   3.62 MBytes       
[  5]  90.00-100.00 sec  20.0 GBytes  17.2 Gbits/sec    0   3.62 MBytes       
[  5] 100.00-110.00 sec  19.2 GBytes  16.5 Gbits/sec    0   3.62 MBytes       
[  5] 110.00-120.00 sec  25.9 GBytes  22.2 Gbits/sec    0   3.62 MBytes       
- - - - - - - - - - - - - - - - - - - - - - - - -
[ ID] Interval           Transfer     Bitrate         Retr
[  5]   0.00-120.00 sec   272 GBytes  19.5 Gbits/sec  956             sender
[  5]   0.00-120.04 sec   272 GBytes  19.4 Gbits/sec                  receiver

iperf Done.
