Connecting to host 192.168.4.3, port 25007
[  5] local 192.168.4.2 port 36807 connected to 192.168.4.3 port 25007
[ ID] Interval           Transfer     Bitrate         Retr  Cwnd
[  5]   0.00-10.00  sec  29.4 GBytes  25.2 Gbits/sec   22   2.70 MBytes       
[  5]  10.00-20.00  sec  25.1 GBytes  21.6 Gbits/sec    2   2.74 MBytes       
[  5]  20.00-30.00  sec  37.3 GBytes  32.1 Gbits/sec   40   3.02 MBytes       
[  5]  30.00-40.00  sec  21.4 GBytes  18.4 Gbits/sec    0   3.02 MBytes       
[  5]  40.00-50.00  sec  17.7 GBytes  15.2 Gbits/sec   58   3.02 MBytes       
[  5]  50.00-60.00  sec  22.4 GBytes  19.2 Gbits/sec    0   3.02 MBytes       
[  5]  60.00-70.00  sec  18.2 GBytes  15.6 Gbits/sec    1   3.02 MBytes       
[  5]  70.00-80.00  sec  25.1 GBytes  21.6 Gbits/sec    0   3.02 MBytes       
[  5]  80.00-90.00  sec  29.1 GBytes  25.0 Gbits/sec    0   3.02 MBytes       
[  5]  90.00-100.00 sec  32.5 GBytes  27.9 Gbits/sec    0   3.02 MBytes       
[  5] 100.00-110.00 sec  21.5 GBytes  18.5 Gbits/sec    0   3.02 MBytes       
[  5] 110.00-120.00 sec  26.0 GBytes  22.3 Gbits/sec    0   3.02 MBytes       
- - - - - - - - - - - - - - - - - - - - - - - - -
[ ID] Interval           Transfer     Bitrate         Retr
[  5]   0.00-120.00 sec   306 GBytes  21.9 Gbits/sec  123             sender
[  5]   0.00-120.04 sec   306 GBytes  21.9 Gbits/sec                  receiver

iperf Done.
