Connecting to host 192.168.4.2, port 25005
[  5] local 192.168.4.3 port 47235 connected to 192.168.4.2 port 25005
[ ID] Interval           Transfer     Bitrate         Retr  Cwnd
[  5]   0.00-10.00  sec  16.4 GBytes  14.1 Gbits/sec    0   1.61 MBytes       
[  5]  10.00-20.00  sec  21.0 GBytes  18.0 Gbits/sec    0   2.06 MBytes       
[  5]  20.00-30.00  sec  17.5 GBytes  15.0 Gbits/sec    1   3.01 MBytes       
[  5]  30.00-40.00  sec  19.9 GBytes  17.1 Gbits/sec   91   3.00 MBytes       
[  5]  40.00-50.00  sec  18.2 GBytes  15.7 Gbits/sec  226   3.00 MBytes       
[  5]  50.00-60.00  sec  20.9 GBytes  17.9 Gbits/sec  128   2.33 MBytes       
[  5]  60.00-70.00  sec  27.3 GBytes  23.5 Gbits/sec   83   3.00 MBytes       
[  5]  70.00-80.00  sec  18.7 GBytes  16.1 Gbits/sec    0   3.00 MBytes       
[  5]  80.00-90.00  sec  18.9 GBytes  16.2 Gbits/sec  270   3.00 MBytes       
[  5]  90.00-100.00 sec  18.1 GBytes  15.5 Gbits/sec    1   2.70 MBytes       
[  5] 100.00-110.00 sec  21.1 GBytes  18.2 Gbits/sec    0   3.01 MBytes       
[  5] 110.00-120.00 sec  29.2 GBytes  25.1 Gbits/sec    0   3.01 MBytes       
- - - - - - - - - - - - - - - - - - - - - - - - -
[ ID] Interval           Transfer     Bitrate         Retr
[  5]   0.00-120.00 sec   247 GBytes  17.7 Gbits/sec  800             sender
[  5]   0.00-120.04 sec   247 GBytes  17.7 Gbits/sec                  receiver

iperf Done.
