Connecting to host 192.168.2.2, port 25002
[  5] local 192.168.2.3 port 47665 connected to 192.168.2.2 port 25002
[ ID] Interval           Transfer     Bitrate         Retr  Cwnd
[  5]   0.00-10.00  sec  20.3 GBytes  17.4 Gbits/sec    2   2.45 MBytes       
[  5]  10.00-20.00  sec  29.8 GBytes  25.6 Gbits/sec    8   2.77 MBytes       
[  5]  20.00-30.00  sec  22.3 GBytes  19.1 Gbits/sec    0   2.56 MBytes       
[  5]  30.00-40.00  sec  17.0 GBytes  14.6 Gbits/sec   76   3.07 MBytes       
[  5]  40.00-50.00  sec  17.5 GBytes  15.0 Gbits/sec    0   3.07 MBytes       
[  5]  50.00-60.00  sec  24.8 GBytes  21.3 Gbits/sec    0   3.07 MBytes       
[  5]  60.00-70.00  sec  21.9 GBytes  18.8 Gbits/sec    0   3.07 MBytes       
[  5]  70.00-80.00  sec  17.8 GBytes  15.3 Gbits/sec    0   3.07 MBytes       
[  5]  80.00-90.00  sec  24.3 GBytes  20.8 Gbits/sec    0   3.07 MBytes       
[  5]  90.00-100.00 sec  20.2 GBytes  17.4 Gbits/sec  262   3.07 MBytes       
[  5] 100.00-110.00 sec  15.9 GBytes  13.6 Gbits/sec    0   3.07 MBytes       
[  5] 110.00-120.00 sec  20.3 GBytes  17.4 Gbits/sec    0   3.07 MBytes       
- - - - - - - - - - - - - - - - - - - - - - - - -
[ ID] Interval           Transfer     Bitrate         Retr
[  5]   0.00-120.00 sec   252 GBytes  18.0 Gbits/sec  348             sender
[  5]   0.00-120.05 sec   252 GBytes  18.0 Gbits/sec                  receiver

iperf Done.
