Connecting to host 192.168.2.2, port 25000
[  5] local 192.168.2.3 port 54403 connected to 192.168.2.2 port 25000
[ ID] Interval           Transfer     Bitrate         Retr  Cwnd
[  5]   0.00-10.00  sec  9.13 GBytes  7.84 Gbits/sec    0   2.57 MBytes       
[  5]  10.00-20.00  sec  16.0 GBytes  13.7 Gbits/sec    0   3.12 MBytes       
[  5]  20.00-30.00  sec  20.7 GBytes  17.8 Gbits/sec    0   3.12 MBytes       
[  5]  30.00-40.00  sec  19.7 GBytes  16.9 Gbits/sec  543   2.33 MBytes       
[  5]  40.00-50.00  sec  23.4 GBytes  20.1 Gbits/sec    0   4.05 MBytes       
[  5]  50.00-60.00  sec  15.9 GBytes  13.6 Gbits/sec    0   4.05 MBytes       
[  5]  60.00-70.00  sec  17.8 GBytes  15.3 Gbits/sec    0   4.05 MBytes       
[  5]  70.00-80.00  sec  19.8 GBytes  17.0 Gbits/sec    0   4.05 MBytes       
[  5]  80.00-90.00  sec  19.7 GBytes  17.0 Gbits/sec    0   4.05 MBytes       
[  5]  90.00-100.00 sec  22.6 GBytes  19.4 Gbits/sec    0   4.05 MBytes       
[  5] 100.00-110.00 sec  24.6 GBytes  21.1 Gbits/sec    0   4.05 MBytes       
[  5] 110.00-120.00 sec  20.5 GBytes  17.7 Gbits/sec    0   4.05 MBytes       
- - - - - - - - - - - - - - - - - - - - - - - - -
[ ID] Interval           Transfer     Bitrate         Retr
[  5]   0.00-120.00 sec   230 GBytes  16.4 Gbits/sec  543             sender
[  5]   0.00-120.05 sec   230 GBytes  16.4 Gbits/sec                  receiver

iperf Done.
