Connecting to host 192.168.2.3, port 25003
[  5] local 192.168.2.2 port 37591 connected to 192.168.2.3 port 25003
[ ID] Interval           Transfer     Bitrate         Retr  Cwnd
[  5]   0.00-10.00  sec  21.0 GBytes  18.1 Gbits/sec   41   2.69 MBytes       
[  5]  10.00-20.00  sec  23.9 GBytes  20.6 Gbits/sec    0   2.83 MBytes       
[  5]  20.00-30.00  sec  31.2 GBytes  26.8 Gbits/sec    0   3.35 MBytes       
[  5]  30.00-40.00  sec  21.0 GBytes  18.0 Gbits/sec    0   3.05 MBytes       
[  5]  40.00-50.00  sec  29.4 GBytes  25.2 Gbits/sec    0   3.05 MBytes       
[  5]  50.00-60.00  sec  36.8 GBytes  31.6 Gbits/sec    0   3.05 MBytes       
[  5]  60.00-70.00  sec  27.4 GBytes  23.5 Gbits/sec   90   3.05 MBytes       
[  5]  70.00-80.00  sec  18.1 GBytes  15.6 Gbits/sec    0   3.05 MBytes       
[  5]  80.00-90.00  sec  26.1 GBytes  22.4 Gbits/sec    0   3.05 MBytes       
[  5]  90.00-100.00 sec  26.6 GBytes  22.8 Gbits/sec    0   3.05 MBytes       
[  5] 100.00-110.00 sec  32.7 GBytes  28.1 Gbits/sec    0   3.05 MBytes       
[  5] 110.00-120.00 sec  21.1 GBytes  18.1 Gbits/sec    0   3.05 MBytes       
- - - - - - - - - - - - - - - - - - - - - - - - -
[ ID] Interval           Transfer     Bitrate         Retr
[  5]   0.00-120.00 sec   315 GBytes  22.6 Gbits/sec  131             sender
[  5]   0.00-120.05 sec   315 GBytes  22.6 Gbits/sec                  receiver

iperf Done.
