Connecting to host 192.168.2.3, port 25001
[  5] local 192.168.2.2 port 47609 connected to 192.168.2.3 port 25001
[ ID] Interval           Transfer     Bitrate         Retr  Cwnd
[  5]   0.00-10.00  sec  29.0 GBytes  24.9 Gbits/sec   16   2.21 MBytes       
[  5]  10.00-20.00  sec  21.1 GBytes  18.1 Gbits/sec    0   3.01 MBytes       
[  5]  20.00-30.00  sec  23.2 GBytes  19.9 Gbits/sec    0   3.01 MBytes       
[  5]  30.00-40.00  sec  21.2 GBytes  18.2 Gbits/sec  607   3.01 MBytes       
[  5]  40.00-50.00  sec  23.7 GBytes  20.4 Gbits/sec    0   3.01 MBytes       
[  5]  50.00-60.00  sec  25.5 GBytes  21.9 Gbits/sec    0   3.01 MBytes       
[  5]  60.00-70.00  sec  33.7 GBytes  28.9 Gbits/sec    0   3.01 MBytes       
[  5]  70.00-80.00  sec  18.2 GBytes  15.6 Gbits/sec  405   3.01 MBytes       
[  5]  80.00-90.00  sec  23.1 GBytes  19.8 Gbits/sec    0   3.01 MBytes       
[  5]  90.00-100.00 sec  20.7 GBytes  17.8 Gbits/sec    4   3.01 MBytes       
[  5] 100.00-110.00 sec  23.8 GBytes  20.4 Gbits/sec    0   3.01 MBytes       
[  5] 110.00-120.00 sec  21.8 GBytes  18.8 Gbits/sec    0   3.01 MBytes       
- - - - - - - - - - - - - - - - - - - - - - - - -
[ ID] Interval           Transfer     Bitrate         Retr
[  5]   0.00-120.00 sec   285 GBytes  20.4 Gbits/sec  1032             sender
[  5]   0.00-120.04 sec   285 GBytes  20.4 Gbits/sec                  receiver

iperf Done.
