Connecting to host 192.168.2.3, port 25002
[  5] local 192.168.2.2 port 34127 connected to 192.168.2.3 port 25002
[ ID] Interval           Transfer     Bitrate         Retr  Cwnd
[  5]   0.00-10.00  sec  31.0 GBytes  26.6 Gbits/sec   35   1.99 MBytes       
[  5]  10.00-20.00  sec  26.6 GBytes  22.8 Gbits/sec   88   2.33 MBytes       
[  5]  20.00-30.00  sec  21.1 GBytes  18.1 Gbits/sec    0   3.18 MBytes       
[  5]  30.00-40.00  sec  30.9 GBytes  26.5 Gbits/sec    0   3.18 MBytes       
[  5]  40.00-50.00  sec  29.5 GBytes  25.4 Gbits/sec    0   3.18 MBytes       
[  5]  50.00-60.00  sec  19.2 GBytes  16.5 Gbits/sec    0   3.18 MBytes       
[  5]  60.00-70.00  sec  17.1 GBytes  14.6 Gbits/sec    0   3.18 MBytes       
[  5]  70.00-80.00  sec  27.5 GBytes  23.6 Gbits/sec    0   3.18 MBytes       
[  5]  80.00-90.00  sec  25.8 GBytes  22.2 Gbits/sec    0   3.18 MBytes       
[  5]  90.00-100.00 sec  32.7 GBytes  28.1 Gbits/sec    0   3.18 MBytes       
[  5] 100.00-110.00 sec  19.5 GBytes  16.7 Gbits/sec  256   3.18 MBytes       
[  5] 110.00-120.00 sec  35.0 GBytes  30.0 Gbits/sec    0   3.18 MBytes       
- - - - - - - - - - - - - - - - - - - - - - - - -
[ ID] Interval           Transfer     Bitrate         Retr
[  5]   0.00-120.00 sec   316 GBytes  22.6 Gbits/sec  379             sender
[  5]   0.00-120.05 sec   316 GBytes  22.6 Gbits/sec                  receiver

iperf Done.
