Connecting to host 192.168.4.3, port 25005
[  5] local 192.168.4.2 port 55269 connected to 192.168.4.3 port 25005
[ ID] Interval           Transfer     Bitrate         Retr  Cwnd
[  5]   0.00-10.00  sec  20.3 GBytes  17.4 Gbits/sec  1110   2.24 MBytes       
[  5]  10.00-20.00  sec  25.6 GBytes  22.0 Gbits/sec    0   1.59 MBytes       
[  5]  20.00-30.00  sec  18.2 GBytes  15.7 Gbits/sec  102   2.13 MBytes       
[  5]  30.00-40.00  sec  20.8 GBytes  17.8 Gbits/sec    0   3.27 MBytes       
[  5]  40.00-50.00  sec  20.3 GBytes  17.4 Gbits/sec   12   3.27 MBytes       
[  5]  50.00-60.00  sec  21.5 GBytes  18.5 Gbits/sec  456   2.19 MBytes       
[  5]  60.00-70.00  sec  29.1 GBytes  25.0 Gbits/sec  669   3.01 MBytes       
[  5]  70.00-80.00  sec  19.5 GBytes  16.8 Gbits/sec    0   3.01 MBytes       
[  5]  80.00-90.00  sec  33.5 GBytes  28.8 Gbits/sec    0   3.01 MBytes       
[  5]  90.00-100.00 sec  29.2 GBytes  25.1 Gbits/sec    0   3.01 MBytes       
[  5] 100.00-110.00 sec  33.7 GBytes  28.9 Gbits/sec    0   3.01 MBytes       
[  5] 110.00-120.00 sec  23.2 GBytes  19.9 Gbits/sec    0   3.01 MBytes       
- - - - - - - - - - - - - - - - - - - - - - - - -
[ ID] Interval           Transfer     Bitrate         Retr
[  5]   0.00-120.00 sec   295 GBytes  21.1 Gbits/sec  2349             sender
[  5]   0.00-120.05 sec   295 GBytes  21.1 Gbits/sec                  receiver

iperf Done.
