Connecting to host 192.168.2.3, port 25003
[  5] local 192.168.2.2 port 55497 connected to 192.168.2.3 port 25003
[ ID] Interval           Transfer     Bitrate         Retr  Cwnd
[  5]   0.00-10.00  sec  32.9 GBytes  28.2 Gbits/sec  634   2.19 MBytes       
[  5]  10.00-20.00  sec  25.4 GBytes  21.8 Gbits/sec  498   3.00 MBytes       
[  5]  20.00-30.00  sec  26.9 GBytes  23.1 Gbits/sec  305   3.00 MBytes       
[  5]  30.00-40.00  sec  25.3 GBytes  21.7 Gbits/sec    0   3.00 MBytes       
[  5]  40.00-50.00  sec  32.2 GBytes  27.6 Gbits/sec    0   2.69 MBytes       
[  5]  50.00-60.00  sec  25.6 GBytes  22.0 Gbits/sec   90   3.00 MBytes       
[  5]  60.00-70.00  sec  24.4 GBytes  21.0 Gbits/sec    0   3.00 MBytes       
[  5]  70.00-80.00  sec  26.4 GBytes  22.7 Gbits/sec    0   3.00 MBytes       
[  5]  80.00-90.00  sec  20.8 GBytes  17.8 Gbits/sec    0   3.00 MBytes       
[  5]  90.00-100.00 sec  20.8 GBytes  17.9 Gbits/sec    0   3.00 MBytes       
[  5] 100.00-110.00 sec  23.6 GBytes  20.2 Gbits/sec    0   3.00 MBytes       
[  5] 110.00-120.00 sec  25.2 GBytes  21.7 Gbits/sec    0   3.00 MBytes       
- - - - - - - - - - - - - - - - - - - - - - - - -
[ ID] Interval           Transfer     Bitrate         Retr
[  5]   0.00-120.00 sec   309 GBytes  22.1 Gbits/sec  1527             sender
[  5]   0.00-120.05 sec   309 GBytes  22.1 Gbits/sec                  receiver

iperf Done.
