Connecting to host 192.168.2.3, port 25002
[  5] local 192.168.2.2 port 45945 connected to 192.168.2.3 port 25002
[ ID] Interval           Transfer     Bitrate         Retr  Cwnd
[  5]   0.00-10.00  sec  29.1 GBytes  25.0 Gbits/sec  1472   3.10 MBytes       
[  5]  10.00-20.00  sec  23.5 GBytes  20.2 Gbits/sec  444   3.02 MBytes       
[  5]  20.00-30.00  sec  26.4 GBytes  22.7 Gbits/sec    0   3.02 MBytes       
[  5]  30.00-40.00  sec  25.3 GBytes  21.7 Gbits/sec    0   3.02 MBytes       
[  5]  40.00-50.00  sec  26.5 GBytes  22.7 Gbits/sec    0   3.02 MBytes       
[  5]  50.00-60.00  sec  25.6 GBytes  22.0 Gbits/sec  246   3.02 MBytes       
[  5]  60.00-70.00  sec  27.1 GBytes  23.3 Gbits/sec    0   3.02 MBytes       
[  5]  70.00-80.00  sec  30.3 GBytes  26.0 Gbits/sec    0   3.02 MBytes       
[  5]  80.00-90.00  sec  22.5 GBytes  19.4 Gbits/sec   90   3.02 MBytes       
[  5]  90.00-100.00 sec  28.7 GBytes  24.7 Gbits/sec    0   3.02 MBytes       
[  5] 100.00-110.00 sec  23.1 GBytes  19.8 Gbits/sec    0   3.02 MBytes       
[  5] 110.00-120.00 sec  30.4 GBytes  26.1 Gbits/sec    0   3.02 MBytes       
- - - - - - - - - - - - - - - - - - - - - - - - -
[ ID] Interval           Transfer     Bitrate         Retr
[  5]   0.00-120.00 sec   319 GBytes  22.8 Gbits/sec  2252             sender
[  5]   0.00-120.04 sec   319 GBytes  22.8 Gbits/sec                  receiver

iperf Done.
