Connecting to host 192.168.4.3, port 25007
[  5] local 192.168.4.2 port 60625 connected to 192.168.4.3 port 25007
[ ID] Interval           Transfer     Bitrate         Retr  Cwnd
[  5]   0.00-10.00  sec  28.7 GBytes  24.6 Gbits/sec  2897   2.87 MBytes       
[  5]  10.00-20.00  sec  25.1 GBytes  21.5 Gbits/sec  2267   3.00 MBytes       
[  5]  20.00-30.00  sec  36.6 GBytes  31.5 Gbits/sec   10   3.00 MBytes       
[  5]  30.00-40.00  sec  33.6 GBytes  28.8 Gbits/sec    0   3.00 MBytes       
[  5]  40.00-50.00  sec  29.6 GBytes  25.4 Gbits/sec  253   3.00 MBytes       
[  5]  50.00-60.00  sec  29.5 GBytes  25.3 Gbits/sec    0   3.00 MBytes       
[  5]  60.00-70.00  sec  26.7 GBytes  23.0 Gbits/sec  684   3.00 MBytes       
[  5]  70.00-80.00  sec  34.3 GBytes  29.4 Gbits/sec    0   3.00 MBytes       
[  5]  80.00-90.00  sec  18.4 GBytes  15.8 Gbits/sec   46   3.00 MBytes       
[  5]  90.00-100.00 sec  20.7 GBytes  17.8 Gbits/sec    0   3.00 MBytes       
[  5] 100.00-110.00 sec  23.7 GBytes  20.4 Gbits/sec  485   3.00 MBytes       
[  5] 110.00-120.00 sec  24.2 GBytes  20.8 Gbits/sec    0   3.00 MBytes       
- - - - - - - - - - - - - - - - - - - - - - - - -
[ ID] Interval           Transfer     Bitrate         Retr
[  5]   0.00-120.00 sec   331 GBytes  23.7 Gbits/sec  6642             sender
[  5]   0.00-120.05 sec   331 GBytes  23.7 Gbits/sec                  receiver

iperf Done.
