Connecting to host 192.168.4.3, port 25006
[  5] local 192.168.4.2 port 60929 connected to 192.168.4.3 port 25006
[ ID] Interval           Transfer     Bitrate         Retr  Cwnd
[  5]   0.00-10.00  sec  21.0 GBytes  18.1 Gbits/sec    1   3.01 MBytes       
[  5]  10.00-20.00  sec  24.7 GBytes  21.2 Gbits/sec    0   3.01 MBytes       
[  5]  20.00-30.00  sec  18.2 GBytes  15.7 Gbits/sec    0   3.01 MBytes       
[  5]  30.00-40.00  sec  21.6 GBytes  18.6 Gbits/sec    0   3.01 MBytes       
[  5]  40.00-50.00  sec  22.8 GBytes  19.5 Gbits/sec    0   3.01 MBytes       
[  5]  50.00-60.00  sec  22.5 GBytes  19.3 Gbits/sec   45   3.01 MBytes       
[  5]  60.00-70.00  sec  19.5 GBytes  16.8 Gbits/sec  104   3.01 MBytes       
[  5]  70.00-80.00  sec  31.4 GBytes  27.0 Gbits/sec    0   3.01 MBytes       
[  5]  80.00-90.00  sec  31.2 GBytes  26.8 Gbits/sec    0   3.01 MBytes       
[  5]  90.00-100.00 sec  25.0 GBytes  21.5 Gbits/sec    0   3.01 MBytes       
[  5] 100.00-110.00 sec  22.2 GBytes  19.1 Gbits/sec    0   3.01 MBytes       
[  5] 110.00-120.00 sec  32.5 GBytes  27.9 Gbits/sec    0   3.01 MBytes       
- - - - - - - - - - - - - - - - - - - - - - - - -
[ ID] Interval           Transfer     Bitrate         Retr
[  5]   0.00-120.00 sec   293 GBytes  20.9 Gbits/sec  150             sender
[  5]   0.00-120.05 sec   293 GBytes  20.9 Gbits/sec                  receiver

iperf Done.
