Connecting to host 192.168.4.2, port 25006
[  5] local 192.168.4.3 port 52933 connected to 192.168.4.2 port 25006
[ ID] Interval           Transfer     Bitrate         Retr  Cwnd
[  5]   0.00-10.00  sec  24.0 GBytes  20.6 Gbits/sec  330   2.12 MBytes       
[  5]  10.00-20.00  sec  17.3 GBytes  14.9 Gbits/sec   22   2.88 MBytes       
[  5]  20.00-30.00  sec  14.7 GBytes  12.7 Gbits/sec    0   3.26 MBytes       
[  5]  30.00-40.00  sec  19.5 GBytes  16.8 Gbits/sec    0   3.26 MBytes       
[  5]  40.00-50.00  sec  22.0 GBytes  18.9 Gbits/sec    5   3.26 MBytes       
[  5]  50.00-60.00  sec  23.5 GBytes  20.2 Gbits/sec  104   3.01 MBytes       
[  5]  60.00-70.00  sec  17.6 GBytes  15.1 Gbits/sec   54   3.01 MBytes       
[  5]  70.00-80.00  sec  20.2 GBytes  17.3 Gbits/sec    0   3.01 MBytes       
[  5]  80.00-90.00  sec  28.7 GBytes  24.7 Gbits/sec    0   3.01 MBytes       
[  5]  90.00-100.00 sec  26.6 GBytes  22.9 Gbits/sec    0   3.01 MBytes       
[  5] 100.00-110.00 sec  22.8 GBytes  19.6 Gbits/sec    0   3.01 MBytes       
[  5] 110.00-120.00 sec  22.8 GBytes  19.6 Gbits/sec    0   3.01 MBytes       
- - - - - - - - - - - - - - - - - - - - - - - - -
[ ID] Interval           Transfer     Bitrate         Retr
[  5]   0.00-120.00 sec   260 GBytes  18.6 Gbits/sec  515             sender
[  5]   0.00-120.04 sec   260 GBytes  18.6 Gbits/sec                  receiver

iperf Done.
