Connecting to host 192.168.2.3, port 25001
[  5] local 192.168.2.2 port 58375 connected to 192.168.2.3 port 25001
[ ID] Interval           Transfer     Bitrate         Retr  Cwnd
[  5]   0.00-10.00  sec  17.4 GBytes  15.0 Gbits/sec  989   3.07 MBytes       
[  5]  10.00-20.00  sec  23.3 GBytes  20.0 Gbits/sec  104   3.07 MBytes       
[  5]  20.00-30.00  sec  27.6 GBytes  23.7 Gbits/sec    0   3.07 MBytes       
[  5]  30.00-40.00  sec  28.7 GBytes  24.6 Gbits/sec    0   3.07 MBytes       
[  5]  40.00-50.00  sec  23.5 GBytes  20.2 Gbits/sec  571   3.07 MBytes       
[  5]  50.00-60.00  sec  30.7 GBytes  26.4 Gbits/sec    0   3.07 MBytes       
[  5]  60.00-70.00  sec  28.9 GBytes  24.8 Gbits/sec    0   3.07 MBytes       
[  5]  70.00-80.00  sec  23.6 GBytes  20.3 Gbits/sec    0   3.07 MBytes       
[  5]  80.00-90.00  sec  26.4 GBytes  22.7 Gbits/sec    0   3.07 MBytes       
[  5]  90.00-100.00 sec  25.1 GBytes  21.6 Gbits/sec    0   3.07 MBytes       
[  5] 100.00-110.00 sec  30.8 GBytes  26.5 Gbits/sec    0   3.07 MBytes       
[  5] 110.00-120.00 sec  27.4 GBytes  23.5 Gbits/sec    0   3.07 MBytes       
- - - - - - - - - - - - - - - - - - - - - - - - -
[ ID] Interval           Transfer     Bitrate         Retr
[  5]   0.00-120.00 sec   313 GBytes  22.4 Gbits/sec  1664             sender
[  5]   0.00-120.04 sec   313 GBytes  22.4 Gbits/sec                  receiver

iperf Done.
