Connecting to host 192.168.2.3, port 25000
[  5] local 192.168.2.2 port 34089 connected to 192.168.2.3 port 25000
[ ID] Interval           Transfer     Bitrate         Retr  Cwnd
[  5]   0.00-10.00  sec  18.2 GBytes  15.6 Gbits/sec  4123   3.13 MBytes       
[  5]  10.00-20.00  sec  26.6 GBytes  22.9 Gbits/sec    0   3.13 MBytes       
[  5]  20.00-30.00  sec  23.7 GBytes  20.4 Gbits/sec    0   3.13 MBytes       
[  5]  30.00-40.00  sec  26.0 GBytes  22.3 Gbits/sec    0   3.13 MBytes       
[  5]  40.00-50.00  sec  23.1 GBytes  19.9 Gbits/sec    2   2.26 MBytes       
[  5]  50.00-60.00  sec  21.1 GBytes  18.1 Gbits/sec  166   2.98 MBytes       
[  5]  60.00-70.00  sec  23.1 GBytes  19.9 Gbits/sec    0   3.07 MBytes       
[  5]  70.00-80.00  sec  23.5 GBytes  20.1 Gbits/sec    0   3.07 MBytes       
[  5]  80.00-90.00  sec  32.0 GBytes  27.5 Gbits/sec    0   3.07 MBytes       
[  5]  90.00-100.00 sec  25.8 GBytes  22.2 Gbits/sec    0   3.07 MBytes       
[  5] 100.00-110.00 sec  27.3 GBytes  23.4 Gbits/sec    0   3.07 MBytes       
[  5] 110.00-120.00 sec  21.8 GBytes  18.7 Gbits/sec  453   3.07 MBytes       
- - - - - - - - - - - - - - - - - - - - - - - - -
[ ID] Interval           Transfer     Bitrate         Retr
[  5]   0.00-120.00 sec   292 GBytes  20.9 Gbits/sec  4744             sender
[  5]   0.00-120.05 sec   292 GBytes  20.9 Gbits/sec                  receiver

iperf Done.
