Connecting to host 192.168.2.2, port 25001
[  5] local 192.168.2.3 port 34277 connected to 192.168.2.2 port 25001
[ ID] Interval           Transfer     Bitrate         Retr  Cwnd
[  5]   0.00-10.00  sec  20.8 GBytes  17.8 Gbits/sec  629   2.90 MBytes       
[  5]  10.00-20.00  sec  19.9 GBytes  17.1 Gbits/sec    2   3.00 MBytes       
[  5]  20.00-30.00  sec  16.3 GBytes  14.0 Gbits/sec  657   2.79 MBytes       
[  5]  30.00-40.00  sec  19.4 GBytes  16.6 Gbits/sec   99   3.00 MBytes       
[  5]  40.00-50.00  sec  14.8 GBytes  12.7 Gbits/sec   91   3.00 MBytes       
[  5]  50.00-60.00  sec  17.2 GBytes  14.8 Gbits/sec   23   3.00 MBytes       
[  5]  60.00-70.00  sec  23.9 GBytes  20.5 Gbits/sec    0   3.00 MBytes       
[  5]  70.00-80.00  sec  28.5 GBytes  24.5 Gbits/sec    0   3.00 MBytes       
[  5]  80.00-90.00  sec  29.1 GBytes  25.0 Gbits/sec    0   3.00 MBytes       
[  5]  90.00-100.00 sec  32.0 GBytes  27.5 Gbits/sec    0   3.00 MBytes       
[  5] 100.00-110.00 sec  20.9 GBytes  18.0 Gbits/sec    0   3.00 MBytes       
[  5] 110.00-120.00 sec  20.4 GBytes  17.5 Gbits/sec    8   3.00 MBytes       
- - - - - - - - - - - - - - - - - - - - - - - - -
[ ID] Interval           Transfer     Bitrate         Retr
[  5]   0.00-120.00 sec   263 GBytes  18.8 Gbits/sec  1509             sender
[  5]   0.00-120.04 sec   263 GBytes  18.8 Gbits/sec                  receiver

iperf Done.
