Connecting to host 192.168.4.2, port 25007
[  5] local 192.168.4.3 port 33257 connected to 192.168.4.2 port 25007
[ ID] Interval           Transfer     Bitrate         Retr  Cwnd
[  5]   0.00-10.00  sec  21.7 GBytes  18.6 Gbits/sec  1543   3.00 MBytes       
[  5]  10.00-20.00  sec  25.9 GBytes  22.3 Gbits/sec  615   3.00 MBytes       
[  5]  20.00-30.00  sec  25.4 GBytes  21.8 Gbits/sec    0   3.00 MBytes       
[  5]  30.00-40.00  sec  21.3 GBytes  18.3 Gbits/sec    0   3.00 MBytes       
[  5]  40.00-50.00  sec  17.8 GBytes  15.3 Gbits/sec    0   3.00 MBytes       
[  5]  50.00-60.00  sec  21.8 GBytes  18.7 Gbits/sec    0   3.00 MBytes       
[  5]  60.00-70.00  sec  17.4 GBytes  14.9 Gbits/sec    0   3.00 MBytes       
[  5]  70.00-80.00  sec  22.0 GBytes  18.9 Gbits/sec    0   3.00 MBytes       
[  5]  80.00-90.00  sec  19.0 GBytes  16.3 Gbits/sec   40   3.00 MBytes       
[  5]  90.00-100.00 sec  20.8 GBytes  17.9 Gbits/sec  173   3.00 MBytes       
[  5] 100.00-110.00 sec  19.2 GBytes  16.5 Gbits/sec    0   3.00 MBytes       
[  5] 110.00-120.00 sec  19.6 GBytes  16.8 Gbits/sec    0   3.00 MBytes       
- - - - - - - - - - - - - - - - - - - - - - - - -
[ ID] Interval           Transfer     Bitrate         Retr
[  5]   0.00-120.00 sec   252 GBytes  18.0 Gbits/sec  2371             sender
[  5]   0.00-120.04 sec   252 GBytes  18.0 Gbits/sec                  receiver

iperf Done.
