Connecting to host 192.168.4.3, port 25004
[  5] local 192.168.4.2 port 51529 connected to 192.168.4.3 port 25004
[ ID] Interval           Transfer     Bitrate         Retr  Cwnd
[  5]   0.00-10.00  sec  27.6 GBytes  23.7 Gbits/sec  258   3.00 MBytes       
[  5]  10.00-20.00  sec  23.6 GBytes  20.3 Gbits/sec    0   3.01 MBytes       
[  5]  20.00-30.00  sec  31.5 GBytes  27.1 Gbits/sec    0   3.01 MBytes       
[  5]  30.00-40.00  sec  29.2 GBytes  25.1 Gbits/sec    0   3.01 MBytes       
[  5]  40.00-50.00  sec  32.6 GBytes  28.0 Gbits/sec   28   3.01 MBytes       
[  5]  50.00-60.00  sec  29.6 GBytes  25.4 Gbits/sec   36   3.01 MBytes       
[  5]  60.00-70.00  sec  28.2 GBytes  24.2 Gbits/sec    0   3.01 MBytes       
[  5]  70.00-80.00  sec  18.5 GBytes  15.9 Gbits/sec    0   3.01 MBytes       
[  5]  80.00-90.00  sec  18.6 GBytes  16.0 Gbits/sec    0   3.01 MBytes       
[  5]  90.00-100.00 sec  25.7 GBytes  22.0 Gbits/sec    0   3.01 MBytes       
[  5] 100.00-110.00 sec  25.0 GBytes  21.5 Gbits/sec    0   3.01 MBytes       
[  5] 110.00-120.00 sec  24.8 GBytes  21.3 Gbits/sec    0   3.01 MBytes       
- - - - - - - - - - - - - - - - - - - - - - - - -
[ ID] Interval           Transfer     Bitrate         Retr
[  5]   0.00-120.00 sec   315 GBytes  22.5 Gbits/sec  322             sender
[  5]   0.00-120.05 sec   315 GBytes  22.5 Gbits/sec                  receiver

iperf Done.
