Connecting to host 192.168.2.2, port 25000
[  5] local 192.168.2.3 port 44755 connected to 192.168.2.2 port 25000
[ ID] Interval           Transfer     Bitrate         Retr  Cwnd
[  5]   0.00-10.00  sec  24.6 GBytes  21.1 Gbits/sec   18   3.00 MBytes       
[  5]  10.00-20.00  sec  22.2 GBytes  19.0 Gbits/sec    6   2.32 MBytes       
[  5]  20.00-30.00  sec  21.2 GBytes  18.2 Gbits/sec    0   3.00 MBytes       
[  5]  30.00-40.00  sec  15.6 GBytes  13.4 Gbits/sec   71   3.00 MBytes       
[  5]  40.00-50.00  sec  22.9 GBytes  19.7 Gbits/sec    0   3.00 MBytes       
[  5]  50.00-60.00  sec  28.4 GBytes  24.4 Gbits/sec    0   3.00 MBytes       
[  5]  60.00-70.00  sec  15.2 GBytes  13.1 Gbits/sec    0   3.00 MBytes       
[  5]  70.00-80.00  sec  14.8 GBytes  12.8 Gbits/sec    0   3.00 MBytes       
[  5]  80.00-90.00  sec  14.4 GBytes  12.4 Gbits/sec    0   3.00 MBytes       
[  5]  90.00-100.00 sec  15.1 GBytes  13.0 Gbits/sec   45   3.00 MBytes       
[  5] 100.00-110.00 sec  19.8 GBytes  17.0 Gbits/sec    0   3.00 MBytes       
[  5] 110.00-120.00 sec  26.1 GBytes  22.4 Gbits/sec    0   3.00 MBytes       
- - - - - - - - - - - - - - - - - - - - - - - - -
[ ID] Interval           Transfer     Bitrate         Retr
[  5]   0.00-120.00 sec   240 GBytes  17.2 Gbits/sec  140             sender
[  5]   0.00-120.04 sec   240 GBytes  17.2 Gbits/sec                  receiver

iperf Done.
