Connecting to host 192.168.2.2, port 25002
[  5] local 192.168.2.3 port 50557 connected to 192.168.2.2 port 25002
[ ID] Interval           Transfer     Bitrate         Retr  Cwnd
[  5]   0.00-10.00  sec  19.5 GBytes  16.7 Gbits/sec    1   3.00 MBytes       
[  5]  10.00-20.00  sec  24.8 GBytes  21.3 Gbits/sec    4   3.00 MBytes       
[  5]  20.00-30.00  sec  26.1 GBytes  22.4 Gbits/sec  2518   3.01 MBytes       
[  5]  30.00-40.00  sec  19.1 GBytes  16.4 Gbits/sec   11   3.01 MBytes       
[  5]  40.00-50.00  sec  16.7 GBytes  14.4 Gbits/sec  450   3.01 MBytes       
[  5]  50.00-60.00  sec  23.0 GBytes  19.8 Gbits/sec    0   3.01 MBytes       
[  5]  60.00-70.00  sec  19.6 GBytes  16.8 Gbits/sec   46   3.01 MBytes       
[  5]  70.00-80.00  sec  14.8 GBytes  12.7 Gbits/sec    0   3.01 MBytes       
[  5]  80.00-90.00  sec  14.4 GBytes  12.3 Gbits/sec  459   3.01 MBytes       
[  5]  90.00-100.00 sec  15.4 GBytes  13.2 Gbits/sec  710   3.01 MBytes       
[  5] 100.00-110.00 sec  21.3 GBytes  18.3 Gbits/sec   44   3.01 MBytes       
[  5] 110.00-120.00 sec  16.3 GBytes  14.0 Gbits/sec  225   3.01 MBytes       
- - - - - - - - - - - - - - - - - - - - - - - - -
[ ID] Interval           Transfer     Bitrate         Retr
[  5]   0.00-120.00 sec   231 GBytes  16.5 Gbits/sec  4468             sender
[  5]   0.00-120.04 sec   231 GBytes  16.5 Gbits/sec                  receiver

iperf Done.
